#
# There is insufficient memory for the Java Runtime Environment to continue.
# Native memory allocation (mmap) failed to map 101187584 bytes for committing reserved memory.
# Possible reasons:
#   The system is out of physical RAM or swap space
#   The process is running with CompressedOops enabled, and the Java Heap may be blocking the growth of the native heap
# Possible solutions:
#   Reduce memory load on the system
#   Increase physical memory or swap space
#   Check if swap backing store is full
#   Decrease Java heap size (-Xmx/-Xms)
#   Decrease number of Java threads
#   Decrease Java thread stack sizes (-Xss)
#   Set larger code cache with -XX:ReservedCodeCacheSize=
#   JVM is running with Unscaled Compressed Oops mode in which the Java heap is
#     placed in the first 4GB address space. The Java Heap base address is the
#     maximum limit for the native heap growth. Please use -XX:HeapBaseMinAddress
#     to set the Java Heap base and to place the Java Heap above 4GB virtual address.
# This output file may be truncated or incomplete.
#
#  Out of Memory Error (os_linux.cpp:2798), pid=21041, tid=0x00007ffbbebf3700
#
# JRE version: OpenJDK Runtime Environment (8.0_352-b08) (build 1.8.0_352-8u352-ga-1~18.04-b08)
# Java VM: OpenJDK 64-Bit Server VM (25.352-b08 mixed mode linux-amd64 compressed oops)
# Failed to write core dump. Core dumps have been disabled. To enable core dumping, try "ulimit -c unlimited" before starting Java again
#

---------------  T H R E A D  ---------------

Current thread (0x00007ffbdc07d000):  VMThread [stack: 0x00007ffbbeaf4000,0x00007ffbbebf4000] [id=21063]

Stack: [0x00007ffbbeaf4000,0x00007ffbbebf4000],  sp=0x00007ffbbebf2340,  free space=1016k
Native frames: (J=compiled Java code, j=interpreted, Vv=VM code, C=native code)
V  [libjvm.so+0xb731a2]
V  [libjvm.so+0x4f64c7]
V  [libjvm.so+0x9980b0]
V  [libjvm.so+0x98f50e]
V  [libjvm.so+0xa17156]
V  [libjvm.so+0xa184c8]
V  [libjvm.so+0xa14786]
V  [libjvm.so+0xa14b6c]
V  [libjvm.so+0x9c2918]
V  [libjvm.so+0xb75c12]
V  [libjvm.so+0xb7b990]
V  [libjvm.so+0xb7968d]
V  [libjvm.so+0xb79b6b]
V  [libjvm.so+0xb79fab]
V  [libjvm.so+0x995482]

VM_Operation (0x00007ffb54d046a0): ParallelGCFailedAllocation, mode: safepoint, requested by thread 0x00007ffb8815c800


---------------  P R O C E S S  ---------------

Java Threads: ( => current thread )
  0x00007ffb68007000 JavaThread "qtp1979274004-72" [_thread_blocked, id=30504, stack(0x00007ffb56790000,0x00007ffb56891000)]
  0x00007ffb8816e800 JavaThread "qtp1979274004-63" [_thread_blocked, id=7317, stack(0x00007ffb4bcfd000,0x00007ffb4bdfe000)]
  0x00007ffba439e800 JavaThread "pool-1-thread-10" [_thread_blocked, id=9628, stack(0x00007ffb4bdfe000,0x00007ffb4beff000)]
  0x00007ffba48ec800 JavaThread "pool-1-thread-9" [_thread_blocked, id=9622, stack(0x00007ffb4beff000,0x00007ffb4c000000)]
  0x00007ffba48e8000 JavaThread "pool-1-thread-8" [_thread_blocked, id=3273, stack(0x00007ffb540fe000,0x00007ffb541ff000)]
  0x00007ffba48e7000 JavaThread "pool-1-thread-7" [_thread_blocked, id=3269, stack(0x00007ffb541ff000,0x00007ffb54300000)]
  0x00007ffba436c000 JavaThread "pool-1-thread-6" [_thread_blocked, id=32087, stack(0x00007ffb54300000,0x00007ffb54401000)]
  0x00007ffba436b000 JavaThread "pool-1-thread-5" [_thread_blocked, id=32082, stack(0x00007ffb54401000,0x00007ffb54502000)]
  0x00007ffba42d9800 JavaThread "pool-1-thread-4" [_thread_blocked, id=27247, stack(0x00007ffb54702000,0x00007ffb54803000)]
  0x00007ffb88248000 JavaThread "Thread-19" daemon [_thread_blocked, id=27236, stack(0x00007ffb54803000,0x00007ffb54904000)]
  0x00007ffba4359800 JavaThread "pool-1-thread-3" [_thread_blocked, id=27235, stack(0x00007ffb54904000,0x00007ffb54a05000)]
  0x00007ffb8815c800 JavaThread "pool-1-thread-2" [_thread_blocked, id=27233, stack(0x00007ffb54c05000,0x00007ffb54d06000)]
  0x00007ffb88158800 JavaThread "AMQP Connection 127.0.0.1:5672" [_thread_in_native, id=27232, stack(0x00007ffb54d06000,0x00007ffb54e07000)]
  0x00007ffb80052800 JavaThread "Java2D Disposer" daemon [_thread_blocked, id=27207, stack(0x00007ffb55bb4000,0x00007ffb55cb5000)]
  0x00007ffb7c006000 JavaThread "Scheduler-260084831" [_thread_blocked, id=26285, stack(0x00007ffb5638c000,0x00007ffb5648d000)]
  0x00007ffbdcd7a000 JavaThread "qtp1979274004-46" [_thread_blocked, id=21177, stack(0x00007ffb5648d000,0x00007ffb5658e000)]
  0x00007ffbdcd78000 JavaThread "qtp1979274004-45" [_thread_blocked, id=21175, stack(0x00007ffb5658e000,0x00007ffb5668f000)]
  0x00007ffbdcd73000 JavaThread "qtp1979274004-42" [_thread_blocked, id=21172, stack(0x00007ffb56891000,0x00007ffb56992000)]
  0x00007ffbdcd71800 JavaThread "qtp1979274004-41-acceptor-0@668132a4-ServerConnector@4983159f{HTTP/1.1}{0.0.0.0:8081}" [_thread_in_native, id=21171, stack(0x00007ffb56992000,0x00007ffb56a93000)]
  0x00007ffbdcd70800 JavaThread "qtp1979274004-40-selector-ServerConnectorManager@7e24a75/1" [_thread_in_native, id=21170, stack(0x00007ffb574f5000,0x00007ffb575f6000)]
  0x00007ffbdcd6f800 JavaThread "qtp1979274004-39-selector-ServerConnectorManager@7e24a75/0" [_thread_in_native, id=21169, stack(0x00007ffb577f8000,0x00007ffb578f9000)]
  0x00007ffb58065800 JavaThread "Thread-8" daemon [_thread_blocked, id=21158, stack(0x00007ffb56c93000,0x00007ffb56d94000)]
  0x00007ffbdcc73000 JavaThread "Thread-7" daemon [_thread_blocked, id=21157, stack(0x00007ffb56fc8000,0x00007ffb570c9000)]
  0x00007ffbdcb6c000 JavaThread "Cleaner-thread-3" daemon [_thread_blocked, id=21130, stack(0x00007ffb575f6000,0x00007ffb576f7000)]
  0x00007ffbdcb6a800 JavaThread "Cleaner-thread-2" daemon [_thread_blocked, id=21129, stack(0x00007ffb576f7000,0x00007ffb577f8000)]
  0x00007ffbdcb67000 JavaThread "Cleaner-thread-1" daemon [_thread_blocked, id=21127, stack(0x00007ffb578f9000,0x00007ffb579fa000)]
  0x00007ffbdcb53000 JavaThread "Cleaner-thread-0" daemon [_thread_blocked, id=21126, stack(0x00007ffb579fa000,0x00007ffb57afb000)]
  0x00007ffbdcb66800 JavaThread "Abandoned connection cleanup thread" daemon [_thread_blocked, id=21125, stack(0x00007ffb57afb000,0x00007ffb57bfc000)]
  0x00007ffbdcb11000 JavaThread "pool-4-thread-1" daemon [_thread_blocked, id=21121, stack(0x00007ffb57bfc000,0x00007ffb57cfd000)]
  0x00007ffbdcb0f000 JavaThread "cluster-ClusterId{value='63ea16a4447eea5231e8da20', description='null'}-127.0.0.1:27017" daemon [_thread_blocked, id=21120, stack(0x00007ffb57cfd000,0x00007ffb57dfe000)]
  0x00007ffbdcb0d800 JavaThread "pool-3-thread-1" daemon [_thread_blocked, id=21119, stack(0x00007ffb57dfe000,0x00007ffb57eff000)]
  0x00007ffbdcb0b800 JavaThread "cluster-ClusterId{value='63ea16a4447eea5231e8da1f', description='null'}-127.0.0.1:27017" daemon [_thread_blocked, id=21118, stack(0x00007ffb57eff000,0x00007ffb58000000)]
  0x00007ffbdcb0a000 JavaThread "pool-2-thread-1" daemon [_thread_blocked, id=21117, stack(0x00007ffbbc0de000,0x00007ffbbc1df000)]
  0x00007ffbdcb07800 JavaThread "cluster-ClusterId{value='63ea16a4447eea5231e8da1e', description='null'}-127.0.0.1:27017" daemon [_thread_blocked, id=21116, stack(0x00007ffbbc1df000,0x00007ffbbc2e0000)]
  0x00007ffbdc5bb000 JavaThread "hz.client_0_dev.eventRegistration-" [_thread_blocked, id=21115, stack(0x00007ffbbc6fb000,0x00007ffbbc7fc000)]
  0x00007ffbdc460000 JavaThread "hz.client_0_dev.user-1" [_thread_blocked, id=21114, stack(0x00007ffbbc7fc000,0x00007ffbbc8fd000)]
  0x00007ffbdc45f000 JavaThread "hz.client_0_dev.internal-3" [_thread_blocked, id=21110, stack(0x00007ffbbcafd000,0x00007ffbbcbfe000)]
  0x00007ffbdc458000 JavaThread "hz.client_0_dev.internal-2" [_thread_blocked, id=21107, stack(0x00007ffbbcbfe000,0x00007ffbbccff000)]
  0x00007ffbdc454800 JavaThread "hz.client_0_dev.ClientOutSelector" [_thread_in_native, id=21106, stack(0x00007ffbbccff000,0x00007ffbbce00000)]
  0x00007ffbdc453000 JavaThread "hz.client_0_dev.ClientInSelector" [_thread_in_native, id=21105, stack(0x00007ffbbce00000,0x00007ffbbcf01000)]
  0x00007ffbdc44f000 JavaThread "hz.client_0_dev.internal-1" [_thread_blocked, id=21104, stack(0x00007ffbbcf01000,0x00007ffbbd002000)]
  0x00007ffbdc44d000 JavaThread "hz.client_0_dev.response-" [_thread_blocked, id=21103, stack(0x00007ffbbd002000,0x00007ffbbd103000)]
  0x00007ffbdc30a800 JavaThread "hz.client_0_dev.event-5" [_thread_blocked, id=21097, stack(0x00007ffbbd103000,0x00007ffbbd204000)]
  0x00007ffbdc308800 JavaThread "hz.client_0_dev.event-4" [_thread_blocked, id=21096, stack(0x00007ffbbd204000,0x00007ffbbd305000)]
  0x00007ffbdca61000 JavaThread "hz.client_0_dev.event-3" [_thread_blocked, id=21095, stack(0x00007ffbbd305000,0x00007ffbbd406000)]
  0x00007ffbdca5f800 JavaThread "hz.client_0_dev.event-2" [_thread_blocked, id=21094, stack(0x00007ffbbd406000,0x00007ffbbd507000)]
  0x00007ffbdca5b800 JavaThread "hz.client_0_dev.event-1" [_thread_blocked, id=21093, stack(0x00007ffbbd507000,0x00007ffbbd608000)]
  0x00007ffbdc0c8800 JavaThread "Service Thread" daemon [_thread_blocked, id=21079, stack(0x00007ffbbe251000,0x00007ffbbe352000)]
  0x00007ffbdc0c5800 JavaThread "C1 CompilerThread2" daemon [_thread_blocked, id=21078, stack(0x00007ffbbe353000,0x00007ffbbe453000)]
  0x00007ffbdc0c3800 JavaThread "C2 CompilerThread1" daemon [_thread_blocked, id=21077, stack(0x00007ffbbe454000,0x00007ffbbe554000)]
  0x00007ffbdc0c0800 JavaThread "C2 CompilerThread0" daemon [_thread_blocked, id=21076, stack(0x00007ffbbe555000,0x00007ffbbe655000)]
  0x00007ffbdc0b9000 JavaThread "Signal Dispatcher" daemon [_thread_blocked, id=21075, stack(0x00007ffbbe655000,0x00007ffbbe756000)]
  0x00007ffbdc08b800 JavaThread "Finalizer" daemon [_thread_blocked, id=21065, stack(0x00007ffbbe8f1000,0x00007ffbbe9f2000)]
  0x00007ffbdc087000 JavaThread "Reference Handler" daemon [_thread_blocked, id=21064, stack(0x00007ffbbe9f2000,0x00007ffbbeaf3000)]
  0x00007ffbdc00f000 JavaThread "main" [_thread_blocked, id=21049, stack(0x00007ffbe3e75000,0x00007ffbe3f75000)]

Other Threads:
=>0x00007ffbdc07d000 VMThread [stack: 0x00007ffbbeaf4000,0x00007ffbbebf4000] [id=21063]
  0x00007ffbdc0cb000 WatcherThread [stack: 0x00007ffbbe151000,0x00007ffbbe251000] [id=21080]

VM state:at safepoint (normal execution)

VM Mutex/Monitor currently owned by a thread:  ([mutex/lock_event])
[0x00007ffbdc00b420] Threads_lock - owner thread: 0x00007ffbdc07d000
[0x00007ffbdc00b920] Heap_lock - owner thread: 0x00007ffb8815c800

heap address: 0x0000000083600000, size: 1994 MB, Compressed Oops mode: 32-bit
Narrow klass base: 0x0000000000000000, Narrow klass shift: 3
Compressed class space size: 1073741824 Address: 0x0000000100000000

Heap:
 PSYoungGen      total 325120K, used 2102K [0x00000000d6780000, 0x00000000eb980000, 0x0000000100000000)
  eden space 314880K, 0% used [0x00000000d6780000,0x00000000d6780000,0x00000000e9b00000)
  from space 10240K, 20% used [0x00000000ea580000,0x00000000ea78d8a0,0x00000000eaf80000)
  to   space 6144K, 0% used [0x00000000eb380000,0x00000000eb380000,0x00000000eb980000)
 ParOldGen       total 72192K, used 10837K [0x0000000083600000, 0x0000000087c80000, 0x00000000d6780000)
  object space 72192K, 15% used [0x0000000083600000,0x00000000840955a0,0x0000000087c80000)
 Metaspace       used 37719K, capacity 38198K, committed 38616K, reserved 1083392K
  class space    used 4371K, capacity 4489K, committed 4608K, reserved 1048576K

Card table byte_map: [0x00007ffbccc1a000,0x00007ffbcd000000] byte_map_base: 0x00007ffbcc7ff000

Marking Bits: (ParMarkBitMap*) 0x00007ffbe30fb720
 Begin Bits: [0x00007ffbc41b0000, 0x00007ffbc60d8000)
 End Bits:   [0x00007ffbc60d8000, 0x00007ffbc8000000)

Polling page: 0x00007ffbe3f7e000

CodeCache: size=245760Kb used=17475Kb max_used=17497Kb free=228284Kb
 bounds [0x00007ffbcd000000, 0x00007ffbce140000, 0x00007ffbdc000000]
 total_blobs=5713 nmethods=5022 adapters=605
 compilation: enabled

Compilation events (10 events):
Event: 118809.405 Thread 0x00007ffbdc0c3800 6230 %     4       com.hazelcast.nio.tcp.nonblocking.NonBlockingIOThread::selectLoop @ 0 (34 bytes)
Event: 118809.413 Thread 0x00007ffbdc0c3800 nmethod 6230% 0x00007ffbcd543390 code [0x00007ffbcd543520, 0x00007ffbcd5436d0]
Event: 122212.129 Thread 0x00007ffbdc0c0800 6231  s    4       java.io.BufferedOutputStream::flush (12 bytes)
Event: 122212.138 Thread 0x00007ffbdc0c0800 nmethod 6231 0x00007ffbcd39bfd0 code [0x00007ffbcd39c1a0, 0x00007ffbcd39caf0]
Event: 122992.128 Thread 0x00007ffbdc0c3800 6232  s    4       java.io.BufferedOutputStream::write (67 bytes)
Event: 122992.133 Thread 0x00007ffbdc0c3800 nmethod 6232 0x00007ffbcd593bd0 code [0x00007ffbcd593d20, 0x00007ffbcd594138]
Event: 137962.131 Thread 0x00007ffbdc0c3800 6233       4       java.io.DataOutputStream::writeInt (65 bytes)
Event: 137962.185 Thread 0x00007ffbdc0c3800 nmethod 6233 0x00007ffbce13b250 code [0x00007ffbce13b480, 0x00007ffbce13d6b8]
Event: 138461.834 Thread 0x00007ffbdc0c0800 6234       4       java.lang.Throwable::<init> (34 bytes)
Event: 138461.863 Thread 0x00007ffbdc0c0800 nmethod 6234 0x00007ffbcd4f03d0 code [0x00007ffbcd4f0520, 0x00007ffbcd4f05f8]

GC Heap History (10 events):
Event: 11682.540 GC heap after
Heap after GC invocations=6 (full 1):
 PSYoungGen      total 136192K, used 5118K [0x00000000d6780000, 0x00000000e5400000, 0x0000000100000000)
  eden space 131072K, 0% used [0x00000000d6780000,0x00000000d6780000,0x00000000de780000)
  from space 5120K, 99% used [0x00000000de780000,0x00000000dec7fbd0,0x00000000dec80000)
  to   space 10752K, 0% used [0x00000000e4980000,0x00000000e4980000,0x00000000e5400000)
 ParOldGen       total 54272K, used 10178K [0x0000000083600000, 0x0000000086b00000, 0x00000000d6780000)
  object space 54272K, 18% used [0x0000000083600000,0x0000000083ff0818,0x0000000086b00000)
 Metaspace       used 30064K, capacity 30454K, committed 30720K, reserved 1077248K
  class space    used 3662K, capacity 3803K, committed 3840K, reserved 1048576K
}
Event: 39510.288 GC heap before
{Heap before GC invocations=7 (full 1):
 PSYoungGen      total 136192K, used 136190K [0x00000000d6780000, 0x00000000e5400000, 0x0000000100000000)
  eden space 131072K, 100% used [0x00000000d6780000,0x00000000de780000,0x00000000de780000)
  from space 5120K, 99% used [0x00000000de780000,0x00000000dec7fbd0,0x00000000dec80000)
  to   space 10752K, 0% used [0x00000000e4980000,0x00000000e4980000,0x00000000e5400000)
 ParOldGen       total 54272K, used 10178K [0x0000000083600000, 0x0000000086b00000, 0x00000000d6780000)
  object space 54272K, 18% used [0x0000000083600000,0x0000000083ff0818,0x0000000086b00000)
 Metaspace       used 30336K, capacity 30728K, committed 30976K, reserved 1077248K
  class space    used 3674K, capacity 3806K, committed 3840K, reserved 1048576K
Event: 39510.299 GC heap after
Heap after GC invocations=7 (full 1):
 PSYoungGen      total 215552K, used 2924K [0x00000000d6780000, 0x00000000e4c80000, 0x0000000100000000)
  eden space 212480K, 0% used [0x00000000d6780000,0x00000000d6780000,0x00000000e3700000)
  from space 3072K, 95% used [0x00000000e4980000,0x00000000e4c5b280,0x00000000e4c80000)
  to   space 10752K, 0% used [0x00000000e3780000,0x00000000e3780000,0x00000000e4200000)
 ParOldGen       total 54272K, used 10186K [0x0000000083600000, 0x0000000086b00000, 0x00000000d6780000)
  object space 54272K, 18% used [0x0000000083600000,0x0000000083ff2818,0x0000000086b00000)
 Metaspace       used 30336K, capacity 30728K, committed 30976K, reserved 1077248K
  class space    used 3674K, capacity 3806K, committed 3840K, reserved 1048576K
}
Event: 79187.654 GC heap before
{Heap before GC invocations=8 (full 1):
 PSYoungGen      total 215552K, used 215404K [0x00000000d6780000, 0x00000000e4c80000, 0x0000000100000000)
  eden space 212480K, 100% used [0x00000000d6780000,0x00000000e3700000,0x00000000e3700000)
  from space 3072K, 95% used [0x00000000e4980000,0x00000000e4c5b280,0x00000000e4c80000)
  to   space 10752K, 0% used [0x00000000e3780000,0x00000000e3780000,0x00000000e4200000)
 ParOldGen       total 54272K, used 10186K [0x0000000083600000, 0x0000000086b00000, 0x00000000d6780000)
  object space 54272K, 18% used [0x0000000083600000,0x0000000083ff2818,0x0000000086b00000)
 Metaspace       used 31687K, capacity 32236K, committed 32384K, reserved 1077248K
  class space    used 3737K, capacity 3896K, committed 3968K, reserved 1048576K
Event: 79187.671 GC heap after
Heap after GC invocations=8 (full 1):
 PSYoungGen      total 223744K, used 3910K [0x00000000d6780000, 0x00000000ebe00000, 0x0000000100000000)
  eden space 212992K, 0% used [0x00000000d6780000,0x00000000d6780000,0x00000000e3780000)
  from space 10752K, 36% used [0x00000000e3780000,0x00000000e3b51a80,0x00000000e4200000)
  to   space 10752K, 0% used [0x00000000eb380000,0x00000000eb380000,0x00000000ebe00000)
 ParOldGen       total 54272K, used 10194K [0x0000000083600000, 0x0000000086b00000, 0x00000000d6780000)
  object space 54272K, 18% used [0x0000000083600000,0x0000000083ff4818,0x0000000086b00000)
 Metaspace       used 31687K, capacity 32236K, committed 32384K, reserved 1077248K
  class space    used 3737K, capacity 3896K, committed 3968K, reserved 1048576K
}
Event: 81189.366 GC heap before
{Heap before GC invocations=9 (full 1):
 PSYoungGen      total 223744K, used 38915K [0x00000000d6780000, 0x00000000ebe00000, 0x0000000100000000)
  eden space 212992K, 16% used [0x00000000d6780000,0x00000000d89af508,0x00000000e3780000)
  from space 10752K, 36% used [0x00000000e3780000,0x00000000e3b51a80,0x00000000e4200000)
  to   space 10752K, 0% used [0x00000000eb380000,0x00000000eb380000,0x00000000ebe00000)
 ParOldGen       total 54272K, used 10194K [0x0000000083600000, 0x0000000086b00000, 0x00000000d6780000)
  object space 54272K, 18% used [0x0000000083600000,0x0000000083ff4818,0x0000000086b00000)
 Metaspace       used 34812K, capacity 35324K, committed 35416K, reserved 1081344K
  class space    used 4070K, capacity 4192K, committed 4224K, reserved 1048576K
Event: 81189.384 GC heap after
Heap after GC invocations=9 (full 1):
 PSYoungGen      total 321024K, used 6033K [0x00000000d6780000, 0x00000000eb980000, 0x0000000100000000)
  eden space 314880K, 0% used [0x00000000d6780000,0x00000000d6780000,0x00000000e9b00000)
  from space 6144K, 98% used [0x00000000eb380000,0x00000000eb964528,0x00000000eb980000)
  to   space 10240K, 0% used [0x00000000ea580000,0x00000000ea580000,0x00000000eaf80000)
 ParOldGen       total 54272K, used 10202K [0x0000000083600000, 0x0000000086b00000, 0x00000000d6780000)
  object space 54272K, 18% used [0x0000000083600000,0x0000000083ff6818,0x0000000086b00000)
 Metaspace       used 34812K, capacity 35324K, committed 35416K, reserved 1081344K
  class space    used 4070K, capacity 4192K, committed 4224K, reserved 1048576K
}
Event: 81189.385 GC heap before
{Heap before GC invocations=10 (full 2):
 PSYoungGen      total 321024K, used 6033K [0x00000000d6780000, 0x00000000eb980000, 0x0000000100000000)
  eden space 314880K, 0% used [0x00000000d6780000,0x00000000d6780000,0x00000000e9b00000)
  from space 6144K, 98% used [0x00000000eb380000,0x00000000eb964528,0x00000000eb980000)
  to   space 10240K, 0% used [0x00000000ea580000,0x00000000ea580000,0x00000000eaf80000)
 ParOldGen       total 54272K, used 10202K [0x0000000083600000, 0x0000000086b00000, 0x00000000d6780000)
  object space 54272K, 18% used [0x0000000083600000,0x0000000083ff6818,0x0000000086b00000)
 Metaspace       used 34812K, capacity 35324K, committed 35416K, reserved 1081344K
  class space    used 4070K, capacity 4192K, committed 4224K, reserved 1048576K
Event: 81189.517 GC heap after
Heap after GC invocations=10 (full 2):
 PSYoungGen      total 321024K, used 0K [0x00000000d6780000, 0x00000000eb980000, 0x0000000100000000)
  eden space 314880K, 0% used [0x00000000d6780000,0x00000000d6780000,0x00000000e9b00000)
  from space 6144K, 0% used [0x00000000eb380000,0x00000000eb380000,0x00000000eb980000)
  to   space 10240K, 0% used [0x00000000ea580000,0x00000000ea580000,0x00000000eaf80000)
 ParOldGen       total 72192K, used 10837K [0x0000000083600000, 0x0000000087c80000, 0x00000000d6780000)
  object space 72192K, 15% used [0x0000000083600000,0x00000000840955a0,0x0000000087c80000)
 Metaspace       used 34547K, capacity 34772K, committed 35416K, reserved 1081344K
  class space    used 4017K, capacity 4096K, committed 4224K, reserved 1048576K
}
Event: 142162.142 GC heap before
{Heap before GC invocations=11 (full 2):
 PSYoungGen      total 321024K, used 314880K [0x00000000d6780000, 0x00000000eb980000, 0x0000000100000000)
  eden space 314880K, 100% used [0x00000000d6780000,0x00000000e9b00000,0x00000000e9b00000)
  from space 6144K, 0% used [0x00000000eb380000,0x00000000eb380000,0x00000000eb980000)
  to   space 10240K, 0% used [0x00000000ea580000,0x00000000ea580000,0x00000000eaf80000)
 ParOldGen       total 72192K, used 10837K [0x0000000083600000, 0x0000000087c80000, 0x00000000d6780000)
  object space 72192K, 15% used [0x0000000083600000,0x00000000840955a0,0x0000000087c80000)
 Metaspace       used 37719K, capacity 38198K, committed 38616K, reserved 1083392K
  class space    used 4371K, capacity 4489K, committed 4608K, reserved 1048576K

Deoptimization events (10 events):
Event: 82021.480 Thread 0x00007ffb8816e800 Uncommon trap: reason=bimorphic action=maybe_recompile pc=0x00007ffbcd43abbc method=java.util.Hashtable.get(Ljava/lang/Object;)Ljava/lang/Object; @ 6
Event: 82021.480 Thread 0x00007ffb8816e800 Uncommon trap: reason=bimorphic action=maybe_recompile pc=0x00007ffbcd43abbc method=java.util.Hashtable.get(Ljava/lang/Object;)Ljava/lang/Object; @ 6
Event: 82270.173 Thread 0x00007ffbdcd73000 Uncommon trap: reason=class_check action=maybe_recompile pc=0x00007ffbcdf9e838 method=sun.reflect.DelegatingMethodAccessorImpl.invoke(Ljava/lang/Object;[Ljava/lang/Object;)Ljava/lang/Object; @ 6
Event: 82270.173 Thread 0x00007ffbdcd73000 Uncommon trap: reason=class_check action=maybe_recompile pc=0x00007ffbcdf9e838 method=sun.reflect.DelegatingMethodAccessorImpl.invoke(Ljava/lang/Object;[Ljava/lang/Object;)Ljava/lang/Object; @ 6
Event: 82270.173 Thread 0x00007ffbdcd73000 Uncommon trap: reason=class_check action=maybe_recompile pc=0x00007ffbcdf9e838 method=sun.reflect.DelegatingMethodAccessorImpl.invoke(Ljava/lang/Object;[Ljava/lang/Object;)Ljava/lang/Object; @ 6
Event: 82270.173 Thread 0x00007ffbdcd73000 Uncommon trap: reason=class_check action=maybe_recompile pc=0x00007ffbcdf9e838 method=sun.reflect.DelegatingMethodAccessorImpl.invoke(Ljava/lang/Object;[Ljava/lang/Object;)Ljava/lang/Object; @ 6
Event: 98407.518 Thread 0x00007ffbdcd76800 Uncommon trap: reason=unstable_if action=reinterpret pc=0x00007ffbcdd634f0 method=org.eclipse.jetty.http.HttpParser.parseHeaders(Ljava/nio/ByteBuffer;)Z @ 764
Event: 106934.928 Thread 0x00007ffb8816e800 Uncommon trap: reason=unstable_if action=reinterpret pc=0x00007ffbcdb6b068 method=com.fasterxml.jackson.core.json.WriterBasedJsonGenerator._verifyValueWrite(Ljava/lang/String;)V @ 126
Event: 108495.776 Thread 0x00007ffbdcd7a000 Uncommon trap: reason=unstable_if action=reinterpret pc=0x00007ffbcdf3c8e0 method=java.util.concurrent.ConcurrentHashMap.addCount(JI)V @ 97
Event: 108495.776 Thread 0x00007ffb68007000 Uncommon trap: reason=unstable_if action=reinterpret pc=0x00007ffbcd722c20 method=java.util.concurrent.ConcurrentLinkedQueue.updateHead(Ljava/util/concurrent/ConcurrentLinkedQueue$Node;Ljava/util/concurrent/ConcurrentLinkedQueue$Node;)V @ 11

Classes redefined (0 events):
No events

Internal exceptions (10 events):
Event: 141881.943 Thread 0x00007ffb88158800 Exception <a 'java/net/SocketTimeoutException': Read timed out> (0x00000000e8aa9d10) thrown at [/build/openjdk-8-iDEGXt/openjdk-8-8u352-ga/src/hotspot/src/share/vm/prims/jni.cpp, line 738]
Event: 141911.945 Thread 0x00007ffb88158800 Exception <a 'java/net/SocketTimeoutException': Read timed out> (0x00000000e8aa9f98) thrown at [/build/openjdk-8-iDEGXt/openjdk-8-8u352-ga/src/hotspot/src/share/vm/prims/jni.cpp, line 738]
Event: 141941.945 Thread 0x00007ffb88158800 Exception <a 'java/net/SocketTimeoutException': Read timed out> (0x00000000e8aaa220) thrown at [/build/openjdk-8-iDEGXt/openjdk-8-8u352-ga/src/hotspot/src/share/vm/prims/jni.cpp, line 738]
Event: 141971.942 Thread 0x00007ffb88158800 Exception <a 'java/net/SocketTimeoutException': Read timed out> (0x00000000e8aaa4a8) thrown at [/build/openjdk-8-iDEGXt/openjdk-8-8u352-ga/src/hotspot/src/share/vm/prims/jni.cpp, line 738]
Event: 142001.950 Thread 0x00007ffb88158800 Exception <a 'java/net/SocketTimeoutException': Read timed out> (0x00000000e8aaa730) thrown at [/build/openjdk-8-iDEGXt/openjdk-8-8u352-ga/src/hotspot/src/share/vm/prims/jni.cpp, line 738]
Event: 142031.949 Thread 0x00007ffb88158800 Exception <a 'java/net/SocketTimeoutException': Read timed out> (0x00000000e8aaa9b8) thrown at [/build/openjdk-8-iDEGXt/openjdk-8-8u352-ga/src/hotspot/src/share/vm/prims/jni.cpp, line 738]
Event: 142061.951 Thread 0x00007ffb88158800 Exception <a 'java/net/SocketTimeoutException': Read timed out> (0x00000000e8aaac40) thrown at [/build/openjdk-8-iDEGXt/openjdk-8-8u352-ga/src/hotspot/src/share/vm/prims/jni.cpp, line 738]
Event: 142091.951 Thread 0x00007ffb88158800 Exception <a 'java/net/SocketTimeoutException': Read timed out> (0x00000000e8aaaec8) thrown at [/build/openjdk-8-iDEGXt/openjdk-8-8u352-ga/src/hotspot/src/share/vm/prims/jni.cpp, line 738]
Event: 142121.952 Thread 0x00007ffb88158800 Exception <a 'java/net/SocketTimeoutException': Read timed out> (0x00000000e8aab150) thrown at [/build/openjdk-8-iDEGXt/openjdk-8-8u352-ga/src/hotspot/src/share/vm/prims/jni.cpp, line 738]
Event: 142151.955 Thread 0x00007ffb88158800 Exception <a 'java/net/SocketTimeoutException': Read timed out> (0x00000000e8aab3d8) thrown at [/build/openjdk-8-iDEGXt/openjdk-8-8u352-ga/src/hotspot/src/share/vm/prims/jni.cpp, line 738]

Events (10 events):
Event: 109052.041 Executing VM operation: RevokeBias done
Event: 109452.056 Executing VM operation: RevokeBias
Event: 109452.057 Executing VM operation: RevokeBias done
Event: 109452.058 Executing VM operation: BulkRevokeBias
Event: 109452.059 Executing VM operation: BulkRevokeBias done
Event: 113083.135 Thread 0x00007ffbdc0c3800 flushing nmethod 0x00007ffbcd9a7310
Event: 122992.135 Thread 0x00007ffbdc0c3800 flushing nmethod 0x00007ffbcdf2bbd0
Event: 129053.389 Thread 0x00007ffbdc454800 DEOPT PACKING pc=0x00007ffbcdd0ce85 sp=0x00007ffbbcdfe930
Event: 129053.389 Thread 0x00007ffbdc454800 DEOPT UNPACKING pc=0x00007ffbcd0470c4 sp=0x00007ffbbcdfe6c8 mode 0
Event: 142162.135 Executing VM operation: ParallelGCFailedAllocation


Dynamic libraries:
83600000-87c80000 rw-p 00000000 00:00 0 
87c80000-d6780000 ---p 00000000 00:00 0 
d6780000-eb980000 rw-p 00000000 00:00 0 
f1a00000-100000000 ---p 00000000 00:00 0 
100000000-100480000 rw-p 00000000 00:00 0 
100480000-140000000 ---p 00000000 00:00 0 
561ab0ec4000-561ab0ec5000 r-xp 00000000 08:00 1051372                    /usr/lib/jvm/java-8-openjdk-amd64/jre/bin/java
561ab10c4000-561ab10c5000 r--p 00000000 08:00 1051372                    /usr/lib/jvm/java-8-openjdk-amd64/jre/bin/java
561ab10c5000-561ab10c6000 rw-p 00001000 08:00 1051372                    /usr/lib/jvm/java-8-openjdk-amd64/jre/bin/java
561ab18af000-561ab1941000 rw-p 00000000 00:00 0                          [heap]
7ffb44000000-7ffb440a3000 rw-p 00000000 00:00 0 
7ffb440a3000-7ffb48000000 ---p 00000000 00:00 0 
7ffb4aed8000-7ffb4aedb000 ---p 00000000 00:00 0 
7ffb4aedb000-7ffb4afd9000 rw-p 00000000 00:00 0 
7ffb4afd9000-7ffb4afdc000 ---p 00000000 00:00 0 
7ffb4afdc000-7ffb4b0da000 rw-p 00000000 00:00 0 
7ffb4b0da000-7ffb4b0dd000 ---p 00000000 00:00 0 
7ffb4b0dd000-7ffb4b31b000 rw-p 00000000 00:00 0 
7ffb4b31b000-7ffb4b3db000 ---p 00000000 00:00 0 
7ffb4b3db000-7ffb4b5d1000 rw-p 00000000 00:00 0 
7ffb4b5d1000-7ffb4b5db000 ---p 00000000 00:00 0 
7ffb4b5db000-7ffb4b5f2000 r-xp 00000000 08:00 36923                      /lib/x86_64-linux-gnu/libresolv-2.27.so
7ffb4b5f2000-7ffb4b7f1000 ---p 00017000 08:00 36923                      /lib/x86_64-linux-gnu/libresolv-2.27.so
7ffb4b7f1000-7ffb4b7f2000 r--p 00016000 08:00 36923                      /lib/x86_64-linux-gnu/libresolv-2.27.so
7ffb4b7f2000-7ffb4b7f3000 rw-p 00017000 08:00 36923                      /lib/x86_64-linux-gnu/libresolv-2.27.so
7ffb4b7f3000-7ffb4b7f5000 rw-p 00000000 00:00 0 
7ffb4b7f5000-7ffb4b7fa000 r-xp 00000000 08:00 36916                      /lib/x86_64-linux-gnu/libnss_dns-2.27.so
7ffb4b7fa000-7ffb4b9fa000 ---p 00005000 08:00 36916                      /lib/x86_64-linux-gnu/libnss_dns-2.27.so
7ffb4b9fa000-7ffb4b9fb000 r--p 00005000 08:00 36916                      /lib/x86_64-linux-gnu/libnss_dns-2.27.so
7ffb4b9fb000-7ffb4b9fc000 rw-p 00006000 08:00 36916                      /lib/x86_64-linux-gnu/libnss_dns-2.27.so
7ffb4b9fc000-7ffb4bbfc000 rw-p 00000000 00:00 0 
7ffb4bbfc000-7ffb4bbff000 ---p 00000000 00:00 0 
7ffb4bbff000-7ffb4bcfd000 rw-p 00000000 00:00 0 
7ffb4bcfd000-7ffb4bd00000 ---p 00000000 00:00 0 
7ffb4bd00000-7ffb4bdfe000 rw-p 00000000 00:00 0 
7ffb4bdfe000-7ffb4be01000 ---p 00000000 00:00 0 
7ffb4be01000-7ffb4beff000 rw-p 00000000 00:00 0 
7ffb4beff000-7ffb4bf02000 ---p 00000000 00:00 0 
7ffb4bf02000-7ffb4c000000 rw-p 00000000 00:00 0 
7ffb4c000000-7ffb4c059000 rw-p 00000000 00:00 0 
7ffb4c059000-7ffb50000000 ---p 00000000 00:00 0 
7ffb50000000-7ffb50021000 rw-p 00000000 00:00 0 
7ffb50021000-7ffb54000000 ---p 00000000 00:00 0 
7ffb540fe000-7ffb54101000 ---p 00000000 00:00 0 
7ffb54101000-7ffb541ff000 rw-p 00000000 00:00 0 
7ffb541ff000-7ffb54202000 ---p 00000000 00:00 0 
7ffb54202000-7ffb54300000 rw-p 00000000 00:00 0 
7ffb54300000-7ffb54303000 ---p 00000000 00:00 0 
7ffb54303000-7ffb54401000 rw-p 00000000 00:00 0 
7ffb54401000-7ffb54404000 ---p 00000000 00:00 0 
7ffb54404000-7ffb54702000 rw-p 00000000 00:00 0 
7ffb54702000-7ffb54705000 ---p 00000000 00:00 0 
7ffb54705000-7ffb54803000 rw-p 00000000 00:00 0 
7ffb54803000-7ffb54806000 ---p 00000000 00:00 0 
7ffb54806000-7ffb54904000 rw-p 00000000 00:00 0 
7ffb54904000-7ffb54907000 ---p 00000000 00:00 0 
7ffb54907000-7ffb54c05000 rw-p 00000000 00:00 0 
7ffb54c05000-7ffb54c08000 ---p 00000000 00:00 0 
7ffb54c08000-7ffb54d06000 rw-p 00000000 00:00 0 
7ffb54d06000-7ffb54d09000 ---p 00000000 00:00 0 
7ffb54d09000-7ffb54e07000 rw-p 00000000 00:00 0 
7ffb54e07000-7ffb54e6e000 r-xp 00000000 08:00 133222                     /usr/lib/x86_64-linux-gnu/libjpeg.so.8.1.2
7ffb54e6e000-7ffb5506d000 ---p 00067000 08:00 133222                     /usr/lib/x86_64-linux-gnu/libjpeg.so.8.1.2
7ffb5506d000-7ffb5506e000 r--p 00066000 08:00 133222                     /usr/lib/x86_64-linux-gnu/libjpeg.so.8.1.2
7ffb5506e000-7ffb5506f000 rw-p 00067000 08:00 133222                     /usr/lib/x86_64-linux-gnu/libjpeg.so.8.1.2
7ffb5506f000-7ffb55079000 r-xp 00000000 08:00 1051399                    /usr/lib/jvm/java-8-openjdk-amd64/jre/lib/amd64/libjavajpeg.so
7ffb55079000-7ffb55279000 ---p 0000a000 08:00 1051399                    /usr/lib/jvm/java-8-openjdk-amd64/jre/lib/amd64/libjavajpeg.so
7ffb55279000-7ffb5527a000 r--p 0000a000 08:00 1051399                    /usr/lib/jvm/java-8-openjdk-amd64/jre/lib/amd64/libjavajpeg.so
7ffb5527a000-7ffb5527b000 rw-p 0000b000 08:00 1051399                    /usr/lib/jvm/java-8-openjdk-amd64/jre/lib/amd64/libjavajpeg.so
7ffb5527b000-7ffb5547b000 rw-p 00000000 00:00 0 
7ffb5547b000-7ffb554ac000 r-xp 00000000 08:00 44322                      /usr/lib/x86_64-linux-gnu/libpng16.so.16.34.0
7ffb554ac000-7ffb556ab000 ---p 00031000 08:00 44322                      /usr/lib/x86_64-linux-gnu/libpng16.so.16.34.0
7ffb556ab000-7ffb556ac000 r--p 00030000 08:00 44322                      /usr/lib/x86_64-linux-gnu/libpng16.so.16.34.0
7ffb556ac000-7ffb556ad000 rw-p 00031000 08:00 44322                      /usr/lib/x86_64-linux-gnu/libpng16.so.16.34.0
7ffb556ad000-7ffb5575a000 r-xp 00000000 08:00 46040                      /usr/lib/x86_64-linux-gnu/libfreetype.so.6.15.0
7ffb5575a000-7ffb55959000 ---p 000ad000 08:00 46040                      /usr/lib/x86_64-linux-gnu/libfreetype.so.6.15.0
7ffb55959000-7ffb55960000 r--p 000ac000 08:00 46040                      /usr/lib/x86_64-linux-gnu/libfreetype.so.6.15.0
7ffb55960000-7ffb55961000 rw-p 000b3000 08:00 46040                      /usr/lib/x86_64-linux-gnu/libfreetype.so.6.15.0
7ffb55961000-7ffb559b2000 r-xp 00000000 08:00 1051390                    /usr/lib/jvm/java-8-openjdk-amd64/jre/lib/amd64/libfontmanager.so
7ffb559b2000-7ffb55bb1000 ---p 00051000 08:00 1051390                    /usr/lib/jvm/java-8-openjdk-amd64/jre/lib/amd64/libfontmanager.so
7ffb55bb1000-7ffb55bb3000 r--p 00050000 08:00 1051390                    /usr/lib/jvm/java-8-openjdk-amd64/jre/lib/amd64/libfontmanager.so
7ffb55bb3000-7ffb55bb4000 rw-p 00052000 08:00 1051390                    /usr/lib/jvm/java-8-openjdk-amd64/jre/lib/amd64/libfontmanager.so
7ffb55bb4000-7ffb55bb7000 ---p 00000000 00:00 0 
7ffb55bb7000-7ffb55cb5000 rw-p 00000000 00:00 0 
7ffb55cb5000-7ffb55cbc000 r-xp 00000000 08:00 1051387                    /usr/lib/jvm/java-8-openjdk-amd64/jre/lib/amd64/libawt_headless.so
7ffb55cbc000-7ffb55ebb000 ---p 00007000 08:00 1051387                    /usr/lib/jvm/java-8-openjdk-amd64/jre/lib/amd64/libawt_headless.so
7ffb55ebb000-7ffb55ebc000 r--p 00006000 08:00 1051387                    /usr/lib/jvm/java-8-openjdk-amd64/jre/lib/amd64/libawt_headless.so
7ffb55ebc000-7ffb55ebd000 rw-p 00007000 08:00 1051387                    /usr/lib/jvm/java-8-openjdk-amd64/jre/lib/amd64/libawt_headless.so
7ffb55ebd000-7ffb55f5c000 r-xp 00000000 08:00 1051386                    /usr/lib/jvm/java-8-openjdk-amd64/jre/lib/amd64/libawt.so
7ffb55f5c000-7ffb5615b000 ---p 0009f000 08:00 1051386                    /usr/lib/jvm/java-8-openjdk-amd64/jre/lib/amd64/libawt.so
7ffb5615b000-7ffb5615c000 r--p 0009e000 08:00 1051386                    /usr/lib/jvm/java-8-openjdk-amd64/jre/lib/amd64/libawt.so
7ffb5615c000-7ffb56167000 rw-p 0009f000 08:00 1051386                    /usr/lib/jvm/java-8-openjdk-amd64/jre/lib/amd64/libawt.so
7ffb56167000-7ffb5638c000 rw-p 00000000 00:00 0 
7ffb5638c000-7ffb5638f000 ---p 00000000 00:00 0 
7ffb5638f000-7ffb5648d000 rw-p 00000000 00:00 0 
7ffb5648d000-7ffb56490000 ---p 00000000 00:00 0 
7ffb56490000-7ffb5658e000 rw-p 00000000 00:00 0 
7ffb5658e000-7ffb56591000 ---p 00000000 00:00 0 
7ffb56591000-7ffb5668f000 rw-p 00000000 00:00 0 
7ffb5668f000-7ffb56692000 ---p 00000000 00:00 0 
7ffb56692000-7ffb56790000 rw-p 00000000 00:00 0 
7ffb56790000-7ffb56793000 ---p 00000000 00:00 0 
7ffb56793000-7ffb56891000 rw-p 00000000 00:00 0 
7ffb56891000-7ffb56894000 ---p 00000000 00:00 0 
7ffb56894000-7ffb56992000 rw-p 00000000 00:00 0 
7ffb56992000-7ffb56995000 ---p 00000000 00:00 0 
7ffb56995000-7ffb56c93000 rw-p 00000000 00:00 0 
7ffb56c93000-7ffb56c96000 ---p 00000000 00:00 0 
7ffb56c96000-7ffb56f94000 rw-p 00000000 00:00 0 
7ffb56fc8000-7ffb56fcb000 ---p 00000000 00:00 0 
7ffb56fcb000-7ffb570c9000 rw-p 00000000 00:00 0 
7ffb570c9000-7ffb570f1000 r-xp 00000000 08:00 1051413                    /usr/lib/jvm/java-8-openjdk-amd64/jre/lib/amd64/libsunec.so
7ffb570f1000-7ffb572f0000 ---p 00028000 08:00 1051413                    /usr/lib/jvm/java-8-openjdk-amd64/jre/lib/amd64/libsunec.so
7ffb572f0000-7ffb572f4000 r--p 00027000 08:00 1051413                    /usr/lib/jvm/java-8-openjdk-amd64/jre/lib/amd64/libsunec.so
7ffb572f4000-7ffb572f5000 rw-p 0002b000 08:00 1051413                    /usr/lib/jvm/java-8-openjdk-amd64/jre/lib/amd64/libsunec.so
7ffb572f5000-7ffb574f5000 rw-p 00000000 00:00 0 
7ffb574f5000-7ffb574f8000 ---p 00000000 00:00 0 
7ffb574f8000-7ffb575f6000 rw-p 00000000 00:00 0 
7ffb575f6000-7ffb575f9000 ---p 00000000 00:00 0 
7ffb575f9000-7ffb576f7000 rw-p 00000000 00:00 0 
7ffb576f7000-7ffb576fa000 ---p 00000000 00:00 0 
7ffb576fa000-7ffb577f8000 rw-p 00000000 00:00 0 
7ffb577f8000-7ffb577fb000 ---p 00000000 00:00 0 
7ffb577fb000-7ffb578f9000 rw-p 00000000 00:00 0 
7ffb578f9000-7ffb578fc000 ---p 00000000 00:00 0 
7ffb578fc000-7ffb579fa000 rw-p 00000000 00:00 0 
7ffb579fa000-7ffb579fd000 ---p 00000000 00:00 0 
7ffb579fd000-7ffb57afb000 rw-p 00000000 00:00 0 
7ffb57afb000-7ffb57afe000 ---p 00000000 00:00 0 
7ffb57afe000-7ffb57bfc000 rw-p 00000000 00:00 0 
7ffb57bfc000-7ffb57bff000 ---p 00000000 00:00 0 
7ffb57bff000-7ffb57cfd000 rw-p 00000000 00:00 0 
7ffb57cfd000-7ffb57d00000 ---p 00000000 00:00 0 
7ffb57d00000-7ffb57dfe000 rw-p 00000000 00:00 0 
7ffb57dfe000-7ffb57e01000 ---p 00000000 00:00 0 
7ffb57e01000-7ffb57eff000 rw-p 00000000 00:00 0 
7ffb57eff000-7ffb57f02000 ---p 00000000 00:00 0 
7ffb57f02000-7ffb58000000 rw-p 00000000 00:00 0 
7ffb58000000-7ffb58191000 rw-p 00000000 00:00 0 
7ffb58191000-7ffb5c000000 ---p 00000000 00:00 0 
7ffb5c000000-7ffb5c072000 rw-p 00000000 00:00 0 
7ffb5c072000-7ffb60000000 ---p 00000000 00:00 0 
7ffb60000000-7ffb60021000 rw-p 00000000 00:00 0 
7ffb60021000-7ffb64000000 ---p 00000000 00:00 0 
7ffb64000000-7ffb64021000 rw-p 00000000 00:00 0 
7ffb64021000-7ffb68000000 ---p 00000000 00:00 0 
7ffb68000000-7ffb68025000 rw-p 00000000 00:00 0 
7ffb68025000-7ffb6c000000 ---p 00000000 00:00 0 
7ffb6c000000-7ffb6c021000 rw-p 00000000 00:00 0 
7ffb6c021000-7ffb70000000 ---p 00000000 00:00 0 
7ffb70000000-7ffb70040000 rw-p 00000000 00:00 0 
7ffb70040000-7ffb74000000 ---p 00000000 00:00 0 
7ffb74000000-7ffb74021000 rw-p 00000000 00:00 0 
7ffb74021000-7ffb78000000 ---p 00000000 00:00 0 
7ffb78000000-7ffb78021000 rw-p 00000000 00:00 0 
7ffb78021000-7ffb7c000000 ---p 00000000 00:00 0 
7ffb7c000000-7ffb7c038000 rw-p 00000000 00:00 0 
7ffb7c038000-7ffb80000000 ---p 00000000 00:00 0 
7ffb80000000-7ffb80193000 rw-p 00000000 00:00 0 
7ffb80193000-7ffb84000000 ---p 00000000 00:00 0 
7ffb84000000-7ffb84021000 rw-p 00000000 00:00 0 
7ffb84021000-7ffb88000000 ---p 00000000 00:00 0 
7ffb88000000-7ffb8824b000 rw-p 00000000 00:00 0 
7ffb8824b000-7ffb8c000000 ---p 00000000 00:00 0 
7ffb8c000000-7ffb8c08d000 rw-p 00000000 00:00 0 
7ffb8c08d000-7ffb90000000 ---p 00000000 00:00 0 
7ffb90000000-7ffb90049000 rw-p 00000000 00:00 0 
7ffb90049000-7ffb94000000 ---p 00000000 00:00 0 
7ffb94000000-7ffb942b0000 rw-p 00000000 00:00 0 
7ffb942b0000-7ffb98000000 ---p 00000000 00:00 0 
7ffb98000000-7ffb99844000 rw-p 00000000 00:00 0 
7ffb99844000-7ffb9c000000 ---p 00000000 00:00 0 
7ffb9c000000-7ffb9c71a000 rw-p 00000000 00:00 0 
7ffb9c71a000-7ffba0000000 ---p 00000000 00:00 0 
7ffba0000000-7ffba0021000 rw-p 00000000 00:00 0 
7ffba0021000-7ffba4000000 ---p 00000000 00:00 0 
7ffba4000000-7ffba56b8000 rw-p 00000000 00:00 0 
7ffba56b8000-7ffba8000000 ---p 00000000 00:00 0 
7ffba8000000-7ffba8021000 rw-p 00000000 00:00 0 
7ffba8021000-7ffbac000000 ---p 00000000 00:00 0 
7ffbac000000-7ffbac021000 rw-p 00000000 00:00 0 
7ffbac021000-7ffbb0000000 ---p 00000000 00:00 0 
7ffbb0000000-7ffbb0021000 rw-p 00000000 00:00 0 
7ffbb0021000-7ffbb4000000 ---p 00000000 00:00 0 
7ffbb4000000-7ffbb411a000 rw-p 00000000 00:00 0 
7ffbb411a000-7ffbb8000000 ---p 00000000 00:00 0 
7ffbb8000000-7ffbb8021000 rw-p 00000000 00:00 0 
7ffbb8021000-7ffbbc000000 ---p 00000000 00:00 0 
7ffbbc0c5000-7ffbbc0d7000 r--s 0034c000 08:00 1051429                    /usr/lib/jvm/java-8-openjdk-amd64/jre/lib/resources.jar
7ffbbc0d7000-7ffbbc0dc000 r--s 002f9000 08:00 1051417                    /usr/lib/jvm/java-8-openjdk-amd64/jre/lib/charsets.jar
7ffbbc0dc000-7ffbbc0de000 r--s 00016000 08:00 1051422                    /usr/lib/jvm/java-8-openjdk-amd64/jre/lib/jce.jar
7ffbbc0de000-7ffbbc0e1000 ---p 00000000 00:00 0 
7ffbbc0e1000-7ffbbc1df000 rw-p 00000000 00:00 0 
7ffbbc1df000-7ffbbc1e2000 ---p 00000000 00:00 0 
7ffbbc1e2000-7ffbbc4e0000 rw-p 00000000 00:00 0 
7ffbbc4e0000-7ffbbc4e9000 r-xp 00000000 08:00 1051406                    /usr/lib/jvm/java-8-openjdk-amd64/jre/lib/amd64/libmanagement.so
7ffbbc4e9000-7ffbbc6e8000 ---p 00009000 08:00 1051406                    /usr/lib/jvm/java-8-openjdk-amd64/jre/lib/amd64/libmanagement.so
7ffbbc6e8000-7ffbbc6e9000 r--p 00008000 08:00 1051406                    /usr/lib/jvm/java-8-openjdk-amd64/jre/lib/amd64/libmanagement.so
7ffbbc6e9000-7ffbbc6ea000 rw-p 00009000 08:00 1051406                    /usr/lib/jvm/java-8-openjdk-amd64/jre/lib/amd64/libmanagement.so
7ffbbc6ea000-7ffbbc6fb000 r--s 001c5000 08:00 1051425                    /usr/lib/jvm/java-8-openjdk-amd64/jre/lib/jsse.jar
7ffbbc6fb000-7ffbbc6fe000 ---p 00000000 00:00 0 
7ffbbc6fe000-7ffbbc7fc000 rw-p 00000000 00:00 0 
7ffbbc7fc000-7ffbbc7ff000 ---p 00000000 00:00 0 
7ffbbc7ff000-7ffbbcafd000 rw-p 00000000 00:00 0 
7ffbbcafd000-7ffbbcb00000 ---p 00000000 00:00 0 
7ffbbcb00000-7ffbbcbfe000 rw-p 00000000 00:00 0 
7ffbbcbfe000-7ffbbcc01000 ---p 00000000 00:00 0 
7ffbbcc01000-7ffbbccff000 rw-p 00000000 00:00 0 
7ffbbccff000-7ffbbcd02000 ---p 00000000 00:00 0 
7ffbbcd02000-7ffbbce00000 rw-p 00000000 00:00 0 
7ffbbce00000-7ffbbce03000 ---p 00000000 00:00 0 
7ffbbce03000-7ffbbcf01000 rw-p 00000000 00:00 0 
7ffbbcf01000-7ffbbcf04000 ---p 00000000 00:00 0 
7ffbbcf04000-7ffbbd002000 rw-p 00000000 00:00 0 
7ffbbd002000-7ffbbd005000 ---p 00000000 00:00 0 
7ffbbd005000-7ffbbd103000 rw-p 00000000 00:00 0 
7ffbbd103000-7ffbbd106000 ---p 00000000 00:00 0 
7ffbbd106000-7ffbbd204000 rw-p 00000000 00:00 0 
7ffbbd204000-7ffbbd207000 ---p 00000000 00:00 0 
7ffbbd207000-7ffbbd305000 rw-p 00000000 00:00 0 
7ffbbd305000-7ffbbd308000 ---p 00000000 00:00 0 
7ffbbd308000-7ffbbd406000 rw-p 00000000 00:00 0 
7ffbbd406000-7ffbbd409000 ---p 00000000 00:00 0 
7ffbbd409000-7ffbbd507000 rw-p 00000000 00:00 0 
7ffbbd507000-7ffbbd50a000 ---p 00000000 00:00 0 
7ffbbd50a000-7ffbbd808000 rw-p 00000000 00:00 0 
7ffbbd808000-7ffbbd839000 rw-p 00000000 00:00 0 
7ffbbd839000-7ffbbd851000 r-xp 00000000 08:00 1051408                    /usr/lib/jvm/java-8-openjdk-amd64/jre/lib/amd64/libnet.so
7ffbbd851000-7ffbbda50000 ---p 00018000 08:00 1051408                    /usr/lib/jvm/java-8-openjdk-amd64/jre/lib/amd64/libnet.so
7ffbbda50000-7ffbbda51000 r--p 00017000 08:00 1051408                    /usr/lib/jvm/java-8-openjdk-amd64/jre/lib/amd64/libnet.so
7ffbbda51000-7ffbbda52000 rw-p 00018000 08:00 1051408                    /usr/lib/jvm/java-8-openjdk-amd64/jre/lib/amd64/libnet.so
7ffbbda52000-7ffbbda64000 r-xp 00000000 08:00 1051409                    /usr/lib/jvm/java-8-openjdk-amd64/jre/lib/amd64/libnio.so
7ffbbda64000-7ffbbdc63000 ---p 00012000 08:00 1051409                    /usr/lib/jvm/java-8-openjdk-amd64/jre/lib/amd64/libnio.so
7ffbbdc63000-7ffbbdc64000 r--p 00011000 08:00 1051409                    /usr/lib/jvm/java-8-openjdk-amd64/jre/lib/amd64/libnio.so
7ffbbdc64000-7ffbbdc65000 rw-p 00012000 08:00 1051409                    /usr/lib/jvm/java-8-openjdk-amd64/jre/lib/amd64/libnio.so
7ffbbdc65000-7ffbbdc6b000 r--s 00048000 08:00 1841197                    /var/app/BackendMaster/api/VinPlayPortal/build/libs/VinPlayPortal.jar
7ffbbdc6b000-7ffbbdc70000 r--s 00034000 08:00 2756706                    /var/app/BackendMaster/api/VinPlayPortal/libs/CardCoreLib-1.0-SNAPSHOT.jar
7ffbbdc70000-7ffbbdc8f000 r--s 0019f000 08:00 2756707                    /var/app/BackendMaster/api/VinPlayPortal/libs/VinPlayUserCore.jar
7ffbbdc8f000-7ffbbdcae000 r--s 0019f000 08:00 2756709                    /var/app/BackendMaster/api/VinPlayPortal/libs/VinPlayDAL.jar
7ffbbdcae000-7ffbbdcba000 r--s 00086000 08:00 2756708                    /var/app/BackendMaster/api/VinPlayPortal/libs/BitzeroAll-1.0-SNAPSHOT.jar
7ffbbdcba000-7ffbbdcbf000 r--s 00025000 08:00 1054057                    /var/app/BackendMaster/libs/wsdl4j.jar
7ffbbdcbf000-7ffbbdcc0000 r--s 00000000 08:00 1054019                    /var/app/BackendMaster/libs/logs-backup-app.jar
7ffbbdcc0000-7ffbbdcc2000 r--s 0001c000 08:00 1053996                    /var/app/BackendMaster/libs/jetty-servlets-9.2.10.v20150310.jar
7ffbbdcc2000-7ffbbdcc6000 r--s 0002e000 08:00 1054037                    /var/app/BackendMaster/libs/proxool-0.9.1.jar
7ffbbdcc6000-7ffbbdcd4000 r--s 00158000 08:00 1053969                    /var/app/BackendMaster/libs/hsqldb.jar
7ffbbdcd4000-7ffbbdcf7000 r--s 0017c000 08:00 1053936                    /var/app/BackendMaster/libs/bcprov-jdk16-1.44.jar
7ffbbdcf7000-7ffbbdd02000 r--s 0005f000 08:00 1054059                    /var/app/BackendMaster/libs/xstream-1.3.1.jar
7ffbbdd02000-7ffbbdd04000 r--s 00003000 08:00 1054034                    /var/app/BackendMaster/libs/org.osgi.service.log-1.3.0.jar
7ffbbdd04000-7ffbbdd05000 r--s 00018000 08:00 1054007                    /var/app/BackendMaster/libs/json.jar
7ffbbdd05000-7ffbbdd19000 r--s 0016d000 08:00 1054054                    /var/app/BackendMaster/libs/tomcat-catalina-8.5.3.jar
7ffbbdd19000-7ffbbdd1a000 r--s 0000e000 08:00 1054042                    /var/app/BackendMaster/libs/scribe.jar
7ffbbdd1a000-7ffbbdd1c000 r--s 00014000 08:00 1053984                    /var/app/BackendMaster/libs/java_websocket.jar
7ffbbdd1c000-7ffbbdd22000 r--s 0004d000 08:00 1054049                    /var/app/BackendMaster/libs/spymemcached-2.12.1-sources.jar
7ffbbdd22000-7ffbbdd24000 r--s 0000d000 08:00 1053953                    /var/app/BackendMaster/libs/commons-logging-1.1.1.jar
7ffbbdd24000-7ffbbdd40000 r--s 0015d000 08:00 1054023                    /var/app/BackendMaster/libs/mongo-java-driver-3.3.0.jar
7ffbbdd40000-7ffbbdd47000 r--s 00062000 08:00 1054045                    /var/app/BackendMaster/libs/sigar.jar
7ffbbdd47000-7ffbbdd5c000 r--s 000ba000 08:00 1053981                    /var/app/BackendMaster/libs/java-client-2.3.3.jar
7ffbbdd5c000-7ffbbdd61000 r--s 00048000 08:00 1053952                    /var/app/BackendMaster/libs/commons-lang3-3.0.1.jar
7ffbbdd61000-7ffbbdd62000 r--s 00008000 08:00 1053943                    /var/app/BackendMaster/libs/commons-cli-1.1.jar
7ffbbdd62000-7ffbbdd7a000 r--s 0010f000 08:00 1054010                    /var/app/BackendMaster/libs/jython.jar
7ffbbdd7a000-7ffbbdd80000 r--s 00034000 08:00 1054009                    /var/app/BackendMaster/libs/junit-4.8.2.jar
7ffbbdd80000-7ffbbdd87000 r--s 0004b000 08:00 1054038                    /var/app/BackendMaster/libs/proxool-cglib.jar
7ffbbdd87000-7ffbbdd8a000 r--s 00022000 08:00 1053972                    /var/app/BackendMaster/libs/httpclient-cache-4.3.3.jar
7ffbbdd8a000-7ffbbdd8c000 r--s 00004000 08:00 1054053                    /var/app/BackendMaster/libs/terracotta-api-1.1.1.jar
7ffbbdd8c000-7ffbbdd94000 r--s 00051000 08:00 1053958                    /var/app/BackendMaster/libs/commons-vfs-1.0.jar
7ffbbdd94000-7ffbbdda5000 r--s 000f6000 08:00 1053980                    /var/app/BackendMaster/libs/jackson-databind-2.4.1.jar
7ffbbdda5000-7ffbbddab000 r--s 00032000 08:00 1053987                    /var/app/BackendMaster/libs/jboss-marshalling-1.4.11.Final.jar
7ffbbddab000-7ffbbddb1000 r--s 00045000 08:00 1054012                    /var/app/BackendMaster/libs/log4j-1.2-api-2.17.2.jar
7ffbbddb1000-7ffbbddb2000 r--s 00002000 08:00 1053998                    /var/app/BackendMaster/libs/jmx-util-1.2.3.jar
7ffbbddb2000-7ffbbddba000 r--s 000bf000 08:00 1054001                    /var/app/BackendMaster/libs/js.jar
7ffbbddba000-7ffbbddc1000 r--s 00041000 08:00 1053970                    /var/app/BackendMaster/libs/httpclient-4.0.3.jar
7ffbbddc1000-7ffbbddc5000 r--s 00028000 08:00 1054021                    /var/app/BackendMaster/libs/mailapi.jar
7ffbbddc5000-7ffbbddc7000 r--s 0000f000 08:00 1053986                    /var/app/BackendMaster/libs/jboss-logging-3.3.0.Final.jar
7ffbbddc7000-7ffbbddc9000 r--s 00013000 08:00 1053988                    /var/app/BackendMaster/libs/jboss-marshalling-river-1.4.11.Final.jar
7ffbbddc9000-7ffbbddd5000 r--s 0006f000 08:00 1053932                    /var/app/BackendMaster/libs/bcmail-jdk16-1.46.jar
7ffbbddd5000-7ffbbddee000 r--s 0012c000 08:00 1054028                    /var/app/BackendMaster/libs/netty-3.10.5.Final.jar
7ffbbddee000-7ffbbde8c000 r--s 00655000 08:00 1053967                    /var/app/BackendMaster/libs/hazelcast-3.6.4.jar
7ffbbde8c000-7ffbbde8d000 r--s 00005000 08:00 1054048                    /var/app/BackendMaster/libs/smtp.jar
7ffbbde8d000-7ffbbde90000 r--s 00047000 08:00 1054008                    /var/app/BackendMaster/libs/jtds-1.2.5.jar
7ffbbde90000-7ffbbde96000 r--s 00033000 08:00 1053944                    /var/app/BackendMaster/libs/commons-codec-1.6.jar
7ffbbde96000-7ffbbde99000 r--s 00018000 08:00 1053992                    /var/app/BackendMaster/libs/jetty-io-9.2.10.v20150310.jar
7ffbbde99000-7ffbbdea8000 r--s 00074000 08:00 1053999                    /var/app/BackendMaster/libs/joda-time-1.6.jar
7ffbbdea8000-7ffbbdea9000 r--s 00005000 08:00 1054005                    /var/app/BackendMaster/libs/json-simple-1.1.1.jar
7ffbbdea9000-7ffbbdeab000 r--s 00011000 08:00 1053956                    /var/app/BackendMaster/libs/commons-logging.jar
7ffbbdeab000-7ffbbdeb0000 r--s 00033000 08:00 1053959                    /var/app/BackendMaster/libs/couchbase-client.jar
7ffbbdeb0000-7ffbbdeb2000 r--s 00002000 08:00 1054017                    /var/app/BackendMaster/libs/logging-interceptor-3.12.10.jar
7ffbbdeb2000-7ffbbdeba000 r--s 0006c000 08:00 1054050                    /var/app/BackendMaster/libs/spymemcached-2.12.1.jar
7ffbbdeba000-7ffbbdebc000 r--s 00008000 08:00 1053976                    /var/app/BackendMaster/libs/httpmime-4.3.3.jar
7ffbbdebc000-7ffbbdec0000 r--s 0003c000 08:00 1053951                    /var/app/BackendMaster/libs/commons-lang-2.4.jar
7ffbbdec0000-7ffbbdec2000 r--s 00007000 08:00 1054055                    /var/app/BackendMaster/libs/tomcat-jni-8.5.3.jar
7ffbbdec2000-7ffbbdec4000 r--s 00018000 08:00 1054043                    /var/app/BackendMaster/libs/servlet-api-2.5.jar
7ffbbdec4000-7ffbbdec7000 r--s 0001f000 08:00 1053977                    /var/app/BackendMaster/libs/imap.jar
7ffbbdec7000-7ffbbdeca000 r--s 0001a000 08:00 1053995                    /var/app/BackendMaster/libs/jetty-servlet-9.2.10.v20150310.jar
7ffbbdeca000-7ffbbdecc000 r--s 0003a000 08:00 1053962                    /var/app/BackendMaster/libs/deadlock.jar
7ffbbdecc000-7ffbbdece000 r--s 00001000 08:00 1054047                    /var/app/BackendMaster/libs/slf4j-log4j12-1.7.5.jar
7ffbbdece000-7ffbbded4000 r--s 00051000 08:00 1053997                    /var/app/BackendMaster/libs/jetty-util-9.2.10.v20150310.jar
7ffbbded4000-7ffbbdee3000 r--s 000e9000 08:00 1054025                    /var/app/BackendMaster/libs/mvel2-2.2.0.Final.jar
7ffbbdee3000-7ffbbdee5000 r--s 0000b000 08:00 1053948                    /var/app/BackendMaster/libs/commons-fileupload-1.2.jar
7ffbbdee5000-7ffbbdee7000 r--s 0001b000 08:00 1053961                    /var/app/BackendMaster/libs/dbpool-7.0.jar
7ffbbdee7000-7ffbbdeea000 r--s 00012000 08:00 1053983                    /var/app/BackendMaster/libs/javax.servlet-api-3.0.1.jar
7ffbbdeea000-7ffbbdef1000 r--s 00075000 08:00 1054020                    /var/app/BackendMaster/libs/mail.jar
7ffbbdef1000-7ffbbdef7000 r--s 0003f000 08:00 1053974                    /var/app/BackendMaster/libs/httpcore-4.3.2.jar
7ffbbdef7000-7ffbbdf05000 r--s 0007f000 08:00 1053945                    /var/app/BackendMaster/libs/commons-collections-3.2.1.jar
7ffbbdf05000-7ffbbdf4f000 r--s 002f4000 08:00 1053935                    /var/app/BackendMaster/libs/bcprov-jdk15on-155.jar
7ffbbdf4f000-7ffbbdf58000 r--s 0006f000 08:00 1054014                    /var/app/BackendMaster/libs/log4j-1.2.17.jar
7ffbbdf58000-7ffbbdf5f000 r--s 00059000 08:00 1054013                    /var/app/BackendMaster/libs/log4j-1.2.15.jar
7ffbbdf5f000-7ffbbdf67000 r--s 00079000 08:00 1053968                    /var/app/BackendMaster/libs/hazelcast-client-3.6.4.jar
7ffbbdf67000-7ffbbdf6a000 r--s 00025000 08:00 1053946                    /var/app/BackendMaster/libs/commons-dbcp-1.4.jar
7ffbbdf6a000-7ffbbdf71000 r--s 00034000 08:00 1053982                    /var/app/BackendMaster/libs/java-telegram-bot-api-5.0.1.jar
7ffbbdf71000-7ffbbdf72000 r--s 00005000 08:00 1053938                    /var/app/BackendMaster/libs/cage-1.0.jar
7ffbbdf72000-7ffbbdf75000 r--s 00013000 08:00 1053963                    /var/app/BackendMaster/libs/ezmorph-1.0.6.jar
7ffbbdf75000-7ffbbdf76000 r--s 00004000 08:00 1054040                    /var/app/BackendMaster/libs/saaj.jar
7ffbbdf76000-7ffbbdf80000 r--s 0005d000 08:00 1054039                    /var/app/BackendMaster/libs/rabbitmq-client.jar
7ffbbdf80000-7ffbbdf82000 r--s 0000f000 08:00 1053990                    /var/app/BackendMaster/libs/jettison.jar
7ffbbdf82000-7ffbbdf84000 r--s 00014000 08:00 1054032                    /var/app/BackendMaster/libs/okio-1.15.0.jar
7ffbbdf84000-7ffbbdf87000 r--s 0001d000 08:00 1054056                    /var/app/BackendMaster/libs/wrapper.jar
7ffbbdf87000-7ffbbdf89000 r--s 0000e000 08:00 1053954                    /var/app/BackendMaster/libs/commons-logging-1.1.3.jar
7ffbbdf89000-7ffbbdf99000 r--s 0007d000 08:00 1054000                    /var/app/BackendMaster/libs/joda-time-2.2.jar
7ffbbdf99000-7ffbbdf9f000 r--s 00063000 08:00 1054031                    /var/app/BackendMaster/libs/okhttp-3.12.10.jar
7ffbbdf9f000-7ffbbdfaa000 r--s 00085000 08:00 1053971                    /var/app/BackendMaster/libs/httpclient-4.3.3.jar
7ffbbdfaa000-7ffbbdfae000 r--s 0002a000 08:00 1054011                    /var/app/BackendMaster/libs/libthrift-r917130.jar
7ffbbdfae000-7ffbbdfb1000 r--s 0000f000 08:00 1053947                    /var/app/BackendMaster/libs/commons-discovery-0.2.jar
7ffbbdfb1000-7ffbbdfb2000 r--s 00001000 08:00 1053937                    /var/app/BackendMaster/libs/boot.jar
7ffbbdfb2000-7ffbbdfb8000 r--s 0005d000 08:00 1054022                    /var/app/BackendMaster/libs/memcached-2.5.jar
7ffbbdfb8000-7ffbbdfbc000 r--s 00034000 08:00 1053979                    /var/app/BackendMaster/libs/jackson-core-2.4.1.jar
7ffbbdfbc000-7ffbbdfbe000 r--s 0000a000 08:00 1054003                    /var/app/BackendMaster/libs/json-20090211.jar
7ffbbdfbe000-7ffbbdfc1000 r--s 00015000 08:00 1053993                    /var/app/BackendMaster/libs/jetty-security-9.2.10.v20150310.jar
7ffbbdfc1000-7ffbbdfc5000 r--s 00021000 08:00 1054004                    /var/app/BackendMaster/libs/json-lib-2.2.3-jdk15.jar
7ffbbdfc5000-7ffbbdfc6000 r--s 00003000 08:00 1054006                    /var/app/BackendMaster/libs/json-simple-1.1.jar
7ffbbdfc6000-7ffbbdfc8000 r--s 0001d000 08:00 1053989                    /var/app/BackendMaster/libs/jedis-2.0.0.jar
7ffbbdfc8000-7ffbbdfcb000 r--s 00016000 08:00 1053957                    /var/app/BackendMaster/libs/commons-pool-1.5.5.jar
7ffbbdfcb000-7ffbbdfee000 r--s 00198000 08:00 1054016                    /var/app/BackendMaster/libs/log4j-core-2.17.2.jar
7ffbbdfee000-7ffbbe036000 r--s 002d9000 08:00 1053934                    /var/app/BackendMaster/libs/bcprov-jdk15on-1.54.jar
7ffbbe036000-7ffbbe03b000 r--s 0002a000 08:00 1053942                    /var/app/BackendMaster/libs/commons-beanutils-1.7.0.jar
7ffbbe03b000-7ffbbe044000 r--s 000ed000 08:00 1054027                    /var/app/BackendMaster/libs/mysql-connector-java-5.1.47.jar
7ffbbe044000-7ffbbe046000 r--s 00018000 08:00 1053991                    /var/app/BackendMaster/libs/jetty-http-9.2.10.v20150310.jar
7ffbbe046000-7ffbbe04c000 r--s 00053000 08:00 1054002                    /var/app/BackendMaster/libs/jsf-api.jar
7ffbbe04c000-7ffbbe04f000 r--s 00028000 08:00 1054044                    /var/app/BackendMaster/libs/servlet-api-3.0-alpha-1.jar
7ffbbe04f000-7ffbbe059000 r--s 0006b000 08:00 1054033                    /var/app/BackendMaster/libs/org.osgi.core-6.0.0.jar
7ffbbe059000-7ffbbe05b000 r--s 00000000 08:00 1054029                    /var/app/BackendMaster/libs/npn-api-1.1.1.v20141010.jar
7ffbbe05b000-7ffbbe05e000 r--s 00029000 08:00 1054052                    /var/app/BackendMaster/libs/supercsv.jar
7ffbbe05e000-7ffbbe086000 r--s 001a5000 08:00 1053933                    /var/app/BackendMaster/libs/bcprov-ext-jdk16-1.46.jar
7ffbbe086000-7ffbbe08c000 r--s 0005d000 08:00 1054051                    /var/app/BackendMaster/libs/spymemcached.jar
7ffbbe08c000-7ffbbe094000 r--s 0008a000 08:00 1054036                    /var/app/BackendMaster/libs/protobuf-java-2.6.1.jar
7ffbbe094000-7ffbbe09b000 r--s 0004e000 08:00 1053929                    /var/app/BackendMaster/libs/apache-mime4j-0.6.jar
7ffbbe09b000-7ffbbe0a1000 r--s 0004f000 08:00 1054024                    /var/app/BackendMaster/libs/mongodb-driver-3.2.2.jar
7ffbbe0a1000-7ffbbe0a3000 r--s 0000e000 08:00 1053955                    /var/app/BackendMaster/libs/commons-logging-1.2.jar
7ffbbe0a3000-7ffbbe0a9000 r--s 00045000 08:00 1053949                    /var/app/BackendMaster/libs/commons-httpclient-3.1.jar
7ffbbe0a9000-7ffbbe0af000 r--s 00044000 08:00 1054015                    /var/app/BackendMaster/libs/log4j-api-2.17.2.jar
7ffbbe0af000-7ffbbe0c3000 r--s 00173000 08:00 1053931                    /var/app/BackendMaster/libs/axis.jar
7ffbbe0c3000-7ffbbe135000 r--s 0065a000 08:00 1054041                    /var/app/BackendMaster/libs/scala-library.jar
7ffbbe135000-7ffbbe150000 r--s 00394000 08:00 1182658                    /usr/lib/jvm/java-8-openjdk-amd64/jre/lib/ext/cldrdata.jar
7ffbbe150000-7ffbbe151000 ---p 00000000 00:00 0 
7ffbbe151000-7ffbbe251000 rw-p 00000000 00:00 0 
7ffbbe251000-7ffbbe254000 ---p 00000000 00:00 0 
7ffbbe254000-7ffbbe352000 rw-p 00000000 00:00 0 
7ffbbe352000-7ffbbe353000 ---p 00000000 00:00 0 
7ffbbe353000-7ffbbe356000 ---p 00000000 00:00 0 
7ffbbe356000-7ffbbe453000 rw-p 00000000 00:00 0 
7ffbbe453000-7ffbbe454000 ---p 00000000 00:00 0 
7ffbbe454000-7ffbbe457000 ---p 00000000 00:00 0 
7ffbbe457000-7ffbbe554000 rw-p 00000000 00:00 0 
7ffbbe554000-7ffbbe555000 ---p 00000000 00:00 0 
7ffbbe555000-7ffbbe558000 ---p 00000000 00:00 0 
7ffbbe558000-7ffbbe655000 rw-p 00000000 00:00 0 
7ffbbe655000-7ffbbe658000 ---p 00000000 00:00 0 
7ffbbe658000-7ffbbe756000 rw-p 00000000 00:00 0 
7ffbbe756000-7ffbbe8f1000 r--p 00000000 08:00 35719                      /usr/lib/locale/locale-archive
7ffbbe8f1000-7ffbbe8f4000 ---p 00000000 00:00 0 
7ffbbe8f4000-7ffbbe9f2000 rw-p 00000000 00:00 0 
7ffbbe9f2000-7ffbbe9f5000 ---p 00000000 00:00 0 
7ffbbe9f5000-7ffbbeaf3000 rw-p 00000000 00:00 0 
7ffbbeaf3000-7ffbbeaf4000 ---p 00000000 00:00 0 
7ffbbeaf4000-7ffbc0000000 rw-p 00000000 00:00 0 
7ffbc0000000-7ffbc0021000 rw-p 00000000 00:00 0 
7ffbc0021000-7ffbc4000000 ---p 00000000 00:00 0 
7ffbc4000000-7ffbc4002000 r--s 00014000 08:00 1054030                    /var/app/BackendMaster/libs/npn-boot-8.1.2.v20120308.jar
7ffbc4002000-7ffbc4004000 r--s 00006000 08:00 1053985                    /var/app/BackendMaster/libs/jaxrpc.jar
7ffbc4004000-7ffbc4006000 r--s 00005000 08:00 1054046                    /var/app/BackendMaster/libs/slf4j-api-1.7.5.jar
7ffbc4006000-7ffbc400c000 r--s 00037000 08:00 1053966                    /var/app/BackendMaster/libs/gson-2.9.0.jar
7ffbc400c000-7ffbc4010000 r--s 0005f000 08:00 1053964                    /var/app/BackendMaster/libs/fb303.jar
7ffbc4010000-7ffbc402b000 r--s 001d6000 08:00 1182663                    /usr/lib/jvm/java-8-openjdk-amd64/jre/lib/ext/nashorn.jar
7ffbc402b000-7ffbc8000000 rw-p 00000000 00:00 0 
7ffbc8000000-7ffbc8021000 rw-p 00000000 00:00 0 
7ffbc8021000-7ffbcc000000 ---p 00000000 00:00 0 
7ffbcc000000-7ffbcc002000 r--s 00025000 08:00 1054018                    /var/app/BackendMaster/libs/logs-analysis-app.jar
7ffbcc002000-7ffbcc008000 r--s 00061000 08:00 1053994                    /var/app/BackendMaster/libs/jetty-server-9.2.10.v20150310.jar
7ffbcc008000-7ffbcc00d000 r--s 00026000 08:00 1053973                    /var/app/BackendMaster/libs/httpcore-4.0.1.jar
7ffbcc00d000-7ffbcc00f000 r--s 0001a000 08:00 1053960                    /var/app/BackendMaster/libs/dbpool-6.0.jar
7ffbcc00f000-7ffbcc25f000 rw-p 00000000 00:00 0 
7ffbcc25f000-7ffbcc431000 r--s 03cbc000 08:00 1051430                    /usr/lib/jvm/java-8-openjdk-amd64/jre/lib/rt.jar
7ffbcc431000-7ffbcc816000 rw-p 00000000 00:00 0 
7ffbcc816000-7ffbcc817000 ---p 00000000 00:00 0 
7ffbcc817000-7ffbcc917000 rw-p 00000000 00:00 0 
7ffbcc917000-7ffbcc918000 ---p 00000000 00:00 0 
7ffbcc918000-7ffbcca18000 rw-p 00000000 00:00 0 
7ffbcca18000-7ffbcca19000 ---p 00000000 00:00 0 
7ffbcca19000-7ffbccb19000 rw-p 00000000 00:00 0 
7ffbccb19000-7ffbccb1a000 ---p 00000000 00:00 0 
7ffbccb1a000-7ffbccc3e000 rw-p 00000000 00:00 0 
7ffbccc3e000-7ffbcceb2000 ---p 00000000 00:00 0 
7ffbcceb2000-7ffbccf5c000 rw-p 00000000 00:00 0 
7ffbccf5c000-7ffbccfff000 ---p 00000000 00:00 0 
7ffbccfff000-7ffbcd000000 rw-p 00000000 00:00 0 
7ffbcd000000-7ffbce140000 rwxp 00000000 00:00 0 
7ffbce140000-7ffbdc000000 ---p 00000000 00:00 0 
7ffbdc000000-7ffbdcdbc000 rw-p 00000000 00:00 0 
7ffbdcdbc000-7ffbe0000000 ---p 00000000 00:00 0 
7ffbe0000000-7ffbe0001000 r--s 00005000 08:00 1053930                    /var/app/BackendMaster/libs/async-http-client-2.1.2.jar
7ffbe0001000-7ffbe0003000 r--s 00005000 08:00 1054058                    /var/app/BackendMaster/libs/xpp3_min-1.1.4c.jar
7ffbe0003000-7ffbe0006000 r--s 00018000 08:00 1053950                    /var/app/BackendMaster/libs/commons-io-1.4.jar
7ffbe0006000-7ffbe000b000 r--s 0002b000 08:00 1053975                    /var/app/BackendMaster/libs/httpcore-nio-4.0.1.jar
7ffbe000b000-7ffbe000e000 r--s 00007000 08:00 1053978                    /var/app/BackendMaster/libs/jackson-annotations-2.4.0.jar
7ffbe000e000-7ffbe0010000 r--s 00001000 08:00 1182659                    /usr/lib/jvm/java-8-openjdk-amd64/jre/lib/ext/dnsns.jar
7ffbe0010000-7ffbe00aa000 rw-p 00000000 00:00 0 
7ffbe00aa000-7ffbe031f000 ---p 00000000 00:00 0 
7ffbe031f000-7ffbe0364000 rw-p 00000000 00:00 0 
7ffbe0364000-7ffbe06df000 ---p 00000000 00:00 0 
7ffbe06df000-7ffbe06e7000 r-xp 00000000 08:00 1051416                    /usr/lib/jvm/java-8-openjdk-amd64/jre/lib/amd64/libzip.so
7ffbe06e7000-7ffbe08e6000 ---p 00008000 08:00 1051416                    /usr/lib/jvm/java-8-openjdk-amd64/jre/lib/amd64/libzip.so
7ffbe08e6000-7ffbe08e7000 r--p 00007000 08:00 1051416                    /usr/lib/jvm/java-8-openjdk-amd64/jre/lib/amd64/libzip.so
7ffbe08e7000-7ffbe08e8000 rw-p 00008000 08:00 1051416                    /usr/lib/jvm/java-8-openjdk-amd64/jre/lib/amd64/libzip.so
7ffbe08e8000-7ffbe08f3000 r-xp 00000000 08:00 36917                      /lib/x86_64-linux-gnu/libnss_files-2.27.so
7ffbe08f3000-7ffbe0af2000 ---p 0000b000 08:00 36917                      /lib/x86_64-linux-gnu/libnss_files-2.27.so
7ffbe0af2000-7ffbe0af3000 r--p 0000a000 08:00 36917                      /lib/x86_64-linux-gnu/libnss_files-2.27.so
7ffbe0af3000-7ffbe0af4000 rw-p 0000b000 08:00 36917                      /lib/x86_64-linux-gnu/libnss_files-2.27.so
7ffbe0af4000-7ffbe0afa000 rw-p 00000000 00:00 0 
7ffbe0afa000-7ffbe0b11000 r-xp 00000000 08:00 36914                      /lib/x86_64-linux-gnu/libnsl-2.27.so
7ffbe0b11000-7ffbe0d10000 ---p 00017000 08:00 36914                      /lib/x86_64-linux-gnu/libnsl-2.27.so
7ffbe0d10000-7ffbe0d11000 r--p 00016000 08:00 36914                      /lib/x86_64-linux-gnu/libnsl-2.27.so
7ffbe0d11000-7ffbe0d12000 rw-p 00017000 08:00 36914                      /lib/x86_64-linux-gnu/libnsl-2.27.so
7ffbe0d12000-7ffbe0d14000 rw-p 00000000 00:00 0 
7ffbe0d14000-7ffbe0d1f000 r-xp 00000000 08:00 36919                      /lib/x86_64-linux-gnu/libnss_nis-2.27.so
7ffbe0d1f000-7ffbe0f1e000 ---p 0000b000 08:00 36919                      /lib/x86_64-linux-gnu/libnss_nis-2.27.so
7ffbe0f1e000-7ffbe0f1f000 r--p 0000a000 08:00 36919                      /lib/x86_64-linux-gnu/libnss_nis-2.27.so
7ffbe0f1f000-7ffbe0f20000 rw-p 0000b000 08:00 36919                      /lib/x86_64-linux-gnu/libnss_nis-2.27.so
7ffbe0f20000-7ffbe0f28000 r-xp 00000000 08:00 36915                      /lib/x86_64-linux-gnu/libnss_compat-2.27.so
7ffbe0f28000-7ffbe1128000 ---p 00008000 08:00 36915                      /lib/x86_64-linux-gnu/libnss_compat-2.27.so
7ffbe1128000-7ffbe1129000 r--p 00008000 08:00 36915                      /lib/x86_64-linux-gnu/libnss_compat-2.27.so
7ffbe1129000-7ffbe112a000 rw-p 00009000 08:00 36915                      /lib/x86_64-linux-gnu/libnss_compat-2.27.so
7ffbe112a000-7ffbe1154000 r-xp 00000000 08:00 1051397                    /usr/lib/jvm/java-8-openjdk-amd64/jre/lib/amd64/libjava.so
7ffbe1154000-7ffbe1354000 ---p 0002a000 08:00 1051397                    /usr/lib/jvm/java-8-openjdk-amd64/jre/lib/amd64/libjava.so
7ffbe1354000-7ffbe1355000 r--p 0002a000 08:00 1051397                    /usr/lib/jvm/java-8-openjdk-amd64/jre/lib/amd64/libjava.so
7ffbe1355000-7ffbe1357000 rw-p 0002b000 08:00 1051397                    /usr/lib/jvm/java-8-openjdk-amd64/jre/lib/amd64/libjava.so
7ffbe1357000-7ffbe1367000 r-xp 00000000 08:00 1051415                    /usr/lib/jvm/java-8-openjdk-amd64/jre/lib/amd64/libverify.so
7ffbe1367000-7ffbe1566000 ---p 00010000 08:00 1051415                    /usr/lib/jvm/java-8-openjdk-amd64/jre/lib/amd64/libverify.so
7ffbe1566000-7ffbe1568000 r--p 0000f000 08:00 1051415                    /usr/lib/jvm/java-8-openjdk-amd64/jre/lib/amd64/libverify.so
7ffbe1568000-7ffbe1569000 rw-p 00011000 08:00 1051415                    /usr/lib/jvm/java-8-openjdk-amd64/jre/lib/amd64/libverify.so
7ffbe1569000-7ffbe1570000 r-xp 00000000 08:00 36924                      /lib/x86_64-linux-gnu/librt-2.27.so
7ffbe1570000-7ffbe176f000 ---p 00007000 08:00 36924                      /lib/x86_64-linux-gnu/librt-2.27.so
7ffbe176f000-7ffbe1770000 r--p 00006000 08:00 36924                      /lib/x86_64-linux-gnu/librt-2.27.so
7ffbe1770000-7ffbe1771000 rw-p 00007000 08:00 36924                      /lib/x86_64-linux-gnu/librt-2.27.so
7ffbe1771000-7ffbe1788000 r-xp 00000000 08:00 36898                      /lib/x86_64-linux-gnu/libgcc_s.so.1
7ffbe1788000-7ffbe1987000 ---p 00017000 08:00 36898                      /lib/x86_64-linux-gnu/libgcc_s.so.1
7ffbe1987000-7ffbe1988000 r--p 00016000 08:00 36898                      /lib/x86_64-linux-gnu/libgcc_s.so.1
7ffbe1988000-7ffbe1989000 rw-p 00017000 08:00 36898                      /lib/x86_64-linux-gnu/libgcc_s.so.1
7ffbe1989000-7ffbe1b26000 r-xp 00000000 08:00 36911                      /lib/x86_64-linux-gnu/libm-2.27.so
7ffbe1b26000-7ffbe1d25000 ---p 0019d000 08:00 36911                      /lib/x86_64-linux-gnu/libm-2.27.so
7ffbe1d25000-7ffbe1d26000 r--p 0019c000 08:00 36911                      /lib/x86_64-linux-gnu/libm-2.27.so
7ffbe1d26000-7ffbe1d27000 rw-p 0019d000 08:00 36911                      /lib/x86_64-linux-gnu/libm-2.27.so
7ffbe1d27000-7ffbe1ea0000 r-xp 00000000 08:00 36892                      /usr/lib/x86_64-linux-gnu/libstdc++.so.6.0.25
7ffbe1ea0000-7ffbe20a0000 ---p 00179000 08:00 36892                      /usr/lib/x86_64-linux-gnu/libstdc++.so.6.0.25
7ffbe20a0000-7ffbe20aa000 r--p 00179000 08:00 36892                      /usr/lib/x86_64-linux-gnu/libstdc++.so.6.0.25
7ffbe20aa000-7ffbe20ac000 rw-p 00183000 08:00 36892                      /usr/lib/x86_64-linux-gnu/libstdc++.so.6.0.25
7ffbe20ac000-7ffbe20b0000 rw-p 00000000 00:00 0 
7ffbe20b0000-7ffbe2e27000 r-xp 00000000 08:00 1182650                    /usr/lib/jvm/java-8-openjdk-amd64/jre/lib/amd64/server/libjvm.so
7ffbe2e27000-7ffbe3026000 ---p 00d77000 08:00 1182650                    /usr/lib/jvm/java-8-openjdk-amd64/jre/lib/amd64/server/libjvm.so
7ffbe3026000-7ffbe30bc000 r--p 00d76000 08:00 1182650                    /usr/lib/jvm/java-8-openjdk-amd64/jre/lib/amd64/server/libjvm.so
7ffbe30bc000-7ffbe30e5000 rw-p 00e0c000 08:00 1182650                    /usr/lib/jvm/java-8-openjdk-amd64/jre/lib/amd64/server/libjvm.so
7ffbe30e5000-7ffbe3118000 rw-p 00000000 00:00 0 
7ffbe3118000-7ffbe3132000 r-xp 00000000 08:00 36922                      /lib/x86_64-linux-gnu/libpthread-2.27.so
7ffbe3132000-7ffbe3331000 ---p 0001a000 08:00 36922                      /lib/x86_64-linux-gnu/libpthread-2.27.so
7ffbe3331000-7ffbe3332000 r--p 00019000 08:00 36922                      /lib/x86_64-linux-gnu/libpthread-2.27.so
7ffbe3332000-7ffbe3333000 rw-p 0001a000 08:00 36922                      /lib/x86_64-linux-gnu/libpthread-2.27.so
7ffbe3333000-7ffbe3337000 rw-p 00000000 00:00 0 
7ffbe3337000-7ffbe333a000 r-xp 00000000 08:00 36910                      /lib/x86_64-linux-gnu/libdl-2.27.so
7ffbe333a000-7ffbe3539000 ---p 00003000 08:00 36910                      /lib/x86_64-linux-gnu/libdl-2.27.so
7ffbe3539000-7ffbe353a000 r--p 00002000 08:00 36910                      /lib/x86_64-linux-gnu/libdl-2.27.so
7ffbe353a000-7ffbe353b000 rw-p 00003000 08:00 36910                      /lib/x86_64-linux-gnu/libdl-2.27.so
7ffbe353b000-7ffbe3557000 r-xp 00000000 08:00 131760                     /lib/x86_64-linux-gnu/libz.so.1.2.11
7ffbe3557000-7ffbe3756000 ---p 0001c000 08:00 131760                     /lib/x86_64-linux-gnu/libz.so.1.2.11
7ffbe3756000-7ffbe3757000 r--p 0001b000 08:00 131760                     /lib/x86_64-linux-gnu/libz.so.1.2.11
7ffbe3757000-7ffbe3758000 rw-p 0001c000 08:00 131760                     /lib/x86_64-linux-gnu/libz.so.1.2.11
7ffbe3758000-7ffbe393f000 r-xp 00000000 08:00 36906                      /lib/x86_64-linux-gnu/libc-2.27.so
7ffbe393f000-7ffbe3b3f000 ---p 001e7000 08:00 36906                      /lib/x86_64-linux-gnu/libc-2.27.so
7ffbe3b3f000-7ffbe3b43000 r--p 001e7000 08:00 36906                      /lib/x86_64-linux-gnu/libc-2.27.so
7ffbe3b43000-7ffbe3b45000 rw-p 001eb000 08:00 36906                      /lib/x86_64-linux-gnu/libc-2.27.so
7ffbe3b45000-7ffbe3b49000 rw-p 00000000 00:00 0 
7ffbe3b49000-7ffbe3b57000 r-xp 00000000 08:00 1182647                    /usr/lib/jvm/java-8-openjdk-amd64/jre/lib/amd64/jli/libjli.so
7ffbe3b57000-7ffbe3d56000 ---p 0000e000 08:00 1182647                    /usr/lib/jvm/java-8-openjdk-amd64/jre/lib/amd64/jli/libjli.so
7ffbe3d56000-7ffbe3d57000 r--p 0000d000 08:00 1182647                    /usr/lib/jvm/java-8-openjdk-amd64/jre/lib/amd64/jli/libjli.so
7ffbe3d57000-7ffbe3d58000 rw-p 0000e000 08:00 1182647                    /usr/lib/jvm/java-8-openjdk-amd64/jre/lib/amd64/jli/libjli.so
7ffbe3d58000-7ffbe3d81000 r-xp 00000000 08:00 139195                     /lib/x86_64-linux-gnu/ld-2.27.so
7ffbe3d81000-7ffbe3d82000 r--s 00004000 08:00 1054035                    /var/app/BackendMaster/libs/pop3.jar
7ffbe3d82000-7ffbe3d83000 r--s 0000a000 08:00 1182661                    /usr/lib/jvm/java-8-openjdk-amd64/jre/lib/ext/jaccess.jar
7ffbe3d83000-7ffbe3d86000 r--s 0000f000 08:00 1182660                    /usr/lib/jvm/java-8-openjdk-amd64/jre/lib/ext/icedtea-sound.jar
7ffbe3d86000-7ffbe3d8c000 r--s 0003e000 08:00 1182665                    /usr/lib/jvm/java-8-openjdk-amd64/jre/lib/ext/sunjce_provider.jar
7ffbe3d8c000-7ffbe3d90000 r--s 00041000 08:00 1182666                    /usr/lib/jvm/java-8-openjdk-amd64/jre/lib/ext/sunpkcs11.jar
7ffbe3d90000-7ffbe3d9a000 r--s 00117000 08:00 1182662                    /usr/lib/jvm/java-8-openjdk-amd64/jre/lib/ext/localedata.jar
7ffbe3d9a000-7ffbe3da1000 r--s 000d3000 08:00 1051424                    /usr/lib/jvm/java-8-openjdk-amd64/jre/lib/jfr.jar
7ffbe3da1000-7ffbe3e6c000 rw-p 00000000 00:00 0 
7ffbe3e6c000-7ffbe3e74000 rw-s 00000000 08:00 658741                     /tmp/hsperfdata_root/21041
7ffbe3e74000-7ffbe3e75000 ---p 00000000 00:00 0 
7ffbe3e75000-7ffbe3e78000 ---p 00000000 00:00 0 
7ffbe3e78000-7ffbe3f77000 rw-p 00000000 00:00 0 
7ffbe3f77000-7ffbe3f79000 r--s 00010000 08:00 1182667                    /usr/lib/jvm/java-8-openjdk-amd64/jre/lib/ext/zipfs.jar
7ffbe3f79000-7ffbe3f7b000 r--s 00008000 08:00 1182664                    /usr/lib/jvm/java-8-openjdk-amd64/jre/lib/ext/sunec.jar
7ffbe3f7b000-7ffbe3f7d000 r--s 00007000 08:00 66822                      /usr/share/java/java-atk-wrapper.jar
7ffbe3f7d000-7ffbe3f7e000 rw-p 00000000 00:00 0 
7ffbe3f7e000-7ffbe3f7f000 ---p 00000000 00:00 0 
7ffbe3f7f000-7ffbe3f81000 rw-p 00000000 00:00 0 
7ffbe3f81000-7ffbe3f82000 r--p 00029000 08:00 139195                     /lib/x86_64-linux-gnu/ld-2.27.so
7ffbe3f82000-7ffbe3f83000 rw-p 0002a000 08:00 139195                     /lib/x86_64-linux-gnu/ld-2.27.so
7ffbe3f83000-7ffbe3f84000 rw-p 00000000 00:00 0 
7fffe1e1c000-7fffe1e3d000 rw-p 00000000 00:00 0                          [stack]
7fffe1edc000-7fffe1edf000 r--p 00000000 00:00 0                          [vvar]
7fffe1edf000-7fffe1ee1000 r-xp 00000000 00:00 0                          [vdso]
ffffffffff600000-ffffffffff601000 r-xp 00000000 00:00 0                  [vsyscall]

VM Arguments:
java_command: com.vinplay.api.server.JettyServer
java_class_path (initial): libs/jackson-annotations-2.4.0.jar:libs/._servlet-api-2.5.jar:libs/._commons-dbcp-1.4.jar:libs/scala-library.jar:libs/._commons-lang3-3.0.1.jar:libs/._json-lib-2.2.3-jdk15.jar:libs/._proxool-0.9.1.jar:libs/httpcore-nio-4.0.1.jar:libs/._json-simple-1.1.1.jar:libs/._wsdl4j.jar:libs/commons-io-1.4.jar:libs/xpp3_min-1.1.4c.jar:libs/dbpool-6.0.jar:libs/httpcore-4.0.1.jar:libs/._jboss-marshalling-1.4.11.Final.jar:libs/._gson-2.9.0.jar:libs/jetty-server-9.2.10.v20150310.jar:libs/._dbpool-7.0.jar:libs/._log4j-1.2-api-2.17.2.jar:libs/logs-analysis-app.jar:libs/fb303.jar:libs/gson-2.9.0.jar:libs/._okio-1.15.0.jar:libs/._supercsv.jar:libs/._jetty-security-9.2.10.v20150310.jar:libs/slf4j-api-1.7.5.jar:libs/._mvel2-2.2.0.Final.jar:libs/._libthrift-r917130.jar:libs/axis.jar:libs/log4j-api-2.17.2.jar:libs/._httpmime-4.3.3.jar:libs/jaxrpc.jar:libs/._httpclient-4.3.3.jar:libs/._joda-time-2.2.jar:libs/._commons-codec-1.6.jar:libs/._logs-backup-app.jar:libs/npn-boot-8.1.2.v20120308.jar:libs/commons-httpclient-3.1.jar:libs/._jboss-marshalling-river-1.4.11.Final.jar:libs/commons-logging-1.2.jar:libs/._bcprov-jdk16-1.44.jar:libs/._httpcore-4.3.2.jar:libs/mongodb-driver-3.2.2.jar:libs/apache-mime4j-0.6.jar:libs/._jython.jar:libs/._imap.jar:libs/._jetty-http-9.2.10.v20150310.jar:libs/protobuf-java-2.6.1.jar:libs/._java_websocket.jar:libs/._mailapi.jar:libs/._commons-lang-2.4.jar:libs/._json-simple-1.1.jar:libs/spymemcached.jar:libs/bcprov-ext-jdk16-1.46.jar:libs/pop3.jar:libs/._commons-vfs-1.0.jar:libs/._async-http-client-2.1.2.jar:libs/._spymemcached-2.12.1-sources.jar:libs/._memcached-2.5.jar:libs/._npn-api-1.1.1.v20141010.jar:libs/._slf4j-log4j12-1.7.5.jar:libs/supercsv.jar:libs/npn-api-1.1.1.v20141010.jar:libs/org.osgi.core-6.0.0.jar:libs/._smtp.jar:libs/servlet-api-3.0-alpha-1.jar:libs/jsf-api.jar:libs/._axis.jar:libs/jetty-http-9.2.10.v20150310.jar:libs/._sigar.jar:libs/mysql-connector-java-5.1.47.jar:libs/._jetty-server-9.2.10.v20150310.jar:libs/commons-
Launcher Type: SUN_STANDARD

Environment Variables:
PATH=/usr/local/sbin:/usr/local/bin:/usr/sbin:/usr/bin:/sbin:/bin:/usr/games:/usr/local/games:/snap/bin:/root/.dotnet/tools
SHELL=/bin/bash

Signal Handlers:
SIGSEGV: [libjvm.so+0xb74830], sa_mask[0]=11111111011111111101111111111110, sa_flags=SA_RESTART|SA_SIGINFO
SIGBUS: [libjvm.so+0xb74830], sa_mask[0]=11111111011111111101111111111110, sa_flags=SA_RESTART|SA_SIGINFO
SIGFPE: [libjvm.so+0x993130], sa_mask[0]=11111111011111111101111111111110, sa_flags=SA_RESTART|SA_SIGINFO
SIGPIPE: [libjvm.so+0x993130], sa_mask[0]=11111111011111111101111111111110, sa_flags=SA_RESTART|SA_SIGINFO
SIGXFSZ: [libjvm.so+0x993130], sa_mask[0]=11111111011111111101111111111110, sa_flags=SA_RESTART|SA_SIGINFO
SIGILL: [libjvm.so+0x993130], sa_mask[0]=11111111011111111101111111111110, sa_flags=SA_RESTART|SA_SIGINFO
SIGUSR1: SIG_DFL, sa_mask[0]=00000000000000000000000000000000, sa_flags=none
SIGUSR2: [libjvm.so+0x993710], sa_mask[0]=00000000000000000000000000000000, sa_flags=SA_RESTART|SA_SIGINFO
SIGHUP: SIG_IGN, sa_mask[0]=00000000000000000000000000000000, sa_flags=none
SIGINT: SIG_IGN, sa_mask[0]=00000000000000000000000000000000, sa_flags=none
SIGTERM: [libjvm.so+0x993650], sa_mask[0]=11111111011111111101111111111110, sa_flags=SA_RESTART|SA_SIGINFO
SIGQUIT: [libjvm.so+0x993650], sa_mask[0]=11111111011111111101111111111110, sa_flags=SA_RESTART|SA_SIGINFO


---------------  S Y S T E M  ---------------

OS:DISTRIB_ID=Ubuntu
DISTRIB_RELEASE=18.04
DISTRIB_CODENAME=bionic
DISTRIB_DESCRIPTION="Ubuntu 18.04.6 LTS"

uname:Linux 4.15.0-202-generic #213-Ubuntu SMP Thu Jan 5 19:19:12 UTC 2023 x86_64
libc:glibc 2.27 NPTL 2.27 
rlimit: STACK 8192k, CORE 0k, NPROC 31645, NOFILE 1048576, AS infinity
load average:0.27 0.46 0.82

/proc/meminfo:
MemTotal:        8167424 kB
MemFree:          117624 kB
MemAvailable:      13700 kB
Buffers:             652 kB
Cached:            16380 kB
SwapCached:        10056 kB
Active:          6107812 kB
Inactive:        1592220 kB
Active(anon):    6101672 kB
Inactive(anon):  1584748 kB
Active(file):       6140 kB
Inactive(file):     7472 kB
Unevictable:           0 kB
Mlocked:               0 kB
SwapTotal:        524284 kB
SwapFree:              0 kB
Dirty:               296 kB
Writeback:             0 kB
AnonPages:       7673324 kB
Mapped:            10456 kB
Shmem:              3136 kB
Slab:             161736 kB
SReclaimable:      60372 kB
SUnreclaim:       101364 kB
KernelStack:       65840 kB
PageTables:        41824 kB
NFS_Unstable:          0 kB
Bounce:                0 kB
WritebackTmp:          0 kB
CommitLimit:     4607996 kB
Committed_AS:   16419236 kB
VmallocTotal:   34359738367 kB
VmallocUsed:           0 kB
VmallocChunk:          0 kB
HardwareCorrupted:     0 kB
AnonHugePages:         0 kB
ShmemHugePages:        0 kB
ShmemPmdMapped:        0 kB
CmaTotal:              0 kB
CmaFree:               0 kB
HugePages_Total:       0
HugePages_Free:        0
HugePages_Rsvd:        0
HugePages_Surp:        0
Hugepagesize:       2048 kB
DirectMap4k:      343912 kB
DirectMap2M:     8044544 kB
DirectMap1G:     2097152 kB

container (cgroup) information:
container_type: cgroupv1
cpu_cpuset_cpus: 0-3
cpu_memory_nodes: 0
active_processor_count: 4
cpu_quota: -1
cpu_period: 100000
cpu_shares: -1
memory_limit_in_bytes: -1
memory_and_swap_limit_in_bytes: -2
memory_soft_limit_in_bytes: -1
memory_usage_in_bytes: 6315278336
memory_max_usage_in_bytes: 6936829952


CPU:total 4 (initial active 4) (4 cores per cpu, 1 threads per core) family 23 model 49 stepping 0, cmov, cx8, fxsr, mmx, sse, sse2, sse3, ssse3, sse4.1, sse4.2, popcnt, avx, avx2, aes, clmul, mmxext, 3dnowpref, lzcnt, sse4a, tsc, bmi1

/proc/cpuinfo:
processor	: 0
vendor_id	: AuthenticAMD
cpu family	: 23
model		: 49
model name	: AMD EPYC 7542 32-Core Processor
stepping	: 0
microcode	: 0x8301038
cpu MHz		: 2899.992
cache size	: 512 KB
physical id	: 0
siblings	: 4
core id		: 0
cpu cores	: 4
apicid		: 0
initial apicid	: 0
fpu		: yes
fpu_exception	: yes
cpuid level	: 16
wp		: yes
flags		: fpu vme de pse tsc msr pae mce cx8 apic sep mtrr pge mca cmov pat pse36 clflush mmx fxsr sse sse2 ht syscall nx mmxext fxsr_opt pdpe1gb rdtscp lm rep_good nopl cpuid extd_apicid tsc_known_freq pni pclmulqdq ssse3 fma cx16 sse4_1 sse4_2 x2apic movbe popcnt tsc_deadline_timer aes xsave avx f16c rdrand hypervisor lahf_lm cmp_legacy cr8_legacy abm sse4a misalignsse 3dnowprefetch osvw perfctr_core ssbd ibrs ibpb stibp vmmcall fsgsbase tsc_adjust bmi1 avx2 smep bmi2 rdseed adx smap clflushopt clwb sha_ni xsaveopt xsavec xgetbv1 xsaves clzero xsaveerptr arat umip rdpid arch_capabilities
bugs		: sysret_ss_attrs spectre_v1 spectre_v2 spec_store_bypass
bogomips	: 5799.98
TLB size	: 1024 4K pages
clflush size	: 64
cache_alignment	: 64
address sizes	: 48 bits physical, 48 bits virtual
power management:

processor	: 1
vendor_id	: AuthenticAMD
cpu family	: 23
model		: 49
model name	: AMD EPYC 7542 32-Core Processor
stepping	: 0
microcode	: 0x8301038
cpu MHz		: 2899.992
cache size	: 512 KB
physical id	: 0
siblings	: 4
core id		: 1
cpu cores	: 4
apicid		: 1
initial apicid	: 1
fpu		: yes
fpu_exception	: yes
cpuid level	: 16
wp		: yes
flags		: fpu vme de pse tsc msr pae mce cx8 apic sep mtrr pge mca cmov pat pse36 clflush mmx fxsr sse sse2 ht syscall nx mmxext fxsr_opt pdpe1gb rdtscp lm rep_good nopl cpuid extd_apicid tsc_known_freq pni pclmulqdq ssse3 fma cx16 sse4_1 sse4_2 x2apic movbe popcnt tsc_deadline_timer aes xsave avx f16c rdrand hypervisor lahf_lm cmp_legacy cr8_legacy abm sse4a misalignsse 3dnowprefetch osvw perfctr_core ssbd ibrs ibpb stibp vmmcall fsgsbase tsc_adjust bmi1 avx2 smep bmi2 rdseed adx smap clflushopt clwb sha_ni xsaveopt xsavec xgetbv1 xsaves clzero xsaveerptr arat umip rdpid arch_capabilities
bugs		: sysret_ss_attrs spectre_v1 spectre_v2 spec_store_bypass
bogomips	: 5799.98
TLB size	: 1024 4K pages
clflush size	: 64
cache_alignment	: 64
address sizes	: 48 bits physical, 48 bits virtual
power management:

processor	: 2
vendor_id	: AuthenticAMD
cpu family	: 23
model		: 49
model name	: AMD EPYC 7542 32-Core Processor
stepping	: 0
microcode	: 0x8301038
cpu MHz		: 2899.992
cache size	: 512 KB
physical id	: 0
siblings	: 4
core id		: 2
cpu cores	: 4
apicid		: 2
initial apicid	: 2
fpu		: yes
fpu_exception	: yes
cpuid level	: 16
wp		: yes
flags		: fpu vme de pse tsc msr pae mce cx8 apic sep mtrr pge mca cmov pat pse36 clflush mmx fxsr sse sse2 ht syscall nx mmxext fxsr_opt pdpe1gb rdtscp lm rep_good nopl cpuid extd_apicid tsc_known_freq pni pclmulqdq ssse3 fma cx16 sse4_1 sse4_2 x2apic movbe popcnt tsc_deadline_timer aes xsave avx f16c rdrand hypervisor lahf_lm cmp_legacy cr8_legacy abm sse4a misalignsse 3dnowprefetch osvw perfctr_core ssbd ibrs ibpb stibp vmmcall fsgsbase tsc_adjust bmi1 avx2 smep bmi2 rdseed adx smap clflushopt clwb sha_ni xsaveopt xsavec xgetbv1 xsaves clzero xsaveerptr arat umip rdpid arch_capabilities
bugs		: sysret_ss_attrs spectre_v1 spectre_v2 spec_store_bypass
bogomips	: 5799.98
TLB size	: 1024 4K pages
clflush size	: 64
cache_alignment	: 64
address sizes	: 48 bits physical, 48 bits virtual
power management:

processor	: 3
vendor_id	: AuthenticAMD
cpu family	: 23
model		: 49
model name	: AMD EPYC 7542 32-Core Processor
stepping	: 0
microcode	: 0x8301038
cpu MHz		: 2899.992
cache size	: 512 KB
physical id	: 0
siblings	: 4
core id		: 3
cpu cores	: 4
apicid		: 3
initial apicid	: 3
fpu		: yes
fpu_exception	: yes
cpuid level	: 16
wp		: yes
flags		: fpu vme de pse tsc msr pae mce cx8 apic sep mtrr pge mca cmov pat pse36 clflush mmx fxsr sse sse2 ht syscall nx mmxext fxsr_opt pdpe1gb rdtscp lm rep_good nopl cpuid extd_apicid tsc_known_freq pni pclmulqdq ssse3 fma cx16 sse4_1 sse4_2 x2apic movbe popcnt tsc_deadline_timer aes xsave avx f16c rdrand hypervisor lahf_lm cmp_legacy cr8_legacy abm sse4a misalignsse 3dnowprefetch osvw perfctr_core ssbd ibrs ibpb stibp vmmcall fsgsbase tsc_adjust bmi1 avx2 smep bmi2 rdseed adx smap clflushopt clwb sha_ni xsaveopt xsavec xgetbv1 xsaves clzero xsaveerptr arat umip rdpid arch_capabilities
bugs		: sysret_ss_attrs spectre_v1 spectre_v2 spec_store_bypass
bogomips	: 5799.98
TLB size	: 1024 4K pages
clflush size	: 64
cache_alignment	: 64
address sizes	: 48 bits physical, 48 bits virtual
power management:



Memory: 4k page, physical 8167424k(114524k free), swap 524284k(0k free)

vm_info: OpenJDK 64-Bit Server VM (25.352-b08) for linux-amd64 JRE (1.8.0_352-8u352-ga-1~18.04-b08), built on Oct 25 2022 17:26:06 by "buildd" with gcc 7.5.0

time: Wed Feb 15 09:22:45 2023
timezone: +07
elapsed time: 142162.202178 seconds (1d 15h 29m 22s)

