2 <-> com.vinplay.api.backend.processors.SearchLogGameByNickNameProcessor
3 <-> com.vinplay.api.backend.processors.SearchLogMoneyUserProcessor
4 <-> com.vinplay.api.backend.processors.GetLogGameDetailBySessionIDProcessor
5 <-> com.vinplay.api.backend.processors.RewardThanhDuProcessor
7 <-> com.vinplay.api.backend.processors.report.ReportMoneySystemProcessor
71 <-> com.vinplay.api.backend.processors.report.ReportMoneySystemNewProcessor
72 <-> com.vinplay.api.backend.processors.report.ReportLogUserNewProcessor
73 <-> com.vinplay.api.backend.processors.report.ReportLogUserGameNewProcessor
74 <-> com.vinplay.api.backend.processors.report.ReportUseDepositFirstProcessor
75 <-> com.vinplay.api.backend.processors.report.ReportAgencyProfitProcessor
76 <-> com.vinplay.api.backend.processors.report.SynchronizeDataLogReportUserProcessor
77 <-> com.vinplay.api.backend.processors.report.SearchAgencyProfitProcessor
8 <-> com.vinplay.api.backend.processors.report.ReportMoneyUserProcessor
9 <-> com.vinplay.api.backend.processors.report.ReportTotalMoneyProcessor
10 <-> com.vinplay.api.backend.processors.money.UpdateRechargeBotProcessor
11 <-> com.vinplay.api.backend.processors.brandname.SendSMSGiftCodeProcessor
12 <-> com.vinplay.api.backend.processors.report.ReportTopGameProcessor
13 <-> com.vinplay.api.backend.processors.report.TopCaoThuProcessor
14 <-> com.vinplay.api.backend.processors.login.ResetPasswordProcessor
15 <-> com.vinplay.api.backend.processors.vip.UpdateUserVipInfoProcessor
16 <-> com.vinplay.api.backend.processors.login.ResetPasswordNoOtpProcessor
21 <-> com.vinplay.api.backend.processors.security.ChangeSecurityUserProcessor
22 <-> com.vinplay.api.backend.processors.xocdia.GetListBossXocDiaProcessor
23 <-> com.vinplay.api.backend.processors.gamebai.GetPokerFreeTicketProcessor
24 <-> com.vinplay.api.backend.processors.gamebai.ExportCodeFreeProcessor
25 <-> com.vinplay.api.backend.processors.gamebai.GetFreeCodeDetailProcessor
26 <-> com.vinplay.api.backend.processors.gamebai.GetFreeCodePackageProcessor
27 <-> com.vinplay.api.backend.processors.gamebai.GetFreeCodeStatisticProcessor
28 <-> com.vinplay.api.backend.processors.gamebai.UpdateFreeCodeProcessor
29 <-> com.vinplay.api.backend.processors.log.LogExchangeMoneyProcessor
30 <-> com.vinplay.api.backend.processors.ad.CongLuotQuaySlotFreeProcessor
31 <-> com.vinplay.api.backend.processors.agent.InsertAgencyProcessor
100 <-> com.vinplay.api.backend.processors.money.UpdateMoneyUserProcessor
102 <-> com.vinplay.api.backend.processors.GetUserByNickNameProcessor
103 <-> com.vinplay.api.backend.processors.UpdateStatusDailybyNickNameProcessor
104 <-> com.vinplay.api.backend.processors.SearchUserAdminProcessor
105 <-> com.vinplay.api.backend.processors.UpdateStatusUserProcessor
106 <-> com.vinplay.api.backend.processors.SearchAgentTranferMoneyProcessor
107 <-> com.vinplay.api.backend.processors.SearchAgentTranferProcessor
108 <-> com.vinplay.api.backend.processors.GetCCUProcessor
109 <-> com.vinplay.api.backend.processors.ListUserInfoProcessor
110 <-> com.vinplay.api.backend.processors.ListTotalDoanhSoProcessor
111 <-> com.vinplay.api.backend.processors.SendMailGiftCodeProcessor
116 <-> com.vinplay.api.backend.processors.GiftCodeMachineProcessor
117 <-> com.vinplay.api.backend.processors.UpdateGiftCodeMachineProcessor
118 <-> com.vinplay.api.backend.processors.SearchAgentTranferMoneyStatusProcessor
119 <-> com.vinplay.api.backend.processors.LogBauCuaResultProcessor
120 <-> com.vinplay.api.backend.processors.GiftCodeRestoreProcessor
121 <-> com.vinplay.api.backend.processors.LogPoKeGoProcessor
122 <-> com.vinplay.api.backend.processors.LogSlotProcessor
123 <-> com.vinplay.api.backend.processors.TopRechargeMoneyProcessor
124 <-> com.vinplay.api.backend.processors.RechargeByIAPProcessor
125 <-> com.vinplay.api.backend.processors.BlockUserProcessor
126 <-> com.vinplay.api.backend.processors.GetListNickNameProcessor
127 <-> com.vinplay.api.backend.processors.UpdateTopDsFromAgentProcessor
128 <-> com.vinplay.api.backend.processors.exportGiftCodeGameStoreProcessor
129 <-> com.vinplay.api.backend.processors.exportGiftCodeGameProcessor
130 <-> com.vinplay.api.backend.processors.LogVipPointEventProcessor
131 <-> com.vinplay.api.backend.processors.UserVipPointEventProcessor
132 <-> com.vinplay.api.backend.processors.searchAllGiftCodeGameStoreProcessor
133 <-> com.vinplay.api.backend.processors.searchAllGiftCodeGameProcessor
134 <-> com.vinplay.api.backend.processors.BlockGiftCodeProcessor
135 <-> com.vinplay.api.backend.processors.GiftCodeByNickNameProcessor
136 <-> com.vinplay.api.backend.processors.SendMailGiftCodeAutoProcessor
137 <-> com.vinplay.api.backend.processors.SearchLogTaiXiuResultProcessor
138 <-> com.vinplay.api.backend.processors.SearchAgentTranferAdminProcessor
139 <-> com.vinplay.api.backend.processors.SeachAgentTranferMoneyByNickNameProcessor
140 <-> com.vinplay.api.backend.processors.ListTotalDoanhSoLevel2Processor
142 <-> com.vinplay.api.backend.processors.GetUserIndexProcessor
143 <-> com.vinplay.api.backend.processors.FreezeMoneyTranferAgentProcessor
144 <-> com.vinplay.api.backend.processors.money.GetListFreezeMoneyTranferAgentProcessor
145 <-> com.vinplay.api.backend.processors.money.RestoreFreezeMoneyTranferAgentProcessor
155 <-> com.vinplay.api.backend.processors.SearchAgentTongTranferMoneyProcessor
156 <-> com.vinplay.api.backend.processors.bonusAgent.ShowPercentBonusVincardProcessor
158 <-> com.vinplay.api.backend.processors.doisoat.ExportDataCashoutByCardProcessor
159 <-> com.vinplay.api.backend.processors.doisoat.ExportDataCashoutByTopupProcessor
160 <-> com.vinplay.api.backend.processors.userMission.GetLogReceivedRewardProcessor
161 <-> com.vinplay.api.backend.processors.doisoat.DoiSoatRechargeByCardProcessor
162 <-> com.vinplay.api.backend.processors.SearchLogTaiXiuSieuTocProcessor
163 <-> com.vinplay.api.backend.processors.SearchDetailLogTaiXiuSieuTocProcessor
301 <-> com.vinplay.api.backend.processors.GiftCodeProcessor
302 <-> com.vinplay.api.backend.processors.GiftCodeUpdateProcessor
303 <-> com.vinplay.api.backend.processors.GiftCodeSearchAllProcessor
304 <-> com.vinplay.api.backend.processors.CountGiftCodeByPriceProcessor
305 <-> com.vinplay.api.backend.processors.GiftCodeToolReportProcessor
306 <-> com.vinplay.api.backend.processors.GiftCodeAdminProcessor
307 <-> com.vinplay.api.backend.processors.GiftCodeSearchAllAdminProcessor
308 <-> com.vinplay.api.backend.processors.CountGiftCodeByPriceAdminProcessor
309 <-> com.vinplay.api.backend.processors.GiftCodeToolReportBySourceProcessor
310 <-> com.vinplay.api.backend.processors.UploadGiftCodeProcessor
311 <-> com.vinplay.api.backend.processors.ExportGiftCodeAgentProcessor
319 <-> com.vinplay.api.backend.processors.GetNickNameByGiftCodeProcessor
401 <-> com.vinplay.api.backend.processors.SendMailProcessor
402 <-> com.vinplay.api.backend.processors.ListMailBoxProcessor
403 <-> com.vinplay.api.backend.processors.DeleteMailBoxProcessor
404 <-> com.vinplay.api.backend.processors.UpdateStatusMailProcessor
406 <-> com.vinplay.api.backend.processors.DeleteMailBoxAdminProcessor
407 <-> com.vinplay.api.backend.processors.GetTotalVinByUserProcessor
408 <-> com.vinplay.api.backend.processors.LuckyVipHistoryProcessor
409 <-> com.vinplay.api.backend.processors.LuckyNewHistoryProcessor
501 <-> com.vinplay.api.backend.processors.LogBauCuaTransactionProcessor
502 <-> com.vinplay.api.backend.processors.LogBauCuaTransactionDetailProcesssor
503 <-> com.vinplay.api.backend.processors.ListCaoThapProcessor
504 <-> com.vinplay.api.backend.processors.ListMiniPokerProcessor
505 <-> com.vinplay.api.backend.processors.LogTaiXiuTransactionProcessor
506 <-> com.vinplay.api.backend.processors.ListTaiXiuTransactionDetailProcessor
507 <-> com.vinplay.api.backend.processors.ListTaiXiuTransactionDetailNowProcessor
509 <-> com.vinplay.api.backend.processors.UserNewMobileProcessor
510 <-> com.vinplay.api.backend.processors.LogUpdateCardPendingProcessor
516 <-> com.vinplay.api.backend.processors.logSlotGame.logSlotProcessor.LogSlotProcessor
601 <-> com.vinplay.api.backend.processors.GetGameConfigProcessor
602 <-> com.vinplay.api.backend.processors.CreateGameConfigProcessor
603 <-> com.vinplay.api.backend.processors.UpdateGameConfigProcessor
604 <-> com.vinplay.api.backend.processors.DeleteGiftCodeProcessor
605 <-> com.vinplay.api.backend.processors.ListDoanhSoTotalLevel2Processor
606 <-> com.vinplay.api.backend.processors.report.ReportMoneyUserByNickNameProcessor
607 <-> com.vinplay.api.backend.processors.SendMailCardMobileProcessor
608 <-> com.vinplay.api.backend.processors.GetUserInfoByPhoneProcessor
701 <-> com.vinplay.api.backend.processors.login.LoginAdminProcessor
703 <-> com.vinplay.api.backend.processors.cache.RemoveCacheProcessor
704 <-> com.vinplay.api.backend.processors.cache.UpdateVippointProcessor
707 <-> com.vinplay.api.backend.processors.money.UpdateMoneyCacheToDBProcessor
712 <-> com.vinplay.api.backend.processors.money.LogRefundFeeAgentProcessor
713 <-> com.vinplay.api.backend.processors.money.GetListFreezeMoneyProcessor
714 <-> com.vinplay.api.backend.processors.money.RestoreFreezeMoneyProcessor
715 <-> com.vinplay.api.backend.processors.cache.UpdateCacheFreezeProcessor
716 <-> com.vinplay.api.backend.processors.login.CheckNicknameProcessor
717 <-> com.vinplay.api.backend.processors.otp.GetOtpAppProcessor
718 <-> com.vinplay.api.backend.processors.brandname.SendSMSProcessor
722 <-> com.vinplay.api.backend.processors.log.LogSmsOtpProcessor
723 <-> com.vinplay.api.backend.processors.schedules.StatisticUserMakertingProcessor
724 <-> com.vinplay.api.backend.processors.money.BonusAgentTopDoanhSoProcessor
725 <-> com.vinplay.api.backend.processors.money.LogBonusTopDSAgentProcessor
726 <-> com.vinplay.api.backend.processors.vippoint.UpdateVippointEventProcessor
729 <-> com.vinplay.api.backend.processors.jackpotAndFund.jackpot.GetListJackpotUserProcessor
730 <-> com.vinplay.api.backend.processors.jackpotAndFund.jackpot.SetJackpotProcessor
731 <-> com.vinplay.api.backend.processors.jackpotAndFund.resultGame.SetResultGameProcessor
732 <-> com.vinplay.api.backend.processors.jackpotAndFund.resultGame.GetSetDataResultProcessor
733 <-> com.vinplay.api.backend.processors.jackpotAndFund.resultGame.DeleteSetDataResultProcessor
1992 <-> com.vinplay.api.backend.processors.CheckCacheProcessor
1993 <-> com.vinplay.api.backend.processors.chat.AdminChatProcessor
1994 <-> com.vinplay.api.backend.processors.ad.BotProcessor
1995 <-> com.vinplay.api.backend.processors.ad.BotCaoThapProcessor
8797 <-> com.vinplay.api.backend.processors.money.UpdateMoneyUserBanCaProcessor
8798 <-> com.vinplay.api.backend.processors.taixiu.ForceResultTaiXiu
8799 <-> com.vinplay.api.backend.processors.slot.SetSlotJackpot
8800 <-> com.vinplay.api.backend.processors.slot.ResetSlotPot
8801 <-> com.vinplay.api.backend.processors.payment.InsertOrUpdateBankProcessor
8802 <-> com.vinplay.api.backend.processors.payment.BankSearchProcessor
8803 <-> com.vinplay.api.backend.processors.payment.DeleteBankProcessor
8809 <-> com.vinplay.api.backend.processors.payment.DepositProcessor
8810 <-> com.vinplay.api.backend.processors.payment.SearchDepositProcessor
8811 <-> com.vinplay.api.backend.processors.payment.SearchWithdrawProcessor
8812 <-> com.vinplay.api.backend.processors.payment.GetListProviderSupportWithdrawProcessor
8813 <-> com.vinplay.api.backend.processors.payment.WithdrawalProcessor
8814 <-> com.vinplay.api.backend.processors.payment.RejectWithdrawProcessor
8815 <-> com.vinplay.api.backend.processors.payment.GetListBankProcessor
8816 <-> com.vinplay.api.backend.processors.game3rd.IbcGameReportProcessor
8817 <-> com.vinplay.api.backend.processors.game3rd.AgGameReportProcessor
8818 <-> com.vinplay.api.backend.processors.game3rd.WmGameReportProcessor
8819 <-> com.vinplay.api.backend.processors.payment.InsertOrUpdateBankAPI
8820 <-> com.vinplay.api.backend.processors.payment.BankSearchAPI
8821 <-> com.vinplay.api.backend.processors.payment.DeleteBankAPI
8822 <-> com.vinplay.api.backend.processors.report.ReportTransactionDetailProcessor
8823 <-> com.vinplay.api.backend.processors.log.LogMoneyUserNapVinProcessor
8824 <-> com.vinplay.api.backend.processors.log.LogMoneyUserTieuVinProcessor
8825 <-> com.vinplay.api.backend.processors.log.LogMoneyUserVinProcessor
8826 <-> com.vinplay.api.backend.processors.agent.ListAgentProcessor
8827 <-> com.vinplay.api.backend.processors.agent.ListUserOfAgentProcessor
8828 <-> com.vinplay.api.backend.processors.agent.DetailUserOfAgentProcessor
8834 <-> com.vinplay.api.backend.processors.payment.UserBonusSearchAPI
8835 <-> com.vinplay.api.backend.processors.hoantra.TongCuocProcessor
8840 <-> com.vinplay.api.backend.processors.agent.CountUserInAgentProcessor
8841 <-> com.vinplay.api.backend.processors.DetailUserProcessor
8900 <-> com.vinplay.api.backend.processors.hoantra.CalculateDataHoanTraProcessor
8902 <-> com.vinplay.api.backend.processors.hoantra.GetDataHoanTraProcessor
8903 <-> com.vinplay.api.backend.processors.hoantra.GetDataHoanTraHistoriesProcessor
8904 <-> com.vinplay.api.backend.processors.jackpotAndFund.UserWinConfig.GetSetDataUserWinProcessor
8850 <-> com.vinplay.api.backend.processors.agent.SearchLogUserDetailProccessor
9000 <-> com.vinplay.api.backend.processors.giftcode.CreateGiftCodeProcessor
9001 <-> com.vinplay.api.backend.processors.giftcode.ShowGiftCodeProcessor
9002 <-> com.vinplay.api.backend.processors.giftcode.ShowGiftCodeUsedProcessor
9100 <-> com.vinplay.api.backend.processors.DetailUserProcessor
9101 <-> com.vinplay.api.backend.processors.user.ChangePasswordUserProcessor
9102 <-> com.vinplay.api.backend.processors.user.CountListUserRechargeInDay
9200 <-> com.vinplay.api.backend.processors.payment.SearchWithdrawRequestProcessor
9201 <-> com.vinplay.api.backend.processors.payment.SearchDepositRequestProcessor
9300 <-> com.vinplay.api.backend.processors.game3rd.IbcGameReportProcessor
9301 <-> com.vinplay.api.backend.processors.game3rd.AgGameReportProcessor
9302 <-> com.vinplay.api.backend.processors.game3rd.WmGameReportProcessor
9304 <-> com.vinplay.api.backend.processors.game3rd.CmdGameReportProcessor
9310 <-> com.vinplay.api.backend.processors.game3rd.ShowDetailIBCGameProcessor
9311 <-> com.vinplay.api.backend.processors.game3rd.ShowDetailAGGameProcessor
9312 <-> com.vinplay.api.backend.processors.game3rd.ShowDetailWMGameProcessor
9313 <-> com.vinplay.api.backend.processors.game3rd.ShowDetailCMDGameProcessor
9400 <-> com.vinplay.api.backend.processors.banner.AddNewBannerProcessor
9401 <-> com.vinplay.api.backend.processors.banner.UpdateBannerProcessor
9402 <-> com.vinplay.api.backend.processors.banner.DeleteBannerProcessor
9403 <-> com.vinplay.api.backend.processors.banner.ShowListBannerProcessor
9404 <-> com.vinplay.api.backend.processors.banner.BannerDetailProcessor
9410 <-> com.vinplay.api.backend.processors.event.AddNewEventProcessor
9411 <-> com.vinplay.api.backend.processors.event.UpdateEventProcessor
9412 <-> com.vinplay.api.backend.processors.event.DeleteEventProcessor
9413 <-> com.vinplay.api.backend.processors.event.ShowListEventProcessor
9414 <-> com.vinplay.api.backend.processors.event.EventDetailProcessor
9420 <-> com.vinplay.api.backend.processors.agent.ListUserAgentProcessor
9421 <-> com.vinplay.api.backend.processors.agent.DeleteUserAgentProcessor
9422 <-> com.vinplay.api.backend.processors.agent.AddNewUserAgentProcessor
9423 <-> com.vinplay.api.backend.processors.agent.UpdateUserAgentProcessor
9424 <-> com.vinplay.api.backend.processors.agent.DetailUserAgentProcessor
9425 <-> com.vinplay.api.backend.processors.agent.ListUserOfUserAgentProcessor
9426 <-> com.vinplay.api.backend.processors.agent.ChangePasswordUserAgentProcessor
9428 <-> com.vinplay.api.backend.processors.agent.LoginAgentProcessor
9429 <-> com.vinplay.api.backend.processors.agent.ExportUsersProcessor
9430 <-> com.vinplay.api.backend.processors.agent.UpdateAgencyCode4UserplayProcessor
9431 <-> com.vinplay.api.backend.processors.agent.ReportGeneral4AgencyProcessor
9432 <-> com.vinplay.api.backend.processors.payment.UpdateWithdrawalStatusProcessor
9433 <-> com.vinplay.api.backend.processors.report.LogCountUserApi
9434 <-> com.vinplay.api.backend.processors.game3rd.FishLogSearchProcessor
9435 <-> com.vinplay.api.backend.processors.game3rd.SboGameReportProcessor
9436 <-> com.vinplay.api.backend.processors.game3rd.FishCheckBalanceProcessor
9437 <-> com.vinplay.api.backend.processors.user.SumPlayGame
9438 <-> com.vinplay.api.backend.processors.game3rd.EbetLogSearchProcessor
9439 <-> com.vinplay.api.backend.processors.attendance.AttendanceLogSearchProcessor
9440 <-> com.vinplay.api.backend.processors.agent.AddNewUserAgentChildProcessor
9441 <-> com.vinplay.api.backend.processors.agent.GetChilds4AgentProcessor
9441 <-> com.vinplay.api.backend.processors.agent.GetChilds4AgentProcessor
9442 <-> com.vinplay.api.backend.processors.agent.CreateAgentBankProcessor
9443 <-> com.vinplay.api.backend.processors.agent.UpdateAgentBankProcessor
9444 <-> com.vinplay.api.backend.processors.agent.DeleteAgentBankProcessor
9445 <-> com.vinplay.api.backend.processors.agent.GetDetailAgentBankProcessor
9446 <-> com.vinplay.api.backend.processors.agent.SearchAgentBankProccessor
9447 <-> com.vinplay.api.backend.processors.agent.BankSearchAPI
9448 <-> com.vinplay.api.backend.processors.agent.CreateAgentTransactionProccessor
9449 <-> com.vinplay.api.backend.processors.agent.RejectAgentTransactionProccessor
9450 <-> com.vinplay.api.backend.processors.agent.SearchAgentTransactionProccessor
9451 <-> com.vinplay.api.backend.processors.agent.ApproveAgentTransactionByBOProccessor
9452 <-> com.vinplay.api.backend.processors.agent.RejectAgentTransactionByBOProccessor
9453 <-> com.vinplay.api.backend.processors.agent.SearchAgentTransactionByBOProccessor
9454 <-> com.vinplay.api.backend.processors.agent.Deposit4AgentAdminProccessor
9455 <-> com.vinplay.api.backend.processors.agent.SearchDeposit4AgentAdminProccessor
9456 <-> com.vinplay.api.backend.processors.agent.SearchDeposit4BOProccessor
9457 <-> com.vinplay.api.backend.processors.agent.Withdraw4AgentAdminProccessor
9458 <-> com.vinplay.api.backend.processors.agent.SearchWithdraw4AgentAdminProccessor
9459 <-> com.vinplay.api.backend.processors.agent.SearchWithdraw4BOProccessor
9460 <-> com.vinplay.api.backend.processors.agent.GetUserInfo4AgentAdminProcessor
9461 <-> com.vinplay.api.backend.processors.agent.UpdateInfoAgentProcessor
9462 <-> com.vinplay.api.backend.processors.agent.TopupUser4AgentAdminProccessor
9463 <-> com.vinplay.api.backend.processors.DestroyHazelcastProcessor
log4j:WARN No appenders could be found for logger (wspay).
log4j:WARN Please initialize the log4j system properly.
java.lang.NullPointerException
	at com.vinplay.vbee.common.pools.ConnectionPool.getConnection(ConnectionPool.java:75)
	at com.vinplay.dal.dao.impl.AgentDAOImpl.listAgent(AgentDAOImpl.java:232)
	at com.vinplay.dal.service.impl.AgentServiceImpl.listAgent(AgentServiceImpl.java:27)
	at com.vinplay.api.backend.processors.report.ReportMoneySystemNewProcessor.getListAgent(ReportMoneySystemNewProcessor.java:447)
	at com.vinplay.api.backend.processors.report.ReportMoneySystemNewProcessor.<init>(ReportMoneySystemNewProcessor.java:28)
	at sun.reflect.NativeConstructorAccessorImpl.newInstance0(Native Method)
	at sun.reflect.NativeConstructorAccessorImpl.newInstance(NativeConstructorAccessorImpl.java:62)
	at sun.reflect.DelegatingConstructorAccessorImpl.newInstance(DelegatingConstructorAccessorImpl.java:45)
	at java.lang.reflect.Constructor.newInstance(Constructor.java:423)
	at com.vinplay.vbee.common.cp.BaseController.initCommands(BaseController.java:21)
	at com.vinplay.api.backend.server.VinPlayBackendMain.loadCommands(VinPlayBackendMain.java:204)
	at com.vinplay.api.backend.server.VinPlayBackendMain.main(VinPlayBackendMain.java:99)
java.nio.file.NoSuchFileException: /var/app/config/hazelcast.properties
	at sun.nio.fs.UnixException.translateToIOException(UnixException.java:86)
	at sun.nio.fs.UnixException.rethrowAsIOException(UnixException.java:102)
	at sun.nio.fs.UnixException.rethrowAsIOException(UnixException.java:107)
	at sun.nio.fs.UnixFileSystemProvider.newByteChannel(UnixFileSystemProvider.java:214)
	at java.nio.file.Files.newByteChannel(Files.java:361)
	at java.nio.file.Files.newByteChannel(Files.java:407)
	at java.nio.file.spi.FileSystemProvider.newInputStream(FileSystemProvider.java:384)
	at java.nio.file.Files.newInputStream(Files.java:152)
	at java.nio.file.Files.newBufferedReader(Files.java:2784)
	at java.nio.file.Files.newBufferedReader(Files.java:2816)
	at com.vinplay.vbee.common.hazelcast.HazelcastLoader.start(HazelcastLoader.java:17)
	at com.vinplay.api.backend.server.VinPlayBackendMain.main(VinPlayBackendMain.java:100)
