#
# There is insufficient memory for the Java Runtime Environment to continue.
# Native memory allocation (mmap) failed to map 134217728 bytes for committing reserved memory.
# Possible reasons:
#   The system is out of physical RAM or swap space
#   The process is running with CompressedOops enabled, and the Java Heap may be blocking the growth of the native heap
# Possible solutions:
#   Reduce memory load on the system
#   Increase physical memory or swap space
#   Check if swap backing store is full
#   Decrease Java heap size (-Xmx/-Xms)
#   Decrease number of Java threads
#   Decrease Java thread stack sizes (-Xss)
#   Set larger code cache with -XX:ReservedCodeCacheSize=
#   JVM is running with Unscaled Compressed Oops mode in which the Java heap is
#     placed in the first 4GB address space. The Java Heap base address is the
#     maximum limit for the native heap growth. Please use -XX:HeapBaseMinAddress
#     to set the Java Heap base and to place the Java Heap above 4GB virtual address.
# This output file may be truncated or incomplete.
#
#  Out of Memory Error (os_linux.cpp:2798), pid=13217, tid=0x00007f6a84122700
#
# JRE version: OpenJDK Runtime Environment (8.0_312-b07) (build 1.8.0_312-8u312-b07-0ubuntu1~18.04-b07)
# Java VM: OpenJDK 64-Bit Server VM (25.312-b07 mixed mode linux-amd64 compressed oops)
# Failed to write core dump. Core dumps have been disabled. To enable core dumping, try "ulimit -c unlimited" before starting Java again
#

---------------  T H R E A D  ---------------

Current thread (0x00007f6a80141000):  VMThread [stack: 0x00007f6a84023000,0x00007f6a84123000] [id=13223]

Stack: [0x00007f6a84023000,0x00007f6a84123000],  sp=0x00007f6a84121320,  free space=1016k
Native frames: (J=compiled Java code, j=interpreted, Vv=VM code, C=native code)
V  [libjvm.so+0xb6dd22]
V  [libjvm.so+0x4f22a7]
V  [libjvm.so+0x993a70]
V  [libjvm.so+0x98af1e]
V  [libjvm.so+0xa125b6]
V  [libjvm.so+0xa13928]
V  [libjvm.so+0xa0fc56]
V  [libjvm.so+0xa0ffec]
V  [libjvm.so+0x9be0f8]
V  [libjvm.so+0xb70762]
V  [libjvm.so+0xb76516]
V  [libjvm.so+0xb74259]
V  [libjvm.so+0xb7476b]
V  [libjvm.so+0xb74ba8]
V  [libjvm.so+0x990e62]

VM_Operation (0x00007f6a8a52ded0): ParallelGCFailedAllocation, mode: safepoint, requested by thread 0x00007f6a8000b800


---------------  P R O C E S S  ---------------

Java Threads: ( => current thread )
  0x00007f6a80708800 JavaThread "background-preinit" [_thread_blocked, id=13232, stack(0x00007f6a680af000,0x00007f6a681b0000)]
  0x00007f6a80194800 JavaThread "Service Thread" daemon [_thread_blocked, id=13230, stack(0x00007f6a705ba000,0x00007f6a706bb000)]
  0x00007f6a80189800 JavaThread "C1 CompilerThread2" daemon [_thread_blocked, id=13229, stack(0x00007f6a706bc000,0x00007f6a707bc000)]
  0x00007f6a80188000 JavaThread "C2 CompilerThread1" daemon [_thread_blocked, id=13228, stack(0x00007f6a707bd000,0x00007f6a708bd000)]
  0x00007f6a80185000 JavaThread "C2 CompilerThread0" daemon [_thread_blocked, id=13227, stack(0x00007f6a708be000,0x00007f6a709be000)]
  0x00007f6a80182000 JavaThread "Signal Dispatcher" daemon [_thread_blocked, id=13226, stack(0x00007f6a709be000,0x00007f6a70abf000)]
  0x00007f6a8014f000 JavaThread "Finalizer" daemon [_thread_blocked, id=13225, stack(0x00007f6a70dfe000,0x00007f6a70eff000)]
  0x00007f6a8014a800 JavaThread "Reference Handler" daemon [_thread_blocked, id=13224, stack(0x00007f6a70eff000,0x00007f6a71000000)]
  0x00007f6a8000b800 JavaThread "main" [_thread_blocked, id=13218, stack(0x00007f6a8a432000,0x00007f6a8a532000)]

Other Threads:
=>0x00007f6a80141000 VMThread [stack: 0x00007f6a84023000,0x00007f6a84123000] [id=13223]
  0x00007f6a80197000 WatcherThread [stack: 0x00007f6a704ba000,0x00007f6a705ba000] [id=13231]

VM state:at safepoint (normal execution)

VM Mutex/Monitor currently owned by a thread:  ([mutex/lock_event])
[0x00007f6a80007ce0] Threads_lock - owner thread: 0x00007f6a80141000
[0x00007f6a800081e0] Heap_lock - owner thread: 0x00007f6a8000b800

heap address: 0x0000000083600000, size: 1994 MB, Compressed Oops mode: 32-bit
Narrow klass base: 0x0000000000000000, Narrow klass shift: 3
Compressed class space size: 1073741824 Address: 0x0000000100000000

Heap:
 PSYoungGen      total 136192K, used 2432K [0x00000000d6780000, 0x00000000df180000, 0x0000000100000000)
  eden space 131072K, 0% used [0x00000000d6780000,0x00000000d6780000,0x00000000de780000)
  from space 5120K, 47% used [0x00000000de780000,0x00000000de9e0000,0x00000000dec80000)
  to   space 5120K, 0% used [0x00000000dec80000,0x00000000dec80000,0x00000000df180000)
 ParOldGen       total 86016K, used 2406K [0x0000000083600000, 0x0000000088a00000, 0x00000000d6780000)
  object space 86016K, 2% used [0x0000000083600000,0x0000000083859800,0x0000000088a00000)
 Metaspace       used 10886K, capacity 11202K, committed 11392K, reserved 1058816K
  class space    used 1220K, capacity 1327K, committed 1408K, reserved 1048576K

Card table byte_map: [0x00007f6a864fc000,0x00007f6a868e2000] byte_map_base: 0x00007f6a860e1000

Marking Bits: (ParMarkBitMap*) 0x00007f6a896b9720
 Begin Bits: [0x00007f6a681b0000, 0x00007f6a6a0d8000)
 End Bits:   [0x00007f6a6a0d8000, 0x00007f6a6c000000)

Polling page: 0x00007f6a8a53c000

CodeCache: size=245760Kb used=3953Kb max_used=3963Kb free=241807Kb
 bounds [0x00007f6a71000000, 0x00007f6a713f0000, 0x00007f6a80000000]
 total_blobs=1520 nmethods=1177 adapters=256
 compilation: enabled

Compilation events (10 events):
Event: 1.221 Thread 0x00007f6a80189800 1209   !   2       org.springframework.boot.loader.LaunchedURLClassLoader::lambda$definePackage$0 (163 bytes)
Event: 1.222 Thread 0x00007f6a80189800 nmethod 1209 0x00007f6a713cde10 code [0x00007f6a713ce080, 0x00007f6a713ce8d8]
Event: 1.223 Thread 0x00007f6a80185000 nmethod 1207 0x00007f6a713d1050 code [0x00007f6a713d11a0, 0x00007f6a713d1318]
Event: 1.223 Thread 0x00007f6a80185000  976       4       java.nio.DirectLongBufferU::get (16 bytes)
Event: 1.224 Thread 0x00007f6a80185000 nmethod 976 0x00007f6a713d0d90 code [0x00007f6a713d0ee0, 0x00007f6a713d0f98]
Event: 1.224 Thread 0x00007f6a80185000 1017       4       java.lang.Character::toLowerCase (6 bytes)
Event: 1.224 Thread 0x00007f6a80185000 nmethod 1017 0x00007f6a713d0a10 code [0x00007f6a713d0b60, 0x00007f6a713d0c38]
Event: 1.224 Thread 0x00007f6a80185000 1083       4       java.lang.StringBuilder::append (8 bytes)
Event: 1.229 Thread 0x00007f6a80185000 nmethod 1083 0x00007f6a713cf850 code [0x00007f6a713cf9c0, 0x00007f6a713cfdf8]
Event: 1.229 Thread 0x00007f6a80185000 1210   !   4       java.net.URL::<init> (543 bytes)

GC Heap History (10 events):
Event: 0.605 GC heap after
Heap after GC invocations=2 (full 0):
 PSYoungGen      total 37888K, used 3699K [0x00000000d6780000, 0x00000000db180000, 0x0000000100000000)
  eden space 32768K, 0% used [0x00000000d6780000,0x00000000d6780000,0x00000000d8780000)
  from space 5120K, 72% used [0x00000000d8c80000,0x00000000d901cc48,0x00000000d9180000)
  to   space 5120K, 0% used [0x00000000d8780000,0x00000000d8780000,0x00000000d8c80000)
 ParOldGen       total 86016K, used 16K [0x0000000083600000, 0x0000000088a00000, 0x00000000d6780000)
  object space 86016K, 0% used [0x0000000083600000,0x0000000083604000,0x0000000088a00000)
 Metaspace       used 6970K, capacity 7226K, committed 7552K, reserved 1056768K
  class space    used 725K, capacity 815K, committed 896K, reserved 1048576K
}
Event: 0.734 GC heap before
{Heap before GC invocations=3 (full 0):
 PSYoungGen      total 37888K, used 36467K [0x00000000d6780000, 0x00000000db180000, 0x0000000100000000)
  eden space 32768K, 100% used [0x00000000d6780000,0x00000000d8780000,0x00000000d8780000)
  from space 5120K, 72% used [0x00000000d8c80000,0x00000000d901cc48,0x00000000d9180000)
  to   space 5120K, 0% used [0x00000000d8780000,0x00000000d8780000,0x00000000d8c80000)
 ParOldGen       total 86016K, used 16K [0x0000000083600000, 0x0000000088a00000, 0x00000000d6780000)
  object space 86016K, 0% used [0x0000000083600000,0x0000000083604000,0x0000000088a00000)
 Metaspace       used 7883K, capacity 8150K, committed 8448K, reserved 1056768K
  class space    used 843K, capacity 953K, committed 1024K, reserved 1048576K
Event: 0.740 GC heap after
Heap after GC invocations=3 (full 0):
 PSYoungGen      total 37888K, used 3875K [0x00000000d6780000, 0x00000000db180000, 0x0000000100000000)
  eden space 32768K, 0% used [0x00000000d6780000,0x00000000d6780000,0x00000000d8780000)
  from space 5120K, 75% used [0x00000000d8780000,0x00000000d8b48c38,0x00000000d8c80000)
  to   space 5120K, 0% used [0x00000000dac80000,0x00000000dac80000,0x00000000db180000)
 ParOldGen       total 86016K, used 24K [0x0000000083600000, 0x0000000088a00000, 0x00000000d6780000)
  object space 86016K, 0% used [0x0000000083600000,0x0000000083606000,0x0000000088a00000)
 Metaspace       used 7883K, capacity 8150K, committed 8448K, reserved 1056768K
  class space    used 843K, capacity 953K, committed 1024K, reserved 1048576K
}
Event: 0.856 GC heap before
{Heap before GC invocations=4 (full 0):
 PSYoungGen      total 37888K, used 36643K [0x00000000d6780000, 0x00000000db180000, 0x0000000100000000)
  eden space 32768K, 100% used [0x00000000d6780000,0x00000000d8780000,0x00000000d8780000)
  from space 5120K, 75% used [0x00000000d8780000,0x00000000d8b48c38,0x00000000d8c80000)
  to   space 5120K, 0% used [0x00000000dac80000,0x00000000dac80000,0x00000000db180000)
 ParOldGen       total 86016K, used 24K [0x0000000083600000, 0x0000000088a00000, 0x00000000d6780000)
  object space 86016K, 0% used [0x0000000083600000,0x0000000083606000,0x0000000088a00000)
 Metaspace       used 8787K, capacity 9010K, committed 9344K, reserved 1056768K
  class space    used 968K, capacity 1065K, committed 1152K, reserved 1048576K
Event: 0.862 GC heap after
Heap after GC invocations=4 (full 0):
 PSYoungGen      total 70656K, used 4078K [0x00000000d6780000, 0x00000000db180000, 0x0000000100000000)
  eden space 65536K, 0% used [0x00000000d6780000,0x00000000d6780000,0x00000000da780000)
  from space 5120K, 79% used [0x00000000dac80000,0x00000000db07bba0,0x00000000db180000)
  to   space 5120K, 0% used [0x00000000da780000,0x00000000da780000,0x00000000dac80000)
 ParOldGen       total 86016K, used 32K [0x0000000083600000, 0x0000000088a00000, 0x00000000d6780000)
  object space 86016K, 0% used [0x0000000083600000,0x0000000083608000,0x0000000088a00000)
 Metaspace       used 8787K, capacity 9010K, committed 9344K, reserved 1056768K
  class space    used 968K, capacity 1065K, committed 1152K, reserved 1048576K
}
Event: 0.980 GC heap before
{Heap before GC invocations=5 (full 0):
 PSYoungGen      total 70656K, used 69552K [0x00000000d6780000, 0x00000000db180000, 0x0000000100000000)
  eden space 65536K, 99% used [0x00000000d6780000,0x00000000da770740,0x00000000da780000)
  from space 5120K, 79% used [0x00000000dac80000,0x00000000db07bba0,0x00000000db180000)
  to   space 5120K, 0% used [0x00000000da780000,0x00000000da780000,0x00000000dac80000)
 ParOldGen       total 86016K, used 32K [0x0000000083600000, 0x0000000088a00000, 0x00000000d6780000)
  object space 86016K, 0% used [0x0000000083600000,0x0000000083608000,0x0000000088a00000)
 Metaspace       used 9555K, capacity 9818K, committed 9984K, reserved 1058816K
  class space    used 1073K, capacity 1163K, committed 1280K, reserved 1048576K
Event: 1.013 GC heap after
Heap after GC invocations=5 (full 0):
 PSYoungGen      total 70656K, used 4833K [0x00000000d6780000, 0x00000000df180000, 0x0000000100000000)
  eden space 65536K, 0% used [0x00000000d6780000,0x00000000d6780000,0x00000000da780000)
  from space 5120K, 94% used [0x00000000da780000,0x00000000dac387e8,0x00000000dac80000)
  to   space 5120K, 0% used [0x00000000dec80000,0x00000000dec80000,0x00000000df180000)
 ParOldGen       total 86016K, used 40K [0x0000000083600000, 0x0000000088a00000, 0x00000000d6780000)
  object space 86016K, 0% used [0x0000000083600000,0x000000008360a000,0x0000000088a00000)
 Metaspace       used 9555K, capacity 9818K, committed 9984K, reserved 1058816K
  class space    used 1073K, capacity 1163K, committed 1280K, reserved 1048576K
}
Event: 1.089 GC heap before
{Heap before GC invocations=6 (full 0):
 PSYoungGen      total 70656K, used 70369K [0x00000000d6780000, 0x00000000df180000, 0x0000000100000000)
  eden space 65536K, 100% used [0x00000000d6780000,0x00000000da780000,0x00000000da780000)
  from space 5120K, 94% used [0x00000000da780000,0x00000000dac387e8,0x00000000dac80000)
  to   space 5120K, 0% used [0x00000000dec80000,0x00000000dec80000,0x00000000df180000)
 ParOldGen       total 86016K, used 40K [0x0000000083600000, 0x0000000088a00000, 0x00000000d6780000)
  object space 86016K, 0% used [0x0000000083600000,0x000000008360a000,0x0000000088a00000)
 Metaspace       used 9947K, capacity 10210K, committed 10496K, reserved 1058816K
  class space    used 1121K, capacity 1231K, committed 1280K, reserved 1048576K
Event: 1.093 GC heap after
Heap after GC invocations=6 (full 0):
 PSYoungGen      total 136192K, used 3895K [0x00000000d6780000, 0x00000000df180000, 0x0000000100000000)
  eden space 131072K, 0% used [0x00000000d6780000,0x00000000d6780000,0x00000000de780000)
  from space 5120K, 76% used [0x00000000dec80000,0x00000000df04df30,0x00000000df180000)
  to   space 5120K, 0% used [0x00000000de780000,0x00000000de780000,0x00000000dec80000)
 ParOldGen       total 86016K, used 48K [0x0000000083600000, 0x0000000088a00000, 0x00000000d6780000)
  object space 86016K, 0% used [0x0000000083600000,0x000000008360c000,0x0000000088a00000)
 Metaspace       used 9947K, capacity 10210K, committed 10496K, reserved 1058816K
  class space    used 1121K, capacity 1231K, committed 1280K, reserved 1048576K
}
Event: 1.269 GC heap before
{Heap before GC invocations=7 (full 0):
 PSYoungGen      total 136192K, used 134967K [0x00000000d6780000, 0x00000000df180000, 0x0000000100000000)
  eden space 131072K, 100% used [0x00000000d6780000,0x00000000de780000,0x00000000de780000)
  from space 5120K, 76% used [0x00000000dec80000,0x00000000df04df30,0x00000000df180000)
  to   space 5120K, 0% used [0x00000000de780000,0x00000000de780000,0x00000000dec80000)
 ParOldGen       total 86016K, used 48K [0x0000000083600000, 0x0000000088a00000, 0x00000000d6780000)
  object space 86016K, 0% used [0x0000000083600000,0x000000008360c000,0x0000000088a00000)
 Metaspace       used 10886K, capacity 11202K, committed 11392K, reserved 1058816K
  class space    used 1220K, capacity 1327K, committed 1408K, reserved 1048576K

Deoptimization events (10 events):
Event: 0.449 Thread 0x00007f6a8000b800 Uncommon trap: reason=predicate action=maybe_recompile pc=0x00007f6a71274954 method=sun.net.www.ParseUtil.encodePath(Ljava/lang/String;Z)Ljava/lang/String; @ 36
Event: 0.644 Thread 0x00007f6a8000b800 Uncommon trap: reason=unstable_if action=reinterpret pc=0x00007f6a71276c3c method=java.lang.String.replace(CC)Ljava/lang/String; @ 26
Event: 0.645 Thread 0x00007f6a8000b800 Uncommon trap: reason=unstable_if action=reinterpret pc=0x00007f6a712bc194 method=java.net.URL.<init>(Ljava/net/URL;Ljava/lang/String;Ljava/net/URLStreamHandler;)V @ 156
Event: 0.844 Thread 0x00007f6a8000b800 Uncommon trap: reason=unstable_if action=reinterpret pc=0x00007f6a712c25b8 method=java.util.BitSet.get(I)Z @ 60
Event: 0.885 Thread 0x00007f6a8000b800 Uncommon trap: reason=unstable_if action=reinterpret pc=0x00007f6a7121d04c method=java.lang.String.startsWith(Ljava/lang/String;I)Z @ 25
Event: 0.885 Thread 0x00007f6a8000b800 Uncommon trap: reason=unstable_if action=reinterpret pc=0x00007f6a71378be8 method=java.net.URL.<init>(Ljava/net/URL;Ljava/lang/String;Ljava/net/URLStreamHandler;)V @ 57
Event: 0.885 Thread 0x00007f6a8000b800 Uncommon trap: reason=unstable_if action=reinterpret pc=0x00007f6a712f3128 method=java.lang.String.regionMatches(ZILjava/lang/String;II)Z @ 41
Event: 0.899 Thread 0x00007f6a8000b800 Uncommon trap: reason=class_check action=maybe_recompile pc=0x00007f6a71348638 method=java.net.URL.openConnection()Ljava/net/URLConnection; @ 5
Event: 0.958 Thread 0x00007f6a8000b800 Uncommon trap: reason=unstable_if action=reinterpret pc=0x00007f6a71291de8 method=java.util.jar.Manifest$FastInputStream.readLine([BII)I @ 87
Event: 1.205 Thread 0x00007f6a80708800 Uncommon trap: reason=unstable_if action=reinterpret pc=0x00007f6a713b88a4 method=sun.net.www.ParseUtil.encodePath(Ljava/lang/String;Z)Ljava/lang/String; @ 109

Classes redefined (0 events):
No events

Internal exceptions (10 events):
Event: 0.110 Thread 0x00007f6a8000b800 Exception <a 'java/security/PrivilegedActionException'> (0x00000000d67f1490) thrown at [/build/openjdk-8-Wt4QLx/openjdk-8-8u312-b07/src/hotspot/src/share/vm/prims/jvm.cpp, line 1523]
Event: 0.193 Thread 0x00007f6a8000b800 Exception <a 'java/lang/NoSuchFieldError': method resolution failed> (0x00000000d6a23ff0) thrown at [/build/openjdk-8-Wt4QLx/openjdk-8-8u312-b07/src/hotspot/src/share/vm/prims/methodHandles.cpp, line 1176]
Event: 0.195 Thread 0x00007f6a8000b800 Exception <a 'java/lang/NoSuchFieldError': method resolution failed> (0x00000000d6a313f0) thrown at [/build/openjdk-8-Wt4QLx/openjdk-8-8u312-b07/src/hotspot/src/share/vm/prims/methodHandles.cpp, line 1176]
Event: 0.229 Thread 0x00007f6a8000b800 Exception <a 'java/lang/ClassNotFoundException': org/springframework/boot/loader/file/Handler> (0x00000000d6b499e0) thrown at [/build/openjdk-8-Wt4QLx/openjdk-8-8u312-b07/src/hotspot/src/share/vm/classfile/systemDictionary.cpp, line 217]
Event: 0.230 Thread 0x00007f6a8000b800 Exception <a 'java/security/PrivilegedActionException'> (0x00000000d6b523a8) thrown at [/build/openjdk-8-Wt4QLx/openjdk-8-8u312-b07/src/hotspot/src/share/vm/prims/jvm.cpp, line 1523]
Event: 0.230 Thread 0x00007f6a8000b800 Exception <a 'java/security/PrivilegedActionException'> (0x00000000d6b527a0) thrown at [/build/openjdk-8-Wt4QLx/openjdk-8-8u312-b07/src/hotspot/src/share/vm/prims/jvm.cpp, line 1523]
Event: 0.230 Thread 0x00007f6a8000b800 Exception <a 'java/security/PrivilegedActionException'> (0x00000000d6b55290) thrown at [/build/openjdk-8-Wt4QLx/openjdk-8-8u312-b07/src/hotspot/src/share/vm/prims/jvm.cpp, line 1523]
Event: 0.230 Thread 0x00007f6a8000b800 Exception <a 'java/security/PrivilegedActionException'> (0x00000000d6b55688) thrown at [/build/openjdk-8-Wt4QLx/openjdk-8-8u312-b07/src/hotspot/src/share/vm/prims/jvm.cpp, line 1523]
Event: 0.453 Thread 0x00007f6a8000b800 Exception <a 'java/io/FileNotFoundException'> (0x00000000d85938f0) thrown at [/build/openjdk-8-Wt4QLx/openjdk-8-8u312-b07/src/hotspot/src/share/vm/prims/jni.cpp, line 711]
Event: 0.896 Thread 0x00007f6a8000b800 Exception <a 'java/lang/NoSuchMethodError': org.slf4j.impl.StaticMarkerBinder.getSingleton()Lorg/slf4j/impl/StaticMarkerBinder;> (0x00000000d71164b0) thrown at [/build/openjdk-8-Wt4QLx/openjdk-8-8u312-b07/src/hotspot/src/share/vm/interpreter/linkResolver.

Events (10 events):
Event: 1.267 loading class com/sun/naming/internal/VersionHelper12$6 done
Event: 1.267 loading class com/sun/naming/internal/VersionHelper12$InputStreamEnumeration
Event: 1.267 loading class javax/naming/NamingEnumeration
Event: 1.267 loading class javax/naming/NamingEnumeration done
Event: 1.267 loading class com/sun/naming/internal/VersionHelper12$InputStreamEnumeration done
Event: 1.267 loading class com/sun/naming/internal/VersionHelper12$InputStreamEnumeration$1
Event: 1.267 loading class com/sun/naming/internal/VersionHelper12$InputStreamEnumeration$1 done
Event: 1.268 loading class org/apache/logging/log4j/util/LoaderUtil$ThreadContextClassLoaderGetter
Event: 1.268 loading class org/apache/logging/log4j/util/LoaderUtil$ThreadContextClassLoaderGetter done
Event: 1.269 Executing VM operation: ParallelGCFailedAllocation


Dynamic libraries:
83600000-88a00000 rw-p 00000000 00:00 0 
88a00000-d6780000 ---p 00000000 00:00 0 
d6780000-df180000 rw-p 00000000 00:00 0 
e7180000-100000000 ---p 00000000 00:00 0 
100000000-100160000 rw-p 00000000 00:00 0 
100160000-140000000 ---p 00000000 00:00 0 
55a0ba816000-55a0ba817000 r-xp 00000000 fc:01 2078941                    /usr/lib/jvm/java-8-openjdk-amd64/jre/bin/java
55a0baa16000-55a0baa17000 r--p 00000000 fc:01 2078941                    /usr/lib/jvm/java-8-openjdk-amd64/jre/bin/java
55a0baa17000-55a0baa18000 rw-p 00001000 fc:01 2078941                    /usr/lib/jvm/java-8-openjdk-amd64/jre/bin/java
55a0bb392000-55a0bb3b3000 rw-p 00000000 00:00 0                          [heap]
7f6a2c000000-7f6a2c0f8000 rw-p 00000000 00:00 0 
7f6a2c0f8000-7f6a30000000 ---p 00000000 00:00 0 
7f6a34000000-7f6a34021000 rw-p 00000000 00:00 0 
7f6a34021000-7f6a38000000 ---p 00000000 00:00 0 
7f6a38000000-7f6a38021000 rw-p 00000000 00:00 0 
7f6a38021000-7f6a3c000000 ---p 00000000 00:00 0 
7f6a3c000000-7f6a3cc61000 rw-p 00000000 00:00 0 
7f6a3cc61000-7f6a40000000 ---p 00000000 00:00 0 
7f6a40000000-7f6a40654000 rw-p 00000000 00:00 0 
7f6a40654000-7f6a44000000 ---p 00000000 00:00 0 
7f6a44000000-7f6a44021000 rw-p 00000000 00:00 0 
7f6a44021000-7f6a48000000 ---p 00000000 00:00 0 
7f6a48000000-7f6a48a07000 rw-p 00000000 00:00 0 
7f6a48a07000-7f6a4c000000 ---p 00000000 00:00 0 
7f6a4c000000-7f6a4c021000 rw-p 00000000 00:00 0 
7f6a4c021000-7f6a50000000 ---p 00000000 00:00 0 
7f6a50000000-7f6a50021000 rw-p 00000000 00:00 0 
7f6a50021000-7f6a54000000 ---p 00000000 00:00 0 
7f6a54000000-7f6a54021000 rw-p 00000000 00:00 0 
7f6a54021000-7f6a58000000 ---p 00000000 00:00 0 
7f6a58000000-7f6a58021000 rw-p 00000000 00:00 0 
7f6a58021000-7f6a5c000000 ---p 00000000 00:00 0 
7f6a5c000000-7f6a5c021000 rw-p 00000000 00:00 0 
7f6a5c021000-7f6a60000000 ---p 00000000 00:00 0 
7f6a63e00000-7f6a63fc0000 rw-p 00000000 00:00 0 
7f6a63fc0000-7f6a64000000 ---p 00000000 00:00 0 
7f6a64000000-7f6a64021000 rw-p 00000000 00:00 0 
7f6a64021000-7f6a68000000 ---p 00000000 00:00 0 
7f6a680af000-7f6a680b2000 ---p 00000000 00:00 0 
7f6a680b2000-7f6a6c000000 rw-p 00000000 00:00 0 
7f6a6c000000-7f6a6c021000 rw-p 00000000 00:00 0 
7f6a6c021000-7f6a70000000 ---p 00000000 00:00 0 
7f6a70045000-7f6a70056000 r--s 001c5000 fc:01 2335015                    /usr/lib/jvm/java-8-openjdk-amd64/jre/lib/jsse.jar
7f6a70056000-7f6a7006e000 r-xp 00000000 fc:01 2334989                    /usr/lib/jvm/java-8-openjdk-amd64/jre/lib/amd64/libnet.so
7f6a7006e000-7f6a7026d000 ---p 00018000 fc:01 2334989                    /usr/lib/jvm/java-8-openjdk-amd64/jre/lib/amd64/libnet.so
7f6a7026d000-7f6a7026e000 r--p 00017000 fc:01 2334989                    /usr/lib/jvm/java-8-openjdk-amd64/jre/lib/amd64/libnet.so
7f6a7026e000-7f6a7026f000 rw-p 00018000 fc:01 2334989                    /usr/lib/jvm/java-8-openjdk-amd64/jre/lib/amd64/libnet.so
7f6a7026f000-7f6a70281000 r-xp 00000000 fc:01 2334990                    /usr/lib/jvm/java-8-openjdk-amd64/jre/lib/amd64/libnio.so
7f6a70281000-7f6a70480000 ---p 00012000 fc:01 2334990                    /usr/lib/jvm/java-8-openjdk-amd64/jre/lib/amd64/libnio.so
7f6a70480000-7f6a70481000 r--p 00011000 fc:01 2334990                    /usr/lib/jvm/java-8-openjdk-amd64/jre/lib/amd64/libnio.so
7f6a70481000-7f6a70482000 rw-p 00012000 fc:01 2334990                    /usr/lib/jvm/java-8-openjdk-amd64/jre/lib/amd64/libnio.so
7f6a70482000-7f6a7048d000 r--s 04fe3000 fc:01 4648014                    /var/app/txst/target/TXST-0.0.1-SNAPSHOT.jar
7f6a7048d000-7f6a7048f000 r--s 00008000 fc:01 2591945                    /usr/lib/jvm/java-8-openjdk-amd64/jre/lib/ext/sunec.jar
7f6a7048f000-7f6a70493000 r--s 00041000 fc:01 2591947                    /usr/lib/jvm/java-8-openjdk-amd64/jre/lib/ext/sunpkcs11.jar
7f6a70493000-7f6a7049e000 r--s 00116000 fc:01 2591943                    /usr/lib/jvm/java-8-openjdk-amd64/jre/lib/ext/localedata.jar
7f6a7049e000-7f6a704b9000 r--s 001d6000 fc:01 2591944                    /usr/lib/jvm/java-8-openjdk-amd64/jre/lib/ext/nashorn.jar
7f6a704b9000-7f6a704ba000 ---p 00000000 00:00 0 
7f6a704ba000-7f6a705ba000 rw-p 00000000 00:00 0 
7f6a705ba000-7f6a705bd000 ---p 00000000 00:00 0 
7f6a705bd000-7f6a706bb000 rw-p 00000000 00:00 0 
7f6a706bb000-7f6a706bc000 ---p 00000000 00:00 0 
7f6a706bc000-7f6a706bf000 ---p 00000000 00:00 0 
7f6a706bf000-7f6a707bc000 rw-p 00000000 00:00 0 
7f6a707bc000-7f6a707bd000 ---p 00000000 00:00 0 
7f6a707bd000-7f6a707c0000 ---p 00000000 00:00 0 
7f6a707c0000-7f6a708bd000 rw-p 00000000 00:00 0 
7f6a708bd000-7f6a708be000 ---p 00000000 00:00 0 
7f6a708be000-7f6a708c1000 ---p 00000000 00:00 0 
7f6a708c1000-7f6a709be000 rw-p 00000000 00:00 0 
7f6a709be000-7f6a709c1000 ---p 00000000 00:00 0 
7f6a709c1000-7f6a70abf000 rw-p 00000000 00:00 0 
7f6a70abf000-7f6a70af0000 r--p 00000000 fc:01 7801                       /usr/lib/locale/C.UTF-8/LC_CTYPE
7f6a70af0000-7f6a70c63000 r--p 00000000 fc:01 7800                       /usr/lib/locale/C.UTF-8/LC_COLLATE
7f6a70c63000-7f6a70dfe000 r--p 00000000 fc:01 7797                       /usr/lib/locale/locale-archive
7f6a70dfe000-7f6a70e01000 ---p 00000000 00:00 0 
7f6a70e01000-7f6a70eff000 rw-p 00000000 00:00 0 
7f6a70eff000-7f6a70f02000 ---p 00000000 00:00 0 
7f6a70f02000-7f6a71000000 rw-p 00000000 00:00 0 
7f6a71000000-7f6a713f0000 rwxp 00000000 00:00 0 
7f6a713f0000-7f6a80000000 ---p 00000000 00:00 0 
7f6a80000000-7f6a80817000 rw-p 00000000 00:00 0 
7f6a80817000-7f6a84000000 ---p 00000000 00:00 0 
7f6a84001000-7f6a84007000 r--s 0003d000 fc:01 2591946                    /usr/lib/jvm/java-8-openjdk-amd64/jre/lib/ext/sunjce_provider.jar
7f6a84007000-7f6a84022000 r--s 00394000 fc:01 2591939                    /usr/lib/jvm/java-8-openjdk-amd64/jre/lib/ext/cldrdata.jar
7f6a84022000-7f6a84023000 ---p 00000000 00:00 0 
7f6a84023000-7f6a85032000 rw-p 00000000 00:00 0 
7f6a85032000-7f6a85204000 r--s 03cab000 fc:01 2335020                    /usr/lib/jvm/java-8-openjdk-amd64/jre/lib/rt.jar
7f6a85204000-7f6a85e5f000 rw-p 00000000 00:00 0 
7f6a85e5f000-7f6a85e60000 ---p 00000000 00:00 0 
7f6a85e60000-7f6a85f60000 rw-p 00000000 00:00 0 
7f6a85f60000-7f6a85f61000 ---p 00000000 00:00 0 
7f6a85f61000-7f6a86061000 rw-p 00000000 00:00 0 
7f6a86061000-7f6a86062000 ---p 00000000 00:00 0 
7f6a86062000-7f6a86162000 rw-p 00000000 00:00 0 
7f6a86162000-7f6a86163000 ---p 00000000 00:00 0 
7f6a86163000-7f6a8628d000 rw-p 00000000 00:00 0 
7f6a8628d000-7f6a864fc000 ---p 00000000 00:00 0 
7f6a864fc000-7f6a86526000 rw-p 00000000 00:00 0 
7f6a86526000-7f6a86794000 ---p 00000000 00:00 0 
7f6a86794000-7f6a867da000 rw-p 00000000 00:00 0 
7f6a867da000-7f6a868e1000 ---p 00000000 00:00 0 
7f6a868e1000-7f6a868f2000 rw-p 00000000 00:00 0 
7f6a868f2000-7f6a86ca2000 ---p 00000000 00:00 0 
7f6a86ca2000-7f6a86caa000 r-xp 00000000 fc:01 2334997                    /usr/lib/jvm/java-8-openjdk-amd64/jre/lib/amd64/libzip.so
7f6a86caa000-7f6a86ea9000 ---p 00008000 fc:01 2334997                    /usr/lib/jvm/java-8-openjdk-amd64/jre/lib/amd64/libzip.so
7f6a86ea9000-7f6a86eaa000 r--p 00007000 fc:01 2334997                    /usr/lib/jvm/java-8-openjdk-amd64/jre/lib/amd64/libzip.so
7f6a86eaa000-7f6a86eab000 rw-p 00008000 fc:01 2334997                    /usr/lib/jvm/java-8-openjdk-amd64/jre/lib/amd64/libzip.so
7f6a86eab000-7f6a86eb6000 r-xp 00000000 fc:01 2248                       /lib/x86_64-linux-gnu/libnss_files-2.27.so
7f6a86eb6000-7f6a870b5000 ---p 0000b000 fc:01 2248                       /lib/x86_64-linux-gnu/libnss_files-2.27.so
7f6a870b5000-7f6a870b6000 r--p 0000a000 fc:01 2248                       /lib/x86_64-linux-gnu/libnss_files-2.27.so
7f6a870b6000-7f6a870b7000 rw-p 0000b000 fc:01 2248                       /lib/x86_64-linux-gnu/libnss_files-2.27.so
7f6a870b7000-7f6a870bd000 rw-p 00000000 00:00 0 
7f6a870bd000-7f6a870d4000 r-xp 00000000 fc:01 2245                       /lib/x86_64-linux-gnu/libnsl-2.27.so
7f6a870d4000-7f6a872d3000 ---p 00017000 fc:01 2245                       /lib/x86_64-linux-gnu/libnsl-2.27.so
7f6a872d3000-7f6a872d4000 r--p 00016000 fc:01 2245                       /lib/x86_64-linux-gnu/libnsl-2.27.so
7f6a872d4000-7f6a872d5000 rw-p 00017000 fc:01 2245                       /lib/x86_64-linux-gnu/libnsl-2.27.so
7f6a872d5000-7f6a872d7000 rw-p 00000000 00:00 0 
7f6a872d7000-7f6a872e2000 r-xp 00000000 fc:01 2250                       /lib/x86_64-linux-gnu/libnss_nis-2.27.so
7f6a872e2000-7f6a874e1000 ---p 0000b000 fc:01 2250                       /lib/x86_64-linux-gnu/libnss_nis-2.27.so
7f6a874e1000-7f6a874e2000 r--p 0000a000 fc:01 2250                       /lib/x86_64-linux-gnu/libnss_nis-2.27.so
7f6a874e2000-7f6a874e3000 rw-p 0000b000 fc:01 2250                       /lib/x86_64-linux-gnu/libnss_nis-2.27.so
7f6a874e3000-7f6a874eb000 r-xp 00000000 fc:01 2246                       /lib/x86_64-linux-gnu/libnss_compat-2.27.so
7f6a874eb000-7f6a876eb000 ---p 00008000 fc:01 2246                       /lib/x86_64-linux-gnu/libnss_compat-2.27.so
7f6a876eb000-7f6a876ec000 r--p 00008000 fc:01 2246                       /lib/x86_64-linux-gnu/libnss_compat-2.27.so
7f6a876ec000-7f6a876ed000 rw-p 00009000 fc:01 2246                       /lib/x86_64-linux-gnu/libnss_compat-2.27.so
7f6a876ed000-7f6a87717000 r-xp 00000000 fc:01 2334978                    /usr/lib/jvm/java-8-openjdk-amd64/jre/lib/amd64/libjava.so
7f6a87717000-7f6a87917000 ---p 0002a000 fc:01 2334978                    /usr/lib/jvm/java-8-openjdk-amd64/jre/lib/amd64/libjava.so
7f6a87917000-7f6a87918000 r--p 0002a000 fc:01 2334978                    /usr/lib/jvm/java-8-openjdk-amd64/jre/lib/amd64/libjava.so
7f6a87918000-7f6a8791a000 rw-p 0002b000 fc:01 2334978                    /usr/lib/jvm/java-8-openjdk-amd64/jre/lib/amd64/libjava.so
7f6a8791a000-7f6a8792a000 r-xp 00000000 fc:01 2334996                    /usr/lib/jvm/java-8-openjdk-amd64/jre/lib/amd64/libverify.so
7f6a8792a000-7f6a87b29000 ---p 00010000 fc:01 2334996                    /usr/lib/jvm/java-8-openjdk-amd64/jre/lib/amd64/libverify.so
7f6a87b29000-7f6a87b2b000 r--p 0000f000 fc:01 2334996                    /usr/lib/jvm/java-8-openjdk-amd64/jre/lib/amd64/libverify.so
7f6a87b2b000-7f6a87b2c000 rw-p 00011000 fc:01 2334996                    /usr/lib/jvm/java-8-openjdk-amd64/jre/lib/amd64/libverify.so
7f6a87b2c000-7f6a87b33000 r-xp 00000000 fc:01 2255                       /lib/x86_64-linux-gnu/librt-2.27.so
7f6a87b33000-7f6a87d32000 ---p 00007000 fc:01 2255                       /lib/x86_64-linux-gnu/librt-2.27.so
7f6a87d32000-7f6a87d33000 r--p 00006000 fc:01 2255                       /lib/x86_64-linux-gnu/librt-2.27.so
7f6a87d33000-7f6a87d34000 rw-p 00007000 fc:01 2255                       /lib/x86_64-linux-gnu/librt-2.27.so
7f6a87d34000-7f6a87d4b000 r-xp 00000000 fc:01 2092                       /lib/x86_64-linux-gnu/libgcc_s.so.1
7f6a87d4b000-7f6a87f4a000 ---p 00017000 fc:01 2092                       /lib/x86_64-linux-gnu/libgcc_s.so.1
7f6a87f4a000-7f6a87f4b000 r--p 00016000 fc:01 2092                       /lib/x86_64-linux-gnu/libgcc_s.so.1
7f6a87f4b000-7f6a87f4c000 rw-p 00017000 fc:01 2092                       /lib/x86_64-linux-gnu/libgcc_s.so.1
7f6a87f4c000-7f6a880e9000 r-xp 00000000 fc:01 2242                       /lib/x86_64-linux-gnu/libm-2.27.so
7f6a880e9000-7f6a882e8000 ---p 0019d000 fc:01 2242                       /lib/x86_64-linux-gnu/libm-2.27.so
7f6a882e8000-7f6a882e9000 r--p 0019c000 fc:01 2242                       /lib/x86_64-linux-gnu/libm-2.27.so
7f6a882e9000-7f6a882ea000 rw-p 0019d000 fc:01 2242                       /lib/x86_64-linux-gnu/libm-2.27.so
7f6a882ea000-7f6a88463000 r-xp 00000000 fc:01 4799                       /usr/lib/x86_64-linux-gnu/libstdc++.so.6.0.25
7f6a88463000-7f6a88663000 ---p 00179000 fc:01 4799                       /usr/lib/x86_64-linux-gnu/libstdc++.so.6.0.25
7f6a88663000-7f6a8866d000 r--p 00179000 fc:01 4799                       /usr/lib/x86_64-linux-gnu/libstdc++.so.6.0.25
7f6a8866d000-7f6a8866f000 rw-p 00183000 fc:01 4799                       /usr/lib/x86_64-linux-gnu/libstdc++.so.6.0.25
7f6a8866f000-7f6a88673000 rw-p 00000000 00:00 0 
7f6a88673000-7f6a893e4000 r-xp 00000000 fc:01 2335000                    /usr/lib/jvm/java-8-openjdk-amd64/jre/lib/amd64/server/libjvm.so
7f6a893e4000-7f6a895e4000 ---p 00d71000 fc:01 2335000                    /usr/lib/jvm/java-8-openjdk-amd64/jre/lib/amd64/server/libjvm.so
7f6a895e4000-7f6a8967a000 r--p 00d71000 fc:01 2335000                    /usr/lib/jvm/java-8-openjdk-amd64/jre/lib/amd64/server/libjvm.so
7f6a8967a000-7f6a896a3000 rw-p 00e07000 fc:01 2335000                    /usr/lib/jvm/java-8-openjdk-amd64/jre/lib/amd64/server/libjvm.so
7f6a896a3000-7f6a896d6000 rw-p 00000000 00:00 0 
7f6a896d6000-7f6a896f0000 r-xp 00000000 fc:01 2253                       /lib/x86_64-linux-gnu/libpthread-2.27.so
7f6a896f0000-7f6a898ef000 ---p 0001a000 fc:01 2253                       /lib/x86_64-linux-gnu/libpthread-2.27.so
7f6a898ef000-7f6a898f0000 r--p 00019000 fc:01 2253                       /lib/x86_64-linux-gnu/libpthread-2.27.so
7f6a898f0000-7f6a898f1000 rw-p 0001a000 fc:01 2253                       /lib/x86_64-linux-gnu/libpthread-2.27.so
7f6a898f1000-7f6a898f5000 rw-p 00000000 00:00 0 
7f6a898f5000-7f6a898f8000 r-xp 00000000 fc:01 2241                       /lib/x86_64-linux-gnu/libdl-2.27.so
7f6a898f8000-7f6a89af7000 ---p 00003000 fc:01 2241                       /lib/x86_64-linux-gnu/libdl-2.27.so
7f6a89af7000-7f6a89af8000 r--p 00002000 fc:01 2241                       /lib/x86_64-linux-gnu/libdl-2.27.so
7f6a89af8000-7f6a89af9000 rw-p 00003000 fc:01 2241                       /lib/x86_64-linux-gnu/libdl-2.27.so
7f6a89af9000-7f6a89b15000 r-xp 00000000 fc:01 2178                       /lib/x86_64-linux-gnu/libz.so.1.2.11
7f6a89b15000-7f6a89d14000 ---p 0001c000 fc:01 2178                       /lib/x86_64-linux-gnu/libz.so.1.2.11
7f6a89d14000-7f6a89d15000 r--p 0001b000 fc:01 2178                       /lib/x86_64-linux-gnu/libz.so.1.2.11
7f6a89d15000-7f6a89d16000 rw-p 0001c000 fc:01 2178                       /lib/x86_64-linux-gnu/libz.so.1.2.11
7f6a89d16000-7f6a89efd000 r-xp 00000000 fc:01 2238                       /lib/x86_64-linux-gnu/libc-2.27.so
7f6a89efd000-7f6a8a0fd000 ---p 001e7000 fc:01 2238                       /lib/x86_64-linux-gnu/libc-2.27.so
7f6a8a0fd000-7f6a8a101000 r--p 001e7000 fc:01 2238                       /lib/x86_64-linux-gnu/libc-2.27.so
7f6a8a101000-7f6a8a103000 rw-p 001eb000 fc:01 2238                       /lib/x86_64-linux-gnu/libc-2.27.so
7f6a8a103000-7f6a8a107000 rw-p 00000000 00:00 0 
7f6a8a107000-7f6a8a115000 r-xp 00000000 fc:01 2334964                    /usr/lib/jvm/java-8-openjdk-amd64/jre/lib/amd64/jli/libjli.so
7f6a8a115000-7f6a8a314000 ---p 0000e000 fc:01 2334964                    /usr/lib/jvm/java-8-openjdk-amd64/jre/lib/amd64/jli/libjli.so
7f6a8a314000-7f6a8a315000 r--p 0000d000 fc:01 2334964                    /usr/lib/jvm/java-8-openjdk-amd64/jre/lib/amd64/jli/libjli.so
7f6a8a315000-7f6a8a316000 rw-p 0000e000 fc:01 2334964                    /usr/lib/jvm/java-8-openjdk-amd64/jre/lib/amd64/jli/libjli.so
7f6a8a316000-7f6a8a33f000 r-xp 00000000 fc:01 2222                       /lib/x86_64-linux-gnu/ld-2.27.so
7f6a8a33f000-7f6a8a340000 r--s 0000a000 fc:01 2591942                    /usr/lib/jvm/java-8-openjdk-amd64/jre/lib/ext/jaccess.jar
7f6a8a340000-7f6a8a342000 r--s 00010000 fc:01 2591948                    /usr/lib/jvm/java-8-openjdk-amd64/jre/lib/ext/zipfs.jar
7f6a8a342000-7f6a8a345000 r--s 0000f000 fc:01 2591941                    /usr/lib/jvm/java-8-openjdk-amd64/jre/lib/ext/icedtea-sound.jar
7f6a8a345000-7f6a8a347000 r--s 00007000 fc:01 69480                      /usr/share/java/java-atk-wrapper.jar
7f6a8a347000-7f6a8a349000 r--s 00001000 fc:01 2591940                    /usr/lib/jvm/java-8-openjdk-amd64/jre/lib/ext/dnsns.jar
7f6a8a349000-7f6a8a34f000 r--s 000d3000 fc:01 2335014                    /usr/lib/jvm/java-8-openjdk-amd64/jre/lib/jfr.jar
7f6a8a34f000-7f6a8a350000 r--p 00000000 fc:01 7806                       /usr/lib/locale/C.UTF-8/LC_NUMERIC
7f6a8a350000-7f6a8a351000 r--p 00000000 fc:01 7809                       /usr/lib/locale/C.UTF-8/LC_TIME
7f6a8a351000-7f6a8a352000 r--p 00000000 fc:01 7804                       /usr/lib/locale/C.UTF-8/LC_MONETARY
7f6a8a352000-7f6a8a359000 r--s 00000000 fc:01 5053                       /usr/lib/x86_64-linux-gnu/gconv/gconv-modules.cache
7f6a8a359000-7f6a8a429000 rw-p 00000000 00:00 0 
7f6a8a429000-7f6a8a431000 rw-s 00000000 fc:01 1551219                    /tmp/hsperfdata_root/13217
7f6a8a431000-7f6a8a432000 ---p 00000000 00:00 0 
7f6a8a432000-7f6a8a435000 ---p 00000000 00:00 0 
7f6a8a435000-7f6a8a534000 rw-p 00000000 00:00 0 
7f6a8a534000-7f6a8a535000 r--p 00000000 fc:01 7811                       /usr/lib/locale/C.UTF-8/LC_MESSAGES/SYS_LC_MESSAGES
7f6a8a535000-7f6a8a536000 r--p 00000000 fc:01 7807                       /usr/lib/locale/C.UTF-8/LC_PAPER
7f6a8a536000-7f6a8a537000 r--p 00000000 fc:01 7805                       /usr/lib/locale/C.UTF-8/LC_NAME
7f6a8a537000-7f6a8a538000 r--p 00000000 fc:01 7799                       /usr/lib/locale/C.UTF-8/LC_ADDRESS
7f6a8a538000-7f6a8a539000 r--p 00000000 fc:01 7808                       /usr/lib/locale/C.UTF-8/LC_TELEPHONE
7f6a8a539000-7f6a8a53a000 r--p 00000000 fc:01 7803                       /usr/lib/locale/C.UTF-8/LC_MEASUREMENT
7f6a8a53a000-7f6a8a53b000 r--p 00000000 fc:01 7802                       /usr/lib/locale/C.UTF-8/LC_IDENTIFICATION
7f6a8a53b000-7f6a8a53c000 rw-p 00000000 00:00 0 
7f6a8a53c000-7f6a8a53d000 ---p 00000000 00:00 0 
7f6a8a53d000-7f6a8a53f000 rw-p 00000000 00:00 0 
7f6a8a53f000-7f6a8a540000 r--p 00029000 fc:01 2222                       /lib/x86_64-linux-gnu/ld-2.27.so
7f6a8a540000-7f6a8a541000 rw-p 0002a000 fc:01 2222                       /lib/x86_64-linux-gnu/ld-2.27.so
7f6a8a541000-7f6a8a542000 rw-p 00000000 00:00 0 
7ffe4f51b000-7ffe4f53c000 rw-p 00000000 00:00 0                          [stack]
7ffe4f5e1000-7ffe4f5e4000 r--p 00000000 00:00 0                          [vvar]
7ffe4f5e4000-7ffe4f5e6000 r-xp 00000000 00:00 0                          [vdso]
ffffffffff600000-ffffffffff601000 r-xp 00000000 00:00 0                  [vsyscall]

VM Arguments:
java_command: TXST-0.0.1-SNAPSHOT.jar
java_class_path (initial): TXST-0.0.1-SNAPSHOT.jar
Launcher Type: SUN_STANDARD

Environment Variables:
PATH=/usr/local/sbin:/usr/local/bin:/usr/sbin:/usr/bin:/sbin:/bin:/usr/games:/usr/local/games:/snap/bin:/root/.dotnet/tools
SHELL=/bin/bash

Signal Handlers:
SIGSEGV: [libjvm.so+0xb6f390], sa_mask[0]=11111111011111111101111111111110, sa_flags=SA_RESTART|SA_SIGINFO
SIGBUS: [libjvm.so+0xb6f390], sa_mask[0]=11111111011111111101111111111110, sa_flags=SA_RESTART|SA_SIGINFO
SIGFPE: [libjvm.so+0x98ec90], sa_mask[0]=11111111011111111101111111111110, sa_flags=SA_RESTART|SA_SIGINFO
SIGPIPE: [libjvm.so+0x98ec90], sa_mask[0]=11111111011111111101111111111110, sa_flags=SA_RESTART|SA_SIGINFO
SIGXFSZ: [libjvm.so+0x98ec90], sa_mask[0]=11111111011111111101111111111110, sa_flags=SA_RESTART|SA_SIGINFO
SIGILL: [libjvm.so+0x98ec90], sa_mask[0]=11111111011111111101111111111110, sa_flags=SA_RESTART|SA_SIGINFO
SIGUSR1: SIG_DFL, sa_mask[0]=00000000000000000000000000000000, sa_flags=none
SIGUSR2: [libjvm.so+0x98eb40], sa_mask[0]=00000000000000000000000000000000, sa_flags=SA_RESTART|SA_SIGINFO
SIGHUP: SIG_IGN, sa_mask[0]=00000000000000000000000000000000, sa_flags=none
SIGINT: [libjvm.so+0x98f1b0], sa_mask[0]=11111111011111111101111111111110, sa_flags=SA_RESTART|SA_SIGINFO
SIGTERM: [libjvm.so+0x98f1b0], sa_mask[0]=11111111011111111101111111111110, sa_flags=SA_RESTART|SA_SIGINFO
SIGQUIT: [libjvm.so+0x98f1b0], sa_mask[0]=11111111011111111101111111111110, sa_flags=SA_RESTART|SA_SIGINFO


---------------  S Y S T E M  ---------------

OS:DISTRIB_ID=Ubuntu
DISTRIB_RELEASE=18.04
DISTRIB_CODENAME=bionic
DISTRIB_DESCRIPTION="Ubuntu 18.04.6 LTS"

uname:Linux 4.15.0-175-generic #184-Ubuntu SMP Thu Mar 24 17:48:36 UTC 2022 x86_64
libc:glibc 2.27 NPTL 2.27 
rlimit: STACK 8192k, CORE 0k, NPROC 31802, NOFILE 1048576, AS infinity
load average:1.88 1.57 1.19

/proc/meminfo:
MemTotal:        8167400 kB
MemFree:          136132 kB
MemAvailable:      42292 kB
Buffers:            1468 kB
Cached:            44572 kB
SwapCached:            0 kB
Active:          7645272 kB
Inactive:          35600 kB
Active(anon):    7635480 kB
Inactive(anon):    26496 kB
Active(file):       9792 kB
Inactive(file):     9104 kB
Unevictable:           0 kB
Mlocked:               0 kB
SwapTotal:             0 kB
SwapFree:              0 kB
Dirty:                16 kB
Writeback:             0 kB
AnonPages:       7634996 kB
Mapped:            35472 kB
Shmem:             27304 kB
Slab:             175796 kB
SReclaimable:      67268 kB
SUnreclaim:       108528 kB
KernelStack:       53632 kB
PageTables:        39396 kB
NFS_Unstable:          0 kB
Bounce:                0 kB
WritebackTmp:          0 kB
CommitLimit:     4083700 kB
Committed_AS:   15969344 kB
VmallocTotal:   34359738367 kB
VmallocUsed:           0 kB
VmallocChunk:          0 kB
HardwareCorrupted:     0 kB
AnonHugePages:         0 kB
ShmemHugePages:        0 kB
ShmemPmdMapped:        0 kB
CmaTotal:              0 kB
CmaFree:               0 kB
HugePages_Total:       0
HugePages_Free:        0
HugePages_Rsvd:        0
HugePages_Surp:        0
Hugepagesize:       2048 kB
DirectMap4k:     1056608 kB
DirectMap2M:     7331840 kB
DirectMap1G:     2097152 kB

container (cgroup) information:
container_type: cgroupv1
cpu_cpuset_cpus: 0-3
cpu_memory_nodes: 0
active_processor_count: 4
cpu_quota: -1
cpu_period: 100000
cpu_shares: -1
memory_limit_in_bytes: -1
memory_and_swap_limit_in_bytes: -2
memory_soft_limit_in_bytes: -1
memory_usage_in_bytes: 6618996736
memory_max_usage_in_bytes: 6946377728


CPU:total 4 (initial active 4) (4 cores per cpu, 1 threads per core) family 6 model 106 stepping 6, cmov, cx8, fxsr, mmx, sse, sse2, sse3, ssse3, sse4.1, sse4.2, popcnt, avx, avx2, aes, clmul, erms, 3dnowpref, lzcnt, tsc, bmi1, bmi2, adx

/proc/cpuinfo:
processor	: 0
vendor_id	: GenuineIntel
cpu family	: 6
model		: 106
model name	: Intel(R) Xeon(R) Platinum 8358 CPU @ 2.60GHz
stepping	: 6
microcode	: 0x1
cpu MHz		: 2599.998
cache size	: 4096 KB
physical id	: 0
siblings	: 4
core id		: 0
cpu cores	: 4
apicid		: 0
initial apicid	: 0
fpu		: yes
fpu_exception	: yes
cpuid level	: 13
wp		: yes
flags		: fpu vme de pse tsc msr pae mce cx8 apic sep mtrr pge mca cmov pat pse36 clflush mmx fxsr sse sse2 ht syscall nx pdpe1gb rdtscp lm constant_tsc rep_good nopl xtopology cpuid tsc_known_freq pni pclmulqdq vmx ssse3 fma cx16 pcid sse4_1 sse4_2 x2apic movbe popcnt tsc_deadline_timer aes xsave avx f16c rdrand hypervisor lahf_lm abm 3dnowprefetch cpuid_fault invpcid_single pti ssbd ibrs ibpb tpr_shadow vnmi flexpriority ept vpid fsgsbase bmi1 avx2 smep bmi2 erms invpcid avx512f avx512dq rdseed adx smap clflushopt clwb avx512cd avx512bw avx512vl xsaveopt xsavec xgetbv1 arat avx512vbmi umip pku ospke avx512_vbmi2 gfni vaes vpclmulqdq avx512_vnni avx512_bitalg avx512_vpopcntdq la57
bugs		: cpu_meltdown spectre_v1 spectre_v2 spec_store_bypass l1tf mds swapgs itlb_multihit
bogomips	: 5199.99
clflush size	: 64
cache_alignment	: 64
address sizes	: 40 bits physical, 57 bits virtual
power management:

processor	: 1
vendor_id	: GenuineIntel
cpu family	: 6
model		: 106
model name	: Intel(R) Xeon(R) Platinum 8358 CPU @ 2.60GHz
stepping	: 6
microcode	: 0x1
cpu MHz		: 2599.998
cache size	: 4096 KB
physical id	: 0
siblings	: 4
core id		: 1
cpu cores	: 4
apicid		: 1
initial apicid	: 1
fpu		: yes
fpu_exception	: yes
cpuid level	: 13
wp		: yes
flags		: fpu vme de pse tsc msr pae mce cx8 apic sep mtrr pge mca cmov pat pse36 clflush mmx fxsr sse sse2 ht syscall nx pdpe1gb rdtscp lm constant_tsc rep_good nopl xtopology cpuid tsc_known_freq pni pclmulqdq vmx ssse3 fma cx16 pcid sse4_1 sse4_2 x2apic movbe popcnt tsc_deadline_timer aes xsave avx f16c rdrand hypervisor lahf_lm abm 3dnowprefetch cpuid_fault invpcid_single pti ssbd ibrs ibpb tpr_shadow vnmi flexpriority ept vpid fsgsbase bmi1 avx2 smep bmi2 erms invpcid avx512f avx512dq rdseed adx smap clflushopt clwb avx512cd avx512bw avx512vl xsaveopt xsavec xgetbv1 arat avx512vbmi umip pku ospke avx512_vbmi2 gfni vaes vpclmulqdq avx512_vnni avx512_bitalg avx512_vpopcntdq la57
bugs		: cpu_meltdown spectre_v1 spectre_v2 spec_store_bypass l1tf mds swapgs itlb_multihit
bogomips	: 5199.99
clflush size	: 64
cache_alignment	: 64
address sizes	: 40 bits physical, 57 bits virtual
power management:

processor	: 2
vendor_id	: GenuineIntel
cpu family	: 6
model		: 106
model name	: Intel(R) Xeon(R) Platinum 8358 CPU @ 2.60GHz
stepping	: 6
microcode	: 0x1
cpu MHz		: 2599.998
cache size	: 4096 KB
physical id	: 0
siblings	: 4
core id		: 2
cpu cores	: 4
apicid		: 2
initial apicid	: 2
fpu		: yes
fpu_exception	: yes
cpuid level	: 13
wp		: yes
flags		: fpu vme de pse tsc msr pae mce cx8 apic sep mtrr pge mca cmov pat pse36 clflush mmx fxsr sse sse2 ht syscall nx pdpe1gb rdtscp lm constant_tsc rep_good nopl xtopology cpuid tsc_known_freq pni pclmulqdq vmx ssse3 fma cx16 pcid sse4_1 sse4_2 x2apic movbe popcnt tsc_deadline_timer aes xsave avx f16c rdrand hypervisor lahf_lm abm 3dnowprefetch cpuid_fault invpcid_single pti ssbd ibrs ibpb tpr_shadow vnmi flexpriority ept vpid fsgsbase bmi1 avx2 smep bmi2 erms invpcid avx512f avx512dq rdseed adx smap clflushopt clwb avx512cd avx512bw avx512vl xsaveopt xsavec xgetbv1 arat avx512vbmi umip pku ospke avx512_vbmi2 gfni vaes vpclmulqdq avx512_vnni avx512_bitalg avx512_vpopcntdq la57
bugs		: cpu_meltdown spectre_v1 spectre_v2 spec_store_bypass l1tf mds swapgs itlb_multihit
bogomips	: 5199.99
clflush size	: 64
cache_alignment	: 64
address sizes	: 40 bits physical, 57 bits virtual
power management:

processor	: 3
vendor_id	: GenuineIntel
cpu family	: 6
model		: 106
model name	: Intel(R) Xeon(R) Platinum 8358 CPU @ 2.60GHz
stepping	: 6
microcode	: 0x1
cpu MHz		: 2599.998
cache size	: 4096 KB
physical id	: 0
siblings	: 4
core id		: 3
cpu cores	: 4
apicid		: 3
initial apicid	: 3
fpu		: yes
fpu_exception	: yes
cpuid level	: 13
wp		: yes
flags		: fpu vme de pse tsc msr pae mce cx8 apic sep mtrr pge mca cmov pat pse36 clflush mmx fxsr sse sse2 ht syscall nx pdpe1gb rdtscp lm constant_tsc rep_good nopl xtopology cpuid tsc_known_freq pni pclmulqdq vmx ssse3 fma cx16 pcid sse4_1 sse4_2 x2apic movbe popcnt tsc_deadline_timer aes xsave avx f16c rdrand hypervisor lahf_lm abm 3dnowprefetch cpuid_fault invpcid_single pti ssbd ibrs ibpb tpr_shadow vnmi flexpriority ept vpid fsgsbase bmi1 avx2 smep bmi2 erms invpcid avx512f avx512dq rdseed adx smap clflushopt clwb avx512cd avx512bw avx512vl xsaveopt xsavec xgetbv1 arat avx512vbmi umip pku ospke avx512_vbmi2 gfni vaes vpclmulqdq avx512_vnni avx512_bitalg avx512_vpopcntdq la57
bugs		: cpu_meltdown spectre_v1 spectre_v2 spec_store_bypass l1tf mds swapgs itlb_multihit
bogomips	: 5199.99
clflush size	: 64
cache_alignment	: 64
address sizes	: 40 bits physical, 57 bits virtual
power management:



Memory: 4k page, physical 8167400k(137644k free), swap 0k(0k free)

vm_info: OpenJDK 64-Bit Server VM (25.312-b07) for linux-amd64 JRE (1.8.0_312-8u312-b07-0ubuntu1~18.04-b07), built on Nov  3 2021 13:54:59 by "buildd" with gcc 7.5.0

time: Sat Jul  9 18:17:28 2022
timezone: +07
elapsed time: 1.294363 seconds (0d 0h 0m 1s)

