#
# There is insufficient memory for the Java Runtime Environment to continue.
# Native memory allocation (mmap) failed to map 143130624 bytes for committing reserved memory.
# Possible reasons:
#   The system is out of physical RAM or swap space
#   The process is running with CompressedOops enabled, and the Java Heap may be blocking the growth of the native heap
# Possible solutions:
#   Reduce memory load on the system
#   Increase physical memory or swap space
#   Check if swap backing store is full
#   Decrease Java heap size (-Xmx/-Xms)
#   Decrease number of Java threads
#   Decrease Java thread stack sizes (-Xss)
#   Set larger code cache with -XX:ReservedCodeCacheSize=
#   JVM is running with Unscaled Compressed Oops mode in which the Java heap is
#     placed in the first 4GB address space. The Java Heap base address is the
#     maximum limit for the native heap growth. Please use -XX:HeapBaseMinAddress
#     to set the Java Heap base and to place the Java Heap above 4GB virtual address.
# This output file may be truncated or incomplete.
#
#  Out of Memory Error (os_linux.cpp:2798), pid=8938, tid=0x00007f145a81f700
#
# JRE version: OpenJDK Runtime Environment (8.0_352-b08) (build 1.8.0_352-8u352-ga-1~18.04-b08)
# Java VM: OpenJDK 64-Bit Server VM (25.352-b08 mixed mode linux-amd64 compressed oops)
# Failed to write core dump. Core dumps have been disabled. To enable core dumping, try "ulimit -c unlimited" before starting Java again
#

---------------  T H R E A D  ---------------

Current thread (0x00007f1474140800):  VMThread [stack: 0x00007f145a720000,0x00007f145a820000] [id=8944]

Stack: [0x00007f145a720000,0x00007f145a820000],  sp=0x00007f145a81e340,  free space=1016k
Native frames: (J=compiled Java code, j=interpreted, Vv=VM code, C=native code)
V  [libjvm.so+0xb731a2]
V  [libjvm.so+0x4f64c7]
V  [libjvm.so+0x9980b0]
V  [libjvm.so+0x98f50e]
V  [libjvm.so+0xa17156]
V  [libjvm.so+0xa184c8]
V  [libjvm.so+0xa14786]
V  [libjvm.so+0xa14b6c]
V  [libjvm.so+0x9c2918]
V  [libjvm.so+0xb75c12]
V  [libjvm.so+0xb7b990]
V  [libjvm.so+0xb7968d]
V  [libjvm.so+0xb79b6b]
V  [libjvm.so+0xb79fab]
V  [libjvm.so+0x995482]

VM_Operation (0x00007f147bb0e030): ParallelGCFailedAllocation, mode: safepoint, requested by thread 0x00007f147400b800


---------------  P R O C E S S  ---------------

Java Threads: ( => current thread )
  0x00007f1474688000 JavaThread "AsyncAppender-Worker-ASYNCERROR" daemon [_thread_blocked, id=8992, stack(0x00007f1458a43000,0x00007f1458b44000)]
  0x00007f1474687800 JavaThread "AsyncAppender-Worker-ASYNC" daemon [_thread_blocked, id=8991, stack(0x00007f1458b44000,0x00007f1458c45000)]
  0x00007f147418c000 JavaThread "Service Thread" daemon [_thread_blocked, id=8956, stack(0x00007f1459e7d000,0x00007f1459f7e000)]
  0x00007f1474189000 JavaThread "C1 CompilerThread2" daemon [_thread_blocked, id=8955, stack(0x00007f1459f7f000,0x00007f145a07f000)]
  0x00007f1474187000 JavaThread "C2 CompilerThread1" daemon [_thread_blocked, id=8954, stack(0x00007f145a080000,0x00007f145a180000)]
  0x00007f1474184000 JavaThread "C2 CompilerThread0" daemon [_thread_blocked, id=8952, stack(0x00007f145a181000,0x00007f145a281000)]
  0x00007f147417c800 JavaThread "Signal Dispatcher" daemon [_thread_blocked, id=8950, stack(0x00007f145a281000,0x00007f145a382000)]
  0x00007f147414f000 JavaThread "Finalizer" daemon [_thread_blocked, id=8948, stack(0x00007f145a51d000,0x00007f145a61e000)]
  0x00007f147414a800 JavaThread "Reference Handler" daemon [_thread_blocked, id=8945, stack(0x00007f145a61e000,0x00007f145a71f000)]
  0x00007f147400b800 JavaThread "main" [_thread_blocked, id=8939, stack(0x00007f147ba15000,0x00007f147bb15000)]

Other Threads:
=>0x00007f1474140800 VMThread [stack: 0x00007f145a720000,0x00007f145a820000] [id=8944]
  0x00007f147418e800 WatcherThread [stack: 0x00007f1459d7d000,0x00007f1459e7d000] [id=8961]

VM state:at safepoint (normal execution)

VM Mutex/Monitor currently owned by a thread:  ([mutex/lock_event])
[0x00007f1474007ce0] Threads_lock - owner thread: 0x00007f1474140800
[0x00007f14740081e0] Heap_lock - owner thread: 0x00007f147400b800

heap address: 0x0000000083600000, size: 1994 MB, Compressed Oops mode: 32-bit
Narrow klass base: 0x0000000000000000, Narrow klass shift: 3
Compressed class space size: 1073741824 Address: 0x0000000100000000

Heap:
 PSYoungGen      total 459264K, used 11757K [0x00000000d6780000, 0x00000000f7780000, 0x0000000100000000)
  eden space 447488K, 0% used [0x00000000d6780000,0x00000000d6780000,0x00000000f1c80000)
  from space 11776K, 99% used [0x00000000f6080000,0x00000000f6bfb790,0x00000000f6c00000)
  to   space 9728K, 0% used [0x00000000f6e00000,0x00000000f6e00000,0x00000000f7780000)
 ParOldGen       total 52224K, used 34540K [0x0000000083600000, 0x0000000086900000, 0x00000000d6780000)
  object space 52224K, 66% used [0x0000000083600000,0x00000000857bb0c8,0x0000000086900000)
 Metaspace       used 29477K, capacity 30668K, committed 30720K, reserved 1075200K
  class space    used 3807K, capacity 4064K, committed 4096K, reserved 1048576K

Card table byte_map: [0x00007f146485a000,0x00007f1464c40000] byte_map_base: 0x00007f146443f000

Marking Bits: (ParMarkBitMap*) 0x00007f147ac9b720
 Begin Bits: [0x00007f146056f000, 0x00007f1462497000)
 End Bits:   [0x00007f1462497000, 0x00007f14643bf000)

Polling page: 0x00007f147bb1e000

CodeCache: size=245760Kb used=10064Kb max_used=10074Kb free=235695Kb
 bounds [0x00007f1465000000, 0x00007f14659f0000, 0x00007f1474000000]
 total_blobs=3514 nmethods=3134 adapters=295
 compilation: enabled

Compilation events (10 events):
Event: 16.252 Thread 0x00007f1474189000 3439       3       sun.misc.ProxyGenerator::access$408 (12 bytes)
Event: 16.253 Thread 0x00007f1474189000 nmethod 3439 0x00007f14659d2410 code [0x00007f14659d2560, 0x00007f14659d26b0]
Event: 16.253 Thread 0x00007f1474189000 3440       3       sun.misc.ProxyGenerator::checkReturnTypes (295 bytes)
Event: 16.256 Thread 0x00007f1474189000 nmethod 3440 0x00007f14659d8090 code [0x00007f14659d8560, 0x00007f14659db458]
Event: 16.276 Thread 0x00007f1474189000 3442       3       org.springframework.beans.factory.BeanFactoryUtils::transformedBeanName (35 bytes)
Event: 16.277 Thread 0x00007f1474189000 nmethod 3442 0x00007f14659dcb90 code [0x00007f14659dcd60, 0x00007f14659dd448]
Event: 16.286 Thread 0x00007f1474187000 3443       4       java.util.RegularEnumSet::add (9 bytes)
Event: 16.287 Thread 0x00007f1474187000 nmethod 3443 0x00007f14659c4550 code [0x00007f14659c46a0, 0x00007f14659c47b8]
Event: 16.288 Thread 0x00007f1474189000 3444       3       org.springframework.beans.factory.support.AbstractBeanDefinition::setResource (6 bytes)
Event: 16.288 Thread 0x00007f1474189000 nmethod 3444 0x00007f14659c4210 code [0x00007f14659c4360, 0x00007f14659c44d0]

GC Heap History (10 events):
Event: 5.260 GC heap after
Heap after GC invocations=5 (full 0):
 PSYoungGen      total 136192K, used 5118K [0x00000000d6780000, 0x00000000e7880000, 0x0000000100000000)
  eden space 131072K, 0% used [0x00000000d6780000,0x00000000d6780000,0x00000000de780000)
  from space 5120K, 99% used [0x00000000de780000,0x00000000dec7fbb0,0x00000000dec80000)
  to   space 8704K, 0% used [0x00000000e7000000,0x00000000e7000000,0x00000000e7880000)
 ParOldGen       total 86016K, used 4400K [0x0000000083600000, 0x0000000088a00000, 0x00000000d6780000)
  object space 86016K, 5% used [0x0000000083600000,0x0000000083a4c068,0x0000000088a00000)
 Metaspace       used 14204K, capacity 14650K, committed 14720K, reserved 1062912K
  class space    used 1760K, capacity 1893K, committed 1920K, reserved 1048576K
}
Event: 6.541 GC heap before
{Heap before GC invocations=6 (full 0):
 PSYoungGen      total 136192K, used 136190K [0x00000000d6780000, 0x00000000e7880000, 0x0000000100000000)
  eden space 131072K, 100% used [0x00000000d6780000,0x00000000de780000,0x00000000de780000)
  from space 5120K, 99% used [0x00000000de780000,0x00000000dec7fbb0,0x00000000dec80000)
  to   space 8704K, 0% used [0x00000000e7000000,0x00000000e7000000,0x00000000e7880000)
 ParOldGen       total 86016K, used 4400K [0x0000000083600000, 0x0000000088a00000, 0x00000000d6780000)
  object space 86016K, 5% used [0x0000000083600000,0x0000000083a4c068,0x0000000088a00000)
 Metaspace       used 17535K, capacity 18042K, committed 18304K, reserved 1064960K
  class space    used 2212K, capacity 2375K, committed 2432K, reserved 1048576K
Event: 6.611 GC heap after
Heap after GC invocations=6 (full 0):
 PSYoungGen      total 268800K, used 8691K [0x00000000d6780000, 0x00000000e7c80000, 0x0000000100000000)
  eden space 260096K, 0% used [0x00000000d6780000,0x00000000d6780000,0x00000000e6580000)
  from space 8704K, 99% used [0x00000000e7000000,0x00000000e787cc68,0x00000000e7880000)
  to   space 10752K, 0% used [0x00000000e6580000,0x00000000e6580000,0x00000000e7000000)
 ParOldGen       total 86016K, used 5940K [0x0000000083600000, 0x0000000088a00000, 0x00000000d6780000)
  object space 86016K, 6% used [0x0000000083600000,0x0000000083bcd190,0x0000000088a00000)
 Metaspace       used 17535K, capacity 18042K, committed 18304K, reserved 1064960K
  class space    used 2212K, capacity 2375K, committed 2432K, reserved 1048576K
}
Event: 7.784 GC heap before
{Heap before GC invocations=7 (full 0):
 PSYoungGen      total 268800K, used 69562K [0x00000000d6780000, 0x00000000e7c80000, 0x0000000100000000)
  eden space 260096K, 23% used [0x00000000d6780000,0x00000000da2f1db8,0x00000000e6580000)
  from space 8704K, 99% used [0x00000000e7000000,0x00000000e787cc68,0x00000000e7880000)
  to   space 10752K, 0% used [0x00000000e6580000,0x00000000e6580000,0x00000000e7000000)
 ParOldGen       total 86016K, used 5940K [0x0000000083600000, 0x0000000088a00000, 0x00000000d6780000)
  object space 86016K, 6% used [0x0000000083600000,0x0000000083bcd190,0x0000000088a00000)
 Metaspace       used 20483K, capacity 21016K, committed 21248K, reserved 1067008K
  class space    used 2556K, capacity 2700K, committed 2816K, reserved 1048576K
Event: 7.801 GC heap after
Heap after GC invocations=7 (full 0):
 PSYoungGen      total 270848K, used 4960K [0x00000000d6780000, 0x00000000f7880000, 0x0000000100000000)
  eden space 260096K, 0% used [0x00000000d6780000,0x00000000d6780000,0x00000000e6580000)
  from space 10752K, 46% used [0x00000000e6580000,0x00000000e6a58000,0x00000000e7000000)
  to   space 10752K, 0% used [0x00000000f6e00000,0x00000000f6e00000,0x00000000f7880000)
 ParOldGen       total 86016K, used 8377K [0x0000000083600000, 0x0000000088a00000, 0x00000000d6780000)
  object space 86016K, 9% used [0x0000000083600000,0x0000000083e2e710,0x0000000088a00000)
 Metaspace       used 20483K, capacity 21016K, committed 21248K, reserved 1067008K
  class space    used 2556K, capacity 2700K, committed 2816K, reserved 1048576K
}
Event: 7.801 GC heap before
{Heap before GC invocations=8 (full 1):
 PSYoungGen      total 270848K, used 4960K [0x00000000d6780000, 0x00000000f7880000, 0x0000000100000000)
  eden space 260096K, 0% used [0x00000000d6780000,0x00000000d6780000,0x00000000e6580000)
  from space 10752K, 46% used [0x00000000e6580000,0x00000000e6a58000,0x00000000e7000000)
  to   space 10752K, 0% used [0x00000000f6e00000,0x00000000f6e00000,0x00000000f7880000)
 ParOldGen       total 86016K, used 8377K [0x0000000083600000, 0x0000000088a00000, 0x00000000d6780000)
  object space 86016K, 9% used [0x0000000083600000,0x0000000083e2e710,0x0000000088a00000)
 Metaspace       used 20483K, capacity 21016K, committed 21248K, reserved 1067008K
  class space    used 2556K, capacity 2700K, committed 2816K, reserved 1048576K
Event: 7.877 GC heap after
Heap after GC invocations=8 (full 1):
 PSYoungGen      total 270848K, used 0K [0x00000000d6780000, 0x00000000f7880000, 0x0000000100000000)
  eden space 260096K, 0% used [0x00000000d6780000,0x00000000d6780000,0x00000000e6580000)
  from space 10752K, 0% used [0x00000000e6580000,0x00000000e6580000,0x00000000e7000000)
  to   space 10752K, 0% used [0x00000000f6e00000,0x00000000f6e00000,0x00000000f7880000)
 ParOldGen       total 52224K, used 7213K [0x0000000083600000, 0x0000000086900000, 0x00000000d6780000)
  object space 52224K, 13% used [0x0000000083600000,0x0000000083d0b448,0x0000000086900000)
 Metaspace       used 20483K, capacity 21016K, committed 21248K, reserved 1067008K
  class space    used 2556K, capacity 2700K, committed 2816K, reserved 1048576K
}
Event: 11.534 GC heap before
{Heap before GC invocations=9 (full 1):
 PSYoungGen      total 270848K, used 260096K [0x00000000d6780000, 0x00000000f7880000, 0x0000000100000000)
  eden space 260096K, 100% used [0x00000000d6780000,0x00000000e6580000,0x00000000e6580000)
  from space 10752K, 0% used [0x00000000e6580000,0x00000000e6580000,0x00000000e7000000)
  to   space 10752K, 0% used [0x00000000f6e00000,0x00000000f6e00000,0x00000000f7880000)
 ParOldGen       total 52224K, used 7213K [0x0000000083600000, 0x0000000086900000, 0x00000000d6780000)
  object space 52224K, 13% used [0x0000000083600000,0x0000000083d0b448,0x0000000086900000)
 Metaspace       used 24542K, capacity 25330K, committed 25472K, reserved 1071104K
  class space    used 3171K, capacity 3361K, committed 3456K, reserved 1048576K
Event: 11.593 GC heap after
Heap after GC invocations=9 (full 1):
 PSYoungGen      total 457216K, used 9355K [0x00000000d6780000, 0x00000000f7780000, 0x0000000100000000)
  eden space 447488K, 0% used [0x00000000d6780000,0x00000000d6780000,0x00000000f1c80000)
  from space 9728K, 96% used [0x00000000f6e00000,0x00000000f7722f08,0x00000000f7780000)
  to   space 11776K, 0% used [0x00000000f6080000,0x00000000f6080000,0x00000000f6c00000)
 ParOldGen       total 52224K, used 7221K [0x0000000083600000, 0x0000000086900000, 0x00000000d6780000)
  object space 52224K, 13% used [0x0000000083600000,0x0000000083d0d448,0x0000000086900000)
 Metaspace       used 24542K, capacity 25330K, committed 25472K, reserved 1071104K
  class space    used 3171K, capacity 3361K, committed 3456K, reserved 1048576K
}
Event: 16.300 GC heap before
{Heap before GC invocations=10 (full 1):
 PSYoungGen      total 457216K, used 456843K [0x00000000d6780000, 0x00000000f7780000, 0x0000000100000000)
  eden space 447488K, 100% used [0x00000000d6780000,0x00000000f1c80000,0x00000000f1c80000)
  from space 9728K, 96% used [0x00000000f6e00000,0x00000000f7722f08,0x00000000f7780000)
  to   space 11776K, 0% used [0x00000000f6080000,0x00000000f6080000,0x00000000f6c00000)
 ParOldGen       total 52224K, used 7221K [0x0000000083600000, 0x0000000086900000, 0x00000000d6780000)
  object space 52224K, 13% used [0x0000000083600000,0x0000000083d0d448,0x0000000086900000)
 Metaspace       used 29477K, capacity 30668K, committed 30720K, reserved 1075200K
  class space    used 3807K, capacity 4064K, committed 4096K, reserved 1048576K

Deoptimization events (10 events):
Event: 15.838 Thread 0x00007f147400b800 Uncommon trap: reason=class_check action=maybe_recompile pc=0x00007f14657cb600 method=org.springframework.util.ConcurrentReferenceHashMap.get(Ljava/lang/Object;)Ljava/lang/Object; @ 14
Event: 15.849 Thread 0x00007f147400b800 Uncommon trap: reason=class_check action=maybe_recompile pc=0x00007f1465784ff8 method=org.springframework.util.ConcurrentReferenceHashMap$Segment.findInChain(Lorg/springframework/util/ConcurrentReferenceHashMap$Reference;Ljava/lang/Object;I)Lorg/springfra
Event: 15.850 Thread 0x00007f147400b800 Uncommon trap: reason=class_check action=maybe_recompile pc=0x00007f1465742f38 method=org.springframework.util.ConcurrentReferenceHashMap$Segment.findInChain(Lorg/springframework/util/ConcurrentReferenceHashMap$Reference;Ljava/lang/Object;I)Lorg/springfra
Event: 15.851 Thread 0x00007f147400b800 Uncommon trap: reason=class_check action=maybe_recompile pc=0x00007f1465784ff8 method=org.springframework.util.ConcurrentReferenceHashMap$Segment.findInChain(Lorg/springframework/util/ConcurrentReferenceHashMap$Reference;Ljava/lang/Object;I)Lorg/springfra
Event: 15.851 Thread 0x00007f147400b800 Uncommon trap: reason=class_check action=maybe_recompile pc=0x00007f14657cb600 method=org.springframework.util.ConcurrentReferenceHashMap.get(Ljava/lang/Object;)Ljava/lang/Object; @ 14
Event: 15.993 Thread 0x00007f147400b800 Uncommon trap: reason=class_check action=maybe_recompile pc=0x00007f14657cb600 method=org.springframework.util.ConcurrentReferenceHashMap.get(Ljava/lang/Object;)Ljava/lang/Object; @ 14
Event: 16.010 Thread 0x00007f147400b800 Uncommon trap: reason=class_check action=maybe_recompile pc=0x00007f14653bdd90 method=org.springframework.util.ConcurrentReferenceHashMap.get(Ljava/lang/Object;)Ljava/lang/Object; @ 14
Event: 16.081 Thread 0x00007f147400b800 Uncommon trap: reason=unstable_if action=reinterpret pc=0x00007f1465285f08 method=org.springframework.core.annotation.MergedAnnotationsCollection.isMappingForType(Lorg/springframework/core/annotation/AnnotationTypeMapping;Ljava/lang/Object;)Z @ 13
Event: 16.081 Thread 0x00007f147400b800 Uncommon trap: reason=unstable_if action=reinterpret pc=0x00007f14658cca60 method=org.springframework.core.annotation.MergedAnnotationsCollection.isMappingForType(Lorg/springframework/core/annotation/AnnotationTypeMapping;Ljava/lang/Object;)Z @ 13
Event: 16.083 Thread 0x00007f147400b800 Uncommon trap: reason=unstable_if action=reinterpret pc=0x00007f146579a710 method=org.springframework.core.annotation.MergedAnnotationsCollection.isMappingForType(Lorg/springframework/core/annotation/AnnotationTypeMapping;Ljava/lang/Object;)Z @ 13

Classes redefined (0 events):
No events

Internal exceptions (10 events):
Event: 9.842 Thread 0x00007f147400b800 Exception <a 'java/lang/ClassNotFoundException': org/springframework/beans/factory/BeanClassLoaderAwareCustomizer> (0x00000000e07348c8) thrown at [/build/openjdk-8-iDEGXt/openjdk-8-8u352-ga/src/hotspot/src/share/vm/classfile/systemDictionary.cpp, line 217
Event: 9.845 Thread 0x00007f147400b800 Exception <a 'java/lang/ClassNotFoundException': org/springframework/beans/factory/AwareCustomizer> (0x00000000e07d4650) thrown at [/build/openjdk-8-iDEGXt/openjdk-8-8u352-ga/src/hotspot/src/share/vm/classfile/systemDictionary.cpp, line 217]
Event: 9.849 Thread 0x00007f147400b800 Exception <a 'java/lang/ClassNotFoundException': org/springframework/context/EnvironmentAwareCustomizer> (0x00000000e08790d8) thrown at [/build/openjdk-8-iDEGXt/openjdk-8-8u352-ga/src/hotspot/src/share/vm/classfile/systemDictionary.cpp, line 217]
Event: 9.850 Thread 0x00007f147400b800 Exception <a 'java/lang/ClassNotFoundException': org/springframework/beans/factory/AwareCustomizer> (0x00000000e0918d40) thrown at [/build/openjdk-8-iDEGXt/openjdk-8-8u352-ga/src/hotspot/src/share/vm/classfile/systemDictionary.cpp, line 217]
Event: 9.994 Thread 0x00007f147400b800 Exception <a 'java/lang/ClassNotFoundException': org/springframework/boot/loader/jar/Handler> (0x00000000e146ace0) thrown at [/build/openjdk-8-iDEGXt/openjdk-8-8u352-ga/src/hotspot/src/share/vm/classfile/systemDictionary.cpp, line 217]
Event: 10.892 Thread 0x00007f147400b800 Exception <a 'java/lang/NoSuchMethodError': java.lang.Object.lambda$getAllAnnotationAttributes$0(Lorg/springframework/util/MultiValueMap;)Lorg/springframework/util/MultiValueMap;> (0x00000000e37bf758) thrown at [/build/openjdk-8-iDEGXt/openjdk-8-8u352-ga/
Event: 10.897 Thread 0x00007f147400b800 Exception <a 'java/lang/NoSuchMethodError': java.lang.Object.lambda$identity$2(Ljava/lang/Object;)Ljava/lang/Object;> (0x00000000e37f6588) thrown at [/build/openjdk-8-iDEGXt/openjdk-8-8u352-ga/src/hotspot/src/share/vm/interpreter/linkResolver.cpp, line 62
Event: 12.391 Thread 0x00007f147400b800 Exception <a 'java/lang/IncompatibleClassChangeError': Found class java.lang.Object, but interface was expected> (0x00000000df155cf0) thrown at [/build/openjdk-8-iDEGXt/openjdk-8-8u352-ga/src/hotspot/src/share/vm/interpreter/linkResolver.cpp, line 653]
Event: 15.451 Thread 0x00007f147400b800 Exception <a 'java/lang/NoSuchMethodError': java.lang.Object.lambda$getRequiredAttribute$0(Ljava/lang/String;)Ljava/lang/IllegalArgumentException;> (0x00000000ecea7ca8) thrown at [/build/openjdk-8-iDEGXt/openjdk-8-8u352-ga/src/hotspot/src/share/vm/interpr
Event: 15.883 Thread 0x00007f147400b800 Exception <a 'java/lang/NoSuchMethodError': java.lang.Object.lambda$andThen$1(Ljava/util/function/Function;Ljava/lang/Object;)Ljava/lang/Object;> (0x00000000eee9ce50) thrown at [/build/openjdk-8-iDEGXt/openjdk-8-8u352-ga/src/hotspot/src/share/vm/interpret

Events (10 events):
Event: 16.285 loading class org/springframework/beans/factory/config/ConstructorArgumentValues$ValueHolder done
Event: 16.285 loading class org/springframework/beans/factory/config/ConstructorArgumentValues$ValueHolder
Event: 16.285 loading class org/springframework/beans/factory/config/ConstructorArgumentValues$ValueHolder done
Event: 16.285 loading class org/springframework/beans/factory/config/ConstructorArgumentValues
Event: 16.285 loading class org/springframework/beans/factory/config/ConstructorArgumentValues done
Event: 16.290 loading class org/aspectj/lang/NoAspectBoundException
Event: 16.290 loading class org/aspectj/lang/NoAspectBoundException done
Event: 16.295 loading class org/springframework/beans/factory/wiring/BeanWiringInfoResolver
Event: 16.295 loading class org/springframework/beans/factory/wiring/BeanWiringInfoResolver done
Event: 16.296 Executing VM operation: ParallelGCFailedAllocation


Dynamic libraries:
83600000-86900000 rw-p 00000000 00:00 0 
86900000-d6780000 ---p 00000000 00:00 0 
d6780000-f7780000 rw-p 00000000 00:00 0 
100000000-100400000 rw-p 00000000 00:00 0 
100400000-140000000 ---p 00000000 00:00 0 
5563953b2000-5563953b3000 r-xp 00000000 08:00 1581847                    /usr/lib/jvm/java-8-openjdk-amd64/jre/bin/java
5563955b2000-5563955b3000 r--p 00000000 08:00 1581847                    /usr/lib/jvm/java-8-openjdk-amd64/jre/bin/java
5563955b3000-5563955b4000 rw-p 00001000 08:00 1581847                    /usr/lib/jvm/java-8-openjdk-amd64/jre/bin/java
55639755c000-55639757d000 rw-p 00000000 00:00 0                          [heap]
7f1418000000-7f1418021000 rw-p 00000000 00:00 0 
7f1418021000-7f141c000000 ---p 00000000 00:00 0 
7f141c000000-7f141c021000 rw-p 00000000 00:00 0 
7f141c021000-7f1420000000 ---p 00000000 00:00 0 
7f1420000000-7f1420021000 rw-p 00000000 00:00 0 
7f1420021000-7f1424000000 ---p 00000000 00:00 0 
7f1424000000-7f142454b000 rw-p 00000000 00:00 0 
7f142454b000-7f1428000000 ---p 00000000 00:00 0 
7f1428000000-7f14287ec000 rw-p 00000000 00:00 0 
7f14287ec000-7f142c000000 ---p 00000000 00:00 0 
7f142c000000-7f142c021000 rw-p 00000000 00:00 0 
7f142c021000-7f1430000000 ---p 00000000 00:00 0 
7f1430000000-7f1430be1000 rw-p 00000000 00:00 0 
7f1430be1000-7f1434000000 ---p 00000000 00:00 0 
7f1434000000-7f1434fb8000 rw-p 00000000 00:00 0 
7f1434fb8000-7f1438000000 ---p 00000000 00:00 0 
7f1438000000-7f1438021000 rw-p 00000000 00:00 0 
7f1438021000-7f143c000000 ---p 00000000 00:00 0 
7f143c000000-7f143c021000 rw-p 00000000 00:00 0 
7f143c021000-7f1440000000 ---p 00000000 00:00 0 
7f1440000000-7f144003c000 rw-p 00000000 00:00 0 
7f144003c000-7f1444000000 ---p 00000000 00:00 0 
7f1444000000-7f1444021000 rw-p 00000000 00:00 0 
7f1444021000-7f1448000000 ---p 00000000 00:00 0 
7f1448000000-7f1448021000 rw-p 00000000 00:00 0 
7f1448021000-7f144c000000 ---p 00000000 00:00 0 
7f144c000000-7f144c021000 rw-p 00000000 00:00 0 
7f144c021000-7f1450000000 ---p 00000000 00:00 0 
7f1454000000-7f1454021000 rw-p 00000000 00:00 0 
7f1454021000-7f1458000000 ---p 00000000 00:00 0 
7f1458243000-7f1458443000 rw-p 00000000 00:00 0 
7f1458443000-7f1458643000 rw-p 00000000 00:00 0 
7f1458643000-7f1458843000 rw-p 00000000 00:00 0 
7f1458843000-7f1458a43000 rw-p 00000000 00:00 0 
7f1458a43000-7f1458a46000 ---p 00000000 00:00 0 
7f1458a46000-7f1458b44000 rw-p 00000000 00:00 0 
7f1458b44000-7f1458b47000 ---p 00000000 00:00 0 
7f1458b47000-7f1458e45000 rw-p 00000000 00:00 0 
7f1458e45000-7f1459045000 rw-p 00000000 00:00 0 
7f1459045000-7f145904e000 r-xp 00000000 08:00 1715607                    /usr/lib/jvm/java-8-openjdk-amd64/jre/lib/amd64/libmanagement.so
7f145904e000-7f145924d000 ---p 00009000 08:00 1715607                    /usr/lib/jvm/java-8-openjdk-amd64/jre/lib/amd64/libmanagement.so
7f145924d000-7f145924e000 r--p 00008000 08:00 1715607                    /usr/lib/jvm/java-8-openjdk-amd64/jre/lib/amd64/libmanagement.so
7f145924e000-7f145924f000 rw-p 00009000 08:00 1715607                    /usr/lib/jvm/java-8-openjdk-amd64/jre/lib/amd64/libmanagement.so
7f145924f000-7f145944f000 rw-p 00000000 00:00 0 
7f145944f000-7f145964f000 rw-p 00000000 00:00 0 
7f145964f000-7f145984f000 rw-p 00000000 00:00 0 
7f145984f000-7f1459852000 ---p 00000000 00:00 0 
7f1459852000-7f1459950000 rw-p 00000000 00:00 0 
7f1459950000-7f1459968000 r-xp 00000000 08:00 1715609                    /usr/lib/jvm/java-8-openjdk-amd64/jre/lib/amd64/libnet.so
7f1459968000-7f1459b67000 ---p 00018000 08:00 1715609                    /usr/lib/jvm/java-8-openjdk-amd64/jre/lib/amd64/libnet.so
7f1459b67000-7f1459b68000 r--p 00017000 08:00 1715609                    /usr/lib/jvm/java-8-openjdk-amd64/jre/lib/amd64/libnet.so
7f1459b68000-7f1459b69000 rw-p 00018000 08:00 1715609                    /usr/lib/jvm/java-8-openjdk-amd64/jre/lib/amd64/libnet.so
7f1459b69000-7f1459b7b000 r-xp 00000000 08:00 1715610                    /usr/lib/jvm/java-8-openjdk-amd64/jre/lib/amd64/libnio.so
7f1459b7b000-7f1459d7a000 ---p 00012000 08:00 1715610                    /usr/lib/jvm/java-8-openjdk-amd64/jre/lib/amd64/libnio.so
7f1459d7a000-7f1459d7b000 r--p 00011000 08:00 1715610                    /usr/lib/jvm/java-8-openjdk-amd64/jre/lib/amd64/libnio.so
7f1459d7b000-7f1459d7c000 rw-p 00012000 08:00 1715610                    /usr/lib/jvm/java-8-openjdk-amd64/jre/lib/amd64/libnio.so
7f1459d7c000-7f1459d7d000 ---p 00000000 00:00 0 
7f1459d7d000-7f1459e7d000 rw-p 00000000 00:00 0 
7f1459e7d000-7f1459e80000 ---p 00000000 00:00 0 
7f1459e80000-7f1459f7e000 rw-p 00000000 00:00 0 
7f1459f7e000-7f1459f7f000 ---p 00000000 00:00 0 
7f1459f7f000-7f1459f82000 ---p 00000000 00:00 0 
7f1459f82000-7f145a07f000 rw-p 00000000 00:00 0 
7f145a07f000-7f145a080000 ---p 00000000 00:00 0 
7f145a080000-7f145a083000 ---p 00000000 00:00 0 
7f145a083000-7f145a180000 rw-p 00000000 00:00 0 
7f145a180000-7f145a181000 ---p 00000000 00:00 0 
7f145a181000-7f145a184000 ---p 00000000 00:00 0 
7f145a184000-7f145a281000 rw-p 00000000 00:00 0 
7f145a281000-7f145a284000 ---p 00000000 00:00 0 
7f145a284000-7f145a382000 rw-p 00000000 00:00 0 
7f145a382000-7f145a51d000 r--p 00000000 08:00 306                        /usr/lib/locale/locale-archive
7f145a51d000-7f145a520000 ---p 00000000 00:00 0 
7f145a520000-7f145a61e000 rw-p 00000000 00:00 0 
7f145a61e000-7f145a621000 ---p 00000000 00:00 0 
7f145a621000-7f145a71f000 rw-p 00000000 00:00 0 
7f145a71f000-7f145a720000 ---p 00000000 00:00 0 
7f145a720000-7f145b62e000 rw-p 00000000 00:00 0 
7f145b62e000-7f145b800000 r--s 03cbc000 08:00 1581871                    /usr/lib/jvm/java-8-openjdk-amd64/jre/lib/rt.jar
7f145b800000-7f145c000000 rw-p 00000000 00:00 0 
7f145c000000-7f145c021000 rw-p 00000000 00:00 0 
7f145c021000-7f1460000000 ---p 00000000 00:00 0 
7f1460037000-7f1460048000 r--s 001c5000 08:00 1581866                    /usr/lib/jvm/java-8-openjdk-amd64/jre/lib/jsse.jar
7f1460048000-7f1460053000 r--s 04fd3000 08:00 1049629                    /var/app/txst/target/TXST-0.0.1-SNAPSHOT.jar
7f1460053000-7f146006e000 r--s 00394000 08:00 1971048                    /usr/lib/jvm/java-8-openjdk-amd64/jre/lib/ext/cldrdata.jar
7f146006e000-7f1460089000 r--s 001d6000 08:00 1971053                    /usr/lib/jvm/java-8-openjdk-amd64/jre/lib/ext/nashorn.jar
7f1460089000-7f14643bf000 rw-p 00000000 00:00 0 
7f14643bf000-7f14643c0000 ---p 00000000 00:00 0 
7f14643c0000-7f14644c0000 rw-p 00000000 00:00 0 
7f14644c0000-7f14644c1000 ---p 00000000 00:00 0 
7f14644c1000-7f14645db000 rw-p 00000000 00:00 0 
7f14645db000-7f146485a000 ---p 00000000 00:00 0 
7f146485a000-7f1464874000 rw-p 00000000 00:00 0 
7f1464874000-7f1464af2000 ---p 00000000 00:00 0 
7f1464af2000-7f1464bfb000 rw-p 00000000 00:00 0 
7f1464bfb000-7f1464c3f000 ---p 00000000 00:00 0 
7f1464c3f000-7f1464c68000 rw-p 00000000 00:00 0 
7f1464c68000-7f1465000000 ---p 00000000 00:00 0 
7f1465000000-7f14659f0000 rwxp 00000000 00:00 0 
7f14659f0000-7f1474000000 ---p 00000000 00:00 0 
7f1474000000-7f1474e2c000 rw-p 00000000 00:00 0 
7f1474e2c000-7f1478000000 ---p 00000000 00:00 0 
7f1478001000-7f1478007000 r--s 0003e000 08:00 1971055                    /usr/lib/jvm/java-8-openjdk-amd64/jre/lib/ext/sunjce_provider.jar
7f1478007000-7f147807d000 rw-p 00000000 00:00 0 
7f147807d000-7f147807e000 ---p 00000000 00:00 0 
7f147807e000-7f147817e000 rw-p 00000000 00:00 0 
7f147817e000-7f147817f000 ---p 00000000 00:00 0 
7f147817f000-7f147827f000 rw-p 00000000 00:00 0 
7f147827f000-7f1478287000 r-xp 00000000 08:00 1715617                    /usr/lib/jvm/java-8-openjdk-amd64/jre/lib/amd64/libzip.so
7f1478287000-7f1478486000 ---p 00008000 08:00 1715617                    /usr/lib/jvm/java-8-openjdk-amd64/jre/lib/amd64/libzip.so
7f1478486000-7f1478487000 r--p 00007000 08:00 1715617                    /usr/lib/jvm/java-8-openjdk-amd64/jre/lib/amd64/libzip.so
7f1478487000-7f1478488000 rw-p 00008000 08:00 1715617                    /usr/lib/jvm/java-8-openjdk-amd64/jre/lib/amd64/libzip.so
7f1478488000-7f1478493000 r-xp 00000000 08:00 8135                       /lib/x86_64-linux-gnu/libnss_files-2.27.so
7f1478493000-7f1478692000 ---p 0000b000 08:00 8135                       /lib/x86_64-linux-gnu/libnss_files-2.27.so
7f1478692000-7f1478693000 r--p 0000a000 08:00 8135                       /lib/x86_64-linux-gnu/libnss_files-2.27.so
7f1478693000-7f1478694000 rw-p 0000b000 08:00 8135                       /lib/x86_64-linux-gnu/libnss_files-2.27.so
7f1478694000-7f147869a000 rw-p 00000000 00:00 0 
7f147869a000-7f14786b1000 r-xp 00000000 08:00 8132                       /lib/x86_64-linux-gnu/libnsl-2.27.so
7f14786b1000-7f14788b0000 ---p 00017000 08:00 8132                       /lib/x86_64-linux-gnu/libnsl-2.27.so
7f14788b0000-7f14788b1000 r--p 00016000 08:00 8132                       /lib/x86_64-linux-gnu/libnsl-2.27.so
7f14788b1000-7f14788b2000 rw-p 00017000 08:00 8132                       /lib/x86_64-linux-gnu/libnsl-2.27.so
7f14788b2000-7f14788b4000 rw-p 00000000 00:00 0 
7f14788b4000-7f14788bf000 r-xp 00000000 08:00 8137                       /lib/x86_64-linux-gnu/libnss_nis-2.27.so
7f14788bf000-7f1478abe000 ---p 0000b000 08:00 8137                       /lib/x86_64-linux-gnu/libnss_nis-2.27.so
7f1478abe000-7f1478abf000 r--p 0000a000 08:00 8137                       /lib/x86_64-linux-gnu/libnss_nis-2.27.so
7f1478abf000-7f1478ac0000 rw-p 0000b000 08:00 8137                       /lib/x86_64-linux-gnu/libnss_nis-2.27.so
7f1478ac0000-7f1478ac8000 r-xp 00000000 08:00 8133                       /lib/x86_64-linux-gnu/libnss_compat-2.27.so
7f1478ac8000-7f1478cc8000 ---p 00008000 08:00 8133                       /lib/x86_64-linux-gnu/libnss_compat-2.27.so
7f1478cc8000-7f1478cc9000 r--p 00008000 08:00 8133                       /lib/x86_64-linux-gnu/libnss_compat-2.27.so
7f1478cc9000-7f1478cca000 rw-p 00009000 08:00 8133                       /lib/x86_64-linux-gnu/libnss_compat-2.27.so
7f1478cca000-7f1478cf4000 r-xp 00000000 08:00 1715598                    /usr/lib/jvm/java-8-openjdk-amd64/jre/lib/amd64/libjava.so
7f1478cf4000-7f1478ef4000 ---p 0002a000 08:00 1715598                    /usr/lib/jvm/java-8-openjdk-amd64/jre/lib/amd64/libjava.so
7f1478ef4000-7f1478ef5000 r--p 0002a000 08:00 1715598                    /usr/lib/jvm/java-8-openjdk-amd64/jre/lib/amd64/libjava.so
7f1478ef5000-7f1478ef7000 rw-p 0002b000 08:00 1715598                    /usr/lib/jvm/java-8-openjdk-amd64/jre/lib/amd64/libjava.so
7f1478ef7000-7f1478f07000 r-xp 00000000 08:00 1715616                    /usr/lib/jvm/java-8-openjdk-amd64/jre/lib/amd64/libverify.so
7f1478f07000-7f1479106000 ---p 00010000 08:00 1715616                    /usr/lib/jvm/java-8-openjdk-amd64/jre/lib/amd64/libverify.so
7f1479106000-7f1479108000 r--p 0000f000 08:00 1715616                    /usr/lib/jvm/java-8-openjdk-amd64/jre/lib/amd64/libverify.so
7f1479108000-7f1479109000 rw-p 00011000 08:00 1715616                    /usr/lib/jvm/java-8-openjdk-amd64/jre/lib/amd64/libverify.so
7f1479109000-7f1479110000 r-xp 00000000 08:00 8142                       /lib/x86_64-linux-gnu/librt-2.27.so
7f1479110000-7f147930f000 ---p 00007000 08:00 8142                       /lib/x86_64-linux-gnu/librt-2.27.so
7f147930f000-7f1479310000 r--p 00006000 08:00 8142                       /lib/x86_64-linux-gnu/librt-2.27.so
7f1479310000-7f1479311000 rw-p 00007000 08:00 8142                       /lib/x86_64-linux-gnu/librt-2.27.so
7f1479311000-7f1479328000 r-xp 00000000 08:00 3324                       /lib/x86_64-linux-gnu/libgcc_s.so.1
7f1479328000-7f1479527000 ---p 00017000 08:00 3324                       /lib/x86_64-linux-gnu/libgcc_s.so.1
7f1479527000-7f1479528000 r--p 00016000 08:00 3324                       /lib/x86_64-linux-gnu/libgcc_s.so.1
7f1479528000-7f1479529000 rw-p 00017000 08:00 3324                       /lib/x86_64-linux-gnu/libgcc_s.so.1
7f1479529000-7f14796c6000 r-xp 00000000 08:00 8129                       /lib/x86_64-linux-gnu/libm-2.27.so
7f14796c6000-7f14798c5000 ---p 0019d000 08:00 8129                       /lib/x86_64-linux-gnu/libm-2.27.so
7f14798c5000-7f14798c6000 r--p 0019c000 08:00 8129                       /lib/x86_64-linux-gnu/libm-2.27.so
7f14798c6000-7f14798c7000 rw-p 0019d000 08:00 8129                       /lib/x86_64-linux-gnu/libm-2.27.so
7f14798c7000-7f1479a40000 r-xp 00000000 08:00 700                        /usr/lib/x86_64-linux-gnu/libstdc++.so.6.0.25
7f1479a40000-7f1479c40000 ---p 00179000 08:00 700                        /usr/lib/x86_64-linux-gnu/libstdc++.so.6.0.25
7f1479c40000-7f1479c4a000 r--p 00179000 08:00 700                        /usr/lib/x86_64-linux-gnu/libstdc++.so.6.0.25
7f1479c4a000-7f1479c4c000 rw-p 00183000 08:00 700                        /usr/lib/x86_64-linux-gnu/libstdc++.so.6.0.25
7f1479c4c000-7f1479c50000 rw-p 00000000 00:00 0 
7f1479c50000-7f147a9c7000 r-xp 00000000 08:00 1971040                    /usr/lib/jvm/java-8-openjdk-amd64/jre/lib/amd64/server/libjvm.so
7f147a9c7000-7f147abc6000 ---p 00d77000 08:00 1971040                    /usr/lib/jvm/java-8-openjdk-amd64/jre/lib/amd64/server/libjvm.so
7f147abc6000-7f147ac5c000 r--p 00d76000 08:00 1971040                    /usr/lib/jvm/java-8-openjdk-amd64/jre/lib/amd64/server/libjvm.so
7f147ac5c000-7f147ac85000 rw-p 00e0c000 08:00 1971040                    /usr/lib/jvm/java-8-openjdk-amd64/jre/lib/amd64/server/libjvm.so
7f147ac85000-7f147acb8000 rw-p 00000000 00:00 0 
7f147acb8000-7f147acd2000 r-xp 00000000 08:00 8140                       /lib/x86_64-linux-gnu/libpthread-2.27.so
7f147acd2000-7f147aed1000 ---p 0001a000 08:00 8140                       /lib/x86_64-linux-gnu/libpthread-2.27.so
7f147aed1000-7f147aed2000 r--p 00019000 08:00 8140                       /lib/x86_64-linux-gnu/libpthread-2.27.so
7f147aed2000-7f147aed3000 rw-p 0001a000 08:00 8140                       /lib/x86_64-linux-gnu/libpthread-2.27.so
7f147aed3000-7f147aed7000 rw-p 00000000 00:00 0 
7f147aed7000-7f147aeda000 r-xp 00000000 08:00 8128                       /lib/x86_64-linux-gnu/libdl-2.27.so
7f147aeda000-7f147b0d9000 ---p 00003000 08:00 8128                       /lib/x86_64-linux-gnu/libdl-2.27.so
7f147b0d9000-7f147b0da000 r--p 00002000 08:00 8128                       /lib/x86_64-linux-gnu/libdl-2.27.so
7f147b0da000-7f147b0db000 rw-p 00003000 08:00 8128                       /lib/x86_64-linux-gnu/libdl-2.27.so
7f147b0db000-7f147b0f7000 r-xp 00000000 08:00 131377                     /lib/x86_64-linux-gnu/libz.so.1.2.11
7f147b0f7000-7f147b2f6000 ---p 0001c000 08:00 131377                     /lib/x86_64-linux-gnu/libz.so.1.2.11
7f147b2f6000-7f147b2f7000 r--p 0001b000 08:00 131377                     /lib/x86_64-linux-gnu/libz.so.1.2.11
7f147b2f7000-7f147b2f8000 rw-p 0001c000 08:00 131377                     /lib/x86_64-linux-gnu/libz.so.1.2.11
7f147b2f8000-7f147b4df000 r-xp 00000000 08:00 8125                       /lib/x86_64-linux-gnu/libc-2.27.so
7f147b4df000-7f147b6df000 ---p 001e7000 08:00 8125                       /lib/x86_64-linux-gnu/libc-2.27.so
7f147b6df000-7f147b6e3000 r--p 001e7000 08:00 8125                       /lib/x86_64-linux-gnu/libc-2.27.so
7f147b6e3000-7f147b6e5000 rw-p 001eb000 08:00 8125                       /lib/x86_64-linux-gnu/libc-2.27.so
7f147b6e5000-7f147b6e9000 rw-p 00000000 00:00 0 
7f147b6e9000-7f147b6f7000 r-xp 00000000 08:00 1841498                    /usr/lib/jvm/java-8-openjdk-amd64/jre/lib/amd64/jli/libjli.so
7f147b6f7000-7f147b8f6000 ---p 0000e000 08:00 1841498                    /usr/lib/jvm/java-8-openjdk-amd64/jre/lib/amd64/jli/libjli.so
7f147b8f6000-7f147b8f7000 r--p 0000d000 08:00 1841498                    /usr/lib/jvm/java-8-openjdk-amd64/jre/lib/amd64/jli/libjli.so
7f147b8f7000-7f147b8f8000 rw-p 0000e000 08:00 1841498                    /usr/lib/jvm/java-8-openjdk-amd64/jre/lib/amd64/jli/libjli.so
7f147b8f8000-7f147b921000 r-xp 00000000 08:00 132753                     /lib/x86_64-linux-gnu/ld-2.27.so
7f147b921000-7f147b924000 r--s 0000f000 08:00 1971050                    /usr/lib/jvm/java-8-openjdk-amd64/jre/lib/ext/icedtea-sound.jar
7f147b924000-7f147b926000 r--s 00001000 08:00 1971049                    /usr/lib/jvm/java-8-openjdk-amd64/jre/lib/ext/dnsns.jar
7f147b926000-7f147b930000 r--s 00117000 08:00 1971052                    /usr/lib/jvm/java-8-openjdk-amd64/jre/lib/ext/localedata.jar
7f147b930000-7f147b932000 r--s 00010000 08:00 1971057                    /usr/lib/jvm/java-8-openjdk-amd64/jre/lib/ext/zipfs.jar
7f147b932000-7f147b933000 r--s 0000a000 08:00 1971051                    /usr/lib/jvm/java-8-openjdk-amd64/jre/lib/ext/jaccess.jar
7f147b933000-7f147b935000 r--s 00007000 08:00 70370                      /usr/share/java/java-atk-wrapper.jar
7f147b935000-7f147b93c000 r--s 000d3000 08:00 1581865                    /usr/lib/jvm/java-8-openjdk-amd64/jre/lib/jfr.jar
7f147b93c000-7f147ba0c000 rw-p 00000000 00:00 0 
7f147ba0c000-7f147ba14000 rw-s 00000000 08:00 524389                     /tmp/hsperfdata_root/8938
7f147ba14000-7f147ba15000 ---p 00000000 00:00 0 
7f147ba15000-7f147ba18000 ---p 00000000 00:00 0 
7f147ba18000-7f147bb17000 rw-p 00000000 00:00 0 
7f147bb17000-7f147bb1b000 r--s 00041000 08:00 1971056                    /usr/lib/jvm/java-8-openjdk-amd64/jre/lib/ext/sunpkcs11.jar
7f147bb1b000-7f147bb1d000 r--s 00008000 08:00 1971054                    /usr/lib/jvm/java-8-openjdk-amd64/jre/lib/ext/sunec.jar
7f147bb1d000-7f147bb1e000 rw-p 00000000 00:00 0 
7f147bb1e000-7f147bb1f000 ---p 00000000 00:00 0 
7f147bb1f000-7f147bb21000 rw-p 00000000 00:00 0 
7f147bb21000-7f147bb22000 r--p 00029000 08:00 132753                     /lib/x86_64-linux-gnu/ld-2.27.so
7f147bb22000-7f147bb23000 rw-p 0002a000 08:00 132753                     /lib/x86_64-linux-gnu/ld-2.27.so
7f147bb23000-7f147bb24000 rw-p 00000000 00:00 0 
7fff2c2d6000-7fff2c2f7000 rw-p 00000000 00:00 0                          [stack]
7fff2c354000-7fff2c357000 r--p 00000000 00:00 0                          [vvar]
7fff2c357000-7fff2c359000 r-xp 00000000 00:00 0                          [vdso]
ffffffffff600000-ffffffffff601000 r-xp 00000000 00:00 0                  [vsyscall]

VM Arguments:
java_command: TXST-0.0.1-SNAPSHOT.jar
java_class_path (initial): TXST-0.0.1-SNAPSHOT.jar
Launcher Type: SUN_STANDARD

Environment Variables:
PATH=/usr/local/sbin:/usr/local/bin:/usr/sbin:/usr/bin:/sbin:/bin:/usr/games:/usr/local/games:/snap/bin:/root/.dotnet/tools
SHELL=/bin/bash

Signal Handlers:
SIGSEGV: [libjvm.so+0xb74830], sa_mask[0]=11111111011111111101111111111110, sa_flags=SA_RESTART|SA_SIGINFO
SIGBUS: [libjvm.so+0xb74830], sa_mask[0]=11111111011111111101111111111110, sa_flags=SA_RESTART|SA_SIGINFO
SIGFPE: [libjvm.so+0x993130], sa_mask[0]=11111111011111111101111111111110, sa_flags=SA_RESTART|SA_SIGINFO
SIGPIPE: [libjvm.so+0x993130], sa_mask[0]=11111111011111111101111111111110, sa_flags=SA_RESTART|SA_SIGINFO
SIGXFSZ: [libjvm.so+0x993130], sa_mask[0]=11111111011111111101111111111110, sa_flags=SA_RESTART|SA_SIGINFO
SIGILL: [libjvm.so+0x993130], sa_mask[0]=11111111011111111101111111111110, sa_flags=SA_RESTART|SA_SIGINFO
SIGUSR1: SIG_DFL, sa_mask[0]=00000000000000000000000000000000, sa_flags=none
SIGUSR2: [libjvm.so+0x993710], sa_mask[0]=00000000000000000000000000000000, sa_flags=SA_RESTART|SA_SIGINFO
SIGHUP: SIG_IGN, sa_mask[0]=00000000000000000000000000000000, sa_flags=none
SIGINT: [libjvm.so+0x993650], sa_mask[0]=11111111011111111101111111111110, sa_flags=SA_RESTART|SA_SIGINFO
SIGTERM: [libjvm.so+0x993650], sa_mask[0]=11111111011111111101111111111110, sa_flags=SA_RESTART|SA_SIGINFO
SIGQUIT: [libjvm.so+0x993650], sa_mask[0]=11111111011111111101111111111110, sa_flags=SA_RESTART|SA_SIGINFO


---------------  S Y S T E M  ---------------

OS:DISTRIB_ID=Ubuntu
DISTRIB_RELEASE=18.04
DISTRIB_CODENAME=bionic
DISTRIB_DESCRIPTION="Ubuntu 18.04.6 LTS"

uname:Linux 4.15.0-192-generic #203-Ubuntu SMP Wed Aug 10 17:40:03 UTC 2022 x86_64
libc:glibc 2.27 NPTL 2.27 
rlimit: STACK 8192k, CORE 0k, NPROC 31645, NOFILE 1048576, AS infinity
load average:45.26 17.41 8.36

/proc/meminfo:
MemTotal:        8167412 kB
MemFree:          140972 kB
MemAvailable:      53544 kB
Buffers:            3232 kB
Cached:            42156 kB
SwapCached:        22304 kB
Active:          6470856 kB
Inactive:         985224 kB
Active(anon):    6447680 kB
Inactive(anon):   965860 kB
Active(file):      23176 kB
Inactive(file):    19364 kB
Unevictable:           0 kB
Mlocked:               0 kB
SwapTotal:        524284 kB
SwapFree:              0 kB
Dirty:               432 kB
Writeback:             0 kB
AnonPages:       7389456 kB
Mapped:            39812 kB
Shmem:              9036 kB
Slab:             232404 kB
SReclaimable:      64416 kB
SUnreclaim:       167988 kB
KernelStack:      179968 kB
PageTables:        72000 kB
NFS_Unstable:          0 kB
Bounce:                0 kB
WritebackTmp:          0 kB
CommitLimit:     4607988 kB
Committed_AS:   75484092 kB
VmallocTotal:   34359738367 kB
VmallocUsed:           0 kB
VmallocChunk:          0 kB
HardwareCorrupted:     0 kB
AnonHugePages:         0 kB
ShmemHugePages:        0 kB
ShmemPmdMapped:        0 kB
CmaTotal:              0 kB
CmaFree:               0 kB
HugePages_Total:       0
HugePages_Free:        0
HugePages_Rsvd:        0
HugePages_Surp:        0
Hugepagesize:       2048 kB
DirectMap4k:     2928488 kB
DirectMap2M:     5459968 kB
DirectMap1G:     2097152 kB

container (cgroup) information:
container_type: cgroupv1
cpu_cpuset_cpus: 0-3
cpu_memory_nodes: 0
active_processor_count: 4
cpu_quota: -1
cpu_period: 100000
cpu_shares: -1
memory_limit_in_bytes: -1
memory_and_swap_limit_in_bytes: -2
memory_soft_limit_in_bytes: -1
memory_usage_in_bytes: 6454538240
memory_max_usage_in_bytes: 6858858496


CPU:total 4 (initial active 4) (4 cores per cpu, 1 threads per core) family 23 model 49 stepping 0, cmov, cx8, fxsr, mmx, sse, sse2, sse3, ssse3, sse4.1, sse4.2, popcnt, avx, avx2, aes, clmul, mmxext, 3dnowpref, lzcnt, sse4a, tsc, bmi1

/proc/cpuinfo:
processor	: 0
vendor_id	: AuthenticAMD
cpu family	: 23
model		: 49
model name	: AMD EPYC 7542 32-Core Processor
stepping	: 0
microcode	: 0x8301038
cpu MHz		: 2899.998
cache size	: 512 KB
physical id	: 0
siblings	: 4
core id		: 0
cpu cores	: 4
apicid		: 0
initial apicid	: 0
fpu		: yes
fpu_exception	: yes
cpuid level	: 16
wp		: yes
flags		: fpu vme de pse tsc msr pae mce cx8 apic sep mtrr pge mca cmov pat pse36 clflush mmx fxsr sse sse2 ht syscall nx mmxext fxsr_opt pdpe1gb rdtscp lm rep_good nopl cpuid extd_apicid tsc_known_freq pni pclmulqdq ssse3 fma cx16 sse4_1 sse4_2 x2apic movbe popcnt tsc_deadline_timer aes xsave avx f16c rdrand hypervisor lahf_lm cmp_legacy cr8_legacy abm sse4a misalignsse 3dnowprefetch osvw perfctr_core ssbd ibrs ibpb stibp vmmcall fsgsbase tsc_adjust bmi1 avx2 smep bmi2 rdseed adx smap clflushopt clwb sha_ni xsaveopt xsavec xgetbv1 xsaves clzero xsaveerptr arat umip rdpid arch_capabilities
bugs		: sysret_ss_attrs spectre_v1 spectre_v2 spec_store_bypass
bogomips	: 5799.99
TLB size	: 1024 4K pages
clflush size	: 64
cache_alignment	: 64
address sizes	: 48 bits physical, 48 bits virtual
power management:

processor	: 1
vendor_id	: AuthenticAMD
cpu family	: 23
model		: 49
model name	: AMD EPYC 7542 32-Core Processor
stepping	: 0
microcode	: 0x8301038
cpu MHz		: 2899.998
cache size	: 512 KB
physical id	: 0
siblings	: 4
core id		: 1
cpu cores	: 4
apicid		: 1
initial apicid	: 1
fpu		: yes
fpu_exception	: yes
cpuid level	: 16
wp		: yes
flags		: fpu vme de pse tsc msr pae mce cx8 apic sep mtrr pge mca cmov pat pse36 clflush mmx fxsr sse sse2 ht syscall nx mmxext fxsr_opt pdpe1gb rdtscp lm rep_good nopl cpuid extd_apicid tsc_known_freq pni pclmulqdq ssse3 fma cx16 sse4_1 sse4_2 x2apic movbe popcnt tsc_deadline_timer aes xsave avx f16c rdrand hypervisor lahf_lm cmp_legacy cr8_legacy abm sse4a misalignsse 3dnowprefetch osvw perfctr_core ssbd ibrs ibpb stibp vmmcall fsgsbase tsc_adjust bmi1 avx2 smep bmi2 rdseed adx smap clflushopt clwb sha_ni xsaveopt xsavec xgetbv1 xsaves clzero xsaveerptr arat umip rdpid arch_capabilities
bugs		: sysret_ss_attrs spectre_v1 spectre_v2 spec_store_bypass
bogomips	: 5799.99
TLB size	: 1024 4K pages
clflush size	: 64
cache_alignment	: 64
address sizes	: 48 bits physical, 48 bits virtual
power management:

processor	: 2
vendor_id	: AuthenticAMD
cpu family	: 23
model		: 49
model name	: AMD EPYC 7542 32-Core Processor
stepping	: 0
microcode	: 0x8301038
cpu MHz		: 2899.998
cache size	: 512 KB
physical id	: 0
siblings	: 4
core id		: 2
cpu cores	: 4
apicid		: 2
initial apicid	: 2
fpu		: yes
fpu_exception	: yes
cpuid level	: 16
wp		: yes
flags		: fpu vme de pse tsc msr pae mce cx8 apic sep mtrr pge mca cmov pat pse36 clflush mmx fxsr sse sse2 ht syscall nx mmxext fxsr_opt pdpe1gb rdtscp lm rep_good nopl cpuid extd_apicid tsc_known_freq pni pclmulqdq ssse3 fma cx16 sse4_1 sse4_2 x2apic movbe popcnt tsc_deadline_timer aes xsave avx f16c rdrand hypervisor lahf_lm cmp_legacy cr8_legacy abm sse4a misalignsse 3dnowprefetch osvw perfctr_core ssbd ibrs ibpb stibp vmmcall fsgsbase tsc_adjust bmi1 avx2 smep bmi2 rdseed adx smap clflushopt clwb sha_ni xsaveopt xsavec xgetbv1 xsaves clzero xsaveerptr arat umip rdpid arch_capabilities
bugs		: sysret_ss_attrs spectre_v1 spectre_v2 spec_store_bypass
bogomips	: 5799.99
TLB size	: 1024 4K pages
clflush size	: 64
cache_alignment	: 64
address sizes	: 48 bits physical, 48 bits virtual
power management:

processor	: 3
vendor_id	: AuthenticAMD
cpu family	: 23
model		: 49
model name	: AMD EPYC 7542 32-Core Processor
stepping	: 0
microcode	: 0x8301038
cpu MHz		: 2899.998
cache size	: 512 KB
physical id	: 0
siblings	: 4
core id		: 3
cpu cores	: 4
apicid		: 3
initial apicid	: 3
fpu		: yes
fpu_exception	: yes
cpuid level	: 16
wp		: yes
flags		: fpu vme de pse tsc msr pae mce cx8 apic sep mtrr pge mca cmov pat pse36 clflush mmx fxsr sse sse2 ht syscall nx mmxext fxsr_opt pdpe1gb rdtscp lm rep_good nopl cpuid extd_apicid tsc_known_freq pni pclmulqdq ssse3 fma cx16 sse4_1 sse4_2 x2apic movbe popcnt tsc_deadline_timer aes xsave avx f16c rdrand hypervisor lahf_lm cmp_legacy cr8_legacy abm sse4a misalignsse 3dnowprefetch osvw perfctr_core ssbd ibrs ibpb stibp vmmcall fsgsbase tsc_adjust bmi1 avx2 smep bmi2 rdseed adx smap clflushopt clwb sha_ni xsaveopt xsavec xgetbv1 xsaves clzero xsaveerptr arat umip rdpid arch_capabilities
bugs		: sysret_ss_attrs spectre_v1 spectre_v2 spec_store_bypass
bogomips	: 5799.99
TLB size	: 1024 4K pages
clflush size	: 64
cache_alignment	: 64
address sizes	: 48 bits physical, 48 bits virtual
power management:



Memory: 4k page, physical 8167412k(140444k free), swap 524284k(0k free)

vm_info: OpenJDK 64-Bit Server VM (25.352-b08) for linux-amd64 JRE (1.8.0_352-8u352-ga-1~18.04-b08), built on Oct 25 2022 17:26:06 by "buildd" with gcc 7.5.0

time: Wed Jan 18 14:17:29 2023
timezone: +07
elapsed time: 16.573163 seconds (0d 0h 0m 16s)

