#
# There is insufficient memory for the Java Runtime Environment to continue.
# Native memory allocation (mmap) failed to map 134217728 bytes for committing reserved memory.
# Possible reasons:
#   The system is out of physical RAM or swap space
#   The process is running with CompressedOops enabled, and the Java Heap may be blocking the growth of the native heap
# Possible solutions:
#   Reduce memory load on the system
#   Increase physical memory or swap space
#   Check if swap backing store is full
#   Decrease Java heap size (-Xmx/-Xms)
#   Decrease number of Java threads
#   Decrease Java thread stack sizes (-Xss)
#   Set larger code cache with -XX:ReservedCodeCacheSize=
#   JVM is running with Unscaled Compressed Oops mode in which the Java heap is
#     placed in the first 4GB address space. The Java Heap base address is the
#     maximum limit for the native heap growth. Please use -XX:HeapBaseMinAddress
#     to set the Java Heap base and to place the Java Heap above 4GB virtual address.
# This output file may be truncated or incomplete.
#
#  Out of Memory Error (os_linux.cpp:2798), pid=395, tid=0x00007fc8760db700
#
# JRE version: OpenJDK Runtime Environment (8.0_352-b08) (build 1.8.0_352-8u352-ga-1~18.04-b08)
# Java VM: OpenJDK 64-Bit Server VM (25.352-b08 mixed mode linux-amd64 compressed oops)
# Failed to write core dump. Core dumps have been disabled. To enable core dumping, try "ulimit -c unlimited" before starting Java again
#

---------------  T H R E A D  ---------------

Current thread (0x00007fc888140800):  VMThread [stack: 0x00007fc875fdc000,0x00007fc8760dc000] [id=401]

Stack: [0x00007fc875fdc000,0x00007fc8760dc000],  sp=0x00007fc8760da340,  free space=1016k
Native frames: (J=compiled Java code, j=interpreted, Vv=VM code, C=native code)
V  [libjvm.so+0xb731a2]
V  [libjvm.so+0x4f64c7]
V  [libjvm.so+0x9980b0]
V  [libjvm.so+0x98f50e]
V  [libjvm.so+0xa17156]
V  [libjvm.so+0xa184c8]
V  [libjvm.so+0xa14786]
V  [libjvm.so+0xa14b6c]
V  [libjvm.so+0x9c2918]
V  [libjvm.so+0xb75c12]
V  [libjvm.so+0xb7b990]
V  [libjvm.so+0xb7968d]
V  [libjvm.so+0xb79b6b]
V  [libjvm.so+0xb79fab]
V  [libjvm.so+0x995482]

VM_Operation (0x00007fc8751c22c0): ParallelGCFailedAllocation, mode: safepoint, requested by thread 0x00007fc8885b3800


---------------  P R O C E S S  ---------------

Java Threads: ( => current thread )
  0x00007fc8885b3800 JavaThread "background-preinit" [_thread_blocked, id=410, stack(0x00007fc8750c4000,0x00007fc8751c5000)]
  0x00007fc88818c000 JavaThread "Service Thread" daemon [_thread_blocked, id=408, stack(0x00007fc875739000,0x00007fc87583a000)]
  0x00007fc888189000 JavaThread "C1 CompilerThread2" daemon [_thread_blocked, id=407, stack(0x00007fc87583b000,0x00007fc87593b000)]
  0x00007fc888187000 JavaThread "C2 CompilerThread1" daemon [_thread_blocked, id=406, stack(0x00007fc87593c000,0x00007fc875a3c000)]
  0x00007fc888184000 JavaThread "C2 CompilerThread0" daemon [_thread_blocked, id=405, stack(0x00007fc875a3d000,0x00007fc875b3d000)]
  0x00007fc88817c800 JavaThread "Signal Dispatcher" daemon [_thread_blocked, id=404, stack(0x00007fc875b3d000,0x00007fc875c3e000)]
  0x00007fc88814f000 JavaThread "Finalizer" daemon [_thread_blocked, id=403, stack(0x00007fc875dd9000,0x00007fc875eda000)]
  0x00007fc88814a800 JavaThread "Reference Handler" daemon [_thread_blocked, id=402, stack(0x00007fc875eda000,0x00007fc875fdb000)]
  0x00007fc88800b800 JavaThread "main" [_thread_blocked, id=396, stack(0x00007fc88f3f4000,0x00007fc88f4f4000)]

Other Threads:
=>0x00007fc888140800 VMThread [stack: 0x00007fc875fdc000,0x00007fc8760dc000] [id=401]
  0x00007fc88818e800 WatcherThread [stack: 0x00007fc875639000,0x00007fc875739000] [id=409]

VM state:at safepoint (normal execution)

VM Mutex/Monitor currently owned by a thread:  ([mutex/lock_event])
[0x00007fc888007ce0] Threads_lock - owner thread: 0x00007fc888140800
[0x00007fc8880081e0] Heap_lock - owner thread: 0x00007fc8885b3800

heap address: 0x0000000083600000, size: 1994 MB, Compressed Oops mode: 32-bit
Narrow klass base: 0x0000000000000000, Narrow klass shift: 3
Compressed class space size: 1073741824 Address: 0x0000000100000000

Heap:
 PSYoungGen      total 137216K, used 5296K [0x00000000d6780000, 0x00000000df480000, 0x0000000100000000)
  eden space 130560K, 0% used [0x00000000d6780000,0x00000000d6780000,0x00000000de700000)
  from space 6656K, 79% used [0x00000000de700000,0x00000000dec2c030,0x00000000ded80000)
  to   space 6144K, 0% used [0x00000000ded80000,0x00000000ded80000,0x00000000df380000)
 ParOldGen       total 86016K, used 2905K [0x0000000083600000, 0x0000000088a00000, 0x00000000d6780000)
  object space 86016K, 3% used [0x0000000083600000,0x00000000838d65a8,0x0000000088a00000)
 Metaspace       used 14787K, capacity 15280K, committed 15360K, reserved 1062912K
  class space    used 1882K, capacity 2032K, committed 2048K, reserved 1048576K

Card table byte_map: [0x00007fc87843f000,0x00007fc878825000] byte_map_base: 0x00007fc878024000

Marking Bits: (ParMarkBitMap*) 0x00007fc88e67a720
 Begin Bits: [0x00007fc8641b0000, 0x00007fc8660d8000)
 End Bits:   [0x00007fc8660d8000, 0x00007fc868000000)

Polling page: 0x00007fc88f4fd000

CodeCache: size=245760Kb used=5704Kb max_used=5704Kb free=240055Kb
 bounds [0x00007fc878be5000, 0x00007fc879185000, 0x00007fc887be5000]
 total_blobs=2140 nmethods=1782 adapters=272
 compilation: enabled

Compilation events (10 events):
Event: 2.699 Thread 0x00007fc888189000 1786       3       java.lang.invoke.MethodType::basicType (8 bytes)
Event: 2.700 Thread 0x00007fc888189000 nmethod 1786 0x00007fc879175890 code [0x00007fc879175a00, 0x00007fc879175bf0]
Event: 2.700 Thread 0x00007fc888189000 1787       3       java.util.ArrayList::add (54 bytes)
Event: 2.700 Thread 0x00007fc888189000 nmethod 1787 0x00007fc879177010 code [0x00007fc879177200, 0x00007fc879177a58]
Event: 2.700 Thread 0x00007fc888189000 1789       3       org.springframework.core.convert.converter.GenericConverter$ConvertiblePair::<init> (27 bytes)
Event: 2.701 Thread 0x00007fc888189000 nmethod 1789 0x00007fc879179410 code [0x00007fc8791795c0, 0x00007fc879179a58]
Event: 2.701 Thread 0x00007fc888189000 1788       3       java.util.ArrayList::rangeCheckForAdd (26 bytes)
Event: 2.701 Thread 0x00007fc888189000 nmethod 1788 0x00007fc879179c90 code [0x00007fc879179ea0, 0x00007fc87917a9b8]
Event: 2.703 Thread 0x00007fc888189000 1790       3       ch.qos.logback.classic.Logger::getChildByName (68 bytes)
Event: 2.703 Thread 0x00007fc888189000 nmethod 1790 0x00007fc879178990 code [0x00007fc879178b40, 0x00007fc8791791e8]

GC Heap History (10 events):
Event: 1.222 GC heap after
Heap after GC invocations=2 (full 0):
 PSYoungGen      total 37888K, used 3875K [0x00000000d6780000, 0x00000000db180000, 0x0000000100000000)
  eden space 32768K, 0% used [0x00000000d6780000,0x00000000d6780000,0x00000000d8780000)
  from space 5120K, 75% used [0x00000000d8c80000,0x00000000d9048c38,0x00000000d9180000)
  to   space 5120K, 0% used [0x00000000d8780000,0x00000000d8780000,0x00000000d8c80000)
 ParOldGen       total 86016K, used 24K [0x0000000083600000, 0x0000000088a00000, 0x00000000d6780000)
  object space 86016K, 0% used [0x0000000083600000,0x0000000083606000,0x0000000088a00000)
 Metaspace       used 7133K, capacity 7360K, committed 7552K, reserved 1056768K
  class space    used 738K, capacity 816K, committed 896K, reserved 1048576K
}
Event: 1.522 GC heap before
{Heap before GC invocations=3 (full 0):
 PSYoungGen      total 37888K, used 36643K [0x00000000d6780000, 0x00000000db180000, 0x0000000100000000)
  eden space 32768K, 100% used [0x00000000d6780000,0x00000000d8780000,0x00000000d8780000)
  from space 5120K, 75% used [0x00000000d8c80000,0x00000000d9048c38,0x00000000d9180000)
  to   space 5120K, 0% used [0x00000000d8780000,0x00000000d8780000,0x00000000d8c80000)
 ParOldGen       total 86016K, used 24K [0x0000000083600000, 0x0000000088a00000, 0x00000000d6780000)
  object space 86016K, 0% used [0x0000000083600000,0x0000000083606000,0x0000000088a00000)
 Metaspace       used 8135K, capacity 8378K, committed 8448K, reserved 1056768K
  class space    used 873K, capacity 961K, committed 1024K, reserved 1048576K
Event: 1.529 GC heap after
Heap after GC invocations=3 (full 0):
 PSYoungGen      total 37888K, used 3939K [0x00000000d6780000, 0x00000000db180000, 0x0000000100000000)
  eden space 32768K, 0% used [0x00000000d6780000,0x00000000d6780000,0x00000000d8780000)
  from space 5120K, 76% used [0x00000000d8780000,0x00000000d8b58c58,0x00000000d8c80000)
  to   space 5120K, 0% used [0x00000000dac80000,0x00000000dac80000,0x00000000db180000)
 ParOldGen       total 86016K, used 32K [0x0000000083600000, 0x0000000088a00000, 0x00000000d6780000)
  object space 86016K, 0% used [0x0000000083600000,0x0000000083608000,0x0000000088a00000)
 Metaspace       used 8135K, capacity 8378K, committed 8448K, reserved 1056768K
  class space    used 873K, capacity 961K, committed 1024K, reserved 1048576K
}
Event: 1.661 GC heap before
{Heap before GC invocations=4 (full 0):
 PSYoungGen      total 37888K, used 36707K [0x00000000d6780000, 0x00000000db180000, 0x0000000100000000)
  eden space 32768K, 100% used [0x00000000d6780000,0x00000000d8780000,0x00000000d8780000)
  from space 5120K, 76% used [0x00000000d8780000,0x00000000d8b58c58,0x00000000d8c80000)
  to   space 5120K, 0% used [0x00000000dac80000,0x00000000dac80000,0x00000000db180000)
 ParOldGen       total 86016K, used 32K [0x0000000083600000, 0x0000000088a00000, 0x00000000d6780000)
  object space 86016K, 0% used [0x0000000083600000,0x0000000083608000,0x0000000088a00000)
 Metaspace       used 9099K, capacity 9336K, committed 9600K, reserved 1058816K
  class space    used 1022K, capacity 1130K, committed 1152K, reserved 1048576K
Event: 1.671 GC heap after
Heap after GC invocations=4 (full 0):
 PSYoungGen      total 70656K, used 4787K [0x00000000d6780000, 0x00000000db180000, 0x0000000100000000)
  eden space 65536K, 0% used [0x00000000d6780000,0x00000000d6780000,0x00000000da780000)
  from space 5120K, 93% used [0x00000000dac80000,0x00000000db12cc48,0x00000000db180000)
  to   space 5120K, 0% used [0x00000000da780000,0x00000000da780000,0x00000000dac80000)
 ParOldGen       total 86016K, used 40K [0x0000000083600000, 0x0000000088a00000, 0x00000000d6780000)
  object space 86016K, 0% used [0x0000000083600000,0x000000008360a000,0x0000000088a00000)
 Metaspace       used 9099K, capacity 9336K, committed 9600K, reserved 1058816K
  class space    used 1022K, capacity 1130K, committed 1152K, reserved 1048576K
}
Event: 1.992 GC heap before
{Heap before GC invocations=5 (full 0):
 PSYoungGen      total 70656K, used 70323K [0x00000000d6780000, 0x00000000db180000, 0x0000000100000000)
  eden space 65536K, 100% used [0x00000000d6780000,0x00000000da780000,0x00000000da780000)
  from space 5120K, 93% used [0x00000000dac80000,0x00000000db12cc48,0x00000000db180000)
  to   space 5120K, 0% used [0x00000000da780000,0x00000000da780000,0x00000000dac80000)
 ParOldGen       total 86016K, used 40K [0x0000000083600000, 0x0000000088a00000, 0x00000000d6780000)
  object space 86016K, 0% used [0x0000000083600000,0x000000008360a000,0x0000000088a00000)
 Metaspace       used 10845K, capacity 11164K, committed 11392K, reserved 1058816K
  class space    used 1220K, capacity 1332K, committed 1408K, reserved 1048576K
Event: 2.038 GC heap after
Heap after GC invocations=5 (full 0):
 PSYoungGen      total 70656K, used 5118K [0x00000000d6780000, 0x00000000df380000, 0x0000000100000000)
  eden space 65536K, 0% used [0x00000000d6780000,0x00000000d6780000,0x00000000da780000)
  from space 5120K, 99% used [0x00000000da780000,0x00000000dac7fbb0,0x00000000dac80000)
  to   space 6144K, 0% used [0x00000000ded80000,0x00000000ded80000,0x00000000df380000)
 ParOldGen       total 86016K, used 480K [0x0000000083600000, 0x0000000088a00000, 0x00000000d6780000)
  object space 86016K, 0% used [0x0000000083600000,0x0000000083678000,0x0000000088a00000)
 Metaspace       used 10845K, capacity 11164K, committed 11392K, reserved 1058816K
  class space    used 1220K, capacity 1332K, committed 1408K, reserved 1048576K
}
Event: 2.342 GC heap before
{Heap before GC invocations=6 (full 0):
 PSYoungGen      total 70656K, used 70654K [0x00000000d6780000, 0x00000000df380000, 0x0000000100000000)
  eden space 65536K, 100% used [0x00000000d6780000,0x00000000da780000,0x00000000da780000)
  from space 5120K, 99% used [0x00000000da780000,0x00000000dac7fbb0,0x00000000dac80000)
  to   space 6144K, 0% used [0x00000000ded80000,0x00000000ded80000,0x00000000df380000)
 ParOldGen       total 86016K, used 480K [0x0000000083600000, 0x0000000088a00000, 0x00000000d6780000)
  object space 86016K, 0% used [0x0000000083600000,0x0000000083678000,0x0000000088a00000)
 Metaspace       used 13347K, capacity 13718K, committed 13824K, reserved 1060864K
  class space    used 1611K, capacity 1743K, committed 1792K, reserved 1048576K
Event: 2.355 GC heap after
Heap after GC invocations=6 (full 0):
 PSYoungGen      total 136704K, used 6036K [0x00000000d6780000, 0x00000000df480000, 0x0000000100000000)
  eden space 130560K, 0% used [0x00000000d6780000,0x00000000d6780000,0x00000000de700000)
  from space 6144K, 98% used [0x00000000ded80000,0x00000000df3650d8,0x00000000df380000)
  to   space 6656K, 0% used [0x00000000de700000,0x00000000de700000,0x00000000ded80000)
 ParOldGen       total 86016K, used 488K [0x0000000083600000, 0x0000000088a00000, 0x00000000d6780000)
  object space 86016K, 0% used [0x0000000083600000,0x000000008367a000,0x0000000088a00000)
 Metaspace       used 13347K, capacity 13718K, committed 13824K, reserved 1060864K
  class space    used 1611K, capacity 1743K, committed 1792K, reserved 1048576K
}
Event: 2.726 GC heap before
{Heap before GC invocations=7 (full 0):
 PSYoungGen      total 136704K, used 136596K [0x00000000d6780000, 0x00000000df480000, 0x0000000100000000)
  eden space 130560K, 100% used [0x00000000d6780000,0x00000000de700000,0x00000000de700000)
  from space 6144K, 98% used [0x00000000ded80000,0x00000000df3650d8,0x00000000df380000)
  to   space 6656K, 0% used [0x00000000de700000,0x00000000de700000,0x00000000ded80000)
 ParOldGen       total 86016K, used 488K [0x0000000083600000, 0x0000000088a00000, 0x00000000d6780000)
  object space 86016K, 0% used [0x0000000083600000,0x000000008367a000,0x0000000088a00000)
 Metaspace       used 14787K, capacity 15280K, committed 15360K, reserved 1062912K
  class space    used 1882K, capacity 2032K, committed 2048K, reserved 1048576K

Deoptimization events (10 events):
Event: 1.632 Thread 0x00007fc88800b800 Uncommon trap: reason=unstable_if action=reinterpret pc=0x00007fc878f0e76c method=java.lang.String.regionMatches(ZILjava/lang/String;II)Z @ 41
Event: 1.632 Thread 0x00007fc88800b800 Uncommon trap: reason=unstable_if action=reinterpret pc=0x00007fc878f3c550 method=java.lang.String.regionMatches(ZILjava/lang/String;II)Z @ 41
Event: 1.632 Thread 0x00007fc88800b800 Uncommon trap: reason=unstable_if action=reinterpret pc=0x00007fc878f38e44 method=org.springframework.boot.loader.jar.JarURLConnection.getInputStream()Ljava/io/InputStream; @ 18
Event: 1.718 Thread 0x00007fc88800b800 Uncommon trap: reason=unstable_if action=reinterpret pc=0x00007fc878f5c664 method=java.lang.String.toLowerCase(Ljava/util/Locale;)Ljava/lang/String; @ 85
Event: 1.753 Thread 0x00007fc88800b800 Uncommon trap: reason=unstable_if action=reinterpret pc=0x00007fc878e7c72c method=java.util.jar.Manifest$FastInputStream.readLine([BII)I @ 87
Event: 1.964 Thread 0x00007fc8885b3800 Uncommon trap: reason=unstable_if action=reinterpret pc=0x00007fc878fd3704 method=sun.net.www.ParseUtil.encodePath(Ljava/lang/String;Z)Ljava/lang/String; @ 109
Event: 1.964 Thread 0x00007fc8885b3800 Uncommon trap: reason=unstable_if action=reinterpret pc=0x00007fc878fc7640 method=sun.net.www.ParseUtil.encodePath(Ljava/lang/String;Z)Ljava/lang/String; @ 109
Event: 2.138 Thread 0x00007fc88800b800 Uncommon trap: reason=unstable_if action=reinterpret pc=0x00007fc878fa78f0 method=java.net.URLStreamHandler.parseURL(Ljava/net/URL;Ljava/lang/String;II)V @ 143
Event: 2.215 Thread 0x00007fc88800b800 Uncommon trap: reason=unstable_if action=reinterpret pc=0x00007fc878f9bf50 method=java.util.HashMap.hash(Ljava/lang/Object;)I @ 1
Event: 2.527 Thread 0x00007fc88800b800 Uncommon trap: reason=unstable_if action=reinterpret pc=0x00007fc8790cc73c method=org.yaml.snakeyaml.reader.StreamReader.ensureEnoughData(I)Z @ 34

Classes redefined (0 events):
No events

Internal exceptions (10 events):
Event: 0.425 Thread 0x00007fc88800b800 Exception <a 'java/security/PrivilegedActionException'> (0x00000000d6b52e50) thrown at [/build/openjdk-8-iDEGXt/openjdk-8-8u352-ga/src/hotspot/src/share/vm/prims/jvm.cpp, line 1514]
Event: 0.425 Thread 0x00007fc88800b800 Exception <a 'java/security/PrivilegedActionException'> (0x00000000d6b53248) thrown at [/build/openjdk-8-iDEGXt/openjdk-8-8u352-ga/src/hotspot/src/share/vm/prims/jvm.cpp, line 1514]
Event: 0.865 Thread 0x00007fc88800b800 Exception <a 'java/io/FileNotFoundException'> (0x00000000d833c9f8) thrown at [/build/openjdk-8-iDEGXt/openjdk-8-8u352-ga/src/hotspot/src/share/vm/prims/jni.cpp, line 711]
Event: 1.600 Thread 0x00007fc8885b3800 Implicit null exception at 0x00007fc878f42082 to 0x00007fc878f4261d
Event: 1.638 Thread 0x00007fc88800b800 Exception <a 'java/lang/NoSuchMethodError': org.slf4j.impl.StaticMarkerBinder.getSingleton()Lorg/slf4j/impl/StaticMarkerBinder;> (0x00000000d8204ed8) thrown at [/build/openjdk-8-iDEGXt/openjdk-8-8u352-ga/src/hotspot/src/share/vm/interpreter/linkResolver.c
Event: 1.870 Thread 0x00007fc88800b800 Exception <a 'java/io/FileNotFoundException'> (0x00000000d8f4fe00) thrown at [/build/openjdk-8-iDEGXt/openjdk-8-8u352-ga/src/hotspot/src/share/vm/prims/jni.cpp, line 711]
Event: 2.071 Thread 0x00007fc88800b800 Exception <a 'java/lang/NoSuchMethodError': java.lang.Object.lambda$chars$0()Ljava/util/Spliterator$OfInt;> (0x00000000d6b031c8) thrown at [/build/openjdk-8-iDEGXt/openjdk-8-8u352-ga/src/hotspot/src/share/vm/interpreter/linkResolver.cpp, line 620]
Event: 2.214 Thread 0x00007fc88800b800 Implicit null exception at 0x00007fc878f9bd35 to 0x00007fc878f9bf41
Event: 2.328 Thread 0x00007fc88800b800 Exception <a 'java/lang/NoSuchMethodError': java.lang.Object.lambda$comparing$77a9974f$1(Ljava/util/function/Function;Ljava/lang/Object;Ljava/lang/Object;)I> (0x00000000da3cb558) thrown at [/build/openjdk-8-iDEGXt/openjdk-8-8u352-ga/src/hotspot/src/share/
Event: 2.328 Thread 0x00007fc88800b800 Exception <a 'java/lang/NoSuchMethodError': java.lang.Object.lambda$comparingByKey$6d558cbf$1(Ljava/util/Comparator;Ljava/util/Map$Entry;Ljava/util/Map$Entry;)I> (0x00000000da3d0008) thrown at [/build/openjdk-8-iDEGXt/openjdk-8-8u352-ga/src/hotspot/src/sh

Events (10 events):
Event: 2.712 loading class sun/management/ManagementFactoryHelper$4 done
Event: 2.712 loading class javax/el/ExpressionFactory
Event: 2.712 loading class javax/el/ExpressionFactory done
Event: 2.713 loading class javax/el/FactoryFinder
Event: 2.713 loading class javax/el/FactoryFinder done
Event: 2.714 loading class javax/el/ELException
Event: 2.714 loading class javax/el/ELException done
Event: 2.717 loading class com/sun/el/ExpressionFactoryImpl
Event: 2.717 loading class com/sun/el/ExpressionFactoryImpl done
Event: 2.719 Executing VM operation: ParallelGCFailedAllocation


Dynamic libraries:
83600000-88a00000 rw-p 00000000 00:00 0 
88a00000-d6780000 ---p 00000000 00:00 0 
d6780000-df480000 rw-p 00000000 00:00 0 
e7480000-100000000 ---p 00000000 00:00 0 
100000000-100200000 rw-p 00000000 00:00 0 
100200000-140000000 ---p 00000000 00:00 0 
55db9b7d5000-55db9b7d6000 r-xp 00000000 08:00 1581847                    /usr/lib/jvm/java-8-openjdk-amd64/jre/bin/java
55db9b9d5000-55db9b9d6000 r--p 00000000 08:00 1581847                    /usr/lib/jvm/java-8-openjdk-amd64/jre/bin/java
55db9b9d6000-55db9b9d7000 rw-p 00001000 08:00 1581847                    /usr/lib/jvm/java-8-openjdk-amd64/jre/bin/java
55db9d0be000-55db9d0df000 rw-p 00000000 00:00 0                          [heap]
7fc834000000-7fc834330000 rw-p 00000000 00:00 0 
7fc834330000-7fc838000000 ---p 00000000 00:00 0 
7fc83c000000-7fc83c021000 rw-p 00000000 00:00 0 
7fc83c021000-7fc840000000 ---p 00000000 00:00 0 
7fc840000000-7fc840021000 rw-p 00000000 00:00 0 
7fc840021000-7fc844000000 ---p 00000000 00:00 0 
7fc844000000-7fc844835000 rw-p 00000000 00:00 0 
7fc844835000-7fc848000000 ---p 00000000 00:00 0 
7fc848000000-7fc8484a3000 rw-p 00000000 00:00 0 
7fc8484a3000-7fc84c000000 ---p 00000000 00:00 0 
7fc84c000000-7fc84c021000 rw-p 00000000 00:00 0 
7fc84c021000-7fc850000000 ---p 00000000 00:00 0 
7fc850000000-7fc850836000 rw-p 00000000 00:00 0 
7fc850836000-7fc854000000 ---p 00000000 00:00 0 
7fc854000000-7fc854021000 rw-p 00000000 00:00 0 
7fc854021000-7fc858000000 ---p 00000000 00:00 0 
7fc858000000-7fc858021000 rw-p 00000000 00:00 0 
7fc858021000-7fc85c000000 ---p 00000000 00:00 0 
7fc85c000000-7fc85c021000 rw-p 00000000 00:00 0 
7fc85c021000-7fc860000000 ---p 00000000 00:00 0 
7fc860000000-7fc860021000 rw-p 00000000 00:00 0 
7fc860021000-7fc864000000 ---p 00000000 00:00 0 
7fc8641b0000-7fc868000000 rw-p 00000000 00:00 0 
7fc868000000-7fc868021000 rw-p 00000000 00:00 0 
7fc868021000-7fc86c000000 ---p 00000000 00:00 0 
7fc86c000000-7fc86c021000 rw-p 00000000 00:00 0 
7fc86c021000-7fc870000000 ---p 00000000 00:00 0 
7fc870000000-7fc870021000 rw-p 00000000 00:00 0 
7fc870021000-7fc874000000 ---p 00000000 00:00 0 
7fc8748a9000-7fc8748b2000 r-xp 00000000 08:00 1715607                    /usr/lib/jvm/java-8-openjdk-amd64/jre/lib/amd64/libmanagement.so
7fc8748b2000-7fc874ab1000 ---p 00009000 08:00 1715607                    /usr/lib/jvm/java-8-openjdk-amd64/jre/lib/amd64/libmanagement.so
7fc874ab1000-7fc874ab2000 r--p 00008000 08:00 1715607                    /usr/lib/jvm/java-8-openjdk-amd64/jre/lib/amd64/libmanagement.so
7fc874ab2000-7fc874ab3000 rw-p 00009000 08:00 1715607                    /usr/lib/jvm/java-8-openjdk-amd64/jre/lib/amd64/libmanagement.so
7fc874ab3000-7fc874bb3000 rw-p 00000000 00:00 0 
7fc874bb3000-7fc874cb3000 ---p 00000000 00:00 0 
7fc874cb3000-7fc874eb3000 rw-p 00000000 00:00 0 
7fc874eb3000-7fc874ec4000 r--s 001c5000 08:00 1581866                    /usr/lib/jvm/java-8-openjdk-amd64/jre/lib/jsse.jar
7fc874ec4000-7fc8750c4000 rw-p 00000000 00:00 0 
7fc8750c4000-7fc8750c7000 ---p 00000000 00:00 0 
7fc8750c7000-7fc8751c5000 rw-p 00000000 00:00 0 
7fc8751c5000-7fc8751dd000 r-xp 00000000 08:00 1715609                    /usr/lib/jvm/java-8-openjdk-amd64/jre/lib/amd64/libnet.so
7fc8751dd000-7fc8753dc000 ---p 00018000 08:00 1715609                    /usr/lib/jvm/java-8-openjdk-amd64/jre/lib/amd64/libnet.so
7fc8753dc000-7fc8753dd000 r--p 00017000 08:00 1715609                    /usr/lib/jvm/java-8-openjdk-amd64/jre/lib/amd64/libnet.so
7fc8753dd000-7fc8753de000 rw-p 00018000 08:00 1715609                    /usr/lib/jvm/java-8-openjdk-amd64/jre/lib/amd64/libnet.so
7fc8753de000-7fc8753f0000 r-xp 00000000 08:00 1715610                    /usr/lib/jvm/java-8-openjdk-amd64/jre/lib/amd64/libnio.so
7fc8753f0000-7fc8755ef000 ---p 00012000 08:00 1715610                    /usr/lib/jvm/java-8-openjdk-amd64/jre/lib/amd64/libnio.so
7fc8755ef000-7fc8755f0000 r--p 00011000 08:00 1715610                    /usr/lib/jvm/java-8-openjdk-amd64/jre/lib/amd64/libnio.so
7fc8755f0000-7fc8755f1000 rw-p 00012000 08:00 1715610                    /usr/lib/jvm/java-8-openjdk-amd64/jre/lib/amd64/libnio.so
7fc8755f1000-7fc8755fc000 r--s 04fd3000 08:00 1049629                    /var/app/txst/target/TXST-0.0.1-SNAPSHOT.jar
7fc8755fc000-7fc875602000 r--s 0003e000 08:00 1971055                    /usr/lib/jvm/java-8-openjdk-amd64/jre/lib/ext/sunjce_provider.jar
7fc875602000-7fc87561d000 r--s 00394000 08:00 1971048                    /usr/lib/jvm/java-8-openjdk-amd64/jre/lib/ext/cldrdata.jar
7fc87561d000-7fc875638000 r--s 001d6000 08:00 1971053                    /usr/lib/jvm/java-8-openjdk-amd64/jre/lib/ext/nashorn.jar
7fc875638000-7fc875639000 ---p 00000000 00:00 0 
7fc875639000-7fc875739000 rw-p 00000000 00:00 0 
7fc875739000-7fc87573c000 ---p 00000000 00:00 0 
7fc87573c000-7fc87583a000 rw-p 00000000 00:00 0 
7fc87583a000-7fc87583b000 ---p 00000000 00:00 0 
7fc87583b000-7fc87583e000 ---p 00000000 00:00 0 
7fc87583e000-7fc87593b000 rw-p 00000000 00:00 0 
7fc87593b000-7fc87593c000 ---p 00000000 00:00 0 
7fc87593c000-7fc87593f000 ---p 00000000 00:00 0 
7fc87593f000-7fc875a3c000 rw-p 00000000 00:00 0 
7fc875a3c000-7fc875a3d000 ---p 00000000 00:00 0 
7fc875a3d000-7fc875a40000 ---p 00000000 00:00 0 
7fc875a40000-7fc875b3d000 rw-p 00000000 00:00 0 
7fc875b3d000-7fc875b40000 ---p 00000000 00:00 0 
7fc875b40000-7fc875c3e000 rw-p 00000000 00:00 0 
7fc875c3e000-7fc875dd9000 r--p 00000000 08:00 306                        /usr/lib/locale/locale-archive
7fc875dd9000-7fc875ddc000 ---p 00000000 00:00 0 
7fc875ddc000-7fc875eda000 rw-p 00000000 00:00 0 
7fc875eda000-7fc875edd000 ---p 00000000 00:00 0 
7fc875edd000-7fc875fdb000 rw-p 00000000 00:00 0 
7fc875fdb000-7fc875fdc000 ---p 00000000 00:00 0 
7fc875fdc000-7fc876feb000 rw-p 00000000 00:00 0 
7fc876feb000-7fc8771bd000 r--s 03cbc000 08:00 1581871                    /usr/lib/jvm/java-8-openjdk-amd64/jre/lib/rt.jar
7fc8771bd000-7fc877da2000 rw-p 00000000 00:00 0 
7fc877da2000-7fc877da3000 ---p 00000000 00:00 0 
7fc877da3000-7fc877ea3000 rw-p 00000000 00:00 0 
7fc877ea3000-7fc877ea4000 ---p 00000000 00:00 0 
7fc877ea4000-7fc877fa4000 rw-p 00000000 00:00 0 
7fc877fa4000-7fc877fa5000 ---p 00000000 00:00 0 
7fc877fa5000-7fc8780a5000 rw-p 00000000 00:00 0 
7fc8780a5000-7fc8780a6000 ---p 00000000 00:00 0 
7fc8780a6000-7fc8781d0000 rw-p 00000000 00:00 0 
7fc8781d0000-7fc87843f000 ---p 00000000 00:00 0 
7fc87843f000-7fc878469000 rw-p 00000000 00:00 0 
7fc878469000-7fc8786d7000 ---p 00000000 00:00 0 
7fc8786d7000-7fc87871f000 rw-p 00000000 00:00 0 
7fc87871f000-7fc878824000 ---p 00000000 00:00 0 
7fc878824000-7fc87883c000 rw-p 00000000 00:00 0 
7fc87883c000-7fc878be5000 ---p 00000000 00:00 0 
7fc878be5000-7fc879185000 rwxp 00000000 00:00 0 
7fc879185000-7fc887be5000 ---p 00000000 00:00 0 
7fc887be5000-7fc887bed000 r-xp 00000000 08:00 1715617                    /usr/lib/jvm/java-8-openjdk-amd64/jre/lib/amd64/libzip.so
7fc887bed000-7fc887dec000 ---p 00008000 08:00 1715617                    /usr/lib/jvm/java-8-openjdk-amd64/jre/lib/amd64/libzip.so
7fc887dec000-7fc887ded000 r--p 00007000 08:00 1715617                    /usr/lib/jvm/java-8-openjdk-amd64/jre/lib/amd64/libzip.so
7fc887ded000-7fc887dee000 rw-p 00008000 08:00 1715617                    /usr/lib/jvm/java-8-openjdk-amd64/jre/lib/amd64/libzip.so
7fc887dee000-7fc887df9000 r-xp 00000000 08:00 8135                       /lib/x86_64-linux-gnu/libnss_files-2.27.so
7fc887df9000-7fc887ff8000 ---p 0000b000 08:00 8135                       /lib/x86_64-linux-gnu/libnss_files-2.27.so
7fc887ff8000-7fc887ff9000 r--p 0000a000 08:00 8135                       /lib/x86_64-linux-gnu/libnss_files-2.27.so
7fc887ff9000-7fc887ffa000 rw-p 0000b000 08:00 8135                       /lib/x86_64-linux-gnu/libnss_files-2.27.so
7fc887ffa000-7fc888000000 rw-p 00000000 00:00 0 
7fc888000000-7fc888749000 rw-p 00000000 00:00 0 
7fc888749000-7fc88c000000 ---p 00000000 00:00 0 
7fc88c003000-7fc88c079000 rw-p 00000000 00:00 0 
7fc88c079000-7fc88c090000 r-xp 00000000 08:00 8132                       /lib/x86_64-linux-gnu/libnsl-2.27.so
7fc88c090000-7fc88c28f000 ---p 00017000 08:00 8132                       /lib/x86_64-linux-gnu/libnsl-2.27.so
7fc88c28f000-7fc88c290000 r--p 00016000 08:00 8132                       /lib/x86_64-linux-gnu/libnsl-2.27.so
7fc88c290000-7fc88c291000 rw-p 00017000 08:00 8132                       /lib/x86_64-linux-gnu/libnsl-2.27.so
7fc88c291000-7fc88c293000 rw-p 00000000 00:00 0 
7fc88c293000-7fc88c29e000 r-xp 00000000 08:00 8137                       /lib/x86_64-linux-gnu/libnss_nis-2.27.so
7fc88c29e000-7fc88c49d000 ---p 0000b000 08:00 8137                       /lib/x86_64-linux-gnu/libnss_nis-2.27.so
7fc88c49d000-7fc88c49e000 r--p 0000a000 08:00 8137                       /lib/x86_64-linux-gnu/libnss_nis-2.27.so
7fc88c49e000-7fc88c49f000 rw-p 0000b000 08:00 8137                       /lib/x86_64-linux-gnu/libnss_nis-2.27.so
7fc88c49f000-7fc88c4a7000 r-xp 00000000 08:00 8133                       /lib/x86_64-linux-gnu/libnss_compat-2.27.so
7fc88c4a7000-7fc88c6a7000 ---p 00008000 08:00 8133                       /lib/x86_64-linux-gnu/libnss_compat-2.27.so
7fc88c6a7000-7fc88c6a8000 r--p 00008000 08:00 8133                       /lib/x86_64-linux-gnu/libnss_compat-2.27.so
7fc88c6a8000-7fc88c6a9000 rw-p 00009000 08:00 8133                       /lib/x86_64-linux-gnu/libnss_compat-2.27.so
7fc88c6a9000-7fc88c6d3000 r-xp 00000000 08:00 1715598                    /usr/lib/jvm/java-8-openjdk-amd64/jre/lib/amd64/libjava.so
7fc88c6d3000-7fc88c8d3000 ---p 0002a000 08:00 1715598                    /usr/lib/jvm/java-8-openjdk-amd64/jre/lib/amd64/libjava.so
7fc88c8d3000-7fc88c8d4000 r--p 0002a000 08:00 1715598                    /usr/lib/jvm/java-8-openjdk-amd64/jre/lib/amd64/libjava.so
7fc88c8d4000-7fc88c8d6000 rw-p 0002b000 08:00 1715598                    /usr/lib/jvm/java-8-openjdk-amd64/jre/lib/amd64/libjava.so
7fc88c8d6000-7fc88c8e6000 r-xp 00000000 08:00 1715616                    /usr/lib/jvm/java-8-openjdk-amd64/jre/lib/amd64/libverify.so
7fc88c8e6000-7fc88cae5000 ---p 00010000 08:00 1715616                    /usr/lib/jvm/java-8-openjdk-amd64/jre/lib/amd64/libverify.so
7fc88cae5000-7fc88cae7000 r--p 0000f000 08:00 1715616                    /usr/lib/jvm/java-8-openjdk-amd64/jre/lib/amd64/libverify.so
7fc88cae7000-7fc88cae8000 rw-p 00011000 08:00 1715616                    /usr/lib/jvm/java-8-openjdk-amd64/jre/lib/amd64/libverify.so
7fc88cae8000-7fc88caef000 r-xp 00000000 08:00 8142                       /lib/x86_64-linux-gnu/librt-2.27.so
7fc88caef000-7fc88ccee000 ---p 00007000 08:00 8142                       /lib/x86_64-linux-gnu/librt-2.27.so
7fc88ccee000-7fc88ccef000 r--p 00006000 08:00 8142                       /lib/x86_64-linux-gnu/librt-2.27.so
7fc88ccef000-7fc88ccf0000 rw-p 00007000 08:00 8142                       /lib/x86_64-linux-gnu/librt-2.27.so
7fc88ccf0000-7fc88cd07000 r-xp 00000000 08:00 3324                       /lib/x86_64-linux-gnu/libgcc_s.so.1
7fc88cd07000-7fc88cf06000 ---p 00017000 08:00 3324                       /lib/x86_64-linux-gnu/libgcc_s.so.1
7fc88cf06000-7fc88cf07000 r--p 00016000 08:00 3324                       /lib/x86_64-linux-gnu/libgcc_s.so.1
7fc88cf07000-7fc88cf08000 rw-p 00017000 08:00 3324                       /lib/x86_64-linux-gnu/libgcc_s.so.1
7fc88cf08000-7fc88d0a5000 r-xp 00000000 08:00 8129                       /lib/x86_64-linux-gnu/libm-2.27.so
7fc88d0a5000-7fc88d2a4000 ---p 0019d000 08:00 8129                       /lib/x86_64-linux-gnu/libm-2.27.so
7fc88d2a4000-7fc88d2a5000 r--p 0019c000 08:00 8129                       /lib/x86_64-linux-gnu/libm-2.27.so
7fc88d2a5000-7fc88d2a6000 rw-p 0019d000 08:00 8129                       /lib/x86_64-linux-gnu/libm-2.27.so
7fc88d2a6000-7fc88d41f000 r-xp 00000000 08:00 700                        /usr/lib/x86_64-linux-gnu/libstdc++.so.6.0.25
7fc88d41f000-7fc88d61f000 ---p 00179000 08:00 700                        /usr/lib/x86_64-linux-gnu/libstdc++.so.6.0.25
7fc88d61f000-7fc88d629000 r--p 00179000 08:00 700                        /usr/lib/x86_64-linux-gnu/libstdc++.so.6.0.25
7fc88d629000-7fc88d62b000 rw-p 00183000 08:00 700                        /usr/lib/x86_64-linux-gnu/libstdc++.so.6.0.25
7fc88d62b000-7fc88d62f000 rw-p 00000000 00:00 0 
7fc88d62f000-7fc88e3a6000 r-xp 00000000 08:00 1971040                    /usr/lib/jvm/java-8-openjdk-amd64/jre/lib/amd64/server/libjvm.so
7fc88e3a6000-7fc88e5a5000 ---p 00d77000 08:00 1971040                    /usr/lib/jvm/java-8-openjdk-amd64/jre/lib/amd64/server/libjvm.so
7fc88e5a5000-7fc88e63b000 r--p 00d76000 08:00 1971040                    /usr/lib/jvm/java-8-openjdk-amd64/jre/lib/amd64/server/libjvm.so
7fc88e63b000-7fc88e664000 rw-p 00e0c000 08:00 1971040                    /usr/lib/jvm/java-8-openjdk-amd64/jre/lib/amd64/server/libjvm.so
7fc88e664000-7fc88e697000 rw-p 00000000 00:00 0 
7fc88e697000-7fc88e6b1000 r-xp 00000000 08:00 8140                       /lib/x86_64-linux-gnu/libpthread-2.27.so
7fc88e6b1000-7fc88e8b0000 ---p 0001a000 08:00 8140                       /lib/x86_64-linux-gnu/libpthread-2.27.so
7fc88e8b0000-7fc88e8b1000 r--p 00019000 08:00 8140                       /lib/x86_64-linux-gnu/libpthread-2.27.so
7fc88e8b1000-7fc88e8b2000 rw-p 0001a000 08:00 8140                       /lib/x86_64-linux-gnu/libpthread-2.27.so
7fc88e8b2000-7fc88e8b6000 rw-p 00000000 00:00 0 
7fc88e8b6000-7fc88e8b9000 r-xp 00000000 08:00 8128                       /lib/x86_64-linux-gnu/libdl-2.27.so
7fc88e8b9000-7fc88eab8000 ---p 00003000 08:00 8128                       /lib/x86_64-linux-gnu/libdl-2.27.so
7fc88eab8000-7fc88eab9000 r--p 00002000 08:00 8128                       /lib/x86_64-linux-gnu/libdl-2.27.so
7fc88eab9000-7fc88eaba000 rw-p 00003000 08:00 8128                       /lib/x86_64-linux-gnu/libdl-2.27.so
7fc88eaba000-7fc88ead6000 r-xp 00000000 08:00 131377                     /lib/x86_64-linux-gnu/libz.so.1.2.11
7fc88ead6000-7fc88ecd5000 ---p 0001c000 08:00 131377                     /lib/x86_64-linux-gnu/libz.so.1.2.11
7fc88ecd5000-7fc88ecd6000 r--p 0001b000 08:00 131377                     /lib/x86_64-linux-gnu/libz.so.1.2.11
7fc88ecd6000-7fc88ecd7000 rw-p 0001c000 08:00 131377                     /lib/x86_64-linux-gnu/libz.so.1.2.11
7fc88ecd7000-7fc88eebe000 r-xp 00000000 08:00 8125                       /lib/x86_64-linux-gnu/libc-2.27.so
7fc88eebe000-7fc88f0be000 ---p 001e7000 08:00 8125                       /lib/x86_64-linux-gnu/libc-2.27.so
7fc88f0be000-7fc88f0c2000 r--p 001e7000 08:00 8125                       /lib/x86_64-linux-gnu/libc-2.27.so
7fc88f0c2000-7fc88f0c4000 rw-p 001eb000 08:00 8125                       /lib/x86_64-linux-gnu/libc-2.27.so
7fc88f0c4000-7fc88f0c8000 rw-p 00000000 00:00 0 
7fc88f0c8000-7fc88f0d6000 r-xp 00000000 08:00 1841498                    /usr/lib/jvm/java-8-openjdk-amd64/jre/lib/amd64/jli/libjli.so
7fc88f0d6000-7fc88f2d5000 ---p 0000e000 08:00 1841498                    /usr/lib/jvm/java-8-openjdk-amd64/jre/lib/amd64/jli/libjli.so
7fc88f2d5000-7fc88f2d6000 r--p 0000d000 08:00 1841498                    /usr/lib/jvm/java-8-openjdk-amd64/jre/lib/amd64/jli/libjli.so
7fc88f2d6000-7fc88f2d7000 rw-p 0000e000 08:00 1841498                    /usr/lib/jvm/java-8-openjdk-amd64/jre/lib/amd64/jli/libjli.so
7fc88f2d7000-7fc88f300000 r-xp 00000000 08:00 132753                     /lib/x86_64-linux-gnu/ld-2.27.so
7fc88f300000-7fc88f303000 r--s 0000f000 08:00 1971050                    /usr/lib/jvm/java-8-openjdk-amd64/jre/lib/ext/icedtea-sound.jar
7fc88f303000-7fc88f305000 r--s 00001000 08:00 1971049                    /usr/lib/jvm/java-8-openjdk-amd64/jre/lib/ext/dnsns.jar
7fc88f305000-7fc88f30f000 r--s 00117000 08:00 1971052                    /usr/lib/jvm/java-8-openjdk-amd64/jre/lib/ext/localedata.jar
7fc88f30f000-7fc88f311000 r--s 00010000 08:00 1971057                    /usr/lib/jvm/java-8-openjdk-amd64/jre/lib/ext/zipfs.jar
7fc88f311000-7fc88f312000 r--s 0000a000 08:00 1971051                    /usr/lib/jvm/java-8-openjdk-amd64/jre/lib/ext/jaccess.jar
7fc88f312000-7fc88f314000 r--s 00007000 08:00 70370                      /usr/share/java/java-atk-wrapper.jar
7fc88f314000-7fc88f31b000 r--s 000d3000 08:00 1581865                    /usr/lib/jvm/java-8-openjdk-amd64/jre/lib/jfr.jar
7fc88f31b000-7fc88f3eb000 rw-p 00000000 00:00 0 
7fc88f3eb000-7fc88f3f3000 rw-s 00000000 08:00 524430                     /tmp/hsperfdata_root/395
7fc88f3f3000-7fc88f3f4000 ---p 00000000 00:00 0 
7fc88f3f4000-7fc88f3f7000 ---p 00000000 00:00 0 
7fc88f3f7000-7fc88f4f6000 rw-p 00000000 00:00 0 
7fc88f4f6000-7fc88f4fa000 r--s 00041000 08:00 1971056                    /usr/lib/jvm/java-8-openjdk-amd64/jre/lib/ext/sunpkcs11.jar
7fc88f4fa000-7fc88f4fc000 r--s 00008000 08:00 1971054                    /usr/lib/jvm/java-8-openjdk-amd64/jre/lib/ext/sunec.jar
7fc88f4fc000-7fc88f4fd000 rw-p 00000000 00:00 0 
7fc88f4fd000-7fc88f4fe000 ---p 00000000 00:00 0 
7fc88f4fe000-7fc88f500000 rw-p 00000000 00:00 0 
7fc88f500000-7fc88f501000 r--p 00029000 08:00 132753                     /lib/x86_64-linux-gnu/ld-2.27.so
7fc88f501000-7fc88f502000 rw-p 0002a000 08:00 132753                     /lib/x86_64-linux-gnu/ld-2.27.so
7fc88f502000-7fc88f503000 rw-p 00000000 00:00 0 
7ffeca6c2000-7ffeca6e3000 rw-p 00000000 00:00 0                          [stack]
7ffeca789000-7ffeca78c000 r--p 00000000 00:00 0                          [vvar]
7ffeca78c000-7ffeca78e000 r-xp 00000000 00:00 0                          [vdso]
ffffffffff600000-ffffffffff601000 r-xp 00000000 00:00 0                  [vsyscall]

VM Arguments:
java_command: TXST-0.0.1-SNAPSHOT.jar
java_class_path (initial): TXST-0.0.1-SNAPSHOT.jar
Launcher Type: SUN_STANDARD

Environment Variables:
PATH=/usr/local/sbin:/usr/local/bin:/usr/sbin:/usr/bin:/sbin:/bin:/usr/games:/usr/local/games:/snap/bin:/root/.dotnet/tools
SHELL=/bin/bash

Signal Handlers:
SIGSEGV: [libjvm.so+0xb74830], sa_mask[0]=11111111011111111101111111111110, sa_flags=SA_RESTART|SA_SIGINFO
SIGBUS: [libjvm.so+0xb74830], sa_mask[0]=11111111011111111101111111111110, sa_flags=SA_RESTART|SA_SIGINFO
SIGFPE: [libjvm.so+0x993130], sa_mask[0]=11111111011111111101111111111110, sa_flags=SA_RESTART|SA_SIGINFO
SIGPIPE: [libjvm.so+0x993130], sa_mask[0]=11111111011111111101111111111110, sa_flags=SA_RESTART|SA_SIGINFO
SIGXFSZ: [libjvm.so+0x993130], sa_mask[0]=11111111011111111101111111111110, sa_flags=SA_RESTART|SA_SIGINFO
SIGILL: [libjvm.so+0x993130], sa_mask[0]=11111111011111111101111111111110, sa_flags=SA_RESTART|SA_SIGINFO
SIGUSR1: SIG_DFL, sa_mask[0]=00000000000000000000000000000000, sa_flags=none
SIGUSR2: [libjvm.so+0x993710], sa_mask[0]=00000000000000000000000000000000, sa_flags=SA_RESTART|SA_SIGINFO
SIGHUP: SIG_IGN, sa_mask[0]=00000000000000000000000000000000, sa_flags=none
SIGINT: [libjvm.so+0x993650], sa_mask[0]=11111111011111111101111111111110, sa_flags=SA_RESTART|SA_SIGINFO
SIGTERM: [libjvm.so+0x993650], sa_mask[0]=11111111011111111101111111111110, sa_flags=SA_RESTART|SA_SIGINFO
SIGQUIT: [libjvm.so+0x993650], sa_mask[0]=11111111011111111101111111111110, sa_flags=SA_RESTART|SA_SIGINFO


---------------  S Y S T E M  ---------------

OS:DISTRIB_ID=Ubuntu
DISTRIB_RELEASE=18.04
DISTRIB_CODENAME=bionic
DISTRIB_DESCRIPTION="Ubuntu 18.04.6 LTS"

uname:Linux 4.15.0-192-generic #203-Ubuntu SMP Wed Aug 10 17:40:03 UTC 2022 x86_64
libc:glibc 2.27 NPTL 2.27 
rlimit: STACK 8192k, CORE 0k, NPROC 31645, NOFILE 1048576, AS infinity
load average:5.58 5.88 6.02

/proc/meminfo:
MemTotal:        8167412 kB
MemFree:          107028 kB
MemAvailable:       7276 kB
Buffers:             280 kB
Cached:            29836 kB
SwapCached:        16084 kB
Active:          5916536 kB
Inactive:        1628224 kB
Active(anon):    5906920 kB
Inactive(anon):  1618668 kB
Active(file):       9616 kB
Inactive(file):     9556 kB
Unevictable:           0 kB
Mlocked:               0 kB
SwapTotal:        524284 kB
SwapFree:              0 kB
Dirty:               272 kB
Writeback:             0 kB
AnonPages:       7499892 kB
Mapped:            25808 kB
Shmem:             10652 kB
Slab:             212432 kB
SReclaimable:      63132 kB
SUnreclaim:       149300 kB
KernelStack:      151344 kB
PageTables:        65808 kB
NFS_Unstable:          0 kB
Bounce:                0 kB
WritebackTmp:          0 kB
CommitLimit:     4607988 kB
Committed_AS:   60633940 kB
VmallocTotal:   34359738367 kB
VmallocUsed:           0 kB
VmallocChunk:          0 kB
HardwareCorrupted:     0 kB
AnonHugePages:         0 kB
ShmemHugePages:        0 kB
ShmemPmdMapped:        0 kB
CmaTotal:              0 kB
CmaFree:               0 kB
HugePages_Total:       0
HugePages_Free:        0
HugePages_Rsvd:        0
HugePages_Surp:        0
Hugepagesize:       2048 kB
DirectMap4k:     3614568 kB
DirectMap2M:     4773888 kB
DirectMap1G:     2097152 kB

container (cgroup) information:
container_type: cgroupv1
cpu_cpuset_cpus: 0-3
cpu_memory_nodes: 0
active_processor_count: 4
cpu_quota: -1
cpu_period: 100000
cpu_shares: -1
memory_limit_in_bytes: -1
memory_and_swap_limit_in_bytes: -2
memory_soft_limit_in_bytes: -1
memory_usage_in_bytes: 6170517504
memory_max_usage_in_bytes: 6858858496


CPU:total 4 (initial active 4) (4 cores per cpu, 1 threads per core) family 23 model 49 stepping 0, cmov, cx8, fxsr, mmx, sse, sse2, sse3, ssse3, sse4.1, sse4.2, popcnt, avx, avx2, aes, clmul, mmxext, 3dnowpref, lzcnt, sse4a, tsc, bmi1

/proc/cpuinfo:
processor	: 0
vendor_id	: AuthenticAMD
cpu family	: 23
model		: 49
model name	: AMD EPYC 7542 32-Core Processor
stepping	: 0
microcode	: 0x8301038
cpu MHz		: 2899.998
cache size	: 512 KB
physical id	: 0
siblings	: 4
core id		: 0
cpu cores	: 4
apicid		: 0
initial apicid	: 0
fpu		: yes
fpu_exception	: yes
cpuid level	: 16
wp		: yes
flags		: fpu vme de pse tsc msr pae mce cx8 apic sep mtrr pge mca cmov pat pse36 clflush mmx fxsr sse sse2 ht syscall nx mmxext fxsr_opt pdpe1gb rdtscp lm rep_good nopl cpuid extd_apicid tsc_known_freq pni pclmulqdq ssse3 fma cx16 sse4_1 sse4_2 x2apic movbe popcnt tsc_deadline_timer aes xsave avx f16c rdrand hypervisor lahf_lm cmp_legacy cr8_legacy abm sse4a misalignsse 3dnowprefetch osvw perfctr_core ssbd ibrs ibpb stibp vmmcall fsgsbase tsc_adjust bmi1 avx2 smep bmi2 rdseed adx smap clflushopt clwb sha_ni xsaveopt xsavec xgetbv1 xsaves clzero xsaveerptr arat umip rdpid arch_capabilities
bugs		: sysret_ss_attrs spectre_v1 spectre_v2 spec_store_bypass
bogomips	: 5799.99
TLB size	: 1024 4K pages
clflush size	: 64
cache_alignment	: 64
address sizes	: 48 bits physical, 48 bits virtual
power management:

processor	: 1
vendor_id	: AuthenticAMD
cpu family	: 23
model		: 49
model name	: AMD EPYC 7542 32-Core Processor
stepping	: 0
microcode	: 0x8301038
cpu MHz		: 2899.998
cache size	: 512 KB
physical id	: 0
siblings	: 4
core id		: 1
cpu cores	: 4
apicid		: 1
initial apicid	: 1
fpu		: yes
fpu_exception	: yes
cpuid level	: 16
wp		: yes
flags		: fpu vme de pse tsc msr pae mce cx8 apic sep mtrr pge mca cmov pat pse36 clflush mmx fxsr sse sse2 ht syscall nx mmxext fxsr_opt pdpe1gb rdtscp lm rep_good nopl cpuid extd_apicid tsc_known_freq pni pclmulqdq ssse3 fma cx16 sse4_1 sse4_2 x2apic movbe popcnt tsc_deadline_timer aes xsave avx f16c rdrand hypervisor lahf_lm cmp_legacy cr8_legacy abm sse4a misalignsse 3dnowprefetch osvw perfctr_core ssbd ibrs ibpb stibp vmmcall fsgsbase tsc_adjust bmi1 avx2 smep bmi2 rdseed adx smap clflushopt clwb sha_ni xsaveopt xsavec xgetbv1 xsaves clzero xsaveerptr arat umip rdpid arch_capabilities
bugs		: sysret_ss_attrs spectre_v1 spectre_v2 spec_store_bypass
bogomips	: 5799.99
TLB size	: 1024 4K pages
clflush size	: 64
cache_alignment	: 64
address sizes	: 48 bits physical, 48 bits virtual
power management:

processor	: 2
vendor_id	: AuthenticAMD
cpu family	: 23
model		: 49
model name	: AMD EPYC 7542 32-Core Processor
stepping	: 0
microcode	: 0x8301038
cpu MHz		: 2899.998
cache size	: 512 KB
physical id	: 0
siblings	: 4
core id		: 2
cpu cores	: 4
apicid		: 2
initial apicid	: 2
fpu		: yes
fpu_exception	: yes
cpuid level	: 16
wp		: yes
flags		: fpu vme de pse tsc msr pae mce cx8 apic sep mtrr pge mca cmov pat pse36 clflush mmx fxsr sse sse2 ht syscall nx mmxext fxsr_opt pdpe1gb rdtscp lm rep_good nopl cpuid extd_apicid tsc_known_freq pni pclmulqdq ssse3 fma cx16 sse4_1 sse4_2 x2apic movbe popcnt tsc_deadline_timer aes xsave avx f16c rdrand hypervisor lahf_lm cmp_legacy cr8_legacy abm sse4a misalignsse 3dnowprefetch osvw perfctr_core ssbd ibrs ibpb stibp vmmcall fsgsbase tsc_adjust bmi1 avx2 smep bmi2 rdseed adx smap clflushopt clwb sha_ni xsaveopt xsavec xgetbv1 xsaves clzero xsaveerptr arat umip rdpid arch_capabilities
bugs		: sysret_ss_attrs spectre_v1 spectre_v2 spec_store_bypass
bogomips	: 5799.99
TLB size	: 1024 4K pages
clflush size	: 64
cache_alignment	: 64
address sizes	: 48 bits physical, 48 bits virtual
power management:

processor	: 3
vendor_id	: AuthenticAMD
cpu family	: 23
model		: 49
model name	: AMD EPYC 7542 32-Core Processor
stepping	: 0
microcode	: 0x8301038
cpu MHz		: 2899.998
cache size	: 512 KB
physical id	: 0
siblings	: 4
core id		: 3
cpu cores	: 4
apicid		: 3
initial apicid	: 3
fpu		: yes
fpu_exception	: yes
cpuid level	: 16
wp		: yes
flags		: fpu vme de pse tsc msr pae mce cx8 apic sep mtrr pge mca cmov pat pse36 clflush mmx fxsr sse sse2 ht syscall nx mmxext fxsr_opt pdpe1gb rdtscp lm rep_good nopl cpuid extd_apicid tsc_known_freq pni pclmulqdq ssse3 fma cx16 sse4_1 sse4_2 x2apic movbe popcnt tsc_deadline_timer aes xsave avx f16c rdrand hypervisor lahf_lm cmp_legacy cr8_legacy abm sse4a misalignsse 3dnowprefetch osvw perfctr_core ssbd ibrs ibpb stibp vmmcall fsgsbase tsc_adjust bmi1 avx2 smep bmi2 rdseed adx smap clflushopt clwb sha_ni xsaveopt xsavec xgetbv1 xsaves clzero xsaveerptr arat umip rdpid arch_capabilities
bugs		: sysret_ss_attrs spectre_v1 spectre_v2 spec_store_bypass
bogomips	: 5799.99
TLB size	: 1024 4K pages
clflush size	: 64
cache_alignment	: 64
address sizes	: 48 bits physical, 48 bits virtual
power management:



Memory: 4k page, physical 8167412k(107064k free), swap 524284k(0k free)

vm_info: OpenJDK 64-Bit Server VM (25.352-b08) for linux-amd64 JRE (1.8.0_352-8u352-ga-1~18.04-b08), built on Oct 25 2022 17:26:06 by "buildd" with gcc 7.5.0

time: Sun Jan 22 20:53:13 2023
timezone: +07
elapsed time: 3.679007 seconds (0d 0h 0m 3s)

