#
# There is insufficient memory for the Java Runtime Environment to continue.
# Native memory allocation (mmap) failed to map 164626432 bytes for committing reserved memory.
# Possible reasons:
#   The system is out of physical RAM or swap space
#   The process is running with CompressedOops enabled, and the Java Heap may be blocking the growth of the native heap
# Possible solutions:
#   Reduce memory load on the system
#   Increase physical memory or swap space
#   Check if swap backing store is full
#   Decrease Java heap size (-Xmx/-Xms)
#   Decrease number of Java threads
#   Decrease Java thread stack sizes (-Xss)
#   Set larger code cache with -XX:ReservedCodeCacheSize=
#   JVM is running with Unscaled Compressed Oops mode in which the Java heap is
#     placed in the first 4GB address space. The Java Heap base address is the
#     maximum limit for the native heap growth. Please use -XX:HeapBaseMinAddress
#     to set the Java Heap base and to place the Java Heap above 4GB virtual address.
# This output file may be truncated or incomplete.
#
#  Out of Memory Error (os_linux.cpp:2798), pid=25221, tid=0x00007faadf6f6700
#
# JRE version: OpenJDK Runtime Environment (8.0_312-b07) (build 1.8.0_312-8u312-b07-0ubuntu1~18.04-b07)
# Java VM: OpenJDK 64-Bit Server VM (25.312-b07 mixed mode linux-amd64 compressed oops)
# Failed to write core dump. Core dumps have been disabled. To enable core dumping, try "ulimit -c unlimited" before starting Java again
#

---------------  T H R E A D  ---------------

Current thread (0x00007faafc141000):  VMThread [stack: 0x00007faadf5f7000,0x00007faadf6f7000] [id=25227]

Stack: [0x00007faadf5f7000,0x00007faadf6f7000],  sp=0x00007faadf6f52f0,  free space=1016k
Native frames: (J=compiled Java code, j=interpreted, Vv=VM code, C=native code)
V  [libjvm.so+0xb6dd22]
V  [libjvm.so+0x4f22a7]
V  [libjvm.so+0x993a70]
V  [libjvm.so+0x98af1e]
V  [libjvm.so+0xa125b6]
V  [libjvm.so+0xa13928]
V  [libjvm.so+0xa0fc56]
V  [libjvm.so+0xa081e9]
V  [libjvm.so+0x46a943]
V  [libjvm.so+0xb6fbb1]
V  [libjvm.so+0xb76516]
V  [libjvm.so+0xb74259]
V  [libjvm.so+0xb7476b]
V  [libjvm.so+0xb74ba8]
V  [libjvm.so+0x990e62]

VM_Operation (0x00007faade6abec0): CollectForMetadataAllocation, mode: safepoint, requested by thread 0x00007faafc5ac000


---------------  P R O C E S S  ---------------

Java Threads: ( => current thread )
  0x00007faafc5ac000 JavaThread "background-preinit" [_thread_blocked, id=25236, stack(0x00007faade5b3000,0x00007faade6b4000)]
  0x00007faafc194800 JavaThread "Service Thread" daemon [_thread_blocked, id=25234, stack(0x00007faadebe1000,0x00007faadece2000)]
  0x00007faafc189800 JavaThread "C1 CompilerThread2" daemon [_thread_blocked, id=25233, stack(0x00007faadece3000,0x00007faadede3000)]
  0x00007faafc188000 JavaThread "C2 CompilerThread1" daemon [_thread_blocked, id=25232, stack(0x00007faadede4000,0x00007faadeee4000)]
  0x00007faafc185000 JavaThread "C2 CompilerThread0" daemon [_thread_blocked, id=25231, stack(0x00007faadeee5000,0x00007faadefe5000)]
  0x00007faafc182000 JavaThread "Signal Dispatcher" daemon [_thread_blocked, id=25230, stack(0x00007faadefe5000,0x00007faadf0e6000)]
  0x00007faafc14f000 JavaThread "Finalizer" daemon [_thread_blocked, id=25229, stack(0x00007faadf3f4000,0x00007faadf4f5000)]
  0x00007faafc14a800 JavaThread "Reference Handler" daemon [_thread_blocked, id=25228, stack(0x00007faadf4f5000,0x00007faadf5f6000)]
  0x00007faafc00b800 JavaThread "main" [_thread_blocked, id=25222, stack(0x00007fab049da000,0x00007fab04ada000)]

Other Threads:
=>0x00007faafc141000 VMThread [stack: 0x00007faadf5f7000,0x00007faadf6f7000] [id=25227]
  0x00007faafc197000 WatcherThread [stack: 0x00007faadeae1000,0x00007faadebe1000] [id=25235]

VM state:at safepoint (normal execution)

VM Mutex/Monitor currently owned by a thread:  ([mutex/lock_event])
[0x00007faafc007ce0] Threads_lock - owner thread: 0x00007faafc141000
[0x00007faafc0081e0] Heap_lock - owner thread: 0x00007faafc5ac000

heap address: 0x0000000083600000, size: 1994 MB, Compressed Oops mode: 32-bit
Narrow klass base: 0x0000000000000000, Narrow klass shift: 3
Compressed class space size: 1073741824 Address: 0x0000000100000000

Heap:
 PSYoungGen      total 267264K, used 5613K [0x00000000d6780000, 0x00000000e7280000, 0x0000000100000000)
  eden space 261632K, 0% used [0x00000000d6780000,0x00000000d6780000,0x00000000e6700000)
  from space 5632K, 99% used [0x00000000e6700000,0x00000000e6c7b5f8,0x00000000e6c80000)
  to   space 5120K, 0% used [0x00000000e6c80000,0x00000000e6c80000,0x00000000e7180000)
 ParOldGen       total 86016K, used 6552K [0x0000000083600000, 0x0000000088a00000, 0x00000000d6780000)
  object space 86016K, 7% used [0x0000000083600000,0x0000000083c663c8,0x0000000088a00000)
 Metaspace       used 20457K, capacity 21014K, committed 21248K, reserved 1067008K
  class space    used 2540K, capacity 2697K, committed 2816K, reserved 1048576K

Card table byte_map: [0x00007fab00aa4000,0x00007fab00e8a000] byte_map_base: 0x00007fab00689000

Marking Bits: (ParMarkBitMap*) 0x00007fab03c61720
 Begin Bits: [0x00007faae41b0000, 0x00007faae60d8000)
 End Bits:   [0x00007faae60d8000, 0x00007faae8000000)

Polling page: 0x00007fab04ae4000

CodeCache: size=245760Kb used=5893Kb max_used=5905Kb free=239866Kb
 bounds [0x00007faaed000000, 0x00007faaed5d0000, 0x00007faafc000000]
 total_blobs=2342 nmethods=1965 adapters=290
 compilation: enabled

Compilation events (10 events):
Event: 2.483 Thread 0x00007faafc188000 nmethod 1981 0x00007faaed5a6550 code [0x00007faaed5a66a0, 0x00007faaed5a67f8]
Event: 2.484 Thread 0x00007faafc189800 nmethod 1983 0x00007faaed5c1090 code [0x00007faaed5c15e0, 0x00007faaed5c4618]
Event: 2.484 Thread 0x00007faafc189800 1984   !   3       java.util.regex.Pattern::<init> (98 bytes)
Event: 2.485 Thread 0x00007faafc189800 nmethod 1984 0x00007faaed5b8790 code [0x00007faaed5b8980, 0x00007faaed5b9368]
Event: 2.486 Thread 0x00007faafc185000 1985       4       java.lang.String::codePointAt (36 bytes)
Event: 2.487 Thread 0x00007faafc185000 nmethod 1985 0x00007faaed5b62d0 code [0x00007faaed5b6420, 0x00007faaed5b6518]
Event: 2.492 Thread 0x00007faafc188000 1986       4       java.util.ArrayList::add (29 bytes)
Event: 2.494 Thread 0x00007faafc189800 1987       3       java.util.Vector::ensureCapacityHelper (16 bytes)
Event: 2.494 Thread 0x00007faafc189800 nmethod 1987 0x00007faaed5c0c90 code [0x00007faaed5c0e00, 0x00007faaed5c0fc8]
Event: 2.501 Thread 0x00007faafc188000 nmethod 1986 0x00007faaed5bf0d0 code [0x00007faaed5bf240, 0x00007faaed5bf578]

GC Heap History (10 events):
Event: 1.045 GC heap after
Heap after GC invocations=4 (full 0):
 PSYoungGen      total 70656K, used 4174K [0x00000000d6780000, 0x00000000db180000, 0x0000000100000000)
  eden space 65536K, 0% used [0x00000000d6780000,0x00000000d6780000,0x00000000da780000)
  from space 5120K, 81% used [0x00000000dac80000,0x00000000db093ba0,0x00000000db180000)
  to   space 5120K, 0% used [0x00000000da780000,0x00000000da780000,0x00000000dac80000)
 ParOldGen       total 86016K, used 32K [0x0000000083600000, 0x0000000088a00000, 0x00000000d6780000)
  object space 86016K, 0% used [0x0000000083600000,0x0000000083608000,0x0000000088a00000)
 Metaspace       used 8855K, capacity 9178K, committed 9344K, reserved 1056768K
  class space    used 980K, capacity 1097K, committed 1152K, reserved 1048576K
}
Event: 1.143 GC heap before
{Heap before GC invocations=5 (full 0):
 PSYoungGen      total 70656K, used 69669K [0x00000000d6780000, 0x00000000db180000, 0x0000000100000000)
  eden space 65536K, 99% used [0x00000000d6780000,0x00000000da7758d0,0x00000000da780000)
  from space 5120K, 81% used [0x00000000dac80000,0x00000000db093ba0,0x00000000db180000)
  to   space 5120K, 0% used [0x00000000da780000,0x00000000da780000,0x00000000dac80000)
 ParOldGen       total 86016K, used 32K [0x0000000083600000, 0x0000000088a00000, 0x00000000d6780000)
  object space 86016K, 0% used [0x0000000083600000,0x0000000083608000,0x0000000088a00000)
 Metaspace       used 9405K, capacity 9692K, committed 9984K, reserved 1058816K
  class space    used 1057K, capacity 1162K, committed 1280K, reserved 1048576K
Event: 1.161 GC heap after
Heap after GC invocations=5 (full 0):
 PSYoungGen      total 70656K, used 4375K [0x00000000d6780000, 0x00000000df180000, 0x0000000100000000)
  eden space 65536K, 0% used [0x00000000d6780000,0x00000000d6780000,0x00000000da780000)
  from space 5120K, 85% used [0x00000000da780000,0x00000000dabc5db0,0x00000000dac80000)
  to   space 5120K, 0% used [0x00000000dec80000,0x00000000dec80000,0x00000000df180000)
 ParOldGen       total 86016K, used 40K [0x0000000083600000, 0x0000000088a00000, 0x00000000d6780000)
  object space 86016K, 0% used [0x0000000083600000,0x000000008360a000,0x0000000088a00000)
 Metaspace       used 9405K, capacity 9692K, committed 9984K, reserved 1058816K
  class space    used 1057K, capacity 1162K, committed 1280K, reserved 1048576K
}
Event: 1.236 GC heap before
{Heap before GC invocations=6 (full 0):
 PSYoungGen      total 70656K, used 69911K [0x00000000d6780000, 0x00000000df180000, 0x0000000100000000)
  eden space 65536K, 100% used [0x00000000d6780000,0x00000000da780000,0x00000000da780000)
  from space 5120K, 85% used [0x00000000da780000,0x00000000dabc5db0,0x00000000dac80000)
  to   space 5120K, 0% used [0x00000000dec80000,0x00000000dec80000,0x00000000df180000)
 ParOldGen       total 86016K, used 40K [0x0000000083600000, 0x0000000088a00000, 0x00000000d6780000)
  object space 86016K, 0% used [0x0000000083600000,0x000000008360a000,0x0000000088a00000)
 Metaspace       used 9655K, capacity 9922K, committed 10240K, reserved 1058816K
  class space    used 1083K, capacity 1195K, committed 1280K, reserved 1048576K
Event: 1.249 GC heap after
Heap after GC invocations=6 (full 0):
 PSYoungGen      total 136192K, used 4418K [0x00000000d6780000, 0x00000000df180000, 0x0000000100000000)
  eden space 131072K, 0% used [0x00000000d6780000,0x00000000d6780000,0x00000000de780000)
  from space 5120K, 86% used [0x00000000dec80000,0x00000000df0d0940,0x00000000df180000)
  to   space 5120K, 0% used [0x00000000de780000,0x00000000de780000,0x00000000dec80000)
 ParOldGen       total 86016K, used 40K [0x0000000083600000, 0x0000000088a00000, 0x00000000d6780000)
  object space 86016K, 0% used [0x0000000083600000,0x000000008360a000,0x0000000088a00000)
 Metaspace       used 9655K, capacity 9922K, committed 10240K, reserved 1058816K
  class space    used 1083K, capacity 1195K, committed 1280K, reserved 1048576K
}
Event: 1.432 GC heap before
{Heap before GC invocations=7 (full 0):
 PSYoungGen      total 136192K, used 135490K [0x00000000d6780000, 0x00000000df180000, 0x0000000100000000)
  eden space 131072K, 100% used [0x00000000d6780000,0x00000000de780000,0x00000000de780000)
  from space 5120K, 86% used [0x00000000dec80000,0x00000000df0d0940,0x00000000df180000)
  to   space 5120K, 0% used [0x00000000de780000,0x00000000de780000,0x00000000dec80000)
 ParOldGen       total 86016K, used 40K [0x0000000083600000, 0x0000000088a00000, 0x00000000d6780000)
  object space 86016K, 0% used [0x0000000083600000,0x000000008360a000,0x0000000088a00000)
 Metaspace       used 11396K, capacity 11692K, committed 11904K, reserved 1060864K
  class space    used 1297K, capacity 1400K, committed 1408K, reserved 1048576K
Event: 1.449 GC heap after
Heap after GC invocations=7 (full 0):
 PSYoungGen      total 136192K, used 2656K [0x00000000d6780000, 0x00000000e7180000, 0x0000000100000000)
  eden space 131072K, 0% used [0x00000000d6780000,0x00000000d6780000,0x00000000de780000)
  from space 5120K, 51% used [0x00000000de780000,0x00000000dea18000,0x00000000dec80000)
  to   space 5120K, 0% used [0x00000000e6c80000,0x00000000e6c80000,0x00000000e7180000)
 ParOldGen       total 86016K, used 2389K [0x0000000083600000, 0x0000000088a00000, 0x00000000d6780000)
  object space 86016K, 2% used [0x0000000083600000,0x00000000838554f0,0x0000000088a00000)
 Metaspace       used 11396K, capacity 11692K, committed 11904K, reserved 1060864K
  class space    used 1297K, capacity 1400K, committed 1408K, reserved 1048576K
}
Event: 1.838 GC heap before
{Heap before GC invocations=8 (full 0):
 PSYoungGen      total 136192K, used 133728K [0x00000000d6780000, 0x00000000e7180000, 0x0000000100000000)
  eden space 131072K, 100% used [0x00000000d6780000,0x00000000de780000,0x00000000de780000)
  from space 5120K, 51% used [0x00000000de780000,0x00000000dea18000,0x00000000dec80000)
  to   space 5120K, 0% used [0x00000000e6c80000,0x00000000e6c80000,0x00000000e7180000)
 ParOldGen       total 86016K, used 2389K [0x0000000083600000, 0x0000000088a00000, 0x00000000d6780000)
  object space 86016K, 2% used [0x0000000083600000,0x00000000838554f0,0x0000000088a00000)
 Metaspace       used 14215K, capacity 14690K, committed 14848K, reserved 1062912K
  class space    used 1768K, capacity 1925K, committed 2048K, reserved 1048576K
Event: 1.848 GC heap after
Heap after GC invocations=8 (full 0):
 PSYoungGen      total 266752K, used 5025K [0x00000000d6780000, 0x00000000e7280000, 0x0000000100000000)
  eden space 261632K, 0% used [0x00000000d6780000,0x00000000d6780000,0x00000000e6700000)
  from space 5120K, 98% used [0x00000000e6c80000,0x00000000e7168490,0x00000000e7180000)
  to   space 5632K, 0% used [0x00000000e6700000,0x00000000e6700000,0x00000000e6c80000)
 ParOldGen       total 86016K, used 2845K [0x0000000083600000, 0x0000000088a00000, 0x00000000d6780000)
  object space 86016K, 3% used [0x0000000083600000,0x00000000838c74f0,0x0000000088a00000)
 Metaspace       used 14215K, capacity 14690K, committed 14848K, reserved 1062912K
  class space    used 1768K, capacity 1925K, committed 2048K, reserved 1048576K
}
Event: 2.517 GC heap before
{Heap before GC invocations=9 (full 0):
 PSYoungGen      total 266752K, used 201405K [0x00000000d6780000, 0x00000000e7280000, 0x0000000100000000)
  eden space 261632K, 75% used [0x00000000d6780000,0x00000000e2746f80,0x00000000e6700000)
  from space 5120K, 98% used [0x00000000e6c80000,0x00000000e7168490,0x00000000e7180000)
  to   space 5632K, 0% used [0x00000000e6700000,0x00000000e6700000,0x00000000e6c80000)
 ParOldGen       total 86016K, used 2845K [0x0000000083600000, 0x0000000088a00000, 0x00000000d6780000)
  object space 86016K, 3% used [0x0000000083600000,0x00000000838c74f0,0x0000000088a00000)
 Metaspace       used 20457K, capacity 21014K, committed 21248K, reserved 1067008K
  class space    used 2540K, capacity 2697K, committed 2816K, reserved 1048576K

Deoptimization events (10 events):
Event: 1.064 Thread 0x00007faafc00b800 Uncommon trap: reason=class_check action=maybe_recompile pc=0x00007faaed361500 method=java.net.URL.openConnection()Ljava/net/URLConnection; @ 5
Event: 1.064 Thread 0x00007faafc00b800 Uncommon trap: reason=class_check action=maybe_recompile pc=0x00007faaed361500 method=java.net.URL.openConnection()Ljava/net/URLConnection; @ 5
Event: 1.084 Thread 0x00007faafc00b800 Uncommon trap: reason=unstable_if action=reinterpret pc=0x00007faaed391ce4 method=java.lang.String.toLowerCase(Ljava/util/Locale;)Ljava/lang/String; @ 85
Event: 1.094 Thread 0x00007faafc00b800 Uncommon trap: reason=unstable_if action=reinterpret pc=0x00007faaed29d928 method=java.util.jar.Manifest$FastInputStream.readLine([BII)I @ 87
Event: 1.980 Thread 0x00007faafc00b800 Uncommon trap: reason=predicate action=maybe_recompile pc=0x00007faaed41def8 method=java.lang.String.regionMatches(ZILjava/lang/String;II)Z @ 63
Event: 1.989 Thread 0x00007faafc5ac000 Uncommon trap: reason=class_check action=maybe_recompile pc=0x00007faaed4731ac method=java.util.HashMap.putVal(ILjava/lang/Object;Ljava/lang/Object;ZZ)Ljava/lang/Object; @ 203
Event: 1.993 Thread 0x00007faafc5ac000 Uncommon trap: reason=class_check action=maybe_recompile pc=0x00007faaed4731ac method=java.util.HashMap.putVal(ILjava/lang/Object;Ljava/lang/Object;ZZ)Ljava/lang/Object; @ 203
Event: 1.996 Thread 0x00007faafc5ac000 Uncommon trap: reason=class_check action=maybe_recompile pc=0x00007faaed4731ac method=java.util.HashMap.putVal(ILjava/lang/Object;Ljava/lang/Object;ZZ)Ljava/lang/Object; @ 203
Event: 2.100 Thread 0x00007faafc00b800 Uncommon trap: reason=unstable_if action=reinterpret pc=0x00007faaed444ac4 method=java.lang.ThreadLocal$ThreadLocalMap.getEntry(Ljava/lang/ThreadLocal;)Ljava/lang/ThreadLocal$ThreadLocalMap$Entry; @ 29
Event: 2.460 Thread 0x00007faafc00b800 Uncommon trap: reason=unstable_if action=reinterpret pc=0x00007faaed4bd5bc method=sun.util.calendar.CalendarDate.setMillis(I)Lsun/util/calendar/CalendarDate; @ 5

Classes redefined (0 events):
No events

Internal exceptions (10 events):
Event: 0.222 Thread 0x00007faafc00b800 Exception <a 'java/security/PrivilegedActionException'> (0x00000000d6b523a8) thrown at [/build/openjdk-8-Wt4QLx/openjdk-8-8u312-b07/src/hotspot/src/share/vm/prims/jvm.cpp, line 1523]
Event: 0.222 Thread 0x00007faafc00b800 Exception <a 'java/security/PrivilegedActionException'> (0x00000000d6b527a0) thrown at [/build/openjdk-8-Wt4QLx/openjdk-8-8u312-b07/src/hotspot/src/share/vm/prims/jvm.cpp, line 1523]
Event: 0.222 Thread 0x00007faafc00b800 Exception <a 'java/security/PrivilegedActionException'> (0x00000000d6b55290) thrown at [/build/openjdk-8-Wt4QLx/openjdk-8-8u312-b07/src/hotspot/src/share/vm/prims/jvm.cpp, line 1523]
Event: 0.222 Thread 0x00007faafc00b800 Exception <a 'java/security/PrivilegedActionException'> (0x00000000d6b55688) thrown at [/build/openjdk-8-Wt4QLx/openjdk-8-8u312-b07/src/hotspot/src/share/vm/prims/jvm.cpp, line 1523]
Event: 0.531 Thread 0x00007faafc00b800 Exception <a 'java/io/FileNotFoundException'> (0x00000000d857f208) thrown at [/build/openjdk-8-Wt4QLx/openjdk-8-8u312-b07/src/hotspot/src/share/vm/prims/jni.cpp, line 711]
Event: 1.059 Thread 0x00007faafc00b800 Exception <a 'java/lang/NoSuchMethodError': org.slf4j.impl.StaticMarkerBinder.getSingleton()Lorg/slf4j/impl/StaticMarkerBinder;> (0x00000000d6b7b148) thrown at [/build/openjdk-8-Wt4QLx/openjdk-8-8u312-b07/src/hotspot/src/share/vm/interpreter/linkResolver.
Event: 1.327 Thread 0x00007faafc00b800 Exception <a 'java/io/FileNotFoundException'> (0x00000000dd220cf0) thrown at [/build/openjdk-8-Wt4QLx/openjdk-8-8u312-b07/src/hotspot/src/share/vm/prims/jni.cpp, line 711]
Event: 1.464 Thread 0x00007faafc00b800 Exception <a 'java/lang/NoSuchMethodError': java.lang.Object.lambda$chars$0()Ljava/util/Spliterator$OfInt;> (0x00000000d6e2c3a0) thrown at [/build/openjdk-8-Wt4QLx/openjdk-8-8u312-b07/src/hotspot/src/share/vm/interpreter/linkResolver.cpp, line 620]
Event: 1.730 Thread 0x00007faafc00b800 Exception <a 'java/lang/NoSuchMethodError': java.lang.Object.lambda$comparing$77a9974f$1(Ljava/util/function/Function;Ljava/lang/Object;Ljava/lang/Object;)I> (0x00000000da387a30) thrown at [/build/openjdk-8-Wt4QLx/openjdk-8-8u312-b07/src/hotspot/src/share
Event: 1.730 Thread 0x00007faafc00b800 Exception <a 'java/lang/NoSuchMethodError': java.lang.Object.lambda$comparingByKey$6d558cbf$1(Ljava/util/Comparator;Ljava/util/Map$Entry;Ljava/util/Map$Entry;)I> (0x00000000da38c180) thrown at [/build/openjdk-8-Wt4QLx/openjdk-8-8u312-b07/src/hotspot/src/s

Events (10 events):
Event: 2.503 loading class org/springframework/core/env/ProfilesParser done
Event: 2.504 loading class com/fasterxml/jackson/databind/ser/BeanSerializer
Event: 2.504 loading class com/fasterxml/jackson/databind/ser/BeanSerializer done
Event: 2.505 loading class com/fasterxml/jackson/databind/ser/std/BeanSerializerBase
Event: 2.505 loading class com/fasterxml/jackson/databind/ser/std/BeanSerializerBase done
Event: 2.508 loading class org/springframework/core/env/ProfilesParser$Context
Event: 2.508 loading class org/springframework/core/env/ProfilesParser$Context done
Event: 2.510 loading class org/springframework/core/env/Profiles
Event: 2.510 loading class org/springframework/core/env/Profiles done
Event: 2.515 Executing VM operation: CollectForMetadataAllocation


Dynamic libraries:
83600000-88a00000 rw-p 00000000 00:00 0 
88a00000-d6780000 ---p 00000000 00:00 0 
d6780000-e7280000 rw-p 00000000 00:00 0 
f0f80000-100000000 ---p 00000000 00:00 0 
100000000-1002c0000 rw-p 00000000 00:00 0 
1002c0000-140000000 ---p 00000000 00:00 0 
561934213000-561934214000 r-xp 00000000 fc:01 2078941                    /usr/lib/jvm/java-8-openjdk-amd64/jre/bin/java
561934413000-561934414000 r--p 00000000 fc:01 2078941                    /usr/lib/jvm/java-8-openjdk-amd64/jre/bin/java
561934414000-561934415000 rw-p 00001000 fc:01 2078941                    /usr/lib/jvm/java-8-openjdk-amd64/jre/bin/java
561935007000-561935028000 rw-p 00000000 00:00 0                          [heap]
7faaa8000000-7faaa87a7000 rw-p 00000000 00:00 0 
7faaa87a7000-7faaac000000 ---p 00000000 00:00 0 
7faab0000000-7faab0021000 rw-p 00000000 00:00 0 
7faab0021000-7faab4000000 ---p 00000000 00:00 0 
7faab4000000-7faab4021000 rw-p 00000000 00:00 0 
7faab4021000-7faab8000000 ---p 00000000 00:00 0 
7faab8000000-7faab8e83000 rw-p 00000000 00:00 0 
7faab8e83000-7faabc000000 ---p 00000000 00:00 0 
7faabc000000-7faabcc03000 rw-p 00000000 00:00 0 
7faabcc03000-7faac0000000 ---p 00000000 00:00 0 
7faac0000000-7faac0021000 rw-p 00000000 00:00 0 
7faac0021000-7faac4000000 ---p 00000000 00:00 0 
7faac4000000-7faac4dbd000 rw-p 00000000 00:00 0 
7faac4dbd000-7faac8000000 ---p 00000000 00:00 0 
7faac8000000-7faac8021000 rw-p 00000000 00:00 0 
7faac8021000-7faacc000000 ---p 00000000 00:00 0 
7faacc000000-7faacc021000 rw-p 00000000 00:00 0 
7faacc021000-7faad0000000 ---p 00000000 00:00 0 
7faad0000000-7faad0021000 rw-p 00000000 00:00 0 
7faad0021000-7faad4000000 ---p 00000000 00:00 0 
7faad4000000-7faad4021000 rw-p 00000000 00:00 0 
7faad4021000-7faad8000000 ---p 00000000 00:00 0 
7faad8000000-7faad8021000 rw-p 00000000 00:00 0 
7faad8021000-7faadc000000 ---p 00000000 00:00 0 
7faadd7ed000-7faadd9ed000 rw-p 00000000 00:00 0 
7faadd9fe000-7faaddbfe000 rw-p 00000000 00:00 0 
7faaddbfe000-7faaddc07000 r-xp 00000000 fc:01 2334987                    /usr/lib/jvm/java-8-openjdk-amd64/jre/lib/amd64/libmanagement.so
7faaddc07000-7faadde06000 ---p 00009000 fc:01 2334987                    /usr/lib/jvm/java-8-openjdk-amd64/jre/lib/amd64/libmanagement.so
7faadde06000-7faadde07000 r--p 00008000 fc:01 2334987                    /usr/lib/jvm/java-8-openjdk-amd64/jre/lib/amd64/libmanagement.so
7faadde07000-7faadde08000 rw-p 00009000 fc:01 2334987                    /usr/lib/jvm/java-8-openjdk-amd64/jre/lib/amd64/libmanagement.so
7faaddfb3000-7faade1b3000 rw-p 00000000 00:00 0 
7faade1b3000-7faade3b3000 rw-p 00000000 00:00 0 
7faade3b3000-7faade5b3000 rw-p 00000000 00:00 0 
7faade5b3000-7faade5b6000 ---p 00000000 00:00 0 
7faade5b6000-7faade6b4000 rw-p 00000000 00:00 0 
7faade6b4000-7faade6cc000 r-xp 00000000 fc:01 2334989                    /usr/lib/jvm/java-8-openjdk-amd64/jre/lib/amd64/libnet.so
7faade6cc000-7faade8cb000 ---p 00018000 fc:01 2334989                    /usr/lib/jvm/java-8-openjdk-amd64/jre/lib/amd64/libnet.so
7faade8cb000-7faade8cc000 r--p 00017000 fc:01 2334989                    /usr/lib/jvm/java-8-openjdk-amd64/jre/lib/amd64/libnet.so
7faade8cc000-7faade8cd000 rw-p 00018000 fc:01 2334989                    /usr/lib/jvm/java-8-openjdk-amd64/jre/lib/amd64/libnet.so
7faade8cd000-7faade8df000 r-xp 00000000 fc:01 2334990                    /usr/lib/jvm/java-8-openjdk-amd64/jre/lib/amd64/libnio.so
7faade8df000-7faadeade000 ---p 00012000 fc:01 2334990                    /usr/lib/jvm/java-8-openjdk-amd64/jre/lib/amd64/libnio.so
7faadeade000-7faadeadf000 r--p 00011000 fc:01 2334990                    /usr/lib/jvm/java-8-openjdk-amd64/jre/lib/amd64/libnio.so
7faadeadf000-7faadeae0000 rw-p 00012000 fc:01 2334990                    /usr/lib/jvm/java-8-openjdk-amd64/jre/lib/amd64/libnio.so
7faadeae0000-7faadeae1000 ---p 00000000 00:00 0 
7faadeae1000-7faadebe1000 rw-p 00000000 00:00 0 
7faadebe1000-7faadebe4000 ---p 00000000 00:00 0 
7faadebe4000-7faadece2000 rw-p 00000000 00:00 0 
7faadece2000-7faadece3000 ---p 00000000 00:00 0 
7faadece3000-7faadece6000 ---p 00000000 00:00 0 
7faadece6000-7faadede3000 rw-p 00000000 00:00 0 
7faadede3000-7faadede4000 ---p 00000000 00:00 0 
7faadede4000-7faadede7000 ---p 00000000 00:00 0 
7faadede7000-7faadeee4000 rw-p 00000000 00:00 0 
7faadeee4000-7faadeee5000 ---p 00000000 00:00 0 
7faadeee5000-7faadeee8000 ---p 00000000 00:00 0 
7faadeee8000-7faadefe5000 rw-p 00000000 00:00 0 
7faadefe5000-7faadefe8000 ---p 00000000 00:00 0 
7faadefe8000-7faadf0e6000 rw-p 00000000 00:00 0 
7faadf0e6000-7faadf259000 r--p 00000000 fc:01 7800                       /usr/lib/locale/C.UTF-8/LC_COLLATE
7faadf259000-7faadf3f4000 r--p 00000000 fc:01 7797                       /usr/lib/locale/locale-archive
7faadf3f4000-7faadf3f7000 ---p 00000000 00:00 0 
7faadf3f7000-7faadf4f5000 rw-p 00000000 00:00 0 
7faadf4f5000-7faadf4f8000 ---p 00000000 00:00 0 
7faadf4f8000-7faadf5f6000 rw-p 00000000 00:00 0 
7faadf5f6000-7faadf5f7000 ---p 00000000 00:00 0 
7faadf5f7000-7faae0000000 rw-p 00000000 00:00 0 
7faae0000000-7faae0021000 rw-p 00000000 00:00 0 
7faae0021000-7faae4000000 ---p 00000000 00:00 0 
7faae40af000-7faae8000000 rw-p 00000000 00:00 0 
7faae8000000-7faae8021000 rw-p 00000000 00:00 0 
7faae8021000-7faaec000000 ---p 00000000 00:00 0 
7faaec03a000-7faaec04b000 r--s 001c5000 fc:01 2335015                    /usr/lib/jvm/java-8-openjdk-amd64/jre/lib/jsse.jar
7faaec04b000-7faaec056000 r--s 04fe3000 fc:01 4648014                    /var/app/txst/target/TXST-0.0.1-SNAPSHOT.jar
7faaec056000-7faaec058000 r--s 00008000 fc:01 2591945                    /usr/lib/jvm/java-8-openjdk-amd64/jre/lib/ext/sunec.jar
7faaec058000-7faaec05c000 r--s 00041000 fc:01 2591947                    /usr/lib/jvm/java-8-openjdk-amd64/jre/lib/ext/sunpkcs11.jar
7faaec05c000-7faaec067000 r--s 00116000 fc:01 2591943                    /usr/lib/jvm/java-8-openjdk-amd64/jre/lib/ext/localedata.jar
7faaec067000-7faaec082000 r--s 001d6000 fc:01 2591944                    /usr/lib/jvm/java-8-openjdk-amd64/jre/lib/ext/nashorn.jar
7faaec082000-7faaec0b3000 r--p 00000000 fc:01 7801                       /usr/lib/locale/C.UTF-8/LC_CTYPE
7faaec0b3000-7faaec5b8000 rw-p 00000000 00:00 0 
7faaec5b8000-7faaec78a000 r--s 03cab000 fc:01 2335020                    /usr/lib/jvm/java-8-openjdk-amd64/jre/lib/rt.jar
7faaec78a000-7faaed000000 rw-p 00000000 00:00 0 
7faaed000000-7faaed5d0000 rwxp 00000000 00:00 0 
7faaed5d0000-7faafc000000 ---p 00000000 00:00 0 
7faafc000000-7faafc928000 rw-p 00000000 00:00 0 
7faafc928000-7fab00000000 ---p 00000000 00:00 0 
7fab00001000-7fab00007000 r--s 0003d000 fc:01 2591946                    /usr/lib/jvm/java-8-openjdk-amd64/jre/lib/ext/sunjce_provider.jar
7fab00007000-7fab00022000 r--s 00394000 fc:01 2591939                    /usr/lib/jvm/java-8-openjdk-amd64/jre/lib/ext/cldrdata.jar
7fab00022000-7fab00407000 rw-p 00000000 00:00 0 
7fab00407000-7fab00408000 ---p 00000000 00:00 0 
7fab00408000-7fab00508000 rw-p 00000000 00:00 0 
7fab00508000-7fab00509000 ---p 00000000 00:00 0 
7fab00509000-7fab00609000 rw-p 00000000 00:00 0 
7fab00609000-7fab0060a000 ---p 00000000 00:00 0 
7fab0060a000-7fab0070a000 rw-p 00000000 00:00 0 
7fab0070a000-7fab0070b000 ---p 00000000 00:00 0 
7fab0070b000-7fab00835000 rw-p 00000000 00:00 0 
7fab00835000-7fab00aa4000 ---p 00000000 00:00 0 
7fab00aa4000-7fab00ace000 rw-p 00000000 00:00 0 
7fab00ace000-7fab00d3c000 ---p 00000000 00:00 0 
7fab00d3c000-7fab00dc3000 rw-p 00000000 00:00 0 
7fab00dc3000-7fab00e89000 ---p 00000000 00:00 0 
7fab00e89000-7fab00ea2000 rw-p 00000000 00:00 0 
7fab00ea2000-7fab0124a000 ---p 00000000 00:00 0 
7fab0124a000-7fab01252000 r-xp 00000000 fc:01 2334997                    /usr/lib/jvm/java-8-openjdk-amd64/jre/lib/amd64/libzip.so
7fab01252000-7fab01451000 ---p 00008000 fc:01 2334997                    /usr/lib/jvm/java-8-openjdk-amd64/jre/lib/amd64/libzip.so
7fab01451000-7fab01452000 r--p 00007000 fc:01 2334997                    /usr/lib/jvm/java-8-openjdk-amd64/jre/lib/amd64/libzip.so
7fab01452000-7fab01453000 rw-p 00008000 fc:01 2334997                    /usr/lib/jvm/java-8-openjdk-amd64/jre/lib/amd64/libzip.so
7fab01453000-7fab0145e000 r-xp 00000000 fc:01 2248                       /lib/x86_64-linux-gnu/libnss_files-2.27.so
7fab0145e000-7fab0165d000 ---p 0000b000 fc:01 2248                       /lib/x86_64-linux-gnu/libnss_files-2.27.so
7fab0165d000-7fab0165e000 r--p 0000a000 fc:01 2248                       /lib/x86_64-linux-gnu/libnss_files-2.27.so
7fab0165e000-7fab0165f000 rw-p 0000b000 fc:01 2248                       /lib/x86_64-linux-gnu/libnss_files-2.27.so
7fab0165f000-7fab01665000 rw-p 00000000 00:00 0 
7fab01665000-7fab0167c000 r-xp 00000000 fc:01 2245                       /lib/x86_64-linux-gnu/libnsl-2.27.so
7fab0167c000-7fab0187b000 ---p 00017000 fc:01 2245                       /lib/x86_64-linux-gnu/libnsl-2.27.so
7fab0187b000-7fab0187c000 r--p 00016000 fc:01 2245                       /lib/x86_64-linux-gnu/libnsl-2.27.so
7fab0187c000-7fab0187d000 rw-p 00017000 fc:01 2245                       /lib/x86_64-linux-gnu/libnsl-2.27.so
7fab0187d000-7fab0187f000 rw-p 00000000 00:00 0 
7fab0187f000-7fab0188a000 r-xp 00000000 fc:01 2250                       /lib/x86_64-linux-gnu/libnss_nis-2.27.so
7fab0188a000-7fab01a89000 ---p 0000b000 fc:01 2250                       /lib/x86_64-linux-gnu/libnss_nis-2.27.so
7fab01a89000-7fab01a8a000 r--p 0000a000 fc:01 2250                       /lib/x86_64-linux-gnu/libnss_nis-2.27.so
7fab01a8a000-7fab01a8b000 rw-p 0000b000 fc:01 2250                       /lib/x86_64-linux-gnu/libnss_nis-2.27.so
7fab01a8b000-7fab01a93000 r-xp 00000000 fc:01 2246                       /lib/x86_64-linux-gnu/libnss_compat-2.27.so
7fab01a93000-7fab01c93000 ---p 00008000 fc:01 2246                       /lib/x86_64-linux-gnu/libnss_compat-2.27.so
7fab01c93000-7fab01c94000 r--p 00008000 fc:01 2246                       /lib/x86_64-linux-gnu/libnss_compat-2.27.so
7fab01c94000-7fab01c95000 rw-p 00009000 fc:01 2246                       /lib/x86_64-linux-gnu/libnss_compat-2.27.so
7fab01c95000-7fab01cbf000 r-xp 00000000 fc:01 2334978                    /usr/lib/jvm/java-8-openjdk-amd64/jre/lib/amd64/libjava.so
7fab01cbf000-7fab01ebf000 ---p 0002a000 fc:01 2334978                    /usr/lib/jvm/java-8-openjdk-amd64/jre/lib/amd64/libjava.so
7fab01ebf000-7fab01ec0000 r--p 0002a000 fc:01 2334978                    /usr/lib/jvm/java-8-openjdk-amd64/jre/lib/amd64/libjava.so
7fab01ec0000-7fab01ec2000 rw-p 0002b000 fc:01 2334978                    /usr/lib/jvm/java-8-openjdk-amd64/jre/lib/amd64/libjava.so
7fab01ec2000-7fab01ed2000 r-xp 00000000 fc:01 2334996                    /usr/lib/jvm/java-8-openjdk-amd64/jre/lib/amd64/libverify.so
7fab01ed2000-7fab020d1000 ---p 00010000 fc:01 2334996                    /usr/lib/jvm/java-8-openjdk-amd64/jre/lib/amd64/libverify.so
7fab020d1000-7fab020d3000 r--p 0000f000 fc:01 2334996                    /usr/lib/jvm/java-8-openjdk-amd64/jre/lib/amd64/libverify.so
7fab020d3000-7fab020d4000 rw-p 00011000 fc:01 2334996                    /usr/lib/jvm/java-8-openjdk-amd64/jre/lib/amd64/libverify.so
7fab020d4000-7fab020db000 r-xp 00000000 fc:01 2255                       /lib/x86_64-linux-gnu/librt-2.27.so
7fab020db000-7fab022da000 ---p 00007000 fc:01 2255                       /lib/x86_64-linux-gnu/librt-2.27.so
7fab022da000-7fab022db000 r--p 00006000 fc:01 2255                       /lib/x86_64-linux-gnu/librt-2.27.so
7fab022db000-7fab022dc000 rw-p 00007000 fc:01 2255                       /lib/x86_64-linux-gnu/librt-2.27.so
7fab022dc000-7fab022f3000 r-xp 00000000 fc:01 2092                       /lib/x86_64-linux-gnu/libgcc_s.so.1
7fab022f3000-7fab024f2000 ---p 00017000 fc:01 2092                       /lib/x86_64-linux-gnu/libgcc_s.so.1
7fab024f2000-7fab024f3000 r--p 00016000 fc:01 2092                       /lib/x86_64-linux-gnu/libgcc_s.so.1
7fab024f3000-7fab024f4000 rw-p 00017000 fc:01 2092                       /lib/x86_64-linux-gnu/libgcc_s.so.1
7fab024f4000-7fab02691000 r-xp 00000000 fc:01 2242                       /lib/x86_64-linux-gnu/libm-2.27.so
7fab02691000-7fab02890000 ---p 0019d000 fc:01 2242                       /lib/x86_64-linux-gnu/libm-2.27.so
7fab02890000-7fab02891000 r--p 0019c000 fc:01 2242                       /lib/x86_64-linux-gnu/libm-2.27.so
7fab02891000-7fab02892000 rw-p 0019d000 fc:01 2242                       /lib/x86_64-linux-gnu/libm-2.27.so
7fab02892000-7fab02a0b000 r-xp 00000000 fc:01 4799                       /usr/lib/x86_64-linux-gnu/libstdc++.so.6.0.25
7fab02a0b000-7fab02c0b000 ---p 00179000 fc:01 4799                       /usr/lib/x86_64-linux-gnu/libstdc++.so.6.0.25
7fab02c0b000-7fab02c15000 r--p 00179000 fc:01 4799                       /usr/lib/x86_64-linux-gnu/libstdc++.so.6.0.25
7fab02c15000-7fab02c17000 rw-p 00183000 fc:01 4799                       /usr/lib/x86_64-linux-gnu/libstdc++.so.6.0.25
7fab02c17000-7fab02c1b000 rw-p 00000000 00:00 0 
7fab02c1b000-7fab0398c000 r-xp 00000000 fc:01 2335000                    /usr/lib/jvm/java-8-openjdk-amd64/jre/lib/amd64/server/libjvm.so
7fab0398c000-7fab03b8c000 ---p 00d71000 fc:01 2335000                    /usr/lib/jvm/java-8-openjdk-amd64/jre/lib/amd64/server/libjvm.so
7fab03b8c000-7fab03c22000 r--p 00d71000 fc:01 2335000                    /usr/lib/jvm/java-8-openjdk-amd64/jre/lib/amd64/server/libjvm.so
7fab03c22000-7fab03c4b000 rw-p 00e07000 fc:01 2335000                    /usr/lib/jvm/java-8-openjdk-amd64/jre/lib/amd64/server/libjvm.so
7fab03c4b000-7fab03c7e000 rw-p 00000000 00:00 0 
7fab03c7e000-7fab03c98000 r-xp 00000000 fc:01 2253                       /lib/x86_64-linux-gnu/libpthread-2.27.so
7fab03c98000-7fab03e97000 ---p 0001a000 fc:01 2253                       /lib/x86_64-linux-gnu/libpthread-2.27.so
7fab03e97000-7fab03e98000 r--p 00019000 fc:01 2253                       /lib/x86_64-linux-gnu/libpthread-2.27.so
7fab03e98000-7fab03e99000 rw-p 0001a000 fc:01 2253                       /lib/x86_64-linux-gnu/libpthread-2.27.so
7fab03e99000-7fab03e9d000 rw-p 00000000 00:00 0 
7fab03e9d000-7fab03ea0000 r-xp 00000000 fc:01 2241                       /lib/x86_64-linux-gnu/libdl-2.27.so
7fab03ea0000-7fab0409f000 ---p 00003000 fc:01 2241                       /lib/x86_64-linux-gnu/libdl-2.27.so
7fab0409f000-7fab040a0000 r--p 00002000 fc:01 2241                       /lib/x86_64-linux-gnu/libdl-2.27.so
7fab040a0000-7fab040a1000 rw-p 00003000 fc:01 2241                       /lib/x86_64-linux-gnu/libdl-2.27.so
7fab040a1000-7fab040bd000 r-xp 00000000 fc:01 2178                       /lib/x86_64-linux-gnu/libz.so.1.2.11
7fab040bd000-7fab042bc000 ---p 0001c000 fc:01 2178                       /lib/x86_64-linux-gnu/libz.so.1.2.11
7fab042bc000-7fab042bd000 r--p 0001b000 fc:01 2178                       /lib/x86_64-linux-gnu/libz.so.1.2.11
7fab042bd000-7fab042be000 rw-p 0001c000 fc:01 2178                       /lib/x86_64-linux-gnu/libz.so.1.2.11
7fab042be000-7fab044a5000 r-xp 00000000 fc:01 2238                       /lib/x86_64-linux-gnu/libc-2.27.so
7fab044a5000-7fab046a5000 ---p 001e7000 fc:01 2238                       /lib/x86_64-linux-gnu/libc-2.27.so
7fab046a5000-7fab046a9000 r--p 001e7000 fc:01 2238                       /lib/x86_64-linux-gnu/libc-2.27.so
7fab046a9000-7fab046ab000 rw-p 001eb000 fc:01 2238                       /lib/x86_64-linux-gnu/libc-2.27.so
7fab046ab000-7fab046af000 rw-p 00000000 00:00 0 
7fab046af000-7fab046bd000 r-xp 00000000 fc:01 2334964                    /usr/lib/jvm/java-8-openjdk-amd64/jre/lib/amd64/jli/libjli.so
7fab046bd000-7fab048bc000 ---p 0000e000 fc:01 2334964                    /usr/lib/jvm/java-8-openjdk-amd64/jre/lib/amd64/jli/libjli.so
7fab048bc000-7fab048bd000 r--p 0000d000 fc:01 2334964                    /usr/lib/jvm/java-8-openjdk-amd64/jre/lib/amd64/jli/libjli.so
7fab048bd000-7fab048be000 rw-p 0000e000 fc:01 2334964                    /usr/lib/jvm/java-8-openjdk-amd64/jre/lib/amd64/jli/libjli.so
7fab048be000-7fab048e7000 r-xp 00000000 fc:01 2222                       /lib/x86_64-linux-gnu/ld-2.27.so
7fab048e7000-7fab048e8000 r--s 0000a000 fc:01 2591942                    /usr/lib/jvm/java-8-openjdk-amd64/jre/lib/ext/jaccess.jar
7fab048e8000-7fab048ea000 r--s 00010000 fc:01 2591948                    /usr/lib/jvm/java-8-openjdk-amd64/jre/lib/ext/zipfs.jar
7fab048ea000-7fab048ed000 r--s 0000f000 fc:01 2591941                    /usr/lib/jvm/java-8-openjdk-amd64/jre/lib/ext/icedtea-sound.jar
7fab048ed000-7fab048ef000 r--s 00007000 fc:01 69480                      /usr/share/java/java-atk-wrapper.jar
7fab048ef000-7fab048f1000 r--s 00001000 fc:01 2591940                    /usr/lib/jvm/java-8-openjdk-amd64/jre/lib/ext/dnsns.jar
7fab048f1000-7fab048f7000 r--s 000d3000 fc:01 2335014                    /usr/lib/jvm/java-8-openjdk-amd64/jre/lib/jfr.jar
7fab048f7000-7fab048f8000 r--p 00000000 fc:01 7806                       /usr/lib/locale/C.UTF-8/LC_NUMERIC
7fab048f8000-7fab048f9000 r--p 00000000 fc:01 7809                       /usr/lib/locale/C.UTF-8/LC_TIME
7fab048f9000-7fab048fa000 r--p 00000000 fc:01 7804                       /usr/lib/locale/C.UTF-8/LC_MONETARY
7fab048fa000-7fab04901000 r--s 00000000 fc:01 5053                       /usr/lib/x86_64-linux-gnu/gconv/gconv-modules.cache
7fab04901000-7fab049d1000 rw-p 00000000 00:00 0 
7fab049d1000-7fab049d9000 rw-s 00000000 fc:01 1552349                    /tmp/hsperfdata_root/25221
7fab049d9000-7fab049da000 ---p 00000000 00:00 0 
7fab049da000-7fab049dd000 ---p 00000000 00:00 0 
7fab049dd000-7fab04adc000 rw-p 00000000 00:00 0 
7fab04adc000-7fab04add000 r--p 00000000 fc:01 7811                       /usr/lib/locale/C.UTF-8/LC_MESSAGES/SYS_LC_MESSAGES
7fab04add000-7fab04ade000 r--p 00000000 fc:01 7807                       /usr/lib/locale/C.UTF-8/LC_PAPER
7fab04ade000-7fab04adf000 r--p 00000000 fc:01 7805                       /usr/lib/locale/C.UTF-8/LC_NAME
7fab04adf000-7fab04ae0000 r--p 00000000 fc:01 7799                       /usr/lib/locale/C.UTF-8/LC_ADDRESS
7fab04ae0000-7fab04ae1000 r--p 00000000 fc:01 7808                       /usr/lib/locale/C.UTF-8/LC_TELEPHONE
7fab04ae1000-7fab04ae2000 r--p 00000000 fc:01 7803                       /usr/lib/locale/C.UTF-8/LC_MEASUREMENT
7fab04ae2000-7fab04ae3000 r--p 00000000 fc:01 7802                       /usr/lib/locale/C.UTF-8/LC_IDENTIFICATION
7fab04ae3000-7fab04ae4000 rw-p 00000000 00:00 0 
7fab04ae4000-7fab04ae5000 ---p 00000000 00:00 0 
7fab04ae5000-7fab04ae7000 rw-p 00000000 00:00 0 
7fab04ae7000-7fab04ae8000 r--p 00029000 fc:01 2222                       /lib/x86_64-linux-gnu/ld-2.27.so
7fab04ae8000-7fab04ae9000 rw-p 0002a000 fc:01 2222                       /lib/x86_64-linux-gnu/ld-2.27.so
7fab04ae9000-7fab04aea000 rw-p 00000000 00:00 0 
7ffe5d607000-7ffe5d628000 rw-p 00000000 00:00 0                          [stack]
7ffe5d7e7000-7ffe5d7ea000 r--p 00000000 00:00 0                          [vvar]
7ffe5d7ea000-7ffe5d7ec000 r-xp 00000000 00:00 0                          [vdso]
ffffffffff600000-ffffffffff601000 r-xp 00000000 00:00 0                  [vsyscall]

VM Arguments:
java_command: TXST-0.0.1-SNAPSHOT.jar
java_class_path (initial): TXST-0.0.1-SNAPSHOT.jar
Launcher Type: SUN_STANDARD

Environment Variables:
PATH=/usr/local/sbin:/usr/local/bin:/usr/sbin:/usr/bin:/sbin:/bin:/usr/games:/usr/local/games:/snap/bin:/root/.dotnet/tools
SHELL=/bin/bash

Signal Handlers:
SIGSEGV: [libjvm.so+0xb6f390], sa_mask[0]=11111111011111111101111111111110, sa_flags=SA_RESTART|SA_SIGINFO
SIGBUS: [libjvm.so+0xb6f390], sa_mask[0]=11111111011111111101111111111110, sa_flags=SA_RESTART|SA_SIGINFO
SIGFPE: [libjvm.so+0x98ec90], sa_mask[0]=11111111011111111101111111111110, sa_flags=SA_RESTART|SA_SIGINFO
SIGPIPE: [libjvm.so+0x98ec90], sa_mask[0]=11111111011111111101111111111110, sa_flags=SA_RESTART|SA_SIGINFO
SIGXFSZ: [libjvm.so+0x98ec90], sa_mask[0]=11111111011111111101111111111110, sa_flags=SA_RESTART|SA_SIGINFO
SIGILL: [libjvm.so+0x98ec90], sa_mask[0]=11111111011111111101111111111110, sa_flags=SA_RESTART|SA_SIGINFO
SIGUSR1: SIG_DFL, sa_mask[0]=00000000000000000000000000000000, sa_flags=none
SIGUSR2: [libjvm.so+0x98eb40], sa_mask[0]=00000000000000000000000000000000, sa_flags=SA_RESTART|SA_SIGINFO
SIGHUP: SIG_IGN, sa_mask[0]=00000000000000000000000000000000, sa_flags=none
SIGINT: [libjvm.so+0x98f1b0], sa_mask[0]=11111111011111111101111111111110, sa_flags=SA_RESTART|SA_SIGINFO
SIGTERM: [libjvm.so+0x98f1b0], sa_mask[0]=11111111011111111101111111111110, sa_flags=SA_RESTART|SA_SIGINFO
SIGQUIT: [libjvm.so+0x98f1b0], sa_mask[0]=11111111011111111101111111111110, sa_flags=SA_RESTART|SA_SIGINFO


---------------  S Y S T E M  ---------------

OS:DISTRIB_ID=Ubuntu
DISTRIB_RELEASE=18.04
DISTRIB_CODENAME=bionic
DISTRIB_DESCRIPTION="Ubuntu 18.04.6 LTS"

uname:Linux 4.15.0-175-generic #184-Ubuntu SMP Thu Mar 24 17:48:36 UTC 2022 x86_64
libc:glibc 2.27 NPTL 2.27 
rlimit: STACK 8192k, CORE 0k, NPROC 31802, NOFILE 1048576, AS infinity
load average:29.30 20.72 38.71

/proc/meminfo:
MemTotal:        8167400 kB
MemFree:          103704 kB
MemAvailable:       6292 kB
Buffers:             288 kB
Cached:            40416 kB
SwapCached:            0 kB
Active:          7626888 kB
Inactive:          33360 kB
Active(anon):    7621212 kB
Inactive(anon):    26496 kB
Active(file):       5676 kB
Inactive(file):     6864 kB
Unevictable:           0 kB
Mlocked:               0 kB
SwapTotal:             0 kB
SwapFree:              0 kB
Dirty:                 0 kB
Writeback:             0 kB
AnonPages:       7620408 kB
Mapped:            28860 kB
Shmem:             27300 kB
Slab:             193392 kB
SReclaimable:      66476 kB
SUnreclaim:       126916 kB
KernelStack:       79904 kB
PageTables:        45672 kB
NFS_Unstable:          0 kB
Bounce:                0 kB
WritebackTmp:          0 kB
CommitLimit:     4083700 kB
Committed_AS:   24245428 kB
VmallocTotal:   34359738367 kB
VmallocUsed:           0 kB
VmallocChunk:          0 kB
HardwareCorrupted:     0 kB
AnonHugePages:         0 kB
ShmemHugePages:        0 kB
ShmemPmdMapped:        0 kB
CmaTotal:              0 kB
CmaFree:               0 kB
HugePages_Total:       0
HugePages_Free:        0
HugePages_Rsvd:        0
HugePages_Surp:        0
Hugepagesize:       2048 kB
DirectMap4k:     1075040 kB
DirectMap2M:     7313408 kB
DirectMap1G:     2097152 kB

container (cgroup) information:
container_type: cgroupv1
cpu_cpuset_cpus: 0-3
cpu_memory_nodes: 0
active_processor_count: 4
cpu_quota: -1
cpu_period: 100000
cpu_shares: -1
memory_limit_in_bytes: -1
memory_and_swap_limit_in_bytes: -2
memory_soft_limit_in_bytes: -1
memory_usage_in_bytes: 6527205376
memory_max_usage_in_bytes: 6946377728


CPU:total 4 (initial active 4) (4 cores per cpu, 1 threads per core) family 6 model 106 stepping 6, cmov, cx8, fxsr, mmx, sse, sse2, sse3, ssse3, sse4.1, sse4.2, popcnt, avx, avx2, aes, clmul, erms, 3dnowpref, lzcnt, tsc, bmi1, bmi2, adx

/proc/cpuinfo:
processor	: 0
vendor_id	: GenuineIntel
cpu family	: 6
model		: 106
model name	: Intel(R) Xeon(R) Platinum 8358 CPU @ 2.60GHz
stepping	: 6
microcode	: 0x1
cpu MHz		: 2599.998
cache size	: 4096 KB
physical id	: 0
siblings	: 4
core id		: 0
cpu cores	: 4
apicid		: 0
initial apicid	: 0
fpu		: yes
fpu_exception	: yes
cpuid level	: 13
wp		: yes
flags		: fpu vme de pse tsc msr pae mce cx8 apic sep mtrr pge mca cmov pat pse36 clflush mmx fxsr sse sse2 ht syscall nx pdpe1gb rdtscp lm constant_tsc rep_good nopl xtopology cpuid tsc_known_freq pni pclmulqdq vmx ssse3 fma cx16 pcid sse4_1 sse4_2 x2apic movbe popcnt tsc_deadline_timer aes xsave avx f16c rdrand hypervisor lahf_lm abm 3dnowprefetch cpuid_fault invpcid_single pti ssbd ibrs ibpb tpr_shadow vnmi flexpriority ept vpid fsgsbase bmi1 avx2 smep bmi2 erms invpcid avx512f avx512dq rdseed adx smap clflushopt clwb avx512cd avx512bw avx512vl xsaveopt xsavec xgetbv1 arat avx512vbmi umip pku ospke avx512_vbmi2 gfni vaes vpclmulqdq avx512_vnni avx512_bitalg avx512_vpopcntdq la57
bugs		: cpu_meltdown spectre_v1 spectre_v2 spec_store_bypass l1tf mds swapgs itlb_multihit
bogomips	: 5199.99
clflush size	: 64
cache_alignment	: 64
address sizes	: 40 bits physical, 57 bits virtual
power management:

processor	: 1
vendor_id	: GenuineIntel
cpu family	: 6
model		: 106
model name	: Intel(R) Xeon(R) Platinum 8358 CPU @ 2.60GHz
stepping	: 6
microcode	: 0x1
cpu MHz		: 2599.998
cache size	: 4096 KB
physical id	: 0
siblings	: 4
core id		: 1
cpu cores	: 4
apicid		: 1
initial apicid	: 1
fpu		: yes
fpu_exception	: yes
cpuid level	: 13
wp		: yes
flags		: fpu vme de pse tsc msr pae mce cx8 apic sep mtrr pge mca cmov pat pse36 clflush mmx fxsr sse sse2 ht syscall nx pdpe1gb rdtscp lm constant_tsc rep_good nopl xtopology cpuid tsc_known_freq pni pclmulqdq vmx ssse3 fma cx16 pcid sse4_1 sse4_2 x2apic movbe popcnt tsc_deadline_timer aes xsave avx f16c rdrand hypervisor lahf_lm abm 3dnowprefetch cpuid_fault invpcid_single pti ssbd ibrs ibpb tpr_shadow vnmi flexpriority ept vpid fsgsbase bmi1 avx2 smep bmi2 erms invpcid avx512f avx512dq rdseed adx smap clflushopt clwb avx512cd avx512bw avx512vl xsaveopt xsavec xgetbv1 arat avx512vbmi umip pku ospke avx512_vbmi2 gfni vaes vpclmulqdq avx512_vnni avx512_bitalg avx512_vpopcntdq la57
bugs		: cpu_meltdown spectre_v1 spectre_v2 spec_store_bypass l1tf mds swapgs itlb_multihit
bogomips	: 5199.99
clflush size	: 64
cache_alignment	: 64
address sizes	: 40 bits physical, 57 bits virtual
power management:

processor	: 2
vendor_id	: GenuineIntel
cpu family	: 6
model		: 106
model name	: Intel(R) Xeon(R) Platinum 8358 CPU @ 2.60GHz
stepping	: 6
microcode	: 0x1
cpu MHz		: 2599.998
cache size	: 4096 KB
physical id	: 0
siblings	: 4
core id		: 2
cpu cores	: 4
apicid		: 2
initial apicid	: 2
fpu		: yes
fpu_exception	: yes
cpuid level	: 13
wp		: yes
flags		: fpu vme de pse tsc msr pae mce cx8 apic sep mtrr pge mca cmov pat pse36 clflush mmx fxsr sse sse2 ht syscall nx pdpe1gb rdtscp lm constant_tsc rep_good nopl xtopology cpuid tsc_known_freq pni pclmulqdq vmx ssse3 fma cx16 pcid sse4_1 sse4_2 x2apic movbe popcnt tsc_deadline_timer aes xsave avx f16c rdrand hypervisor lahf_lm abm 3dnowprefetch cpuid_fault invpcid_single pti ssbd ibrs ibpb tpr_shadow vnmi flexpriority ept vpid fsgsbase bmi1 avx2 smep bmi2 erms invpcid avx512f avx512dq rdseed adx smap clflushopt clwb avx512cd avx512bw avx512vl xsaveopt xsavec xgetbv1 arat avx512vbmi umip pku ospke avx512_vbmi2 gfni vaes vpclmulqdq avx512_vnni avx512_bitalg avx512_vpopcntdq la57
bugs		: cpu_meltdown spectre_v1 spectre_v2 spec_store_bypass l1tf mds swapgs itlb_multihit
bogomips	: 5199.99
clflush size	: 64
cache_alignment	: 64
address sizes	: 40 bits physical, 57 bits virtual
power management:

processor	: 3
vendor_id	: GenuineIntel
cpu family	: 6
model		: 106
model name	: Intel(R) Xeon(R) Platinum 8358 CPU @ 2.60GHz
stepping	: 6
microcode	: 0x1
cpu MHz		: 2599.998
cache size	: 4096 KB
physical id	: 0
siblings	: 4
core id		: 3
cpu cores	: 4
apicid		: 3
initial apicid	: 3
fpu		: yes
fpu_exception	: yes
cpuid level	: 13
wp		: yes
flags		: fpu vme de pse tsc msr pae mce cx8 apic sep mtrr pge mca cmov pat pse36 clflush mmx fxsr sse sse2 ht syscall nx pdpe1gb rdtscp lm constant_tsc rep_good nopl xtopology cpuid tsc_known_freq pni pclmulqdq vmx ssse3 fma cx16 pcid sse4_1 sse4_2 x2apic movbe popcnt tsc_deadline_timer aes xsave avx f16c rdrand hypervisor lahf_lm abm 3dnowprefetch cpuid_fault invpcid_single pti ssbd ibrs ibpb tpr_shadow vnmi flexpriority ept vpid fsgsbase bmi1 avx2 smep bmi2 erms invpcid avx512f avx512dq rdseed adx smap clflushopt clwb avx512cd avx512bw avx512vl xsaveopt xsavec xgetbv1 arat avx512vbmi umip pku ospke avx512_vbmi2 gfni vaes vpclmulqdq avx512_vnni avx512_bitalg avx512_vpopcntdq la57
bugs		: cpu_meltdown spectre_v1 spectre_v2 spec_store_bypass l1tf mds swapgs itlb_multihit
bogomips	: 5199.99
clflush size	: 64
cache_alignment	: 64
address sizes	: 40 bits physical, 57 bits virtual
power management:



Memory: 4k page, physical 8167400k(103548k free), swap 0k(0k free)

vm_info: OpenJDK 64-Bit Server VM (25.312-b07) for linux-amd64 JRE (1.8.0_312-8u312-b07-0ubuntu1~18.04-b07), built on Nov  3 2021 13:54:59 by "buildd" with gcc 7.5.0

time: Sat Jul  9 23:42:49 2022
timezone: +07
elapsed time: 21.541657 seconds (0d 0h 0m 21s)

