#
# There is insufficient memory for the Java Runtime Environment to continue.
# Native memory allocation (mmap) failed to map 193462272 bytes for committing reserved memory.
# Possible reasons:
#   The system is out of physical RAM or swap space
#   The process is running with CompressedOops enabled, and the Java Heap may be blocking the growth of the native heap
# Possible solutions:
#   Reduce memory load on the system
#   Increase physical memory or swap space
#   Check if swap backing store is full
#   Decrease Java heap size (-Xmx/-Xms)
#   Decrease number of Java threads
#   Decrease Java thread stack sizes (-Xss)
#   Set larger code cache with -XX:ReservedCodeCacheSize=
#   JVM is running with Unscaled Compressed Oops mode in which the Java heap is
#     placed in the first 4GB address space. The Java Heap base address is the
#     maximum limit for the native heap growth. Please use -XX:HeapBaseMinAddress
#     to set the Java Heap base and to place the Java Heap above 4GB virtual address.
# This output file may be truncated or incomplete.
#
#  Out of Memory Error (os_linux.cpp:2798), pid=23952, tid=0x00007f1843bfb700
#
# JRE version: OpenJDK Runtime Environment (8.0_352-b08) (build 1.8.0_352-8u352-ga-1~18.04-b08)
# Java VM: OpenJDK 64-Bit Server VM (25.352-b08 mixed mode linux-amd64 compressed oops)
# Failed to write core dump. Core dumps have been disabled. To enable core dumping, try "ulimit -c unlimited" before starting Java again
#

---------------  T H R E A D  ---------------

Current thread (0x00007f1860140800):  VMThread [stack: 0x00007f1843afc000,0x00007f1843bfc000] [id=23958]

Stack: [0x00007f1843afc000,0x00007f1843bfc000],  sp=0x00007f1843bfa340,  free space=1016k
Native frames: (J=compiled Java code, j=interpreted, Vv=VM code, C=native code)
V  [libjvm.so+0xb731a2]
V  [libjvm.so+0x4f64c7]
V  [libjvm.so+0x9980b0]
V  [libjvm.so+0x98f50e]
V  [libjvm.so+0xa17156]
V  [libjvm.so+0xa184c8]
V  [libjvm.so+0xa14786]
V  [libjvm.so+0xa14b6c]
V  [libjvm.so+0x9c2918]
V  [libjvm.so+0xb75c12]
V  [libjvm.so+0xb7b990]
V  [libjvm.so+0xb7968d]
V  [libjvm.so+0xb79b6b]
V  [libjvm.so+0xb79fab]
V  [libjvm.so+0x995482]

VM_Operation (0x00007f1869014ba0): ParallelGCFailedAllocation, mode: safepoint, requested by thread 0x00007f186000b800


---------------  P R O C E S S  ---------------

Java Threads: ( => current thread )
  0x00007f186073f000 JavaThread "AsyncAppender-Worker-ASYNCERROR" daemon [_thread_blocked, id=24021, stack(0x00007f1841c1f000,0x00007f1841d20000)]
  0x00007f186073e000 JavaThread "AsyncAppender-Worker-ASYNC" daemon [_thread_blocked, id=24020, stack(0x00007f1841d20000,0x00007f1841e21000)]
  0x00007f186018c000 JavaThread "Service Thread" daemon [_thread_blocked, id=23967, stack(0x00007f1843259000,0x00007f184335a000)]
  0x00007f1860189000 JavaThread "C1 CompilerThread2" daemon [_thread_blocked, id=23966, stack(0x00007f184335b000,0x00007f184345b000)]
  0x00007f1860187000 JavaThread "C2 CompilerThread1" daemon [_thread_blocked, id=23965, stack(0x00007f184345c000,0x00007f184355c000)]
  0x00007f1860184000 JavaThread "C2 CompilerThread0" daemon [_thread_blocked, id=23963, stack(0x00007f184355d000,0x00007f184365d000)]
  0x00007f186017c800 JavaThread "Signal Dispatcher" daemon [_thread_blocked, id=23961, stack(0x00007f184365d000,0x00007f184375e000)]
  0x00007f186014f000 JavaThread "Finalizer" daemon [_thread_blocked, id=23960, stack(0x00007f18438f9000,0x00007f18439fa000)]
  0x00007f186014a800 JavaThread "Reference Handler" daemon [_thread_blocked, id=23959, stack(0x00007f18439fa000,0x00007f1843afb000)]
  0x00007f186000b800 JavaThread "main" [_thread_blocked, id=23953, stack(0x00007f1868f1b000,0x00007f186901b000)]

Other Threads:
=>0x00007f1860140800 VMThread [stack: 0x00007f1843afc000,0x00007f1843bfc000] [id=23958]
  0x00007f186018e800 WatcherThread [stack: 0x00007f1843159000,0x00007f1843259000] [id=23968]

VM state:at safepoint (normal execution)

VM Mutex/Monitor currently owned by a thread:  ([mutex/lock_event])
[0x00007f1860007ce0] Threads_lock - owner thread: 0x00007f1860140800
[0x00007f18600081e0] Heap_lock - owner thread: 0x00007f186000b800

heap address: 0x0000000083600000, size: 1994 MB, Compressed Oops mode: 32-bit
Narrow klass base: 0x0000000000000000, Narrow klass shift: 3
Compressed class space size: 1073741824 Address: 0x0000000100000000

Heap:
 PSYoungGen      total 399360K, used 10240K [0x00000000d6780000, 0x00000000f0f00000, 0x0000000100000000)
  eden space 389120K, 0% used [0x00000000d6780000,0x00000000d6780000,0x00000000ee380000)
  from space 10240K, 100% used [0x00000000efb00000,0x00000000f0500000,0x00000000f0500000)
  to   space 8704K, 0% used [0x00000000f0680000,0x00000000f0680000,0x00000000f0f00000)
 ParOldGen       total 46080K, used 32410K [0x0000000083600000, 0x0000000086300000, 0x00000000d6780000)
  object space 46080K, 70% used [0x0000000083600000,0x00000000855a68b0,0x0000000086300000)
 Metaspace       used 28557K, capacity 29624K, committed 29824K, reserved 1075200K
  class space    used 3663K, capacity 3906K, committed 3968K, reserved 1048576K

Card table byte_map: [0x00007f1864fdf000,0x00007f18653c5000] byte_map_base: 0x00007f1864bc4000

Marking Bits: (ParMarkBitMap*) 0x00007f18681a1720
 Begin Bits: [0x00007f18481b0000, 0x00007f184a0d8000)
 End Bits:   [0x00007f184a0d8000, 0x00007f184c000000)

Polling page: 0x00007f1869024000

CodeCache: size=245760Kb used=9741Kb max_used=9741Kb free=236018Kb
 bounds [0x00007f1851000000, 0x00007f18519b0000, 0x00007f1860000000]
 total_blobs=3376 nmethods=2992 adapters=295
 compilation: enabled

Compilation events (10 events):
Event: 7.793 Thread 0x00007f1860189000 3311   !   3       org.springframework.util.ConcurrentReferenceHashMap$Segment::doTask (179 bytes)
Event: 7.799 Thread 0x00007f1860189000 nmethod 3311 0x00007f185128e390 code [0x00007f185128e6a0, 0x00007f1851290098]
Event: 7.799 Thread 0x00007f1860189000 3313       3       java.util.stream.AbstractPipeline::spliterator (116 bytes)
Event: 7.801 Thread 0x00007f1860189000 nmethod 3313 0x00007f185128d290 code [0x00007f185128d4a0, 0x00007f185128df18]
Event: 7.801 Thread 0x00007f1860189000 3314       3       org.springframework.data.repository.util.ReactiveWrappers::isSingleValueType (32 bytes)
Event: 7.804 Thread 0x00007f1860189000 nmethod 3314 0x00007f18513d4c90 code [0x00007f18513d5060, 0x00007f18513d7388]
Event: 7.804 Thread 0x00007f1860189000 3312       3       org.springframework.core.ResolvableType::<init> (41 bytes)
Event: 7.805 Thread 0x00007f1860189000 nmethod 3312 0x00007f185147ba50 code [0x00007f185147bc00, 0x00007f185147c0e8]
Event: 7.805 Thread 0x00007f1860189000 3315       3       java.lang.invoke.MemberName::<init> (47 bytes)
Event: 7.806 Thread 0x00007f1860189000 nmethod 3315 0x00007f185147b310 code [0x00007f185147b4c0, 0x00007f185147b898]

GC Heap History (10 events):
Event: 3.447 GC heap after
Heap after GC invocations=7 (full 0):
 PSYoungGen      total 137216K, used 5440K [0x00000000d6780000, 0x00000000e7480000, 0x0000000100000000)
  eden space 130560K, 0% used [0x00000000d6780000,0x00000000d6780000,0x00000000de700000)
  from space 6656K, 81% used [0x00000000de700000,0x00000000dec50000,0x00000000ded80000)
  to   space 7168K, 0% used [0x00000000e6d80000,0x00000000e6d80000,0x00000000e7480000)
 ParOldGen       total 86016K, used 2966K [0x0000000083600000, 0x0000000088a00000, 0x00000000d6780000)
  object space 86016K, 3% used [0x0000000083600000,0x00000000838e5bf0,0x0000000088a00000)
 Metaspace       used 15026K, capacity 15486K, committed 15616K, reserved 1062912K
  class space    used 1891K, capacity 2033K, committed 2048K, reserved 1048576K
}
Event: 3.960 GC heap before
{Heap before GC invocations=8 (full 0):
 PSYoungGen      total 137216K, used 124642K [0x00000000d6780000, 0x00000000e7480000, 0x0000000100000000)
  eden space 130560K, 91% used [0x00000000d6780000,0x00000000ddbe8900,0x00000000de700000)
  from space 6656K, 81% used [0x00000000de700000,0x00000000dec50000,0x00000000ded80000)
  to   space 7168K, 0% used [0x00000000e6d80000,0x00000000e6d80000,0x00000000e7480000)
 ParOldGen       total 86016K, used 2966K [0x0000000083600000, 0x0000000088a00000, 0x00000000d6780000)
  object space 86016K, 3% used [0x0000000083600000,0x00000000838e5bf0,0x0000000088a00000)
 Metaspace       used 20521K, capacity 21086K, committed 21504K, reserved 1069056K
  class space    used 2555K, capacity 2699K, committed 2816K, reserved 1048576K
Event: 4.062 GC heap after
Heap after GC invocations=8 (full 0):
 PSYoungGen      total 267264K, used 7165K [0x00000000d6780000, 0x00000000e7680000, 0x0000000100000000)
  eden space 260096K, 0% used [0x00000000d6780000,0x00000000d6780000,0x00000000e6580000)
  from space 7168K, 99% used [0x00000000e6d80000,0x00000000e747f5f8,0x00000000e7480000)
  to   space 8192K, 0% used [0x00000000e6580000,0x00000000e6580000,0x00000000e6d80000)
 ParOldGen       total 86016K, used 4174K [0x0000000083600000, 0x0000000088a00000, 0x00000000d6780000)
  object space 86016K, 4% used [0x0000000083600000,0x0000000083a13a30,0x0000000088a00000)
 Metaspace       used 20521K, capacity 21086K, committed 21504K, reserved 1069056K
  class space    used 2555K, capacity 2699K, committed 2816K, reserved 1048576K
}
Event: 4.161 GC heap before
{Heap before GC invocations=9 (full 0):
 PSYoungGen      total 267264K, used 17159K [0x00000000d6780000, 0x00000000e7680000, 0x0000000100000000)
  eden space 260096K, 3% used [0x00000000d6780000,0x00000000d7142960,0x00000000e6580000)
  from space 7168K, 99% used [0x00000000e6d80000,0x00000000e747f5f8,0x00000000e7480000)
  to   space 8192K, 0% used [0x00000000e6580000,0x00000000e6580000,0x00000000e6d80000)
 ParOldGen       total 86016K, used 4174K [0x0000000083600000, 0x0000000088a00000, 0x00000000d6780000)
  object space 86016K, 4% used [0x0000000083600000,0x0000000083a13a30,0x0000000088a00000)
 Metaspace       used 20872K, capacity 21406K, committed 21628K, reserved 1069056K
  class space    used 2615K, capacity 2763K, committed 2816K, reserved 1048576K
Event: 4.170 GC heap after
Heap after GC invocations=9 (full 0):
 PSYoungGen      total 268288K, used 2272K [0x00000000d6780000, 0x00000000f0f00000, 0x0000000100000000)
  eden space 260096K, 0% used [0x00000000d6780000,0x00000000d6780000,0x00000000e6580000)
  from space 8192K, 27% used [0x00000000e6580000,0x00000000e67b8020,0x00000000e6d80000)
  to   space 8704K, 0% used [0x00000000f0680000,0x00000000f0680000,0x00000000f0f00000)
 ParOldGen       total 86016K, used 5270K [0x0000000083600000, 0x0000000088a00000, 0x00000000d6780000)
  object space 86016K, 6% used [0x0000000083600000,0x0000000083b25a30,0x0000000088a00000)
 Metaspace       used 20872K, capacity 21406K, committed 21628K, reserved 1069056K
  class space    used 2615K, capacity 2763K, committed 2816K, reserved 1048576K
}
Event: 4.170 GC heap before
{Heap before GC invocations=10 (full 1):
 PSYoungGen      total 268288K, used 2272K [0x00000000d6780000, 0x00000000f0f00000, 0x0000000100000000)
  eden space 260096K, 0% used [0x00000000d6780000,0x00000000d6780000,0x00000000e6580000)
  from space 8192K, 27% used [0x00000000e6580000,0x00000000e67b8020,0x00000000e6d80000)
  to   space 8704K, 0% used [0x00000000f0680000,0x00000000f0680000,0x00000000f0f00000)
 ParOldGen       total 86016K, used 5270K [0x0000000083600000, 0x0000000088a00000, 0x00000000d6780000)
  object space 86016K, 6% used [0x0000000083600000,0x0000000083b25a30,0x0000000088a00000)
 Metaspace       used 20872K, capacity 21406K, committed 21628K, reserved 1069056K
  class space    used 2615K, capacity 2763K, committed 2816K, reserved 1048576K
Event: 4.223 GC heap after
Heap after GC invocations=10 (full 1):
 PSYoungGen      total 268288K, used 0K [0x00000000d6780000, 0x00000000f0f00000, 0x0000000100000000)
  eden space 260096K, 0% used [0x00000000d6780000,0x00000000d6780000,0x00000000e6580000)
  from space 8192K, 0% used [0x00000000e6580000,0x00000000e6580000,0x00000000e6d80000)
  to   space 8704K, 0% used [0x00000000f0680000,0x00000000f0680000,0x00000000f0f00000)
 ParOldGen       total 46080K, used 6117K [0x0000000083600000, 0x0000000086300000, 0x00000000d6780000)
  object space 46080K, 13% used [0x0000000083600000,0x0000000083bf95f0,0x0000000086300000)
 Metaspace       used 20872K, capacity 21406K, committed 21628K, reserved 1069056K
  class space    used 2615K, capacity 2763K, committed 2816K, reserved 1048576K
}
Event: 5.676 GC heap before
{Heap before GC invocations=11 (full 1):
 PSYoungGen      total 268288K, used 260096K [0x00000000d6780000, 0x00000000f0f00000, 0x0000000100000000)
  eden space 260096K, 100% used [0x00000000d6780000,0x00000000e6580000,0x00000000e6580000)
  from space 8192K, 0% used [0x00000000e6580000,0x00000000e6580000,0x00000000e6d80000)
  to   space 8704K, 0% used [0x00000000f0680000,0x00000000f0680000,0x00000000f0f00000)
 ParOldGen       total 46080K, used 6117K [0x0000000083600000, 0x0000000086300000, 0x00000000d6780000)
  object space 46080K, 13% used [0x0000000083600000,0x0000000083bf95f0,0x0000000086300000)
 Metaspace       used 24607K, capacity 25402K, committed 25728K, reserved 1071104K
  class space    used 3170K, capacity 3361K, committed 3456K, reserved 1048576K
Event: 5.704 GC heap after
Heap after GC invocations=11 (full 1):
 PSYoungGen      total 397824K, used 8672K [0x00000000d6780000, 0x00000000f0f00000, 0x0000000100000000)
  eden space 389120K, 0% used [0x00000000d6780000,0x00000000d6780000,0x00000000ee380000)
  from space 8704K, 99% used [0x00000000f0680000,0x00000000f0ef8030,0x00000000f0f00000)
  to   space 10240K, 0% used [0x00000000efb00000,0x00000000efb00000,0x00000000f0500000)
 ParOldGen       total 46080K, used 7069K [0x0000000083600000, 0x0000000086300000, 0x00000000d6780000)
  object space 46080K, 15% used [0x0000000083600000,0x0000000083ce74b8,0x0000000086300000)
 Metaspace       used 24607K, capacity 25402K, committed 25728K, reserved 1071104K
  class space    used 3170K, capacity 3361K, committed 3456K, reserved 1048576K
}
Event: 7.812 GC heap before
{Heap before GC invocations=12 (full 1):
 PSYoungGen      total 397824K, used 397792K [0x00000000d6780000, 0x00000000f0f00000, 0x0000000100000000)
  eden space 389120K, 100% used [0x00000000d6780000,0x00000000ee380000,0x00000000ee380000)
  from space 8704K, 99% used [0x00000000f0680000,0x00000000f0ef8030,0x00000000f0f00000)
  to   space 10240K, 0% used [0x00000000efb00000,0x00000000efb00000,0x00000000f0500000)
 ParOldGen       total 46080K, used 7069K [0x0000000083600000, 0x0000000086300000, 0x00000000d6780000)
  object space 46080K, 15% used [0x0000000083600000,0x0000000083ce74b8,0x0000000086300000)
 Metaspace       used 28557K, capacity 29624K, committed 29824K, reserved 1075200K
  class space    used 3663K, capacity 3906K, committed 3968K, reserved 1048576K

Deoptimization events (10 events):
Event: 6.397 Thread 0x00007f186000b800 Uncommon trap: reason=class_check action=maybe_recompile pc=0x00007f18517d6ba4 method=java.net.URL.getURLStreamHandler(Ljava/lang/String;)Ljava/net/URLStreamHandler; @ 7
Event: 6.405 Thread 0x00007f186000b800 Uncommon trap: reason=class_check action=maybe_recompile pc=0x00007f18517d6ba4 method=java.net.URL.getURLStreamHandler(Ljava/lang/String;)Ljava/net/URLStreamHandler; @ 7
Event: 6.414 Thread 0x00007f186000b800 Uncommon trap: reason=class_check action=maybe_recompile pc=0x00007f18516bf90c method=java.net.URL.getURLStreamHandler(Ljava/lang/String;)Ljava/net/URLStreamHandler; @ 7
Event: 6.750 Thread 0x00007f186000b800 Uncommon trap: reason=unstable_if action=reinterpret pc=0x00007f18516e7e40 method=org.springframework.boot.context.properties.source.ConfigurationPropertyName.elementDiffers(Lorg/springframework/boot/context/properties/source/ConfigurationPropertyName$Ele
Event: 7.104 Thread 0x00007f186000b800 Uncommon trap: reason=bimorphic action=maybe_recompile pc=0x00007f185113111c method=java.util.regex.Pattern$CharProperty.match(Ljava/util/regex/Matcher;ILjava/lang/CharSequence;)Z @ 18
Event: 7.105 Thread 0x00007f186000b800 Uncommon trap: reason=unstable_if action=reinterpret pc=0x00007f1851130f40 method=java.util.regex.Pattern$CharProperty.match(Ljava/util/regex/Matcher;ILjava/lang/CharSequence;)Z @ 21
Event: 7.725 Thread 0x00007f186000b800 Uncommon trap: reason=class_check action=maybe_recompile pc=0x00007f185110eef4 method=org.springframework.util.ConcurrentReferenceHashMap$Segment.findInChain(Lorg/springframework/util/ConcurrentReferenceHashMap$Reference;Ljava/lang/Object;I)Lorg/springfra
Event: 7.756 Thread 0x00007f186000b800 Uncommon trap: reason=unstable_if action=reinterpret pc=0x00007f185170c038 method=java.lang.reflect.Method.equals(Ljava/lang/Object;)Z @ 49
Event: 7.779 Thread 0x00007f186000b800 Uncommon trap: reason=class_check action=maybe_recompile pc=0x00007f185110eef4 method=org.springframework.util.ConcurrentReferenceHashMap$Segment.findInChain(Lorg/springframework/util/ConcurrentReferenceHashMap$Reference;Ljava/lang/Object;I)Lorg/springfra
Event: 7.792 Thread 0x00007f186000b800 Uncommon trap: reason=class_check action=maybe_recompile pc=0x00007f185110eef4 method=org.springframework.util.ConcurrentReferenceHashMap$Segment.findInChain(Lorg/springframework/util/ConcurrentReferenceHashMap$Reference;Ljava/lang/Object;I)Lorg/springfra

Classes redefined (0 events):
No events

Internal exceptions (10 events):
Event: 5.016 Thread 0x00007f186000b800 Exception <a 'java/lang/ClassNotFoundException': org/springframework/beans/factory/AwareCustomizer> (0x00000000dfe04748) thrown at [/build/openjdk-8-iDEGXt/openjdk-8-8u352-ga/src/hotspot/src/share/vm/classfile/systemDictionary.cpp, line 217]
Event: 5.019 Thread 0x00007f186000b800 Exception <a 'java/lang/ClassNotFoundException': org/springframework/beans/factory/BeanClassLoaderAwareCustomizer> (0x00000000dfeb6070) thrown at [/build/openjdk-8-iDEGXt/openjdk-8-8u352-ga/src/hotspot/src/share/vm/classfile/systemDictionary.cpp, line 217
Event: 5.021 Thread 0x00007f186000b800 Exception <a 'java/lang/ClassNotFoundException': org/springframework/beans/factory/AwareCustomizer> (0x00000000dff53e48) thrown at [/build/openjdk-8-iDEGXt/openjdk-8-8u352-ga/src/hotspot/src/share/vm/classfile/systemDictionary.cpp, line 217]
Event: 5.026 Thread 0x00007f186000b800 Exception <a 'java/lang/ClassNotFoundException': org/springframework/context/EnvironmentAwareCustomizer> (0x00000000dfff6920) thrown at [/build/openjdk-8-iDEGXt/openjdk-8-8u352-ga/src/hotspot/src/share/vm/classfile/systemDictionary.cpp, line 217]
Event: 5.029 Thread 0x00007f186000b800 Exception <a 'java/lang/ClassNotFoundException': org/springframework/beans/factory/AwareCustomizer> (0x00000000e00945d8) thrown at [/build/openjdk-8-iDEGXt/openjdk-8-8u352-ga/src/hotspot/src/share/vm/classfile/systemDictionary.cpp, line 217]
Event: 5.076 Thread 0x00007f186000b800 Exception <a 'java/lang/ClassNotFoundException': org/springframework/boot/loader/jar/Handler> (0x00000000e0bc8600) thrown at [/build/openjdk-8-iDEGXt/openjdk-8-8u352-ga/src/hotspot/src/share/vm/classfile/systemDictionary.cpp, line 217]
Event: 5.351 Thread 0x00007f186000b800 Exception <a 'java/lang/NoSuchMethodError': java.lang.Object.lambda$getAllAnnotationAttributes$0(Lorg/springframework/util/MultiValueMap;)Lorg/springframework/util/MultiValueMap;> (0x00000000e2ed1c48) thrown at [/build/openjdk-8-iDEGXt/openjdk-8-8u352-ga/
Event: 5.357 Thread 0x00007f186000b800 Exception <a 'java/lang/NoSuchMethodError': java.lang.Object.lambda$identity$2(Ljava/lang/Object;)Ljava/lang/Object;> (0x00000000e2f082f8) thrown at [/build/openjdk-8-iDEGXt/openjdk-8-8u352-ga/src/hotspot/src/share/vm/interpreter/linkResolver.cpp, line 62
Event: 6.095 Thread 0x00007f186000b800 Exception <a 'java/lang/IncompatibleClassChangeError': Found class java.lang.Object, but interface was expected> (0x00000000de635ec0) thrown at [/build/openjdk-8-iDEGXt/openjdk-8-8u352-ga/src/hotspot/src/share/vm/interpreter/linkResolver.cpp, line 653]
Event: 7.608 Thread 0x00007f186000b800 Exception <a 'java/lang/NoSuchMethodError': java.lang.Object.lambda$getRequiredAttribute$0(Ljava/lang/String;)Ljava/lang/IllegalArgumentException;> (0x00000000ec5503b0) thrown at [/build/openjdk-8-iDEGXt/openjdk-8-8u352-ga/src/hotspot/src/share/vm/interpr

Events (10 events):
Event: 7.804 loading class org/springframework/core/io/support/PropertiesLoaderSupport done
Event: 7.808 loading class org/springframework/data/repository/core/support/PropertiesBasedNamedQueries
Event: 7.808 loading class org/springframework/data/repository/core/support/PropertiesBasedNamedQueries done
Event: 7.809 loading class org/springframework/data/repository/core/NamedQueries
Event: 7.809 loading class org/springframework/data/repository/core/NamedQueries done
Event: 7.810 loading class org/springframework/data/repository/config/ImplementationDetectionConfiguration$1
Event: 7.810 loading class org/springframework/data/repository/config/ImplementationDetectionConfiguration$1 done
Event: 7.811 loading class org/springframework/data/repository/config/DefaultImplementationLookupConfiguration
Event: 7.811 loading class org/springframework/data/repository/config/DefaultImplementationLookupConfiguration done
Event: 7.811 Executing VM operation: ParallelGCFailedAllocation


Dynamic libraries:
83600000-86300000 rw-p 00000000 00:00 0 
86300000-d6780000 ---p 00000000 00:00 0 
d6780000-f0f00000 rw-p 00000000 00:00 0 
fc780000-100000000 ---p 00000000 00:00 0 
100000000-1003e0000 rw-p 00000000 00:00 0 
1003e0000-140000000 ---p 00000000 00:00 0 
55fa683d3000-55fa683d4000 r-xp 00000000 08:00 1581847                    /usr/lib/jvm/java-8-openjdk-amd64/jre/bin/java
55fa685d3000-55fa685d4000 r--p 00000000 08:00 1581847                    /usr/lib/jvm/java-8-openjdk-amd64/jre/bin/java
55fa685d4000-55fa685d5000 rw-p 00001000 08:00 1581847                    /usr/lib/jvm/java-8-openjdk-amd64/jre/bin/java
55fa6a278000-55fa6a299000 rw-p 00000000 00:00 0                          [heap]
7f1804000000-7f1804021000 rw-p 00000000 00:00 0 
7f1804021000-7f1808000000 ---p 00000000 00:00 0 
7f180c000000-7f180c58a000 rw-p 00000000 00:00 0 
7f180c58a000-7f1810000000 ---p 00000000 00:00 0 
7f1810000000-7f1810021000 rw-p 00000000 00:00 0 
7f1810021000-7f1814000000 ---p 00000000 00:00 0 
7f1814000000-7f1814021000 rw-p 00000000 00:00 0 
7f1814021000-7f1818000000 ---p 00000000 00:00 0 
7f1818000000-7f1818021000 rw-p 00000000 00:00 0 
7f1818021000-7f181c000000 ---p 00000000 00:00 0 
7f181c000000-7f181c821000 rw-p 00000000 00:00 0 
7f181c821000-7f1820000000 ---p 00000000 00:00 0 
7f1820000000-7f1820c4e000 rw-p 00000000 00:00 0 
7f1820c4e000-7f1824000000 ---p 00000000 00:00 0 
7f1824000000-7f1824021000 rw-p 00000000 00:00 0 
7f1824021000-7f1828000000 ---p 00000000 00:00 0 
7f1828000000-7f182942b000 rw-p 00000000 00:00 0 
7f182942b000-7f182c000000 ---p 00000000 00:00 0 
7f182c000000-7f182c021000 rw-p 00000000 00:00 0 
7f182c021000-7f1830000000 ---p 00000000 00:00 0 
7f1830000000-7f1830021000 rw-p 00000000 00:00 0 
7f1830021000-7f1834000000 ---p 00000000 00:00 0 
7f1834000000-7f1834021000 rw-p 00000000 00:00 0 
7f1834021000-7f1838000000 ---p 00000000 00:00 0 
7f1838000000-7f1838021000 rw-p 00000000 00:00 0 
7f1838021000-7f183c000000 ---p 00000000 00:00 0 
7f183c000000-7f183c021000 rw-p 00000000 00:00 0 
7f183c021000-7f1840000000 ---p 00000000 00:00 0 
7f184161f000-7f184175f000 rw-p 00000000 00:00 0 
7f184175f000-7f184181f000 ---p 00000000 00:00 0 
7f184181f000-7f1841a1f000 rw-p 00000000 00:00 0 
7f1841a1f000-7f1841c1f000 rw-p 00000000 00:00 0 
7f1841c1f000-7f1841c22000 ---p 00000000 00:00 0 
7f1841c22000-7f1841d20000 rw-p 00000000 00:00 0 
7f1841d20000-7f1841d23000 ---p 00000000 00:00 0 
7f1841d23000-7f1842021000 rw-p 00000000 00:00 0 
7f1842021000-7f1842221000 rw-p 00000000 00:00 0 
7f1842221000-7f1842421000 rw-p 00000000 00:00 0 
7f1842421000-7f184242a000 r-xp 00000000 08:00 1715607                    /usr/lib/jvm/java-8-openjdk-amd64/jre/lib/amd64/libmanagement.so
7f184242a000-7f1842629000 ---p 00009000 08:00 1715607                    /usr/lib/jvm/java-8-openjdk-amd64/jre/lib/amd64/libmanagement.so
7f1842629000-7f184262a000 r--p 00008000 08:00 1715607                    /usr/lib/jvm/java-8-openjdk-amd64/jre/lib/amd64/libmanagement.so
7f184262a000-7f184262b000 rw-p 00009000 08:00 1715607                    /usr/lib/jvm/java-8-openjdk-amd64/jre/lib/amd64/libmanagement.so
7f184262b000-7f184282b000 rw-p 00000000 00:00 0 
7f184282b000-7f1842a2b000 rw-p 00000000 00:00 0 
7f1842a2b000-7f1842c2b000 rw-p 00000000 00:00 0 
7f1842c2b000-7f1842c2e000 ---p 00000000 00:00 0 
7f1842c2e000-7f1842d2c000 rw-p 00000000 00:00 0 
7f1842d2c000-7f1842d44000 r-xp 00000000 08:00 1715609                    /usr/lib/jvm/java-8-openjdk-amd64/jre/lib/amd64/libnet.so
7f1842d44000-7f1842f43000 ---p 00018000 08:00 1715609                    /usr/lib/jvm/java-8-openjdk-amd64/jre/lib/amd64/libnet.so
7f1842f43000-7f1842f44000 r--p 00017000 08:00 1715609                    /usr/lib/jvm/java-8-openjdk-amd64/jre/lib/amd64/libnet.so
7f1842f44000-7f1842f45000 rw-p 00018000 08:00 1715609                    /usr/lib/jvm/java-8-openjdk-amd64/jre/lib/amd64/libnet.so
7f1842f45000-7f1842f57000 r-xp 00000000 08:00 1715610                    /usr/lib/jvm/java-8-openjdk-amd64/jre/lib/amd64/libnio.so
7f1842f57000-7f1843156000 ---p 00012000 08:00 1715610                    /usr/lib/jvm/java-8-openjdk-amd64/jre/lib/amd64/libnio.so
7f1843156000-7f1843157000 r--p 00011000 08:00 1715610                    /usr/lib/jvm/java-8-openjdk-amd64/jre/lib/amd64/libnio.so
7f1843157000-7f1843158000 rw-p 00012000 08:00 1715610                    /usr/lib/jvm/java-8-openjdk-amd64/jre/lib/amd64/libnio.so
7f1843158000-7f1843159000 ---p 00000000 00:00 0 
7f1843159000-7f1843259000 rw-p 00000000 00:00 0 
7f1843259000-7f184325c000 ---p 00000000 00:00 0 
7f184325c000-7f184335a000 rw-p 00000000 00:00 0 
7f184335a000-7f184335b000 ---p 00000000 00:00 0 
7f184335b000-7f184335e000 ---p 00000000 00:00 0 
7f184335e000-7f184345b000 rw-p 00000000 00:00 0 
7f184345b000-7f184345c000 ---p 00000000 00:00 0 
7f184345c000-7f184345f000 ---p 00000000 00:00 0 
7f184345f000-7f184355c000 rw-p 00000000 00:00 0 
7f184355c000-7f184355d000 ---p 00000000 00:00 0 
7f184355d000-7f1843560000 ---p 00000000 00:00 0 
7f1843560000-7f184365d000 rw-p 00000000 00:00 0 
7f184365d000-7f1843660000 ---p 00000000 00:00 0 
7f1843660000-7f184375e000 rw-p 00000000 00:00 0 
7f184375e000-7f18438f9000 r--p 00000000 08:00 306                        /usr/lib/locale/locale-archive
7f18438f9000-7f18438fc000 ---p 00000000 00:00 0 
7f18438fc000-7f18439fa000 rw-p 00000000 00:00 0 
7f18439fa000-7f18439fd000 ---p 00000000 00:00 0 
7f18439fd000-7f1843afb000 rw-p 00000000 00:00 0 
7f1843afb000-7f1843afc000 ---p 00000000 00:00 0 
7f1843afc000-7f1844000000 rw-p 00000000 00:00 0 
7f1844000000-7f1844021000 rw-p 00000000 00:00 0 
7f1844021000-7f1848000000 ---p 00000000 00:00 0 
7f18480af000-7f184c000000 rw-p 00000000 00:00 0 
7f184c000000-7f184c021000 rw-p 00000000 00:00 0 
7f184c021000-7f1850000000 ---p 00000000 00:00 0 
7f18500b2000-7f18500c3000 r--s 001c5000 08:00 1581866                    /usr/lib/jvm/java-8-openjdk-amd64/jre/lib/jsse.jar
7f18500c3000-7f18500de000 r--s 00394000 08:00 1971048                    /usr/lib/jvm/java-8-openjdk-amd64/jre/lib/ext/cldrdata.jar
7f18500de000-7f18500f9000 r--s 001d6000 08:00 1971053                    /usr/lib/jvm/java-8-openjdk-amd64/jre/lib/ext/nashorn.jar
7f18500f9000-7f1851000000 rw-p 00000000 00:00 0 
7f1851000000-7f18519b0000 rwxp 00000000 00:00 0 
7f18519b0000-7f1860000000 ---p 00000000 00:00 0 
7f1860000000-7f1860c3b000 rw-p 00000000 00:00 0 
7f1860c3b000-7f1864000000 ---p 00000000 00:00 0 
7f1864001000-7f186400c000 r--s 04fd3000 08:00 1049629                    /var/app/txst/target/TXST-0.0.1-SNAPSHOT.jar
7f186400c000-7f1864012000 r--s 0003e000 08:00 1971055                    /usr/lib/jvm/java-8-openjdk-amd64/jre/lib/ext/sunjce_provider.jar
7f1864012000-7f1864315000 rw-p 00000000 00:00 0 
7f1864315000-7f18644e7000 r--s 03cbc000 08:00 1581871                    /usr/lib/jvm/java-8-openjdk-amd64/jre/lib/rt.jar
7f18644e7000-7f1864942000 rw-p 00000000 00:00 0 
7f1864942000-7f1864943000 ---p 00000000 00:00 0 
7f1864943000-7f1864a43000 rw-p 00000000 00:00 0 
7f1864a43000-7f1864a44000 ---p 00000000 00:00 0 
7f1864a44000-7f1864b44000 rw-p 00000000 00:00 0 
7f1864b44000-7f1864b45000 ---p 00000000 00:00 0 
7f1864b45000-7f1864c45000 rw-p 00000000 00:00 0 
7f1864c45000-7f1864c46000 ---p 00000000 00:00 0 
7f1864c46000-7f1864d5d000 rw-p 00000000 00:00 0 
7f1864d5d000-7f1864fdf000 ---p 00000000 00:00 0 
7f1864fdf000-7f1864ff6000 rw-p 00000000 00:00 0 
7f1864ff6000-7f1865277000 ---p 00000000 00:00 0 
7f1865277000-7f186534c000 rw-p 00000000 00:00 0 
7f186534c000-7f18653c4000 ---p 00000000 00:00 0 
7f18653c4000-7f18653ec000 rw-p 00000000 00:00 0 
7f18653ec000-7f1865785000 ---p 00000000 00:00 0 
7f1865785000-7f186578d000 r-xp 00000000 08:00 1715617                    /usr/lib/jvm/java-8-openjdk-amd64/jre/lib/amd64/libzip.so
7f186578d000-7f186598c000 ---p 00008000 08:00 1715617                    /usr/lib/jvm/java-8-openjdk-amd64/jre/lib/amd64/libzip.so
7f186598c000-7f186598d000 r--p 00007000 08:00 1715617                    /usr/lib/jvm/java-8-openjdk-amd64/jre/lib/amd64/libzip.so
7f186598d000-7f186598e000 rw-p 00008000 08:00 1715617                    /usr/lib/jvm/java-8-openjdk-amd64/jre/lib/amd64/libzip.so
7f186598e000-7f1865999000 r-xp 00000000 08:00 8135                       /lib/x86_64-linux-gnu/libnss_files-2.27.so
7f1865999000-7f1865b98000 ---p 0000b000 08:00 8135                       /lib/x86_64-linux-gnu/libnss_files-2.27.so
7f1865b98000-7f1865b99000 r--p 0000a000 08:00 8135                       /lib/x86_64-linux-gnu/libnss_files-2.27.so
7f1865b99000-7f1865b9a000 rw-p 0000b000 08:00 8135                       /lib/x86_64-linux-gnu/libnss_files-2.27.so
7f1865b9a000-7f1865ba0000 rw-p 00000000 00:00 0 
7f1865ba0000-7f1865bb7000 r-xp 00000000 08:00 8132                       /lib/x86_64-linux-gnu/libnsl-2.27.so
7f1865bb7000-7f1865db6000 ---p 00017000 08:00 8132                       /lib/x86_64-linux-gnu/libnsl-2.27.so
7f1865db6000-7f1865db7000 r--p 00016000 08:00 8132                       /lib/x86_64-linux-gnu/libnsl-2.27.so
7f1865db7000-7f1865db8000 rw-p 00017000 08:00 8132                       /lib/x86_64-linux-gnu/libnsl-2.27.so
7f1865db8000-7f1865dba000 rw-p 00000000 00:00 0 
7f1865dba000-7f1865dc5000 r-xp 00000000 08:00 8137                       /lib/x86_64-linux-gnu/libnss_nis-2.27.so
7f1865dc5000-7f1865fc4000 ---p 0000b000 08:00 8137                       /lib/x86_64-linux-gnu/libnss_nis-2.27.so
7f1865fc4000-7f1865fc5000 r--p 0000a000 08:00 8137                       /lib/x86_64-linux-gnu/libnss_nis-2.27.so
7f1865fc5000-7f1865fc6000 rw-p 0000b000 08:00 8137                       /lib/x86_64-linux-gnu/libnss_nis-2.27.so
7f1865fc6000-7f1865fce000 r-xp 00000000 08:00 8133                       /lib/x86_64-linux-gnu/libnss_compat-2.27.so
7f1865fce000-7f18661ce000 ---p 00008000 08:00 8133                       /lib/x86_64-linux-gnu/libnss_compat-2.27.so
7f18661ce000-7f18661cf000 r--p 00008000 08:00 8133                       /lib/x86_64-linux-gnu/libnss_compat-2.27.so
7f18661cf000-7f18661d0000 rw-p 00009000 08:00 8133                       /lib/x86_64-linux-gnu/libnss_compat-2.27.so
7f18661d0000-7f18661fa000 r-xp 00000000 08:00 1715598                    /usr/lib/jvm/java-8-openjdk-amd64/jre/lib/amd64/libjava.so
7f18661fa000-7f18663fa000 ---p 0002a000 08:00 1715598                    /usr/lib/jvm/java-8-openjdk-amd64/jre/lib/amd64/libjava.so
7f18663fa000-7f18663fb000 r--p 0002a000 08:00 1715598                    /usr/lib/jvm/java-8-openjdk-amd64/jre/lib/amd64/libjava.so
7f18663fb000-7f18663fd000 rw-p 0002b000 08:00 1715598                    /usr/lib/jvm/java-8-openjdk-amd64/jre/lib/amd64/libjava.so
7f18663fd000-7f186640d000 r-xp 00000000 08:00 1715616                    /usr/lib/jvm/java-8-openjdk-amd64/jre/lib/amd64/libverify.so
7f186640d000-7f186660c000 ---p 00010000 08:00 1715616                    /usr/lib/jvm/java-8-openjdk-amd64/jre/lib/amd64/libverify.so
7f186660c000-7f186660e000 r--p 0000f000 08:00 1715616                    /usr/lib/jvm/java-8-openjdk-amd64/jre/lib/amd64/libverify.so
7f186660e000-7f186660f000 rw-p 00011000 08:00 1715616                    /usr/lib/jvm/java-8-openjdk-amd64/jre/lib/amd64/libverify.so
7f186660f000-7f1866616000 r-xp 00000000 08:00 8142                       /lib/x86_64-linux-gnu/librt-2.27.so
7f1866616000-7f1866815000 ---p 00007000 08:00 8142                       /lib/x86_64-linux-gnu/librt-2.27.so
7f1866815000-7f1866816000 r--p 00006000 08:00 8142                       /lib/x86_64-linux-gnu/librt-2.27.so
7f1866816000-7f1866817000 rw-p 00007000 08:00 8142                       /lib/x86_64-linux-gnu/librt-2.27.so
7f1866817000-7f186682e000 r-xp 00000000 08:00 3324                       /lib/x86_64-linux-gnu/libgcc_s.so.1
7f186682e000-7f1866a2d000 ---p 00017000 08:00 3324                       /lib/x86_64-linux-gnu/libgcc_s.so.1
7f1866a2d000-7f1866a2e000 r--p 00016000 08:00 3324                       /lib/x86_64-linux-gnu/libgcc_s.so.1
7f1866a2e000-7f1866a2f000 rw-p 00017000 08:00 3324                       /lib/x86_64-linux-gnu/libgcc_s.so.1
7f1866a2f000-7f1866bcc000 r-xp 00000000 08:00 8129                       /lib/x86_64-linux-gnu/libm-2.27.so
7f1866bcc000-7f1866dcb000 ---p 0019d000 08:00 8129                       /lib/x86_64-linux-gnu/libm-2.27.so
7f1866dcb000-7f1866dcc000 r--p 0019c000 08:00 8129                       /lib/x86_64-linux-gnu/libm-2.27.so
7f1866dcc000-7f1866dcd000 rw-p 0019d000 08:00 8129                       /lib/x86_64-linux-gnu/libm-2.27.so
7f1866dcd000-7f1866f46000 r-xp 00000000 08:00 700                        /usr/lib/x86_64-linux-gnu/libstdc++.so.6.0.25
7f1866f46000-7f1867146000 ---p 00179000 08:00 700                        /usr/lib/x86_64-linux-gnu/libstdc++.so.6.0.25
7f1867146000-7f1867150000 r--p 00179000 08:00 700                        /usr/lib/x86_64-linux-gnu/libstdc++.so.6.0.25
7f1867150000-7f1867152000 rw-p 00183000 08:00 700                        /usr/lib/x86_64-linux-gnu/libstdc++.so.6.0.25
7f1867152000-7f1867156000 rw-p 00000000 00:00 0 
7f1867156000-7f1867ecd000 r-xp 00000000 08:00 1971040                    /usr/lib/jvm/java-8-openjdk-amd64/jre/lib/amd64/server/libjvm.so
7f1867ecd000-7f18680cc000 ---p 00d77000 08:00 1971040                    /usr/lib/jvm/java-8-openjdk-amd64/jre/lib/amd64/server/libjvm.so
7f18680cc000-7f1868162000 r--p 00d76000 08:00 1971040                    /usr/lib/jvm/java-8-openjdk-amd64/jre/lib/amd64/server/libjvm.so
7f1868162000-7f186818b000 rw-p 00e0c000 08:00 1971040                    /usr/lib/jvm/java-8-openjdk-amd64/jre/lib/amd64/server/libjvm.so
7f186818b000-7f18681be000 rw-p 00000000 00:00 0 
7f18681be000-7f18681d8000 r-xp 00000000 08:00 8140                       /lib/x86_64-linux-gnu/libpthread-2.27.so
7f18681d8000-7f18683d7000 ---p 0001a000 08:00 8140                       /lib/x86_64-linux-gnu/libpthread-2.27.so
7f18683d7000-7f18683d8000 r--p 00019000 08:00 8140                       /lib/x86_64-linux-gnu/libpthread-2.27.so
7f18683d8000-7f18683d9000 rw-p 0001a000 08:00 8140                       /lib/x86_64-linux-gnu/libpthread-2.27.so
7f18683d9000-7f18683dd000 rw-p 00000000 00:00 0 
7f18683dd000-7f18683e0000 r-xp 00000000 08:00 8128                       /lib/x86_64-linux-gnu/libdl-2.27.so
7f18683e0000-7f18685df000 ---p 00003000 08:00 8128                       /lib/x86_64-linux-gnu/libdl-2.27.so
7f18685df000-7f18685e0000 r--p 00002000 08:00 8128                       /lib/x86_64-linux-gnu/libdl-2.27.so
7f18685e0000-7f18685e1000 rw-p 00003000 08:00 8128                       /lib/x86_64-linux-gnu/libdl-2.27.so
7f18685e1000-7f18685fd000 r-xp 00000000 08:00 131377                     /lib/x86_64-linux-gnu/libz.so.1.2.11
7f18685fd000-7f18687fc000 ---p 0001c000 08:00 131377                     /lib/x86_64-linux-gnu/libz.so.1.2.11
7f18687fc000-7f18687fd000 r--p 0001b000 08:00 131377                     /lib/x86_64-linux-gnu/libz.so.1.2.11
7f18687fd000-7f18687fe000 rw-p 0001c000 08:00 131377                     /lib/x86_64-linux-gnu/libz.so.1.2.11
7f18687fe000-7f18689e5000 r-xp 00000000 08:00 8125                       /lib/x86_64-linux-gnu/libc-2.27.so
7f18689e5000-7f1868be5000 ---p 001e7000 08:00 8125                       /lib/x86_64-linux-gnu/libc-2.27.so
7f1868be5000-7f1868be9000 r--p 001e7000 08:00 8125                       /lib/x86_64-linux-gnu/libc-2.27.so
7f1868be9000-7f1868beb000 rw-p 001eb000 08:00 8125                       /lib/x86_64-linux-gnu/libc-2.27.so
7f1868beb000-7f1868bef000 rw-p 00000000 00:00 0 
7f1868bef000-7f1868bfd000 r-xp 00000000 08:00 1841498                    /usr/lib/jvm/java-8-openjdk-amd64/jre/lib/amd64/jli/libjli.so
7f1868bfd000-7f1868dfc000 ---p 0000e000 08:00 1841498                    /usr/lib/jvm/java-8-openjdk-amd64/jre/lib/amd64/jli/libjli.so
7f1868dfc000-7f1868dfd000 r--p 0000d000 08:00 1841498                    /usr/lib/jvm/java-8-openjdk-amd64/jre/lib/amd64/jli/libjli.so
7f1868dfd000-7f1868dfe000 rw-p 0000e000 08:00 1841498                    /usr/lib/jvm/java-8-openjdk-amd64/jre/lib/amd64/jli/libjli.so
7f1868dfe000-7f1868e27000 r-xp 00000000 08:00 132753                     /lib/x86_64-linux-gnu/ld-2.27.so
7f1868e27000-7f1868e2a000 r--s 0000f000 08:00 1971050                    /usr/lib/jvm/java-8-openjdk-amd64/jre/lib/ext/icedtea-sound.jar
7f1868e2a000-7f1868e2c000 r--s 00001000 08:00 1971049                    /usr/lib/jvm/java-8-openjdk-amd64/jre/lib/ext/dnsns.jar
7f1868e2c000-7f1868e36000 r--s 00117000 08:00 1971052                    /usr/lib/jvm/java-8-openjdk-amd64/jre/lib/ext/localedata.jar
7f1868e36000-7f1868e38000 r--s 00010000 08:00 1971057                    /usr/lib/jvm/java-8-openjdk-amd64/jre/lib/ext/zipfs.jar
7f1868e38000-7f1868e39000 r--s 0000a000 08:00 1971051                    /usr/lib/jvm/java-8-openjdk-amd64/jre/lib/ext/jaccess.jar
7f1868e39000-7f1868e3b000 r--s 00007000 08:00 70370                      /usr/share/java/java-atk-wrapper.jar
7f1868e3b000-7f1868e42000 r--s 000d3000 08:00 1581865                    /usr/lib/jvm/java-8-openjdk-amd64/jre/lib/jfr.jar
7f1868e42000-7f1868f12000 rw-p 00000000 00:00 0 
7f1868f12000-7f1868f1a000 rw-s 00000000 08:00 524437                     /tmp/hsperfdata_root/23952
7f1868f1a000-7f1868f1b000 ---p 00000000 00:00 0 
7f1868f1b000-7f1868f1e000 ---p 00000000 00:00 0 
7f1868f1e000-7f186901d000 rw-p 00000000 00:00 0 
7f186901d000-7f1869021000 r--s 00041000 08:00 1971056                    /usr/lib/jvm/java-8-openjdk-amd64/jre/lib/ext/sunpkcs11.jar
7f1869021000-7f1869023000 r--s 00008000 08:00 1971054                    /usr/lib/jvm/java-8-openjdk-amd64/jre/lib/ext/sunec.jar
7f1869023000-7f1869024000 rw-p 00000000 00:00 0 
7f1869024000-7f1869025000 ---p 00000000 00:00 0 
7f1869025000-7f1869027000 rw-p 00000000 00:00 0 
7f1869027000-7f1869028000 r--p 00029000 08:00 132753                     /lib/x86_64-linux-gnu/ld-2.27.so
7f1869028000-7f1869029000 rw-p 0002a000 08:00 132753                     /lib/x86_64-linux-gnu/ld-2.27.so
7f1869029000-7f186902a000 rw-p 00000000 00:00 0 
7fff48478000-7fff48499000 rw-p 00000000 00:00 0                          [stack]
7fff485d0000-7fff485d3000 r--p 00000000 00:00 0                          [vvar]
7fff485d3000-7fff485d5000 r-xp 00000000 00:00 0                          [vdso]
ffffffffff600000-ffffffffff601000 r-xp 00000000 00:00 0                  [vsyscall]

VM Arguments:
java_command: TXST-0.0.1-SNAPSHOT.jar
java_class_path (initial): TXST-0.0.1-SNAPSHOT.jar
Launcher Type: SUN_STANDARD

Environment Variables:
PATH=/usr/local/sbin:/usr/local/bin:/usr/sbin:/usr/bin:/sbin:/bin:/usr/games:/usr/local/games:/snap/bin:/root/.dotnet/tools
SHELL=/bin/bash

Signal Handlers:
SIGSEGV: [libjvm.so+0xb74830], sa_mask[0]=11111111011111111101111111111110, sa_flags=SA_RESTART|SA_SIGINFO
SIGBUS: [libjvm.so+0xb74830], sa_mask[0]=11111111011111111101111111111110, sa_flags=SA_RESTART|SA_SIGINFO
SIGFPE: [libjvm.so+0x993130], sa_mask[0]=11111111011111111101111111111110, sa_flags=SA_RESTART|SA_SIGINFO
SIGPIPE: [libjvm.so+0x993130], sa_mask[0]=11111111011111111101111111111110, sa_flags=SA_RESTART|SA_SIGINFO
SIGXFSZ: [libjvm.so+0x993130], sa_mask[0]=11111111011111111101111111111110, sa_flags=SA_RESTART|SA_SIGINFO
SIGILL: [libjvm.so+0x993130], sa_mask[0]=11111111011111111101111111111110, sa_flags=SA_RESTART|SA_SIGINFO
SIGUSR1: SIG_DFL, sa_mask[0]=00000000000000000000000000000000, sa_flags=none
SIGUSR2: [libjvm.so+0x993710], sa_mask[0]=00000000000000000000000000000000, sa_flags=SA_RESTART|SA_SIGINFO
SIGHUP: SIG_IGN, sa_mask[0]=00000000000000000000000000000000, sa_flags=none
SIGINT: [libjvm.so+0x993650], sa_mask[0]=11111111011111111101111111111110, sa_flags=SA_RESTART|SA_SIGINFO
SIGTERM: [libjvm.so+0x993650], sa_mask[0]=11111111011111111101111111111110, sa_flags=SA_RESTART|SA_SIGINFO
SIGQUIT: [libjvm.so+0x993650], sa_mask[0]=11111111011111111101111111111110, sa_flags=SA_RESTART|SA_SIGINFO


---------------  S Y S T E M  ---------------

OS:DISTRIB_ID=Ubuntu
DISTRIB_RELEASE=18.04
DISTRIB_CODENAME=bionic
DISTRIB_DESCRIPTION="Ubuntu 18.04.6 LTS"

uname:Linux 4.15.0-192-generic #203-Ubuntu SMP Wed Aug 10 17:40:03 UTC 2022 x86_64
libc:glibc 2.27 NPTL 2.27 
rlimit: STACK 8192k, CORE 0k, NPROC 31645, NOFILE 1048576, AS infinity
load average:11.62 9.43 6.26

/proc/meminfo:
MemTotal:        8167412 kB
MemFree:          126872 kB
MemAvailable:      28804 kB
Buffers:             936 kB
Cached:            33756 kB
SwapCached:        33912 kB
Active:          6203464 kB
Inactive:        1331996 kB
Active(anon):    6193632 kB
Inactive(anon):  1319784 kB
Active(file):       9832 kB
Inactive(file):    12212 kB
Unevictable:           0 kB
Mlocked:               0 kB
SwapTotal:        524284 kB
SwapFree:              0 kB
Dirty:               904 kB
Writeback:             0 kB
AnonPages:       7468700 kB
Mapped:            28932 kB
Shmem:             12668 kB
Slab:             209168 kB
SReclaimable:      63640 kB
SUnreclaim:       145528 kB
KernelStack:      142784 kB
PageTables:        63800 kB
NFS_Unstable:          0 kB
Bounce:                0 kB
WritebackTmp:          0 kB
CommitLimit:     4607988 kB
Committed_AS:   56401216 kB
VmallocTotal:   34359738367 kB
VmallocUsed:           0 kB
VmallocChunk:          0 kB
HardwareCorrupted:     0 kB
AnonHugePages:         0 kB
ShmemHugePages:        0 kB
ShmemPmdMapped:        0 kB
CmaTotal:              0 kB
CmaFree:               0 kB
HugePages_Total:       0
HugePages_Free:        0
HugePages_Rsvd:        0
HugePages_Surp:        0
Hugepagesize:       2048 kB
DirectMap4k:     3884904 kB
DirectMap2M:     4503552 kB
DirectMap1G:     2097152 kB

container (cgroup) information:
container_type: cgroupv1
cpu_cpuset_cpus: 0-3
cpu_memory_nodes: 0
active_processor_count: 4
cpu_quota: -1
cpu_period: 100000
cpu_shares: -1
memory_limit_in_bytes: -1
memory_and_swap_limit_in_bytes: -2
memory_soft_limit_in_bytes: -1
memory_usage_in_bytes: 6283431936
memory_max_usage_in_bytes: 6858858496


CPU:total 4 (initial active 4) (4 cores per cpu, 1 threads per core) family 23 model 49 stepping 0, cmov, cx8, fxsr, mmx, sse, sse2, sse3, ssse3, sse4.1, sse4.2, popcnt, avx, avx2, aes, clmul, mmxext, 3dnowpref, lzcnt, sse4a, tsc, bmi1

/proc/cpuinfo:
processor	: 0
vendor_id	: AuthenticAMD
cpu family	: 23
model		: 49
model name	: AMD EPYC 7542 32-Core Processor
stepping	: 0
microcode	: 0x8301038
cpu MHz		: 2899.998
cache size	: 512 KB
physical id	: 0
siblings	: 4
core id		: 0
cpu cores	: 4
apicid		: 0
initial apicid	: 0
fpu		: yes
fpu_exception	: yes
cpuid level	: 16
wp		: yes
flags		: fpu vme de pse tsc msr pae mce cx8 apic sep mtrr pge mca cmov pat pse36 clflush mmx fxsr sse sse2 ht syscall nx mmxext fxsr_opt pdpe1gb rdtscp lm rep_good nopl cpuid extd_apicid tsc_known_freq pni pclmulqdq ssse3 fma cx16 sse4_1 sse4_2 x2apic movbe popcnt tsc_deadline_timer aes xsave avx f16c rdrand hypervisor lahf_lm cmp_legacy cr8_legacy abm sse4a misalignsse 3dnowprefetch osvw perfctr_core ssbd ibrs ibpb stibp vmmcall fsgsbase tsc_adjust bmi1 avx2 smep bmi2 rdseed adx smap clflushopt clwb sha_ni xsaveopt xsavec xgetbv1 xsaves clzero xsaveerptr arat umip rdpid arch_capabilities
bugs		: sysret_ss_attrs spectre_v1 spectre_v2 spec_store_bypass
bogomips	: 5799.99
TLB size	: 1024 4K pages
clflush size	: 64
cache_alignment	: 64
address sizes	: 48 bits physical, 48 bits virtual
power management:

processor	: 1
vendor_id	: AuthenticAMD
cpu family	: 23
model		: 49
model name	: AMD EPYC 7542 32-Core Processor
stepping	: 0
microcode	: 0x8301038
cpu MHz		: 2899.998
cache size	: 512 KB
physical id	: 0
siblings	: 4
core id		: 1
cpu cores	: 4
apicid		: 1
initial apicid	: 1
fpu		: yes
fpu_exception	: yes
cpuid level	: 16
wp		: yes
flags		: fpu vme de pse tsc msr pae mce cx8 apic sep mtrr pge mca cmov pat pse36 clflush mmx fxsr sse sse2 ht syscall nx mmxext fxsr_opt pdpe1gb rdtscp lm rep_good nopl cpuid extd_apicid tsc_known_freq pni pclmulqdq ssse3 fma cx16 sse4_1 sse4_2 x2apic movbe popcnt tsc_deadline_timer aes xsave avx f16c rdrand hypervisor lahf_lm cmp_legacy cr8_legacy abm sse4a misalignsse 3dnowprefetch osvw perfctr_core ssbd ibrs ibpb stibp vmmcall fsgsbase tsc_adjust bmi1 avx2 smep bmi2 rdseed adx smap clflushopt clwb sha_ni xsaveopt xsavec xgetbv1 xsaves clzero xsaveerptr arat umip rdpid arch_capabilities
bugs		: sysret_ss_attrs spectre_v1 spectre_v2 spec_store_bypass
bogomips	: 5799.99
TLB size	: 1024 4K pages
clflush size	: 64
cache_alignment	: 64
address sizes	: 48 bits physical, 48 bits virtual
power management:

processor	: 2
vendor_id	: AuthenticAMD
cpu family	: 23
model		: 49
model name	: AMD EPYC 7542 32-Core Processor
stepping	: 0
microcode	: 0x8301038
cpu MHz		: 2899.998
cache size	: 512 KB
physical id	: 0
siblings	: 4
core id		: 2
cpu cores	: 4
apicid		: 2
initial apicid	: 2
fpu		: yes
fpu_exception	: yes
cpuid level	: 16
wp		: yes
flags		: fpu vme de pse tsc msr pae mce cx8 apic sep mtrr pge mca cmov pat pse36 clflush mmx fxsr sse sse2 ht syscall nx mmxext fxsr_opt pdpe1gb rdtscp lm rep_good nopl cpuid extd_apicid tsc_known_freq pni pclmulqdq ssse3 fma cx16 sse4_1 sse4_2 x2apic movbe popcnt tsc_deadline_timer aes xsave avx f16c rdrand hypervisor lahf_lm cmp_legacy cr8_legacy abm sse4a misalignsse 3dnowprefetch osvw perfctr_core ssbd ibrs ibpb stibp vmmcall fsgsbase tsc_adjust bmi1 avx2 smep bmi2 rdseed adx smap clflushopt clwb sha_ni xsaveopt xsavec xgetbv1 xsaves clzero xsaveerptr arat umip rdpid arch_capabilities
bugs		: sysret_ss_attrs spectre_v1 spectre_v2 spec_store_bypass
bogomips	: 5799.99
TLB size	: 1024 4K pages
clflush size	: 64
cache_alignment	: 64
address sizes	: 48 bits physical, 48 bits virtual
power management:

processor	: 3
vendor_id	: AuthenticAMD
cpu family	: 23
model		: 49
model name	: AMD EPYC 7542 32-Core Processor
stepping	: 0
microcode	: 0x8301038
cpu MHz		: 2899.998
cache size	: 512 KB
physical id	: 0
siblings	: 4
core id		: 3
cpu cores	: 4
apicid		: 3
initial apicid	: 3
fpu		: yes
fpu_exception	: yes
cpuid level	: 16
wp		: yes
flags		: fpu vme de pse tsc msr pae mce cx8 apic sep mtrr pge mca cmov pat pse36 clflush mmx fxsr sse sse2 ht syscall nx mmxext fxsr_opt pdpe1gb rdtscp lm rep_good nopl cpuid extd_apicid tsc_known_freq pni pclmulqdq ssse3 fma cx16 sse4_1 sse4_2 x2apic movbe popcnt tsc_deadline_timer aes xsave avx f16c rdrand hypervisor lahf_lm cmp_legacy cr8_legacy abm sse4a misalignsse 3dnowprefetch osvw perfctr_core ssbd ibrs ibpb stibp vmmcall fsgsbase tsc_adjust bmi1 avx2 smep bmi2 rdseed adx smap clflushopt clwb sha_ni xsaveopt xsavec xgetbv1 xsaves clzero xsaveerptr arat umip rdpid arch_capabilities
bugs		: sysret_ss_attrs spectre_v1 spectre_v2 spec_store_bypass
bogomips	: 5799.99
TLB size	: 1024 4K pages
clflush size	: 64
cache_alignment	: 64
address sizes	: 48 bits physical, 48 bits virtual
power management:



Memory: 4k page, physical 8167412k(129276k free), swap 524284k(0k free)

vm_info: OpenJDK 64-Bit Server VM (25.352-b08) for linux-amd64 JRE (1.8.0_352-8u352-ga-1~18.04-b08), built on Oct 25 2022 17:26:06 by "buildd" with gcc 7.5.0

time: Mon Jan 23 23:29:42 2023
timezone: +07
elapsed time: 7.956273 seconds (0d 0h 0m 7s)

