19 Feb 2023 17:47:17,689 INFO  [main] bootLogger - BitZeroServer alpha
19 Feb 2023 17:47:17,691 INFO  [main] bootLogger - BitZeroEngine version: alpha{ main }
19 Feb 2023 17:47:17,691 INFO  [main] bootLogger - System Info:
	Processor(s): 4
	VM Max. memory: 1858MB
	os.name: Linux
	os.arch: amd64
	os.version: 4.15.0-202-generic
	java.version: 1.8.0_352
	java.vendor: Private Build
	java.vendor.url: http://java.oracle.com/
	java.vm.specification.version: 1.8
	java.vm.version: 25.352-b08
	java.vm.vendor: Private Build
	java.vm.name: OpenJDK 64-Bit Server VM
	java.io.tmpdir: /tmp
	Default charset: UTF-8

19 Feb 2023 17:47:17,692 INFO  [main] bootLogger - Network Info:
	Card: vethcb354cb
		 ->fe80:0:0:0:5082:91ff:fe90:a3aa%vethcb354cb
	Card: veth34cbc28
		 ->fe80:0:0:0:94c6:aaff:fedb:eaac%veth34cbc28
	Card: veth3ec9c77
		 ->fe80:0:0:0:20d7:e9ff:fec8:9d8b%veth3ec9c77
	Card: vethc72830d
		 ->fe80:0:0:0:38b4:fcff:fef6:b332%vethc72830d
	Card: veth4a452ab
		 ->fe80:0:0:0:78ea:9bff:fec0:cfb0%veth4a452ab
	Card: br-1697ca636b46
		 ->fe80:0:0:0:42:69ff:feff:7487%br-1697ca636b46
		 ->172.18.0.1
	Card: docker0
		 ->172.17.0.1
	Card: eth0
		 ->fe80:0:0:0:f03c:93ff:fe2a:d53f%eth0
		 ->2400:8901:0:0:f03c:93ff:fe2a:d53f%eth0
		 ->139.162.61.145
	Card: lo
		 ->0:0:0:0:0:0:0:1%lo
		 ->127.0.0.1

19 Feb 2023 17:47:17,695 INFO  [main] bootLogger - Session manager ready: bitzero.engine.sessions.DefaultSessionManager@1a2724d3
19 Feb 2023 17:47:17,700 INFO  [main] bootLogger - TCP Selector opened
19 Feb 2023 17:47:17,706 INFO  [main] bootLogger - AcceptSelector opened
19 Feb 2023 17:47:17,711 INFO  [main] bootLogger - Added bound tcp socket --> 127.0.0.1:2343
19 Feb 2023 17:47:17,713 INFO  [Scheduler1-thread-1] bootLogger - Scheduler started: scheduler
19 Feb 2023 17:47:17,743 INFO  [main] bootLogger - Controller started: bitzero.server.controllers.SystemController -- Queue: 0/40000
19 Feb 2023 17:47:17,873 INFO  [main] bootLogger - Controller started: bitzero.server.controllers.ExtensionController -- Queue: 0/90000
19 Feb 2023 17:47:17,885 INFO  [main] bootLogger - EngineAcceptor initialized
19 Feb 2023 17:47:17,926 INFO  [main] bootLogger - Socket Writer started (pool size:4)
19 Feb 2023 17:47:17,927 INFO  [main] bootLogger - Security Manager started
19 Feb 2023 17:47:17,929 INFO  [main] bootLogger - IOHandler: bitzero.server.protocol.BZIoHandler@54bb1194
19 Feb 2023 17:47:17,930 INFO  [main] bootLogger - EngineReader started
19 Feb 2023 17:47:17,930 INFO  [main] bootLogger - [[[ ===--- Boot sequence complete ---=== ]]]
26 Sep 2023 00:57:31,420 INFO  [main] bootLogger - BitZeroServer alpha
26 Sep 2023 00:57:31,422 INFO  [main] bootLogger - BitZeroEngine version: alpha{ main }
26 Sep 2023 00:57:31,423 INFO  [main] bootLogger - System Info:
	Processor(s): 4
	VM Max. memory: 1853MB
	os.name: Linux
	os.arch: amd64
	os.version: 5.15.0-67-generic
	java.version: 1.8.0_382
	java.vendor: Private Build
	java.vendor.url: http://java.oracle.com/
	java.vm.specification.version: 1.8
	java.vm.version: 25.382-b05
	java.vm.vendor: Private Build
	java.vm.name: OpenJDK 64-Bit Server VM
	java.io.tmpdir: /tmp
	Default charset: UTF-8

26 Sep 2023 00:57:31,430 INFO  [main] bootLogger - Network Info:
	Card: veth178cb82
		 ->fe80:0:0:0:bcaa:8cff:fe96:3755%veth178cb82
	Card: vethc5f3c0c
		 ->fe80:0:0:0:a465:faff:fead:8077%vethc5f3c0c
	Card: vethfd8b35b
		 ->fe80:0:0:0:7b:7dff:fefc:6ff4%vethfd8b35b
	Card: veth5573047
		 ->fe80:0:0:0:a0ec:c9ff:fe04:9858%veth5573047
	Card: veth99116f5
		 ->fe80:0:0:0:6833:b9ff:fe02:989f%veth99116f5
	Card: br-e465eda95278
		 ->fe80:0:0:0:42:35ff:fef8:a41f%br-e465eda95278
		 ->172.18.0.1
	Card: docker0
		 ->172.17.0.1
	Card: eth1
		 ->fe80:0:0:0:f4c6:31ff:fe26:f2bc%eth1
		 ->10.104.0.6
	Card: eth0
		 ->fe80:0:0:0:2c99:43ff:fe15:88c3%eth0
		 ->10.15.0.7
		 ->167.172.71.65
	Card: lo
		 ->0:0:0:0:0:0:0:1%lo
		 ->127.0.0.1

26 Sep 2023 00:57:31,437 INFO  [main] bootLogger - Session manager ready: bitzero.engine.sessions.DefaultSessionManager@c8e4bb0
26 Sep 2023 00:57:31,446 INFO  [main] bootLogger - TCP Selector opened
26 Sep 2023 00:57:31,456 INFO  [main] bootLogger - AcceptSelector opened
26 Sep 2023 00:57:31,466 INFO  [main] bootLogger - Added bound tcp socket --> 127.0.0.1:2343
26 Sep 2023 00:57:31,468 INFO  [Scheduler1-thread-1] bootLogger - Scheduler started: scheduler
26 Sep 2023 00:57:31,472 INFO  [main] bootLogger - Controller started: bitzero.server.controllers.SystemController -- Queue: 0/40000
26 Sep 2023 00:57:31,479 INFO  [main] bootLogger - Controller started: bitzero.server.controllers.ExtensionController -- Queue: 0/90000
26 Sep 2023 00:57:31,479 INFO  [main] bootLogger - EngineAcceptor initialized
26 Sep 2023 00:57:31,551 INFO  [main] bootLogger - Socket Writer started (pool size:4)
26 Sep 2023 00:57:31,552 INFO  [main] bootLogger - Security Manager started
26 Sep 2023 00:57:31,556 INFO  [main] bootLogger - IOHandler: bitzero.server.protocol.BZIoHandler@4b5d6a01
26 Sep 2023 00:57:31,556 INFO  [main] bootLogger - EngineReader started
26 Sep 2023 00:57:31,556 INFO  [main] bootLogger - [[[ ===--- Boot sequence complete ---=== ]]]
26 Sep 2023 01:03:40,789 INFO  [main] bootLogger - BitZeroServer alpha
26 Sep 2023 01:03:40,791 INFO  [main] bootLogger - BitZeroEngine version: alpha{ main }
26 Sep 2023 01:03:40,792 INFO  [main] bootLogger - System Info:
	Processor(s): 4
	VM Max. memory: 1853MB
	os.name: Linux
	os.arch: amd64
	os.version: 5.15.0-67-generic
	java.version: 1.8.0_382
	java.vendor: Private Build
	java.vendor.url: http://java.oracle.com/
	java.vm.specification.version: 1.8
	java.vm.version: 25.382-b05
	java.vm.vendor: Private Build
	java.vm.name: OpenJDK 64-Bit Server VM
	java.io.tmpdir: /tmp
	Default charset: UTF-8

26 Sep 2023 01:03:40,798 INFO  [main] bootLogger - Network Info:
	Card: veth178cb82
		 ->fe80:0:0:0:bcaa:8cff:fe96:3755%veth178cb82
	Card: vethc5f3c0c
		 ->fe80:0:0:0:a465:faff:fead:8077%vethc5f3c0c
	Card: vethfd8b35b
		 ->fe80:0:0:0:7b:7dff:fefc:6ff4%vethfd8b35b
	Card: veth5573047
		 ->fe80:0:0:0:a0ec:c9ff:fe04:9858%veth5573047
	Card: veth99116f5
		 ->fe80:0:0:0:6833:b9ff:fe02:989f%veth99116f5
	Card: br-e465eda95278
		 ->fe80:0:0:0:42:35ff:fef8:a41f%br-e465eda95278
		 ->172.18.0.1
	Card: docker0
		 ->172.17.0.1
	Card: eth1
		 ->fe80:0:0:0:f4c6:31ff:fe26:f2bc%eth1
		 ->10.104.0.6
	Card: eth0
		 ->fe80:0:0:0:2c99:43ff:fe15:88c3%eth0
		 ->10.15.0.7
		 ->167.172.71.65
	Card: lo
		 ->0:0:0:0:0:0:0:1%lo
		 ->127.0.0.1

26 Sep 2023 01:03:40,804 INFO  [main] bootLogger - Session manager ready: bitzero.engine.sessions.DefaultSessionManager@c8e4bb0
26 Sep 2023 01:03:40,813 INFO  [main] bootLogger - TCP Selector opened
26 Sep 2023 01:03:40,822 INFO  [main] bootLogger - AcceptSelector opened
26 Sep 2023 01:03:40,832 INFO  [main] bootLogger - Added bound tcp socket --> 127.0.0.1:2343
26 Sep 2023 01:03:40,833 INFO  [Scheduler1-thread-1] bootLogger - Scheduler started: scheduler
26 Sep 2023 01:03:40,837 INFO  [main] bootLogger - Controller started: bitzero.server.controllers.SystemController -- Queue: 0/40000
26 Sep 2023 01:03:40,842 INFO  [main] bootLogger - Controller started: bitzero.server.controllers.ExtensionController -- Queue: 0/90000
26 Sep 2023 01:03:40,842 INFO  [main] bootLogger - EngineAcceptor initialized
26 Sep 2023 01:03:40,896 INFO  [main] bootLogger - Socket Writer started (pool size:4)
26 Sep 2023 01:03:40,897 INFO  [main] bootLogger - Security Manager started
26 Sep 2023 01:03:40,900 INFO  [main] bootLogger - IOHandler: bitzero.server.protocol.BZIoHandler@3c419631
26 Sep 2023 01:03:40,900 INFO  [main] bootLogger - EngineReader started
26 Sep 2023 01:03:40,900 INFO  [main] bootLogger - [[[ ===--- Boot sequence complete ---=== ]]]
13 Oct 2023 23:02:35,516 INFO  [main] bootLogger - BitZeroServer alpha
13 Oct 2023 23:02:35,517 INFO  [main] bootLogger - BitZeroEngine version: alpha{ main }
13 Oct 2023 23:02:35,518 INFO  [main] bootLogger - System Info:
	Processor(s): 4
	VM Max. memory: 3728MB
	os.name: Linux
	os.arch: amd64
	os.version: 5.19.0-1025-aws
	java.version: 1.8.0_382
	java.vendor: Private Build
	java.vendor.url: http://java.oracle.com/
	java.vm.specification.version: 1.8
	java.vm.version: 25.382-b05
	java.vm.vendor: Private Build
	java.vm.name: OpenJDK 64-Bit Server VM
	java.io.tmpdir: /tmp
	Default charset: UTF-8

13 Oct 2023 23:02:35,519 INFO  [main] bootLogger - Network Info:
	Card: veth5bee074
		 ->fe80:0:0:0:cc06:27ff:fe6d:5e81%veth5bee074
	Card: vethf2247ff
		 ->fe80:0:0:0:8c84:aff:fe87:c6a4%vethf2247ff
	Card: vethc6d028b
		 ->fe80:0:0:0:307e:54ff:fe87:6a43%vethc6d028b
	Card: veth0fab412
		 ->fe80:0:0:0:d8a9:5fff:fec3:a127%veth0fab412
	Card: vethaa9e523
		 ->fe80:0:0:0:d0aa:f4ff:fe93:2698%vethaa9e523
	Card: br-a62b955f7a4b
		 ->fe80:0:0:0:42:79ff:fe1e:b37%br-a62b955f7a4b
		 ->172.18.0.1
	Card: docker0
		 ->172.17.0.1
	Card: eth0
		 ->fe80:0:0:0:d9:1ff:fe46:371e%eth0
		 ->172.31.17.219
	Card: lo
		 ->0:0:0:0:0:0:0:1%lo
		 ->127.0.0.1

13 Oct 2023 23:02:35,524 INFO  [main] bootLogger - Session manager ready: bitzero.engine.sessions.DefaultSessionManager@1e34c607
13 Oct 2023 23:02:35,529 INFO  [main] bootLogger - TCP Selector opened
13 Oct 2023 23:02:35,537 INFO  [main] bootLogger - AcceptSelector opened
13 Oct 2023 23:02:35,543 INFO  [main] bootLogger - Added bound tcp socket --> 127.0.0.1:2343
13 Oct 2023 23:02:35,544 INFO  [Scheduler1-thread-1] bootLogger - Scheduler started: scheduler
13 Oct 2023 23:02:35,546 INFO  [main] bootLogger - Controller started: bitzero.server.controllers.SystemController -- Queue: 0/40000
13 Oct 2023 23:02:35,564 INFO  [main] bootLogger - Controller started: bitzero.server.controllers.ExtensionController -- Queue: 0/90000
13 Oct 2023 23:02:35,565 INFO  [main] bootLogger - EngineAcceptor initialized
13 Oct 2023 23:02:35,609 INFO  [main] bootLogger - Socket Writer started (pool size:4)
13 Oct 2023 23:02:35,610 INFO  [main] bootLogger - Security Manager started
13 Oct 2023 23:02:35,613 INFO  [main] bootLogger - IOHandler: bitzero.server.protocol.BZIoHandler@3956b302
13 Oct 2023 23:02:35,613 INFO  [main] bootLogger - EngineReader started
13 Oct 2023 23:02:35,613 INFO  [main] bootLogger - [[[ ===--- Boot sequence complete ---=== ]]]
