19 Feb 2023 17:46:56,891 INFO  [main] bootLogger - BitZeroServer alpha
19 Feb 2023 17:46:56,893 INFO  [main] bootLogger - BitZeroEngine version: alpha{ main }
19 Feb 2023 17:46:56,894 INFO  [main] bootLogger - System Info:
	Processor(s): 4
	VM Max. memory: 1858MB
	os.name: Linux
	os.arch: amd64
	os.version: 4.15.0-202-generic
	java.version: 1.8.0_352
	java.vendor: Private Build
	java.vendor.url: http://java.oracle.com/
	java.vm.specification.version: 1.8
	java.vm.version: 25.352-b08
	java.vm.vendor: Private Build
	java.vm.name: OpenJDK 64-Bit Server VM
	java.io.tmpdir: /tmp
	Default charset: UTF-8

19 Feb 2023 17:46:56,895 INFO  [main] bootLogger - Network Info:
	Card: vethcb354cb
		 ->fe80:0:0:0:5082:91ff:fe90:a3aa%vethcb354cb
	Card: veth34cbc28
		 ->fe80:0:0:0:94c6:aaff:fedb:eaac%veth34cbc28
	Card: veth3ec9c77
		 ->fe80:0:0:0:20d7:e9ff:fec8:9d8b%veth3ec9c77
	Card: vethc72830d
		 ->fe80:0:0:0:38b4:fcff:fef6:b332%vethc72830d
	Card: veth4a452ab
		 ->fe80:0:0:0:78ea:9bff:fec0:cfb0%veth4a452ab
	Card: br-1697ca636b46
		 ->fe80:0:0:0:42:69ff:feff:7487%br-1697ca636b46
		 ->172.18.0.1
	Card: docker0
		 ->172.17.0.1
	Card: eth0
		 ->fe80:0:0:0:f03c:93ff:fe2a:d53f%eth0
		 ->2400:8901:0:0:f03c:93ff:fe2a:d53f%eth0
		 ->139.162.61.145
	Card: lo
		 ->0:0:0:0:0:0:0:1%lo
		 ->127.0.0.1

19 Feb 2023 17:46:56,900 INFO  [main] bootLogger - Session manager ready: bitzero.engine.sessions.DefaultSessionManager@327120c8
19 Feb 2023 17:46:56,906 INFO  [main] bootLogger - TCP Selector opened
19 Feb 2023 17:46:56,929 INFO  [main] bootLogger - AcceptSelector opened
19 Feb 2023 17:46:56,947 INFO  [main] bootLogger - Added bound tcp socket --> 127.0.0.1:1843
19 Feb 2023 17:46:56,965 INFO  [Scheduler1-thread-1] bootLogger - Scheduler started: scheduler
19 Feb 2023 17:46:57,022 INFO  [main] bootLogger - Controller started: bitzero.server.controllers.SystemController -- Queue: 0/40000
19 Feb 2023 17:46:57,424 INFO  [main] bootLogger - Controller started: bitzero.server.controllers.ExtensionController -- Queue: 0/90000
19 Feb 2023 17:46:57,445 INFO  [main] bootLogger - EngineAcceptor initialized
19 Feb 2023 17:46:57,556 INFO  [main] bootLogger - Socket Writer started (pool size:4)
19 Feb 2023 17:46:57,557 INFO  [main] bootLogger - Security Manager started
19 Feb 2023 17:46:57,559 INFO  [main] bootLogger - IOHandler: bitzero.server.protocol.BZIoHandler@199e4c2b
19 Feb 2023 17:46:57,559 INFO  [main] bootLogger - EngineReader started
19 Feb 2023 17:46:57,560 INFO  [main] bootLogger - [[[ ===--- Boot sequence complete ---=== ]]]
13 Oct 2023 23:02:20,553 INFO  [main] bootLogger - BitZeroServer alpha
13 Oct 2023 23:02:20,561 INFO  [main] bootLogger - BitZeroEngine version: alpha{ main }
13 Oct 2023 23:02:20,606 INFO  [main] bootLogger - System Info:
	Processor(s): 4
	VM Max. memory: 3728MB
	os.name: Linux
	os.arch: amd64
	os.version: 5.19.0-1025-aws
	java.version: 1.8.0_382
	java.vendor: Private Build
	java.vendor.url: http://java.oracle.com/
	java.vm.specification.version: 1.8
	java.vm.version: 25.382-b05
	java.vm.vendor: Private Build
	java.vm.name: OpenJDK 64-Bit Server VM
	java.io.tmpdir: /tmp
	Default charset: UTF-8

13 Oct 2023 23:02:20,610 INFO  [main] bootLogger - Network Info:
	Card: veth5bee074
		 ->fe80:0:0:0:cc06:27ff:fe6d:5e81%veth5bee074
	Card: vethf2247ff
		 ->fe80:0:0:0:8c84:aff:fe87:c6a4%vethf2247ff
	Card: vethc6d028b
		 ->fe80:0:0:0:307e:54ff:fe87:6a43%vethc6d028b
	Card: veth0fab412
		 ->fe80:0:0:0:d8a9:5fff:fec3:a127%veth0fab412
	Card: vethaa9e523
		 ->fe80:0:0:0:d0aa:f4ff:fe93:2698%vethaa9e523
	Card: br-a62b955f7a4b
		 ->fe80:0:0:0:42:79ff:fe1e:b37%br-a62b955f7a4b
		 ->172.18.0.1
	Card: docker0
		 ->172.17.0.1
	Card: eth0
		 ->fe80:0:0:0:d9:1ff:fe46:371e%eth0
		 ->172.31.17.219
	Card: lo
		 ->0:0:0:0:0:0:0:1%lo
		 ->127.0.0.1

13 Oct 2023 23:02:20,635 INFO  [main] bootLogger - Session manager ready: bitzero.engine.sessions.DefaultSessionManager@726386ed
13 Oct 2023 23:02:20,664 INFO  [main] bootLogger - TCP Selector opened
13 Oct 2023 23:02:20,693 INFO  [main] bootLogger - AcceptSelector opened
13 Oct 2023 23:02:20,718 INFO  [main] bootLogger - Added bound tcp socket --> 127.0.0.1:1843
13 Oct 2023 23:02:20,744 INFO  [Scheduler1-thread-1] bootLogger - Scheduler started: scheduler
13 Oct 2023 23:02:20,845 INFO  [main] bootLogger - Controller started: bitzero.server.controllers.SystemController -- Queue: 0/40000
13 Oct 2023 23:02:21,383 INFO  [main] bootLogger - Controller started: bitzero.server.controllers.ExtensionController -- Queue: 0/90000
13 Oct 2023 23:02:21,406 INFO  [main] bootLogger - EngineAcceptor initialized
13 Oct 2023 23:02:21,499 INFO  [main] bootLogger - Socket Writer started (pool size:4)
13 Oct 2023 23:02:21,500 INFO  [main] bootLogger - Security Manager started
13 Oct 2023 23:02:21,502 INFO  [main] bootLogger - IOHandler: bitzero.server.protocol.BZIoHandler@62b3df3a
13 Oct 2023 23:02:21,503 INFO  [main] bootLogger - EngineReader started
13 Oct 2023 23:02:21,503 INFO  [main] bootLogger - [[[ ===--- Boot sequence complete ---=== ]]]
