14 Oct 2023 00:00:26,826 ERROR [pool-2-thread-5] debug - 
::::::::::::::::::::::::::::::::::::::::::::::::::::::::::::::::::::::
Exception: java.lang.NullPointerException
Message: *** Null ***
Description: An error occurred during the Execution
+--- --- ---+
Stack Trace:
+--- --- ---+
game.modules.gameRoom.config.HuVangConfig.getGameConfig(HuVangConfig.java:145)
game.modules.gameRoom.config.HuVangConfig.getConfigCurrentGame(HuVangConfig.java:163)
game.modules.gameRoom.entities.ThongTinHuVang.addMoneyInLoop(ThongTinHuVang.java:47)
game.modules.gameRoom.GameRoomModule.gameRoomLoop(GameRoomModule.java:114)
game.modules.gameRoom.GameRoomModule.access$100(GameRoomModule.java:103)
game.modules.gameRoom.GameRoomModule$GameLoopTask.run(GameRoomModule.java:752)
java.util.concurrent.Executors$RunnableAdapter.call(Executors.java:511)
java.util.concurrent.FutureTask.runAndReset(FutureTask.java:308)
java.util.concurrent.ScheduledThreadPoolExecutor$ScheduledFutureTask.access$301(ScheduledThreadPoolExecutor.java:180)
java.util.concurrent.ScheduledThreadPoolExecutor$ScheduledFutureTask.run(ScheduledThreadPoolExecutor.java:294)
java.util.concurrent.ThreadPoolExecutor.runWorker(ThreadPoolExecutor.java:1149)
java.util.concurrent.ThreadPoolExecutor$Worker.run(ThreadPoolExecutor.java:624)
java.lang.Thread.run(Thread.java:750)
::::::::::::::::::::::::::::::::::::::::::::::::::::::::::::::::::::::

14 Oct 2023 00:01:26,826 ERROR [pool-2-thread-3] debug - 
::::::::::::::::::::::::::::::::::::::::::::::::::::::::::::::::::::::
Exception: java.lang.NullPointerException
Message: *** Null ***
Description: An error occurred during the Execution
+--- --- ---+
Stack Trace:
+--- --- ---+
game.modules.gameRoom.config.HuVangConfig.getGameConfig(HuVangConfig.java:145)
game.modules.gameRoom.config.HuVangConfig.getConfigCurrentGame(HuVangConfig.java:163)
game.modules.gameRoom.entities.ThongTinHuVang.addMoneyInLoop(ThongTinHuVang.java:47)
game.modules.gameRoom.GameRoomModule.gameRoomLoop(GameRoomModule.java:114)
game.modules.gameRoom.GameRoomModule.access$100(GameRoomModule.java:103)
game.modules.gameRoom.GameRoomModule$GameLoopTask.run(GameRoomModule.java:752)
java.util.concurrent.Executors$RunnableAdapter.call(Executors.java:511)
java.util.concurrent.FutureTask.runAndReset(FutureTask.java:308)
java.util.concurrent.ScheduledThreadPoolExecutor$ScheduledFutureTask.access$301(ScheduledThreadPoolExecutor.java:180)
java.util.concurrent.ScheduledThreadPoolExecutor$ScheduledFutureTask.run(ScheduledThreadPoolExecutor.java:294)
java.util.concurrent.ThreadPoolExecutor.runWorker(ThreadPoolExecutor.java:1149)
java.util.concurrent.ThreadPoolExecutor$Worker.run(ThreadPoolExecutor.java:624)
java.lang.Thread.run(Thread.java:750)
::::::::::::::::::::::::::::::::::::::::::::::::::::::::::::::::::::::

14 Oct 2023 00:02:26,826 ERROR [pool-2-thread-5] debug - 
::::::::::::::::::::::::::::::::::::::::::::::::::::::::::::::::::::::
Exception: java.lang.NullPointerException
Message: *** Null ***
Description: An error occurred during the Execution
+--- --- ---+
Stack Trace:
+--- --- ---+
game.modules.gameRoom.config.HuVangConfig.getGameConfig(HuVangConfig.java:145)
game.modules.gameRoom.config.HuVangConfig.getConfigCurrentGame(HuVangConfig.java:163)
game.modules.gameRoom.entities.ThongTinHuVang.addMoneyInLoop(ThongTinHuVang.java:47)
game.modules.gameRoom.GameRoomModule.gameRoomLoop(GameRoomModule.java:114)
game.modules.gameRoom.GameRoomModule.access$100(GameRoomModule.java:103)
game.modules.gameRoom.GameRoomModule$GameLoopTask.run(GameRoomModule.java:752)
java.util.concurrent.Executors$RunnableAdapter.call(Executors.java:511)
java.util.concurrent.FutureTask.runAndReset(FutureTask.java:308)
java.util.concurrent.ScheduledThreadPoolExecutor$ScheduledFutureTask.access$301(ScheduledThreadPoolExecutor.java:180)
java.util.concurrent.ScheduledThreadPoolExecutor$ScheduledFutureTask.run(ScheduledThreadPoolExecutor.java:294)
java.util.concurrent.ThreadPoolExecutor.runWorker(ThreadPoolExecutor.java:1149)
java.util.concurrent.ThreadPoolExecutor$Worker.run(ThreadPoolExecutor.java:624)
java.lang.Thread.run(Thread.java:750)
::::::::::::::::::::::::::::::::::::::::::::::::::::::::::::::::::::::

14 Oct 2023 00:03:26,826 ERROR [pool-2-thread-7] debug - 
::::::::::::::::::::::::::::::::::::::::::::::::::::::::::::::::::::::
Exception: java.lang.NullPointerException
Message: *** Null ***
Description: An error occurred during the Execution
+--- --- ---+
Stack Trace:
+--- --- ---+
game.modules.gameRoom.config.HuVangConfig.getGameConfig(HuVangConfig.java:145)
game.modules.gameRoom.config.HuVangConfig.getConfigCurrentGame(HuVangConfig.java:163)
game.modules.gameRoom.entities.ThongTinHuVang.addMoneyInLoop(ThongTinHuVang.java:47)
game.modules.gameRoom.GameRoomModule.gameRoomLoop(GameRoomModule.java:114)
game.modules.gameRoom.GameRoomModule.access$100(GameRoomModule.java:103)
game.modules.gameRoom.GameRoomModule$GameLoopTask.run(GameRoomModule.java:752)
java.util.concurrent.Executors$RunnableAdapter.call(Executors.java:511)
java.util.concurrent.FutureTask.runAndReset(FutureTask.java:308)
java.util.concurrent.ScheduledThreadPoolExecutor$ScheduledFutureTask.access$301(ScheduledThreadPoolExecutor.java:180)
java.util.concurrent.ScheduledThreadPoolExecutor$ScheduledFutureTask.run(ScheduledThreadPoolExecutor.java:294)
java.util.concurrent.ThreadPoolExecutor.runWorker(ThreadPoolExecutor.java:1149)
java.util.concurrent.ThreadPoolExecutor$Worker.run(ThreadPoolExecutor.java:624)
java.lang.Thread.run(Thread.java:750)
::::::::::::::::::::::::::::::::::::::::::::::::::::::::::::::::::::::

14 Oct 2023 00:04:26,826 ERROR [pool-2-thread-6] debug - 
::::::::::::::::::::::::::::::::::::::::::::::::::::::::::::::::::::::
Exception: java.lang.NullPointerException
Message: *** Null ***
Description: An error occurred during the Execution
+--- --- ---+
Stack Trace:
+--- --- ---+
game.modules.gameRoom.config.HuVangConfig.getGameConfig(HuVangConfig.java:145)
game.modules.gameRoom.config.HuVangConfig.getConfigCurrentGame(HuVangConfig.java:163)
game.modules.gameRoom.entities.ThongTinHuVang.addMoneyInLoop(ThongTinHuVang.java:47)
game.modules.gameRoom.GameRoomModule.gameRoomLoop(GameRoomModule.java:114)
game.modules.gameRoom.GameRoomModule.access$100(GameRoomModule.java:103)
game.modules.gameRoom.GameRoomModule$GameLoopTask.run(GameRoomModule.java:752)
java.util.concurrent.Executors$RunnableAdapter.call(Executors.java:511)
java.util.concurrent.FutureTask.runAndReset(FutureTask.java:308)
java.util.concurrent.ScheduledThreadPoolExecutor$ScheduledFutureTask.access$301(ScheduledThreadPoolExecutor.java:180)
java.util.concurrent.ScheduledThreadPoolExecutor$ScheduledFutureTask.run(ScheduledThreadPoolExecutor.java:294)
java.util.concurrent.ThreadPoolExecutor.runWorker(ThreadPoolExecutor.java:1149)
java.util.concurrent.ThreadPoolExecutor$Worker.run(ThreadPoolExecutor.java:624)
java.lang.Thread.run(Thread.java:750)
::::::::::::::::::::::::::::::::::::::::::::::::::::::::::::::::::::::

14 Oct 2023 00:05:26,826 ERROR [pool-2-thread-4] debug - 
::::::::::::::::::::::::::::::::::::::::::::::::::::::::::::::::::::::
Exception: java.lang.NullPointerException
Message: *** Null ***
Description: An error occurred during the Execution
+--- --- ---+
Stack Trace:
+--- --- ---+
game.modules.gameRoom.config.HuVangConfig.getGameConfig(HuVangConfig.java:145)
game.modules.gameRoom.config.HuVangConfig.getConfigCurrentGame(HuVangConfig.java:163)
game.modules.gameRoom.entities.ThongTinHuVang.addMoneyInLoop(ThongTinHuVang.java:47)
game.modules.gameRoom.GameRoomModule.gameRoomLoop(GameRoomModule.java:114)
game.modules.gameRoom.GameRoomModule.access$100(GameRoomModule.java:103)
game.modules.gameRoom.GameRoomModule$GameLoopTask.run(GameRoomModule.java:752)
java.util.concurrent.Executors$RunnableAdapter.call(Executors.java:511)
java.util.concurrent.FutureTask.runAndReset(FutureTask.java:308)
java.util.concurrent.ScheduledThreadPoolExecutor$ScheduledFutureTask.access$301(ScheduledThreadPoolExecutor.java:180)
java.util.concurrent.ScheduledThreadPoolExecutor$ScheduledFutureTask.run(ScheduledThreadPoolExecutor.java:294)
java.util.concurrent.ThreadPoolExecutor.runWorker(ThreadPoolExecutor.java:1149)
java.util.concurrent.ThreadPoolExecutor$Worker.run(ThreadPoolExecutor.java:624)
java.lang.Thread.run(Thread.java:750)
::::::::::::::::::::::::::::::::::::::::::::::::::::::::::::::::::::::

14 Oct 2023 00:06:26,826 ERROR [pool-2-thread-2] debug - 
::::::::::::::::::::::::::::::::::::::::::::::::::::::::::::::::::::::
Exception: java.lang.NullPointerException
Message: *** Null ***
Description: An error occurred during the Execution
+--- --- ---+
Stack Trace:
+--- --- ---+
game.modules.gameRoom.config.HuVangConfig.getGameConfig(HuVangConfig.java:145)
game.modules.gameRoom.config.HuVangConfig.getConfigCurrentGame(HuVangConfig.java:163)
game.modules.gameRoom.entities.ThongTinHuVang.addMoneyInLoop(ThongTinHuVang.java:47)
game.modules.gameRoom.GameRoomModule.gameRoomLoop(GameRoomModule.java:114)
game.modules.gameRoom.GameRoomModule.access$100(GameRoomModule.java:103)
game.modules.gameRoom.GameRoomModule$GameLoopTask.run(GameRoomModule.java:752)
java.util.concurrent.Executors$RunnableAdapter.call(Executors.java:511)
java.util.concurrent.FutureTask.runAndReset(FutureTask.java:308)
java.util.concurrent.ScheduledThreadPoolExecutor$ScheduledFutureTask.access$301(ScheduledThreadPoolExecutor.java:180)
java.util.concurrent.ScheduledThreadPoolExecutor$ScheduledFutureTask.run(ScheduledThreadPoolExecutor.java:294)
java.util.concurrent.ThreadPoolExecutor.runWorker(ThreadPoolExecutor.java:1149)
java.util.concurrent.ThreadPoolExecutor$Worker.run(ThreadPoolExecutor.java:624)
java.lang.Thread.run(Thread.java:750)
::::::::::::::::::::::::::::::::::::::::::::::::::::::::::::::::::::::

14 Oct 2023 00:07:26,826 ERROR [pool-2-thread-4] debug - 
::::::::::::::::::::::::::::::::::::::::::::::::::::::::::::::::::::::
Exception: java.lang.NullPointerException
Message: *** Null ***
Description: An error occurred during the Execution
+--- --- ---+
Stack Trace:
+--- --- ---+
game.modules.gameRoom.config.HuVangConfig.getGameConfig(HuVangConfig.java:145)
game.modules.gameRoom.config.HuVangConfig.getConfigCurrentGame(HuVangConfig.java:163)
game.modules.gameRoom.entities.ThongTinHuVang.addMoneyInLoop(ThongTinHuVang.java:47)
game.modules.gameRoom.GameRoomModule.gameRoomLoop(GameRoomModule.java:114)
game.modules.gameRoom.GameRoomModule.access$100(GameRoomModule.java:103)
game.modules.gameRoom.GameRoomModule$GameLoopTask.run(GameRoomModule.java:752)
java.util.concurrent.Executors$RunnableAdapter.call(Executors.java:511)
java.util.concurrent.FutureTask.runAndReset(FutureTask.java:308)
java.util.concurrent.ScheduledThreadPoolExecutor$ScheduledFutureTask.access$301(ScheduledThreadPoolExecutor.java:180)
java.util.concurrent.ScheduledThreadPoolExecutor$ScheduledFutureTask.run(ScheduledThreadPoolExecutor.java:294)
java.util.concurrent.ThreadPoolExecutor.runWorker(ThreadPoolExecutor.java:1149)
java.util.concurrent.ThreadPoolExecutor$Worker.run(ThreadPoolExecutor.java:624)
java.lang.Thread.run(Thread.java:750)
::::::::::::::::::::::::::::::::::::::::::::::::::::::::::::::::::::::

14 Oct 2023 00:08:26,826 ERROR [pool-2-thread-9] debug - 
::::::::::::::::::::::::::::::::::::::::::::::::::::::::::::::::::::::
Exception: java.lang.NullPointerException
Message: *** Null ***
Description: An error occurred during the Execution
+--- --- ---+
Stack Trace:
+--- --- ---+
game.modules.gameRoom.config.HuVangConfig.getGameConfig(HuVangConfig.java:145)
game.modules.gameRoom.config.HuVangConfig.getConfigCurrentGame(HuVangConfig.java:163)
game.modules.gameRoom.entities.ThongTinHuVang.addMoneyInLoop(ThongTinHuVang.java:47)
game.modules.gameRoom.GameRoomModule.gameRoomLoop(GameRoomModule.java:114)
game.modules.gameRoom.GameRoomModule.access$100(GameRoomModule.java:103)
game.modules.gameRoom.GameRoomModule$GameLoopTask.run(GameRoomModule.java:752)
java.util.concurrent.Executors$RunnableAdapter.call(Executors.java:511)
java.util.concurrent.FutureTask.runAndReset(FutureTask.java:308)
java.util.concurrent.ScheduledThreadPoolExecutor$ScheduledFutureTask.access$301(ScheduledThreadPoolExecutor.java:180)
java.util.concurrent.ScheduledThreadPoolExecutor$ScheduledFutureTask.run(ScheduledThreadPoolExecutor.java:294)
java.util.concurrent.ThreadPoolExecutor.runWorker(ThreadPoolExecutor.java:1149)
java.util.concurrent.ThreadPoolExecutor$Worker.run(ThreadPoolExecutor.java:624)
java.lang.Thread.run(Thread.java:750)
::::::::::::::::::::::::::::::::::::::::::::::::::::::::::::::::::::::

14 Oct 2023 00:09:26,826 ERROR [pool-2-thread-4] debug - 
::::::::::::::::::::::::::::::::::::::::::::::::::::::::::::::::::::::
Exception: java.lang.NullPointerException
Message: *** Null ***
Description: An error occurred during the Execution
+--- --- ---+
Stack Trace:
+--- --- ---+
game.modules.gameRoom.config.HuVangConfig.getGameConfig(HuVangConfig.java:145)
game.modules.gameRoom.config.HuVangConfig.getConfigCurrentGame(HuVangConfig.java:163)
game.modules.gameRoom.entities.ThongTinHuVang.addMoneyInLoop(ThongTinHuVang.java:47)
game.modules.gameRoom.GameRoomModule.gameRoomLoop(GameRoomModule.java:114)
game.modules.gameRoom.GameRoomModule.access$100(GameRoomModule.java:103)
game.modules.gameRoom.GameRoomModule$GameLoopTask.run(GameRoomModule.java:752)
java.util.concurrent.Executors$RunnableAdapter.call(Executors.java:511)
java.util.concurrent.FutureTask.runAndReset(FutureTask.java:308)
java.util.concurrent.ScheduledThreadPoolExecutor$ScheduledFutureTask.access$301(ScheduledThreadPoolExecutor.java:180)
java.util.concurrent.ScheduledThreadPoolExecutor$ScheduledFutureTask.run(ScheduledThreadPoolExecutor.java:294)
java.util.concurrent.ThreadPoolExecutor.runWorker(ThreadPoolExecutor.java:1149)
java.util.concurrent.ThreadPoolExecutor$Worker.run(ThreadPoolExecutor.java:624)
java.lang.Thread.run(Thread.java:750)
::::::::::::::::::::::::::::::::::::::::::::::::::::::::::::::::::::::

14 Oct 2023 00:10:26,826 ERROR [pool-2-thread-8] debug - 
::::::::::::::::::::::::::::::::::::::::::::::::::::::::::::::::::::::
Exception: java.lang.NullPointerException
Message: *** Null ***
Description: An error occurred during the Execution
+--- --- ---+
Stack Trace:
+--- --- ---+
game.modules.gameRoom.config.HuVangConfig.getGameConfig(HuVangConfig.java:145)
game.modules.gameRoom.config.HuVangConfig.getConfigCurrentGame(HuVangConfig.java:163)
game.modules.gameRoom.entities.ThongTinHuVang.addMoneyInLoop(ThongTinHuVang.java:47)
game.modules.gameRoom.GameRoomModule.gameRoomLoop(GameRoomModule.java:114)
game.modules.gameRoom.GameRoomModule.access$100(GameRoomModule.java:103)
game.modules.gameRoom.GameRoomModule$GameLoopTask.run(GameRoomModule.java:752)
java.util.concurrent.Executors$RunnableAdapter.call(Executors.java:511)
java.util.concurrent.FutureTask.runAndReset(FutureTask.java:308)
java.util.concurrent.ScheduledThreadPoolExecutor$ScheduledFutureTask.access$301(ScheduledThreadPoolExecutor.java:180)
java.util.concurrent.ScheduledThreadPoolExecutor$ScheduledFutureTask.run(ScheduledThreadPoolExecutor.java:294)
java.util.concurrent.ThreadPoolExecutor.runWorker(ThreadPoolExecutor.java:1149)
java.util.concurrent.ThreadPoolExecutor$Worker.run(ThreadPoolExecutor.java:624)
java.lang.Thread.run(Thread.java:750)
::::::::::::::::::::::::::::::::::::::::::::::::::::::::::::::::::::::

14 Oct 2023 00:11:26,826 ERROR [pool-2-thread-8] debug - 
::::::::::::::::::::::::::::::::::::::::::::::::::::::::::::::::::::::
Exception: java.lang.NullPointerException
Message: *** Null ***
Description: An error occurred during the Execution
+--- --- ---+
Stack Trace:
+--- --- ---+
game.modules.gameRoom.config.HuVangConfig.getGameConfig(HuVangConfig.java:145)
game.modules.gameRoom.config.HuVangConfig.getConfigCurrentGame(HuVangConfig.java:163)
game.modules.gameRoom.entities.ThongTinHuVang.addMoneyInLoop(ThongTinHuVang.java:47)
game.modules.gameRoom.GameRoomModule.gameRoomLoop(GameRoomModule.java:114)
game.modules.gameRoom.GameRoomModule.access$100(GameRoomModule.java:103)
game.modules.gameRoom.GameRoomModule$GameLoopTask.run(GameRoomModule.java:752)
java.util.concurrent.Executors$RunnableAdapter.call(Executors.java:511)
java.util.concurrent.FutureTask.runAndReset(FutureTask.java:308)
java.util.concurrent.ScheduledThreadPoolExecutor$ScheduledFutureTask.access$301(ScheduledThreadPoolExecutor.java:180)
java.util.concurrent.ScheduledThreadPoolExecutor$ScheduledFutureTask.run(ScheduledThreadPoolExecutor.java:294)
java.util.concurrent.ThreadPoolExecutor.runWorker(ThreadPoolExecutor.java:1149)
java.util.concurrent.ThreadPoolExecutor$Worker.run(ThreadPoolExecutor.java:624)
java.lang.Thread.run(Thread.java:750)
::::::::::::::::::::::::::::::::::::::::::::::::::::::::::::::::::::::

14 Oct 2023 00:12:26,826 ERROR [pool-2-thread-4] debug - 
::::::::::::::::::::::::::::::::::::::::::::::::::::::::::::::::::::::
Exception: java.lang.NullPointerException
Message: *** Null ***
Description: An error occurred during the Execution
+--- --- ---+
Stack Trace:
+--- --- ---+
game.modules.gameRoom.config.HuVangConfig.getGameConfig(HuVangConfig.java:145)
game.modules.gameRoom.config.HuVangConfig.getConfigCurrentGame(HuVangConfig.java:163)
game.modules.gameRoom.entities.ThongTinHuVang.addMoneyInLoop(ThongTinHuVang.java:47)
game.modules.gameRoom.GameRoomModule.gameRoomLoop(GameRoomModule.java:114)
game.modules.gameRoom.GameRoomModule.access$100(GameRoomModule.java:103)
game.modules.gameRoom.GameRoomModule$GameLoopTask.run(GameRoomModule.java:752)
java.util.concurrent.Executors$RunnableAdapter.call(Executors.java:511)
java.util.concurrent.FutureTask.runAndReset(FutureTask.java:308)
java.util.concurrent.ScheduledThreadPoolExecutor$ScheduledFutureTask.access$301(ScheduledThreadPoolExecutor.java:180)
java.util.concurrent.ScheduledThreadPoolExecutor$ScheduledFutureTask.run(ScheduledThreadPoolExecutor.java:294)
java.util.concurrent.ThreadPoolExecutor.runWorker(ThreadPoolExecutor.java:1149)
java.util.concurrent.ThreadPoolExecutor$Worker.run(ThreadPoolExecutor.java:624)
java.lang.Thread.run(Thread.java:750)
::::::::::::::::::::::::::::::::::::::::::::::::::::::::::::::::::::::

14 Oct 2023 00:13:26,826 ERROR [pool-2-thread-10] debug - 
::::::::::::::::::::::::::::::::::::::::::::::::::::::::::::::::::::::
Exception: java.lang.NullPointerException
Message: *** Null ***
Description: An error occurred during the Execution
+--- --- ---+
Stack Trace:
+--- --- ---+
game.modules.gameRoom.config.HuVangConfig.getGameConfig(HuVangConfig.java:145)
game.modules.gameRoom.config.HuVangConfig.getConfigCurrentGame(HuVangConfig.java:163)
game.modules.gameRoom.entities.ThongTinHuVang.addMoneyInLoop(ThongTinHuVang.java:47)
game.modules.gameRoom.GameRoomModule.gameRoomLoop(GameRoomModule.java:114)
game.modules.gameRoom.GameRoomModule.access$100(GameRoomModule.java:103)
game.modules.gameRoom.GameRoomModule$GameLoopTask.run(GameRoomModule.java:752)
java.util.concurrent.Executors$RunnableAdapter.call(Executors.java:511)
java.util.concurrent.FutureTask.runAndReset(FutureTask.java:308)
java.util.concurrent.ScheduledThreadPoolExecutor$ScheduledFutureTask.access$301(ScheduledThreadPoolExecutor.java:180)
java.util.concurrent.ScheduledThreadPoolExecutor$ScheduledFutureTask.run(ScheduledThreadPoolExecutor.java:294)
java.util.concurrent.ThreadPoolExecutor.runWorker(ThreadPoolExecutor.java:1149)
java.util.concurrent.ThreadPoolExecutor$Worker.run(ThreadPoolExecutor.java:624)
java.lang.Thread.run(Thread.java:750)
::::::::::::::::::::::::::::::::::::::::::::::::::::::::::::::::::::::

14 Oct 2023 00:14:26,826 ERROR [pool-2-thread-2] debug - 
::::::::::::::::::::::::::::::::::::::::::::::::::::::::::::::::::::::
Exception: java.lang.NullPointerException
Message: *** Null ***
Description: An error occurred during the Execution
+--- --- ---+
Stack Trace:
+--- --- ---+
game.modules.gameRoom.config.HuVangConfig.getGameConfig(HuVangConfig.java:145)
game.modules.gameRoom.config.HuVangConfig.getConfigCurrentGame(HuVangConfig.java:163)
game.modules.gameRoom.entities.ThongTinHuVang.addMoneyInLoop(ThongTinHuVang.java:47)
game.modules.gameRoom.GameRoomModule.gameRoomLoop(GameRoomModule.java:114)
game.modules.gameRoom.GameRoomModule.access$100(GameRoomModule.java:103)
game.modules.gameRoom.GameRoomModule$GameLoopTask.run(GameRoomModule.java:752)
java.util.concurrent.Executors$RunnableAdapter.call(Executors.java:511)
java.util.concurrent.FutureTask.runAndReset(FutureTask.java:308)
java.util.concurrent.ScheduledThreadPoolExecutor$ScheduledFutureTask.access$301(ScheduledThreadPoolExecutor.java:180)
java.util.concurrent.ScheduledThreadPoolExecutor$ScheduledFutureTask.run(ScheduledThreadPoolExecutor.java:294)
java.util.concurrent.ThreadPoolExecutor.runWorker(ThreadPoolExecutor.java:1149)
java.util.concurrent.ThreadPoolExecutor$Worker.run(ThreadPoolExecutor.java:624)
java.lang.Thread.run(Thread.java:750)
::::::::::::::::::::::::::::::::::::::::::::::::::::::::::::::::::::::

14 Oct 2023 00:15:26,826 ERROR [pool-2-thread-2] debug - 
::::::::::::::::::::::::::::::::::::::::::::::::::::::::::::::::::::::
Exception: java.lang.NullPointerException
Message: *** Null ***
Description: An error occurred during the Execution
+--- --- ---+
Stack Trace:
+--- --- ---+
game.modules.gameRoom.config.HuVangConfig.getGameConfig(HuVangConfig.java:145)
game.modules.gameRoom.config.HuVangConfig.getConfigCurrentGame(HuVangConfig.java:163)
game.modules.gameRoom.entities.ThongTinHuVang.addMoneyInLoop(ThongTinHuVang.java:47)
game.modules.gameRoom.GameRoomModule.gameRoomLoop(GameRoomModule.java:114)
game.modules.gameRoom.GameRoomModule.access$100(GameRoomModule.java:103)
game.modules.gameRoom.GameRoomModule$GameLoopTask.run(GameRoomModule.java:752)
java.util.concurrent.Executors$RunnableAdapter.call(Executors.java:511)
java.util.concurrent.FutureTask.runAndReset(FutureTask.java:308)
java.util.concurrent.ScheduledThreadPoolExecutor$ScheduledFutureTask.access$301(ScheduledThreadPoolExecutor.java:180)
java.util.concurrent.ScheduledThreadPoolExecutor$ScheduledFutureTask.run(ScheduledThreadPoolExecutor.java:294)
java.util.concurrent.ThreadPoolExecutor.runWorker(ThreadPoolExecutor.java:1149)
java.util.concurrent.ThreadPoolExecutor$Worker.run(ThreadPoolExecutor.java:624)
java.lang.Thread.run(Thread.java:750)
::::::::::::::::::::::::::::::::::::::::::::::::::::::::::::::::::::::

14 Oct 2023 00:16:26,826 ERROR [pool-2-thread-7] debug - 
::::::::::::::::::::::::::::::::::::::::::::::::::::::::::::::::::::::
Exception: java.lang.NullPointerException
Message: *** Null ***
Description: An error occurred during the Execution
+--- --- ---+
Stack Trace:
+--- --- ---+
game.modules.gameRoom.config.HuVangConfig.getGameConfig(HuVangConfig.java:145)
game.modules.gameRoom.config.HuVangConfig.getConfigCurrentGame(HuVangConfig.java:163)
game.modules.gameRoom.entities.ThongTinHuVang.addMoneyInLoop(ThongTinHuVang.java:47)
game.modules.gameRoom.GameRoomModule.gameRoomLoop(GameRoomModule.java:114)
game.modules.gameRoom.GameRoomModule.access$100(GameRoomModule.java:103)
game.modules.gameRoom.GameRoomModule$GameLoopTask.run(GameRoomModule.java:752)
java.util.concurrent.Executors$RunnableAdapter.call(Executors.java:511)
java.util.concurrent.FutureTask.runAndReset(FutureTask.java:308)
java.util.concurrent.ScheduledThreadPoolExecutor$ScheduledFutureTask.access$301(ScheduledThreadPoolExecutor.java:180)
java.util.concurrent.ScheduledThreadPoolExecutor$ScheduledFutureTask.run(ScheduledThreadPoolExecutor.java:294)
java.util.concurrent.ThreadPoolExecutor.runWorker(ThreadPoolExecutor.java:1149)
java.util.concurrent.ThreadPoolExecutor$Worker.run(ThreadPoolExecutor.java:624)
java.lang.Thread.run(Thread.java:750)
::::::::::::::::::::::::::::::::::::::::::::::::::::::::::::::::::::::

14 Oct 2023 00:17:26,826 ERROR [pool-2-thread-3] debug - 
::::::::::::::::::::::::::::::::::::::::::::::::::::::::::::::::::::::
Exception: java.lang.NullPointerException
Message: *** Null ***
Description: An error occurred during the Execution
+--- --- ---+
Stack Trace:
+--- --- ---+
game.modules.gameRoom.config.HuVangConfig.getGameConfig(HuVangConfig.java:145)
game.modules.gameRoom.config.HuVangConfig.getConfigCurrentGame(HuVangConfig.java:163)
game.modules.gameRoom.entities.ThongTinHuVang.addMoneyInLoop(ThongTinHuVang.java:47)
game.modules.gameRoom.GameRoomModule.gameRoomLoop(GameRoomModule.java:114)
game.modules.gameRoom.GameRoomModule.access$100(GameRoomModule.java:103)
game.modules.gameRoom.GameRoomModule$GameLoopTask.run(GameRoomModule.java:752)
java.util.concurrent.Executors$RunnableAdapter.call(Executors.java:511)
java.util.concurrent.FutureTask.runAndReset(FutureTask.java:308)
java.util.concurrent.ScheduledThreadPoolExecutor$ScheduledFutureTask.access$301(ScheduledThreadPoolExecutor.java:180)
java.util.concurrent.ScheduledThreadPoolExecutor$ScheduledFutureTask.run(ScheduledThreadPoolExecutor.java:294)
java.util.concurrent.ThreadPoolExecutor.runWorker(ThreadPoolExecutor.java:1149)
java.util.concurrent.ThreadPoolExecutor$Worker.run(ThreadPoolExecutor.java:624)
java.lang.Thread.run(Thread.java:750)
::::::::::::::::::::::::::::::::::::::::::::::::::::::::::::::::::::::

14 Oct 2023 00:18:26,826 ERROR [pool-2-thread-5] debug - 
::::::::::::::::::::::::::::::::::::::::::::::::::::::::::::::::::::::
Exception: java.lang.NullPointerException
Message: *** Null ***
Description: An error occurred during the Execution
+--- --- ---+
Stack Trace:
+--- --- ---+
game.modules.gameRoom.config.HuVangConfig.getGameConfig(HuVangConfig.java:145)
game.modules.gameRoom.config.HuVangConfig.getConfigCurrentGame(HuVangConfig.java:163)
game.modules.gameRoom.entities.ThongTinHuVang.addMoneyInLoop(ThongTinHuVang.java:47)
game.modules.gameRoom.GameRoomModule.gameRoomLoop(GameRoomModule.java:114)
game.modules.gameRoom.GameRoomModule.access$100(GameRoomModule.java:103)
game.modules.gameRoom.GameRoomModule$GameLoopTask.run(GameRoomModule.java:752)
java.util.concurrent.Executors$RunnableAdapter.call(Executors.java:511)
java.util.concurrent.FutureTask.runAndReset(FutureTask.java:308)
java.util.concurrent.ScheduledThreadPoolExecutor$ScheduledFutureTask.access$301(ScheduledThreadPoolExecutor.java:180)
java.util.concurrent.ScheduledThreadPoolExecutor$ScheduledFutureTask.run(ScheduledThreadPoolExecutor.java:294)
java.util.concurrent.ThreadPoolExecutor.runWorker(ThreadPoolExecutor.java:1149)
java.util.concurrent.ThreadPoolExecutor$Worker.run(ThreadPoolExecutor.java:624)
java.lang.Thread.run(Thread.java:750)
::::::::::::::::::::::::::::::::::::::::::::::::::::::::::::::::::::::

14 Oct 2023 00:19:26,826 ERROR [pool-2-thread-10] debug - 
::::::::::::::::::::::::::::::::::::::::::::::::::::::::::::::::::::::
Exception: java.lang.NullPointerException
Message: *** Null ***
Description: An error occurred during the Execution
+--- --- ---+
Stack Trace:
+--- --- ---+
game.modules.gameRoom.config.HuVangConfig.getGameConfig(HuVangConfig.java:145)
game.modules.gameRoom.config.HuVangConfig.getConfigCurrentGame(HuVangConfig.java:163)
game.modules.gameRoom.entities.ThongTinHuVang.addMoneyInLoop(ThongTinHuVang.java:47)
game.modules.gameRoom.GameRoomModule.gameRoomLoop(GameRoomModule.java:114)
game.modules.gameRoom.GameRoomModule.access$100(GameRoomModule.java:103)
game.modules.gameRoom.GameRoomModule$GameLoopTask.run(GameRoomModule.java:752)
java.util.concurrent.Executors$RunnableAdapter.call(Executors.java:511)
java.util.concurrent.FutureTask.runAndReset(FutureTask.java:308)
java.util.concurrent.ScheduledThreadPoolExecutor$ScheduledFutureTask.access$301(ScheduledThreadPoolExecutor.java:180)
java.util.concurrent.ScheduledThreadPoolExecutor$ScheduledFutureTask.run(ScheduledThreadPoolExecutor.java:294)
java.util.concurrent.ThreadPoolExecutor.runWorker(ThreadPoolExecutor.java:1149)
java.util.concurrent.ThreadPoolExecutor$Worker.run(ThreadPoolExecutor.java:624)
java.lang.Thread.run(Thread.java:750)
::::::::::::::::::::::::::::::::::::::::::::::::::::::::::::::::::::::

14 Oct 2023 00:20:26,826 ERROR [pool-2-thread-8] debug - 
::::::::::::::::::::::::::::::::::::::::::::::::::::::::::::::::::::::
Exception: java.lang.NullPointerException
Message: *** Null ***
Description: An error occurred during the Execution
+--- --- ---+
Stack Trace:
+--- --- ---+
game.modules.gameRoom.config.HuVangConfig.getGameConfig(HuVangConfig.java:145)
game.modules.gameRoom.config.HuVangConfig.getConfigCurrentGame(HuVangConfig.java:163)
game.modules.gameRoom.entities.ThongTinHuVang.addMoneyInLoop(ThongTinHuVang.java:47)
game.modules.gameRoom.GameRoomModule.gameRoomLoop(GameRoomModule.java:114)
game.modules.gameRoom.GameRoomModule.access$100(GameRoomModule.java:103)
game.modules.gameRoom.GameRoomModule$GameLoopTask.run(GameRoomModule.java:752)
java.util.concurrent.Executors$RunnableAdapter.call(Executors.java:511)
java.util.concurrent.FutureTask.runAndReset(FutureTask.java:308)
java.util.concurrent.ScheduledThreadPoolExecutor$ScheduledFutureTask.access$301(ScheduledThreadPoolExecutor.java:180)
java.util.concurrent.ScheduledThreadPoolExecutor$ScheduledFutureTask.run(ScheduledThreadPoolExecutor.java:294)
java.util.concurrent.ThreadPoolExecutor.runWorker(ThreadPoolExecutor.java:1149)
java.util.concurrent.ThreadPoolExecutor$Worker.run(ThreadPoolExecutor.java:624)
java.lang.Thread.run(Thread.java:750)
::::::::::::::::::::::::::::::::::::::::::::::::::::::::::::::::::::::

14 Oct 2023 00:21:26,826 ERROR [pool-2-thread-4] debug - 
::::::::::::::::::::::::::::::::::::::::::::::::::::::::::::::::::::::
Exception: java.lang.NullPointerException
Message: *** Null ***
Description: An error occurred during the Execution
+--- --- ---+
Stack Trace:
+--- --- ---+
game.modules.gameRoom.config.HuVangConfig.getGameConfig(HuVangConfig.java:145)
game.modules.gameRoom.config.HuVangConfig.getConfigCurrentGame(HuVangConfig.java:163)
game.modules.gameRoom.entities.ThongTinHuVang.addMoneyInLoop(ThongTinHuVang.java:47)
game.modules.gameRoom.GameRoomModule.gameRoomLoop(GameRoomModule.java:114)
game.modules.gameRoom.GameRoomModule.access$100(GameRoomModule.java:103)
game.modules.gameRoom.GameRoomModule$GameLoopTask.run(GameRoomModule.java:752)
java.util.concurrent.Executors$RunnableAdapter.call(Executors.java:511)
java.util.concurrent.FutureTask.runAndReset(FutureTask.java:308)
java.util.concurrent.ScheduledThreadPoolExecutor$ScheduledFutureTask.access$301(ScheduledThreadPoolExecutor.java:180)
java.util.concurrent.ScheduledThreadPoolExecutor$ScheduledFutureTask.run(ScheduledThreadPoolExecutor.java:294)
java.util.concurrent.ThreadPoolExecutor.runWorker(ThreadPoolExecutor.java:1149)
java.util.concurrent.ThreadPoolExecutor$Worker.run(ThreadPoolExecutor.java:624)
java.lang.Thread.run(Thread.java:750)
::::::::::::::::::::::::::::::::::::::::::::::::::::::::::::::::::::::

14 Oct 2023 00:22:26,826 ERROR [pool-2-thread-5] debug - 
::::::::::::::::::::::::::::::::::::::::::::::::::::::::::::::::::::::
Exception: java.lang.NullPointerException
Message: *** Null ***
Description: An error occurred during the Execution
+--- --- ---+
Stack Trace:
+--- --- ---+
game.modules.gameRoom.config.HuVangConfig.getGameConfig(HuVangConfig.java:145)
game.modules.gameRoom.config.HuVangConfig.getConfigCurrentGame(HuVangConfig.java:163)
game.modules.gameRoom.entities.ThongTinHuVang.addMoneyInLoop(ThongTinHuVang.java:47)
game.modules.gameRoom.GameRoomModule.gameRoomLoop(GameRoomModule.java:114)
game.modules.gameRoom.GameRoomModule.access$100(GameRoomModule.java:103)
game.modules.gameRoom.GameRoomModule$GameLoopTask.run(GameRoomModule.java:752)
java.util.concurrent.Executors$RunnableAdapter.call(Executors.java:511)
java.util.concurrent.FutureTask.runAndReset(FutureTask.java:308)
java.util.concurrent.ScheduledThreadPoolExecutor$ScheduledFutureTask.access$301(ScheduledThreadPoolExecutor.java:180)
java.util.concurrent.ScheduledThreadPoolExecutor$ScheduledFutureTask.run(ScheduledThreadPoolExecutor.java:294)
java.util.concurrent.ThreadPoolExecutor.runWorker(ThreadPoolExecutor.java:1149)
java.util.concurrent.ThreadPoolExecutor$Worker.run(ThreadPoolExecutor.java:624)
java.lang.Thread.run(Thread.java:750)
::::::::::::::::::::::::::::::::::::::::::::::::::::::::::::::::::::::

14 Oct 2023 00:23:26,826 ERROR [pool-2-thread-9] debug - 
::::::::::::::::::::::::::::::::::::::::::::::::::::::::::::::::::::::
Exception: java.lang.NullPointerException
Message: *** Null ***
Description: An error occurred during the Execution
+--- --- ---+
Stack Trace:
+--- --- ---+
game.modules.gameRoom.config.HuVangConfig.getGameConfig(HuVangConfig.java:145)
game.modules.gameRoom.config.HuVangConfig.getConfigCurrentGame(HuVangConfig.java:163)
game.modules.gameRoom.entities.ThongTinHuVang.addMoneyInLoop(ThongTinHuVang.java:47)
game.modules.gameRoom.GameRoomModule.gameRoomLoop(GameRoomModule.java:114)
game.modules.gameRoom.GameRoomModule.access$100(GameRoomModule.java:103)
game.modules.gameRoom.GameRoomModule$GameLoopTask.run(GameRoomModule.java:752)
java.util.concurrent.Executors$RunnableAdapter.call(Executors.java:511)
java.util.concurrent.FutureTask.runAndReset(FutureTask.java:308)
java.util.concurrent.ScheduledThreadPoolExecutor$ScheduledFutureTask.access$301(ScheduledThreadPoolExecutor.java:180)
java.util.concurrent.ScheduledThreadPoolExecutor$ScheduledFutureTask.run(ScheduledThreadPoolExecutor.java:294)
java.util.concurrent.ThreadPoolExecutor.runWorker(ThreadPoolExecutor.java:1149)
java.util.concurrent.ThreadPoolExecutor$Worker.run(ThreadPoolExecutor.java:624)
java.lang.Thread.run(Thread.java:750)
::::::::::::::::::::::::::::::::::::::::::::::::::::::::::::::::::::::

14 Oct 2023 00:24:26,826 ERROR [pool-2-thread-7] debug - 
::::::::::::::::::::::::::::::::::::::::::::::::::::::::::::::::::::::
Exception: java.lang.NullPointerException
Message: *** Null ***
Description: An error occurred during the Execution
+--- --- ---+
Stack Trace:
+--- --- ---+
game.modules.gameRoom.config.HuVangConfig.getGameConfig(HuVangConfig.java:145)
game.modules.gameRoom.config.HuVangConfig.getConfigCurrentGame(HuVangConfig.java:163)
game.modules.gameRoom.entities.ThongTinHuVang.addMoneyInLoop(ThongTinHuVang.java:47)
game.modules.gameRoom.GameRoomModule.gameRoomLoop(GameRoomModule.java:114)
game.modules.gameRoom.GameRoomModule.access$100(GameRoomModule.java:103)
game.modules.gameRoom.GameRoomModule$GameLoopTask.run(GameRoomModule.java:752)
java.util.concurrent.Executors$RunnableAdapter.call(Executors.java:511)
java.util.concurrent.FutureTask.runAndReset(FutureTask.java:308)
java.util.concurrent.ScheduledThreadPoolExecutor$ScheduledFutureTask.access$301(ScheduledThreadPoolExecutor.java:180)
java.util.concurrent.ScheduledThreadPoolExecutor$ScheduledFutureTask.run(ScheduledThreadPoolExecutor.java:294)
java.util.concurrent.ThreadPoolExecutor.runWorker(ThreadPoolExecutor.java:1149)
java.util.concurrent.ThreadPoolExecutor$Worker.run(ThreadPoolExecutor.java:624)
java.lang.Thread.run(Thread.java:750)
::::::::::::::::::::::::::::::::::::::::::::::::::::::::::::::::::::::

14 Oct 2023 00:25:26,826 ERROR [pool-2-thread-3] debug - 
::::::::::::::::::::::::::::::::::::::::::::::::::::::::::::::::::::::
Exception: java.lang.NullPointerException
Message: *** Null ***
Description: An error occurred during the Execution
+--- --- ---+
Stack Trace:
+--- --- ---+
game.modules.gameRoom.config.HuVangConfig.getGameConfig(HuVangConfig.java:145)
game.modules.gameRoom.config.HuVangConfig.getConfigCurrentGame(HuVangConfig.java:163)
game.modules.gameRoom.entities.ThongTinHuVang.addMoneyInLoop(ThongTinHuVang.java:47)
game.modules.gameRoom.GameRoomModule.gameRoomLoop(GameRoomModule.java:114)
game.modules.gameRoom.GameRoomModule.access$100(GameRoomModule.java:103)
game.modules.gameRoom.GameRoomModule$GameLoopTask.run(GameRoomModule.java:752)
java.util.concurrent.Executors$RunnableAdapter.call(Executors.java:511)
java.util.concurrent.FutureTask.runAndReset(FutureTask.java:308)
java.util.concurrent.ScheduledThreadPoolExecutor$ScheduledFutureTask.access$301(ScheduledThreadPoolExecutor.java:180)
java.util.concurrent.ScheduledThreadPoolExecutor$ScheduledFutureTask.run(ScheduledThreadPoolExecutor.java:294)
java.util.concurrent.ThreadPoolExecutor.runWorker(ThreadPoolExecutor.java:1149)
java.util.concurrent.ThreadPoolExecutor$Worker.run(ThreadPoolExecutor.java:624)
java.lang.Thread.run(Thread.java:750)
::::::::::::::::::::::::::::::::::::::::::::::::::::::::::::::::::::::

14 Oct 2023 00:26:26,826 ERROR [pool-2-thread-3] debug - 
::::::::::::::::::::::::::::::::::::::::::::::::::::::::::::::::::::::
Exception: java.lang.NullPointerException
Message: *** Null ***
Description: An error occurred during the Execution
+--- --- ---+
Stack Trace:
+--- --- ---+
game.modules.gameRoom.config.HuVangConfig.getGameConfig(HuVangConfig.java:145)
game.modules.gameRoom.config.HuVangConfig.getConfigCurrentGame(HuVangConfig.java:163)
game.modules.gameRoom.entities.ThongTinHuVang.addMoneyInLoop(ThongTinHuVang.java:47)
game.modules.gameRoom.GameRoomModule.gameRoomLoop(GameRoomModule.java:114)
game.modules.gameRoom.GameRoomModule.access$100(GameRoomModule.java:103)
game.modules.gameRoom.GameRoomModule$GameLoopTask.run(GameRoomModule.java:752)
java.util.concurrent.Executors$RunnableAdapter.call(Executors.java:511)
java.util.concurrent.FutureTask.runAndReset(FutureTask.java:308)
java.util.concurrent.ScheduledThreadPoolExecutor$ScheduledFutureTask.access$301(ScheduledThreadPoolExecutor.java:180)
java.util.concurrent.ScheduledThreadPoolExecutor$ScheduledFutureTask.run(ScheduledThreadPoolExecutor.java:294)
java.util.concurrent.ThreadPoolExecutor.runWorker(ThreadPoolExecutor.java:1149)
java.util.concurrent.ThreadPoolExecutor$Worker.run(ThreadPoolExecutor.java:624)
java.lang.Thread.run(Thread.java:750)
::::::::::::::::::::::::::::::::::::::::::::::::::::::::::::::::::::::

14 Oct 2023 00:27:26,826 ERROR [pool-2-thread-7] debug - 
::::::::::::::::::::::::::::::::::::::::::::::::::::::::::::::::::::::
Exception: java.lang.NullPointerException
Message: *** Null ***
Description: An error occurred during the Execution
+--- --- ---+
Stack Trace:
+--- --- ---+
game.modules.gameRoom.config.HuVangConfig.getGameConfig(HuVangConfig.java:145)
game.modules.gameRoom.config.HuVangConfig.getConfigCurrentGame(HuVangConfig.java:163)
game.modules.gameRoom.entities.ThongTinHuVang.addMoneyInLoop(ThongTinHuVang.java:47)
game.modules.gameRoom.GameRoomModule.gameRoomLoop(GameRoomModule.java:114)
game.modules.gameRoom.GameRoomModule.access$100(GameRoomModule.java:103)
game.modules.gameRoom.GameRoomModule$GameLoopTask.run(GameRoomModule.java:752)
java.util.concurrent.Executors$RunnableAdapter.call(Executors.java:511)
java.util.concurrent.FutureTask.runAndReset(FutureTask.java:308)
java.util.concurrent.ScheduledThreadPoolExecutor$ScheduledFutureTask.access$301(ScheduledThreadPoolExecutor.java:180)
java.util.concurrent.ScheduledThreadPoolExecutor$ScheduledFutureTask.run(ScheduledThreadPoolExecutor.java:294)
java.util.concurrent.ThreadPoolExecutor.runWorker(ThreadPoolExecutor.java:1149)
java.util.concurrent.ThreadPoolExecutor$Worker.run(ThreadPoolExecutor.java:624)
java.lang.Thread.run(Thread.java:750)
::::::::::::::::::::::::::::::::::::::::::::::::::::::::::::::::::::::

14 Oct 2023 00:28:26,826 ERROR [pool-2-thread-10] debug - 
::::::::::::::::::::::::::::::::::::::::::::::::::::::::::::::::::::::
Exception: java.lang.NullPointerException
Message: *** Null ***
Description: An error occurred during the Execution
+--- --- ---+
Stack Trace:
+--- --- ---+
game.modules.gameRoom.config.HuVangConfig.getGameConfig(HuVangConfig.java:145)
game.modules.gameRoom.config.HuVangConfig.getConfigCurrentGame(HuVangConfig.java:163)
game.modules.gameRoom.entities.ThongTinHuVang.addMoneyInLoop(ThongTinHuVang.java:47)
game.modules.gameRoom.GameRoomModule.gameRoomLoop(GameRoomModule.java:114)
game.modules.gameRoom.GameRoomModule.access$100(GameRoomModule.java:103)
game.modules.gameRoom.GameRoomModule$GameLoopTask.run(GameRoomModule.java:752)
java.util.concurrent.Executors$RunnableAdapter.call(Executors.java:511)
java.util.concurrent.FutureTask.runAndReset(FutureTask.java:308)
java.util.concurrent.ScheduledThreadPoolExecutor$ScheduledFutureTask.access$301(ScheduledThreadPoolExecutor.java:180)
java.util.concurrent.ScheduledThreadPoolExecutor$ScheduledFutureTask.run(ScheduledThreadPoolExecutor.java:294)
java.util.concurrent.ThreadPoolExecutor.runWorker(ThreadPoolExecutor.java:1149)
java.util.concurrent.ThreadPoolExecutor$Worker.run(ThreadPoolExecutor.java:624)
java.lang.Thread.run(Thread.java:750)
::::::::::::::::::::::::::::::::::::::::::::::::::::::::::::::::::::::

