14 Oct 2023 00:00:42,411 ERROR [pool-2-thread-6] debug - 
::::::::::::::::::::::::::::::::::::::::::::::::::::::::::::::::::::::
Exception: java.lang.NullPointerException
Message: *** Null ***
Description: An error occurred during the Execution
+--- --- ---+
Stack Trace:
+--- --- ---+
game.modules.gameRoom.config.HuVangConfig.getGameConfig(HuVangConfig.java:145)
game.modules.gameRoom.config.HuVangConfig.getConfigCurrentGame(HuVangConfig.java:163)
game.modules.gameRoom.entities.ThongTinHuVang.addMoneyInLoop(ThongTinHuVang.java:47)
game.modules.gameRoom.GameRoomModule.gameRoomLoop(GameRoomModule.java:113)
game.modules.gameRoom.GameRoomModule.access$100(GameRoomModule.java:102)
game.modules.gameRoom.GameRoomModule$GameLoopTask.run(GameRoomModule.java:724)
java.util.concurrent.Executors$RunnableAdapter.call(Executors.java:511)
java.util.concurrent.FutureTask.runAndReset(FutureTask.java:308)
java.util.concurrent.ScheduledThreadPoolExecutor$ScheduledFutureTask.access$301(ScheduledThreadPoolExecutor.java:180)
java.util.concurrent.ScheduledThreadPoolExecutor$ScheduledFutureTask.run(ScheduledThreadPoolExecutor.java:294)
java.util.concurrent.ThreadPoolExecutor.runWorker(ThreadPoolExecutor.java:1149)
java.util.concurrent.ThreadPoolExecutor$Worker.run(ThreadPoolExecutor.java:624)
java.lang.Thread.run(Thread.java:750)
::::::::::::::::::::::::::::::::::::::::::::::::::::::::::::::::::::::

14 Oct 2023 00:01:42,411 ERROR [pool-2-thread-5] debug - 
::::::::::::::::::::::::::::::::::::::::::::::::::::::::::::::::::::::
Exception: java.lang.NullPointerException
Message: *** Null ***
Description: An error occurred during the Execution
+--- --- ---+
Stack Trace:
+--- --- ---+
game.modules.gameRoom.config.HuVangConfig.getGameConfig(HuVangConfig.java:145)
game.modules.gameRoom.config.HuVangConfig.getConfigCurrentGame(HuVangConfig.java:163)
game.modules.gameRoom.entities.ThongTinHuVang.addMoneyInLoop(ThongTinHuVang.java:47)
game.modules.gameRoom.GameRoomModule.gameRoomLoop(GameRoomModule.java:113)
game.modules.gameRoom.GameRoomModule.access$100(GameRoomModule.java:102)
game.modules.gameRoom.GameRoomModule$GameLoopTask.run(GameRoomModule.java:724)
java.util.concurrent.Executors$RunnableAdapter.call(Executors.java:511)
java.util.concurrent.FutureTask.runAndReset(FutureTask.java:308)
java.util.concurrent.ScheduledThreadPoolExecutor$ScheduledFutureTask.access$301(ScheduledThreadPoolExecutor.java:180)
java.util.concurrent.ScheduledThreadPoolExecutor$ScheduledFutureTask.run(ScheduledThreadPoolExecutor.java:294)
java.util.concurrent.ThreadPoolExecutor.runWorker(ThreadPoolExecutor.java:1149)
java.util.concurrent.ThreadPoolExecutor$Worker.run(ThreadPoolExecutor.java:624)
java.lang.Thread.run(Thread.java:750)
::::::::::::::::::::::::::::::::::::::::::::::::::::::::::::::::::::::

14 Oct 2023 00:02:42,411 ERROR [pool-2-thread-1] debug - 
::::::::::::::::::::::::::::::::::::::::::::::::::::::::::::::::::::::
Exception: java.lang.NullPointerException
Message: *** Null ***
Description: An error occurred during the Execution
+--- --- ---+
Stack Trace:
+--- --- ---+
game.modules.gameRoom.config.HuVangConfig.getGameConfig(HuVangConfig.java:145)
game.modules.gameRoom.config.HuVangConfig.getConfigCurrentGame(HuVangConfig.java:163)
game.modules.gameRoom.entities.ThongTinHuVang.addMoneyInLoop(ThongTinHuVang.java:47)
game.modules.gameRoom.GameRoomModule.gameRoomLoop(GameRoomModule.java:113)
game.modules.gameRoom.GameRoomModule.access$100(GameRoomModule.java:102)
game.modules.gameRoom.GameRoomModule$GameLoopTask.run(GameRoomModule.java:724)
java.util.concurrent.Executors$RunnableAdapter.call(Executors.java:511)
java.util.concurrent.FutureTask.runAndReset(FutureTask.java:308)
java.util.concurrent.ScheduledThreadPoolExecutor$ScheduledFutureTask.access$301(ScheduledThreadPoolExecutor.java:180)
java.util.concurrent.ScheduledThreadPoolExecutor$ScheduledFutureTask.run(ScheduledThreadPoolExecutor.java:294)
java.util.concurrent.ThreadPoolExecutor.runWorker(ThreadPoolExecutor.java:1149)
java.util.concurrent.ThreadPoolExecutor$Worker.run(ThreadPoolExecutor.java:624)
java.lang.Thread.run(Thread.java:750)
::::::::::::::::::::::::::::::::::::::::::::::::::::::::::::::::::::::

14 Oct 2023 00:03:42,411 ERROR [pool-2-thread-2] debug - 
::::::::::::::::::::::::::::::::::::::::::::::::::::::::::::::::::::::
Exception: java.lang.NullPointerException
Message: *** Null ***
Description: An error occurred during the Execution
+--- --- ---+
Stack Trace:
+--- --- ---+
game.modules.gameRoom.config.HuVangConfig.getGameConfig(HuVangConfig.java:145)
game.modules.gameRoom.config.HuVangConfig.getConfigCurrentGame(HuVangConfig.java:163)
game.modules.gameRoom.entities.ThongTinHuVang.addMoneyInLoop(ThongTinHuVang.java:47)
game.modules.gameRoom.GameRoomModule.gameRoomLoop(GameRoomModule.java:113)
game.modules.gameRoom.GameRoomModule.access$100(GameRoomModule.java:102)
game.modules.gameRoom.GameRoomModule$GameLoopTask.run(GameRoomModule.java:724)
java.util.concurrent.Executors$RunnableAdapter.call(Executors.java:511)
java.util.concurrent.FutureTask.runAndReset(FutureTask.java:308)
java.util.concurrent.ScheduledThreadPoolExecutor$ScheduledFutureTask.access$301(ScheduledThreadPoolExecutor.java:180)
java.util.concurrent.ScheduledThreadPoolExecutor$ScheduledFutureTask.run(ScheduledThreadPoolExecutor.java:294)
java.util.concurrent.ThreadPoolExecutor.runWorker(ThreadPoolExecutor.java:1149)
java.util.concurrent.ThreadPoolExecutor$Worker.run(ThreadPoolExecutor.java:624)
java.lang.Thread.run(Thread.java:750)
::::::::::::::::::::::::::::::::::::::::::::::::::::::::::::::::::::::

14 Oct 2023 00:04:42,411 ERROR [pool-2-thread-3] debug - 
::::::::::::::::::::::::::::::::::::::::::::::::::::::::::::::::::::::
Exception: java.lang.NullPointerException
Message: *** Null ***
Description: An error occurred during the Execution
+--- --- ---+
Stack Trace:
+--- --- ---+
game.modules.gameRoom.config.HuVangConfig.getGameConfig(HuVangConfig.java:145)
game.modules.gameRoom.config.HuVangConfig.getConfigCurrentGame(HuVangConfig.java:163)
game.modules.gameRoom.entities.ThongTinHuVang.addMoneyInLoop(ThongTinHuVang.java:47)
game.modules.gameRoom.GameRoomModule.gameRoomLoop(GameRoomModule.java:113)
game.modules.gameRoom.GameRoomModule.access$100(GameRoomModule.java:102)
game.modules.gameRoom.GameRoomModule$GameLoopTask.run(GameRoomModule.java:724)
java.util.concurrent.Executors$RunnableAdapter.call(Executors.java:511)
java.util.concurrent.FutureTask.runAndReset(FutureTask.java:308)
java.util.concurrent.ScheduledThreadPoolExecutor$ScheduledFutureTask.access$301(ScheduledThreadPoolExecutor.java:180)
java.util.concurrent.ScheduledThreadPoolExecutor$ScheduledFutureTask.run(ScheduledThreadPoolExecutor.java:294)
java.util.concurrent.ThreadPoolExecutor.runWorker(ThreadPoolExecutor.java:1149)
java.util.concurrent.ThreadPoolExecutor$Worker.run(ThreadPoolExecutor.java:624)
java.lang.Thread.run(Thread.java:750)
::::::::::::::::::::::::::::::::::::::::::::::::::::::::::::::::::::::

14 Oct 2023 00:05:42,411 ERROR [pool-2-thread-7] debug - 
::::::::::::::::::::::::::::::::::::::::::::::::::::::::::::::::::::::
Exception: java.lang.NullPointerException
Message: *** Null ***
Description: An error occurred during the Execution
+--- --- ---+
Stack Trace:
+--- --- ---+
game.modules.gameRoom.config.HuVangConfig.getGameConfig(HuVangConfig.java:145)
game.modules.gameRoom.config.HuVangConfig.getConfigCurrentGame(HuVangConfig.java:163)
game.modules.gameRoom.entities.ThongTinHuVang.addMoneyInLoop(ThongTinHuVang.java:47)
game.modules.gameRoom.GameRoomModule.gameRoomLoop(GameRoomModule.java:113)
game.modules.gameRoom.GameRoomModule.access$100(GameRoomModule.java:102)
game.modules.gameRoom.GameRoomModule$GameLoopTask.run(GameRoomModule.java:724)
java.util.concurrent.Executors$RunnableAdapter.call(Executors.java:511)
java.util.concurrent.FutureTask.runAndReset(FutureTask.java:308)
java.util.concurrent.ScheduledThreadPoolExecutor$ScheduledFutureTask.access$301(ScheduledThreadPoolExecutor.java:180)
java.util.concurrent.ScheduledThreadPoolExecutor$ScheduledFutureTask.run(ScheduledThreadPoolExecutor.java:294)
java.util.concurrent.ThreadPoolExecutor.runWorker(ThreadPoolExecutor.java:1149)
java.util.concurrent.ThreadPoolExecutor$Worker.run(ThreadPoolExecutor.java:624)
java.lang.Thread.run(Thread.java:750)
::::::::::::::::::::::::::::::::::::::::::::::::::::::::::::::::::::::

14 Oct 2023 00:06:42,411 ERROR [pool-2-thread-9] debug - 
::::::::::::::::::::::::::::::::::::::::::::::::::::::::::::::::::::::
Exception: java.lang.NullPointerException
Message: *** Null ***
Description: An error occurred during the Execution
+--- --- ---+
Stack Trace:
+--- --- ---+
game.modules.gameRoom.config.HuVangConfig.getGameConfig(HuVangConfig.java:145)
game.modules.gameRoom.config.HuVangConfig.getConfigCurrentGame(HuVangConfig.java:163)
game.modules.gameRoom.entities.ThongTinHuVang.addMoneyInLoop(ThongTinHuVang.java:47)
game.modules.gameRoom.GameRoomModule.gameRoomLoop(GameRoomModule.java:113)
game.modules.gameRoom.GameRoomModule.access$100(GameRoomModule.java:102)
game.modules.gameRoom.GameRoomModule$GameLoopTask.run(GameRoomModule.java:724)
java.util.concurrent.Executors$RunnableAdapter.call(Executors.java:511)
java.util.concurrent.FutureTask.runAndReset(FutureTask.java:308)
java.util.concurrent.ScheduledThreadPoolExecutor$ScheduledFutureTask.access$301(ScheduledThreadPoolExecutor.java:180)
java.util.concurrent.ScheduledThreadPoolExecutor$ScheduledFutureTask.run(ScheduledThreadPoolExecutor.java:294)
java.util.concurrent.ThreadPoolExecutor.runWorker(ThreadPoolExecutor.java:1149)
java.util.concurrent.ThreadPoolExecutor$Worker.run(ThreadPoolExecutor.java:624)
java.lang.Thread.run(Thread.java:750)
::::::::::::::::::::::::::::::::::::::::::::::::::::::::::::::::::::::

14 Oct 2023 00:07:42,411 ERROR [pool-2-thread-3] debug - 
::::::::::::::::::::::::::::::::::::::::::::::::::::::::::::::::::::::
Exception: java.lang.NullPointerException
Message: *** Null ***
Description: An error occurred during the Execution
+--- --- ---+
Stack Trace:
+--- --- ---+
game.modules.gameRoom.config.HuVangConfig.getGameConfig(HuVangConfig.java:145)
game.modules.gameRoom.config.HuVangConfig.getConfigCurrentGame(HuVangConfig.java:163)
game.modules.gameRoom.entities.ThongTinHuVang.addMoneyInLoop(ThongTinHuVang.java:47)
game.modules.gameRoom.GameRoomModule.gameRoomLoop(GameRoomModule.java:113)
game.modules.gameRoom.GameRoomModule.access$100(GameRoomModule.java:102)
game.modules.gameRoom.GameRoomModule$GameLoopTask.run(GameRoomModule.java:724)
java.util.concurrent.Executors$RunnableAdapter.call(Executors.java:511)
java.util.concurrent.FutureTask.runAndReset(FutureTask.java:308)
java.util.concurrent.ScheduledThreadPoolExecutor$ScheduledFutureTask.access$301(ScheduledThreadPoolExecutor.java:180)
java.util.concurrent.ScheduledThreadPoolExecutor$ScheduledFutureTask.run(ScheduledThreadPoolExecutor.java:294)
java.util.concurrent.ThreadPoolExecutor.runWorker(ThreadPoolExecutor.java:1149)
java.util.concurrent.ThreadPoolExecutor$Worker.run(ThreadPoolExecutor.java:624)
java.lang.Thread.run(Thread.java:750)
::::::::::::::::::::::::::::::::::::::::::::::::::::::::::::::::::::::

14 Oct 2023 00:08:42,411 ERROR [pool-2-thread-8] debug - 
::::::::::::::::::::::::::::::::::::::::::::::::::::::::::::::::::::::
Exception: java.lang.NullPointerException
Message: *** Null ***
Description: An error occurred during the Execution
+--- --- ---+
Stack Trace:
+--- --- ---+
game.modules.gameRoom.config.HuVangConfig.getGameConfig(HuVangConfig.java:145)
game.modules.gameRoom.config.HuVangConfig.getConfigCurrentGame(HuVangConfig.java:163)
game.modules.gameRoom.entities.ThongTinHuVang.addMoneyInLoop(ThongTinHuVang.java:47)
game.modules.gameRoom.GameRoomModule.gameRoomLoop(GameRoomModule.java:113)
game.modules.gameRoom.GameRoomModule.access$100(GameRoomModule.java:102)
game.modules.gameRoom.GameRoomModule$GameLoopTask.run(GameRoomModule.java:724)
java.util.concurrent.Executors$RunnableAdapter.call(Executors.java:511)
java.util.concurrent.FutureTask.runAndReset(FutureTask.java:308)
java.util.concurrent.ScheduledThreadPoolExecutor$ScheduledFutureTask.access$301(ScheduledThreadPoolExecutor.java:180)
java.util.concurrent.ScheduledThreadPoolExecutor$ScheduledFutureTask.run(ScheduledThreadPoolExecutor.java:294)
java.util.concurrent.ThreadPoolExecutor.runWorker(ThreadPoolExecutor.java:1149)
java.util.concurrent.ThreadPoolExecutor$Worker.run(ThreadPoolExecutor.java:624)
java.lang.Thread.run(Thread.java:750)
::::::::::::::::::::::::::::::::::::::::::::::::::::::::::::::::::::::

14 Oct 2023 00:09:42,411 ERROR [pool-2-thread-3] debug - 
::::::::::::::::::::::::::::::::::::::::::::::::::::::::::::::::::::::
Exception: java.lang.NullPointerException
Message: *** Null ***
Description: An error occurred during the Execution
+--- --- ---+
Stack Trace:
+--- --- ---+
game.modules.gameRoom.config.HuVangConfig.getGameConfig(HuVangConfig.java:145)
game.modules.gameRoom.config.HuVangConfig.getConfigCurrentGame(HuVangConfig.java:163)
game.modules.gameRoom.entities.ThongTinHuVang.addMoneyInLoop(ThongTinHuVang.java:47)
game.modules.gameRoom.GameRoomModule.gameRoomLoop(GameRoomModule.java:113)
game.modules.gameRoom.GameRoomModule.access$100(GameRoomModule.java:102)
game.modules.gameRoom.GameRoomModule$GameLoopTask.run(GameRoomModule.java:724)
java.util.concurrent.Executors$RunnableAdapter.call(Executors.java:511)
java.util.concurrent.FutureTask.runAndReset(FutureTask.java:308)
java.util.concurrent.ScheduledThreadPoolExecutor$ScheduledFutureTask.access$301(ScheduledThreadPoolExecutor.java:180)
java.util.concurrent.ScheduledThreadPoolExecutor$ScheduledFutureTask.run(ScheduledThreadPoolExecutor.java:294)
java.util.concurrent.ThreadPoolExecutor.runWorker(ThreadPoolExecutor.java:1149)
java.util.concurrent.ThreadPoolExecutor$Worker.run(ThreadPoolExecutor.java:624)
java.lang.Thread.run(Thread.java:750)
::::::::::::::::::::::::::::::::::::::::::::::::::::::::::::::::::::::

14 Oct 2023 00:10:42,411 ERROR [pool-2-thread-2] debug - 
::::::::::::::::::::::::::::::::::::::::::::::::::::::::::::::::::::::
Exception: java.lang.NullPointerException
Message: *** Null ***
Description: An error occurred during the Execution
+--- --- ---+
Stack Trace:
+--- --- ---+
game.modules.gameRoom.config.HuVangConfig.getGameConfig(HuVangConfig.java:145)
game.modules.gameRoom.config.HuVangConfig.getConfigCurrentGame(HuVangConfig.java:163)
game.modules.gameRoom.entities.ThongTinHuVang.addMoneyInLoop(ThongTinHuVang.java:47)
game.modules.gameRoom.GameRoomModule.gameRoomLoop(GameRoomModule.java:113)
game.modules.gameRoom.GameRoomModule.access$100(GameRoomModule.java:102)
game.modules.gameRoom.GameRoomModule$GameLoopTask.run(GameRoomModule.java:724)
java.util.concurrent.Executors$RunnableAdapter.call(Executors.java:511)
java.util.concurrent.FutureTask.runAndReset(FutureTask.java:308)
java.util.concurrent.ScheduledThreadPoolExecutor$ScheduledFutureTask.access$301(ScheduledThreadPoolExecutor.java:180)
java.util.concurrent.ScheduledThreadPoolExecutor$ScheduledFutureTask.run(ScheduledThreadPoolExecutor.java:294)
java.util.concurrent.ThreadPoolExecutor.runWorker(ThreadPoolExecutor.java:1149)
java.util.concurrent.ThreadPoolExecutor$Worker.run(ThreadPoolExecutor.java:624)
java.lang.Thread.run(Thread.java:750)
::::::::::::::::::::::::::::::::::::::::::::::::::::::::::::::::::::::

14 Oct 2023 00:11:24,371 ERROR [pool-2-thread-3] debug - Error in game loop
14 Oct 2023 00:11:24,372 ERROR [pool-2-thread-3] debug - 
::::::::::::::::::::::::::::::::::::::::::::::::::::::::::::::::::::::
Exception: java.lang.NullPointerException
Message: *** Null ***
Description: An error occurred during the Execution
+--- --- ---+
Stack Trace:
+--- --- ---+
game.modules.gameRoom.config.HuVangConfig.getGameConfig(HuVangConfig.java:145)
game.modules.gameRoom.config.HuVangConfig.getConfigCurrentGame(HuVangConfig.java:163)
game.modules.gameRoom.config.HuVangConfig.kiemTraThoiGianHuVangGameHienTai(HuVangConfig.java:72)
game.modules.gameRoom.entities.ThongTinHuVang.dangChayHu(ThongTinHuVang.java:89)
game.utils.GameUtils.dispatchEventThangLon(GameUtils.java:178)
game.binh.server.BinhGameServer.dispatchEventThangLon(BinhGameServer.java:1048)
game.binh.server.BinhGameServer.kiemTraNoHuThangLon(BinhGameServer.java:1056)
game.binh.server.BinhGameServer.notifyEndGame(BinhGameServer.java:1044)
game.binh.server.BinhGameServer.endGame(BinhGameServer.java:790)
game.binh.server.GameManager.gameLoop(GameManager.java:81)
game.binh.server.BinhGameServer.gameLoop(BinhGameServer.java:1325)
game.binh.server.BinhGameServer.access$100(BinhGameServer.java:111)
game.binh.server.BinhGameServer$GameLoopTask.run(BinhGameServer.java:1358)
java.util.concurrent.Executors$RunnableAdapter.call(Executors.java:511)
java.util.concurrent.FutureTask.runAndReset(FutureTask.java:308)
java.util.concurrent.ScheduledThreadPoolExecutor$ScheduledFutureTask.access$301(ScheduledThreadPoolExecutor.java:180)
java.util.concurrent.ScheduledThreadPoolExecutor$ScheduledFutureTask.run(ScheduledThreadPoolExecutor.java:294)
java.util.concurrent.ThreadPoolExecutor.runWorker(ThreadPoolExecutor.java:1149)
java.util.concurrent.ThreadPoolExecutor$Worker.run(ThreadPoolExecutor.java:624)
java.lang.Thread.run(Thread.java:750)
::::::::::::::::::::::::::::::::::::::::::::::::::::::::::::::::::::::

14 Oct 2023 00:11:42,411 ERROR [pool-2-thread-3] debug - 
::::::::::::::::::::::::::::::::::::::::::::::::::::::::::::::::::::::
Exception: java.lang.NullPointerException
Message: *** Null ***
Description: An error occurred during the Execution
+--- --- ---+
Stack Trace:
+--- --- ---+
game.modules.gameRoom.config.HuVangConfig.getGameConfig(HuVangConfig.java:145)
game.modules.gameRoom.config.HuVangConfig.getConfigCurrentGame(HuVangConfig.java:163)
game.modules.gameRoom.entities.ThongTinHuVang.addMoneyInLoop(ThongTinHuVang.java:47)
game.modules.gameRoom.GameRoomModule.gameRoomLoop(GameRoomModule.java:113)
game.modules.gameRoom.GameRoomModule.access$100(GameRoomModule.java:102)
game.modules.gameRoom.GameRoomModule$GameLoopTask.run(GameRoomModule.java:724)
java.util.concurrent.Executors$RunnableAdapter.call(Executors.java:511)
java.util.concurrent.FutureTask.runAndReset(FutureTask.java:308)
java.util.concurrent.ScheduledThreadPoolExecutor$ScheduledFutureTask.access$301(ScheduledThreadPoolExecutor.java:180)
java.util.concurrent.ScheduledThreadPoolExecutor$ScheduledFutureTask.run(ScheduledThreadPoolExecutor.java:294)
java.util.concurrent.ThreadPoolExecutor.runWorker(ThreadPoolExecutor.java:1149)
java.util.concurrent.ThreadPoolExecutor$Worker.run(ThreadPoolExecutor.java:624)
java.lang.Thread.run(Thread.java:750)
::::::::::::::::::::::::::::::::::::::::::::::::::::::::::::::::::::::

14 Oct 2023 00:12:42,411 ERROR [pool-2-thread-4] debug - 
::::::::::::::::::::::::::::::::::::::::::::::::::::::::::::::::::::::
Exception: java.lang.NullPointerException
Message: *** Null ***
Description: An error occurred during the Execution
+--- --- ---+
Stack Trace:
+--- --- ---+
game.modules.gameRoom.config.HuVangConfig.getGameConfig(HuVangConfig.java:145)
game.modules.gameRoom.config.HuVangConfig.getConfigCurrentGame(HuVangConfig.java:163)
game.modules.gameRoom.entities.ThongTinHuVang.addMoneyInLoop(ThongTinHuVang.java:47)
game.modules.gameRoom.GameRoomModule.gameRoomLoop(GameRoomModule.java:113)
game.modules.gameRoom.GameRoomModule.access$100(GameRoomModule.java:102)
game.modules.gameRoom.GameRoomModule$GameLoopTask.run(GameRoomModule.java:724)
java.util.concurrent.Executors$RunnableAdapter.call(Executors.java:511)
java.util.concurrent.FutureTask.runAndReset(FutureTask.java:308)
java.util.concurrent.ScheduledThreadPoolExecutor$ScheduledFutureTask.access$301(ScheduledThreadPoolExecutor.java:180)
java.util.concurrent.ScheduledThreadPoolExecutor$ScheduledFutureTask.run(ScheduledThreadPoolExecutor.java:294)
java.util.concurrent.ThreadPoolExecutor.runWorker(ThreadPoolExecutor.java:1149)
java.util.concurrent.ThreadPoolExecutor$Worker.run(ThreadPoolExecutor.java:624)
java.lang.Thread.run(Thread.java:750)
::::::::::::::::::::::::::::::::::::::::::::::::::::::::::::::::::::::

14 Oct 2023 00:13:42,411 ERROR [pool-2-thread-1] debug - 
::::::::::::::::::::::::::::::::::::::::::::::::::::::::::::::::::::::
Exception: java.lang.NullPointerException
Message: *** Null ***
Description: An error occurred during the Execution
+--- --- ---+
Stack Trace:
+--- --- ---+
game.modules.gameRoom.config.HuVangConfig.getGameConfig(HuVangConfig.java:145)
game.modules.gameRoom.config.HuVangConfig.getConfigCurrentGame(HuVangConfig.java:163)
game.modules.gameRoom.entities.ThongTinHuVang.addMoneyInLoop(ThongTinHuVang.java:47)
game.modules.gameRoom.GameRoomModule.gameRoomLoop(GameRoomModule.java:113)
game.modules.gameRoom.GameRoomModule.access$100(GameRoomModule.java:102)
game.modules.gameRoom.GameRoomModule$GameLoopTask.run(GameRoomModule.java:724)
java.util.concurrent.Executors$RunnableAdapter.call(Executors.java:511)
java.util.concurrent.FutureTask.runAndReset(FutureTask.java:308)
java.util.concurrent.ScheduledThreadPoolExecutor$ScheduledFutureTask.access$301(ScheduledThreadPoolExecutor.java:180)
java.util.concurrent.ScheduledThreadPoolExecutor$ScheduledFutureTask.run(ScheduledThreadPoolExecutor.java:294)
java.util.concurrent.ThreadPoolExecutor.runWorker(ThreadPoolExecutor.java:1149)
java.util.concurrent.ThreadPoolExecutor$Worker.run(ThreadPoolExecutor.java:624)
java.lang.Thread.run(Thread.java:750)
::::::::::::::::::::::::::::::::::::::::::::::::::::::::::::::::::::::

14 Oct 2023 00:14:42,411 ERROR [pool-2-thread-4] debug - 
::::::::::::::::::::::::::::::::::::::::::::::::::::::::::::::::::::::
Exception: java.lang.NullPointerException
Message: *** Null ***
Description: An error occurred during the Execution
+--- --- ---+
Stack Trace:
+--- --- ---+
game.modules.gameRoom.config.HuVangConfig.getGameConfig(HuVangConfig.java:145)
game.modules.gameRoom.config.HuVangConfig.getConfigCurrentGame(HuVangConfig.java:163)
game.modules.gameRoom.entities.ThongTinHuVang.addMoneyInLoop(ThongTinHuVang.java:47)
game.modules.gameRoom.GameRoomModule.gameRoomLoop(GameRoomModule.java:113)
game.modules.gameRoom.GameRoomModule.access$100(GameRoomModule.java:102)
game.modules.gameRoom.GameRoomModule$GameLoopTask.run(GameRoomModule.java:724)
java.util.concurrent.Executors$RunnableAdapter.call(Executors.java:511)
java.util.concurrent.FutureTask.runAndReset(FutureTask.java:308)
java.util.concurrent.ScheduledThreadPoolExecutor$ScheduledFutureTask.access$301(ScheduledThreadPoolExecutor.java:180)
java.util.concurrent.ScheduledThreadPoolExecutor$ScheduledFutureTask.run(ScheduledThreadPoolExecutor.java:294)
java.util.concurrent.ThreadPoolExecutor.runWorker(ThreadPoolExecutor.java:1149)
java.util.concurrent.ThreadPoolExecutor$Worker.run(ThreadPoolExecutor.java:624)
java.lang.Thread.run(Thread.java:750)
::::::::::::::::::::::::::::::::::::::::::::::::::::::::::::::::::::::

14 Oct 2023 00:15:42,411 ERROR [pool-2-thread-3] debug - 
::::::::::::::::::::::::::::::::::::::::::::::::::::::::::::::::::::::
Exception: java.lang.NullPointerException
Message: *** Null ***
Description: An error occurred during the Execution
+--- --- ---+
Stack Trace:
+--- --- ---+
game.modules.gameRoom.config.HuVangConfig.getGameConfig(HuVangConfig.java:145)
game.modules.gameRoom.config.HuVangConfig.getConfigCurrentGame(HuVangConfig.java:163)
game.modules.gameRoom.entities.ThongTinHuVang.addMoneyInLoop(ThongTinHuVang.java:47)
game.modules.gameRoom.GameRoomModule.gameRoomLoop(GameRoomModule.java:113)
game.modules.gameRoom.GameRoomModule.access$100(GameRoomModule.java:102)
game.modules.gameRoom.GameRoomModule$GameLoopTask.run(GameRoomModule.java:724)
java.util.concurrent.Executors$RunnableAdapter.call(Executors.java:511)
java.util.concurrent.FutureTask.runAndReset(FutureTask.java:308)
java.util.concurrent.ScheduledThreadPoolExecutor$ScheduledFutureTask.access$301(ScheduledThreadPoolExecutor.java:180)
java.util.concurrent.ScheduledThreadPoolExecutor$ScheduledFutureTask.run(ScheduledThreadPoolExecutor.java:294)
java.util.concurrent.ThreadPoolExecutor.runWorker(ThreadPoolExecutor.java:1149)
java.util.concurrent.ThreadPoolExecutor$Worker.run(ThreadPoolExecutor.java:624)
java.lang.Thread.run(Thread.java:750)
::::::::::::::::::::::::::::::::::::::::::::::::::::::::::::::::::::::

14 Oct 2023 00:16:42,411 ERROR [pool-2-thread-10] debug - 
::::::::::::::::::::::::::::::::::::::::::::::::::::::::::::::::::::::
Exception: java.lang.NullPointerException
Message: *** Null ***
Description: An error occurred during the Execution
+--- --- ---+
Stack Trace:
+--- --- ---+
game.modules.gameRoom.config.HuVangConfig.getGameConfig(HuVangConfig.java:145)
game.modules.gameRoom.config.HuVangConfig.getConfigCurrentGame(HuVangConfig.java:163)
game.modules.gameRoom.entities.ThongTinHuVang.addMoneyInLoop(ThongTinHuVang.java:47)
game.modules.gameRoom.GameRoomModule.gameRoomLoop(GameRoomModule.java:113)
game.modules.gameRoom.GameRoomModule.access$100(GameRoomModule.java:102)
game.modules.gameRoom.GameRoomModule$GameLoopTask.run(GameRoomModule.java:724)
java.util.concurrent.Executors$RunnableAdapter.call(Executors.java:511)
java.util.concurrent.FutureTask.runAndReset(FutureTask.java:308)
java.util.concurrent.ScheduledThreadPoolExecutor$ScheduledFutureTask.access$301(ScheduledThreadPoolExecutor.java:180)
java.util.concurrent.ScheduledThreadPoolExecutor$ScheduledFutureTask.run(ScheduledThreadPoolExecutor.java:294)
java.util.concurrent.ThreadPoolExecutor.runWorker(ThreadPoolExecutor.java:1149)
java.util.concurrent.ThreadPoolExecutor$Worker.run(ThreadPoolExecutor.java:624)
java.lang.Thread.run(Thread.java:750)
::::::::::::::::::::::::::::::::::::::::::::::::::::::::::::::::::::::

14 Oct 2023 00:17:42,412 ERROR [pool-2-thread-9] debug - 
::::::::::::::::::::::::::::::::::::::::::::::::::::::::::::::::::::::
Exception: java.lang.NullPointerException
Message: *** Null ***
Description: An error occurred during the Execution
+--- --- ---+
Stack Trace:
+--- --- ---+
game.modules.gameRoom.config.HuVangConfig.getGameConfig(HuVangConfig.java:145)
game.modules.gameRoom.config.HuVangConfig.getConfigCurrentGame(HuVangConfig.java:163)
game.modules.gameRoom.entities.ThongTinHuVang.addMoneyInLoop(ThongTinHuVang.java:47)
game.modules.gameRoom.GameRoomModule.gameRoomLoop(GameRoomModule.java:113)
game.modules.gameRoom.GameRoomModule.access$100(GameRoomModule.java:102)
game.modules.gameRoom.GameRoomModule$GameLoopTask.run(GameRoomModule.java:724)
java.util.concurrent.Executors$RunnableAdapter.call(Executors.java:511)
java.util.concurrent.FutureTask.runAndReset(FutureTask.java:308)
java.util.concurrent.ScheduledThreadPoolExecutor$ScheduledFutureTask.access$301(ScheduledThreadPoolExecutor.java:180)
java.util.concurrent.ScheduledThreadPoolExecutor$ScheduledFutureTask.run(ScheduledThreadPoolExecutor.java:294)
java.util.concurrent.ThreadPoolExecutor.runWorker(ThreadPoolExecutor.java:1149)
java.util.concurrent.ThreadPoolExecutor$Worker.run(ThreadPoolExecutor.java:624)
java.lang.Thread.run(Thread.java:750)
::::::::::::::::::::::::::::::::::::::::::::::::::::::::::::::::::::::

14 Oct 2023 00:18:42,411 ERROR [pool-2-thread-6] debug - 
::::::::::::::::::::::::::::::::::::::::::::::::::::::::::::::::::::::
Exception: java.lang.NullPointerException
Message: *** Null ***
Description: An error occurred during the Execution
+--- --- ---+
Stack Trace:
+--- --- ---+
game.modules.gameRoom.config.HuVangConfig.getGameConfig(HuVangConfig.java:145)
game.modules.gameRoom.config.HuVangConfig.getConfigCurrentGame(HuVangConfig.java:163)
game.modules.gameRoom.entities.ThongTinHuVang.addMoneyInLoop(ThongTinHuVang.java:47)
game.modules.gameRoom.GameRoomModule.gameRoomLoop(GameRoomModule.java:113)
game.modules.gameRoom.GameRoomModule.access$100(GameRoomModule.java:102)
game.modules.gameRoom.GameRoomModule$GameLoopTask.run(GameRoomModule.java:724)
java.util.concurrent.Executors$RunnableAdapter.call(Executors.java:511)
java.util.concurrent.FutureTask.runAndReset(FutureTask.java:308)
java.util.concurrent.ScheduledThreadPoolExecutor$ScheduledFutureTask.access$301(ScheduledThreadPoolExecutor.java:180)
java.util.concurrent.ScheduledThreadPoolExecutor$ScheduledFutureTask.run(ScheduledThreadPoolExecutor.java:294)
java.util.concurrent.ThreadPoolExecutor.runWorker(ThreadPoolExecutor.java:1149)
java.util.concurrent.ThreadPoolExecutor$Worker.run(ThreadPoolExecutor.java:624)
java.lang.Thread.run(Thread.java:750)
::::::::::::::::::::::::::::::::::::::::::::::::::::::::::::::::::::::

14 Oct 2023 00:19:42,411 ERROR [pool-2-thread-5] debug - 
::::::::::::::::::::::::::::::::::::::::::::::::::::::::::::::::::::::
Exception: java.lang.NullPointerException
Message: *** Null ***
Description: An error occurred during the Execution
+--- --- ---+
Stack Trace:
+--- --- ---+
game.modules.gameRoom.config.HuVangConfig.getGameConfig(HuVangConfig.java:145)
game.modules.gameRoom.config.HuVangConfig.getConfigCurrentGame(HuVangConfig.java:163)
game.modules.gameRoom.entities.ThongTinHuVang.addMoneyInLoop(ThongTinHuVang.java:47)
game.modules.gameRoom.GameRoomModule.gameRoomLoop(GameRoomModule.java:113)
game.modules.gameRoom.GameRoomModule.access$100(GameRoomModule.java:102)
game.modules.gameRoom.GameRoomModule$GameLoopTask.run(GameRoomModule.java:724)
java.util.concurrent.Executors$RunnableAdapter.call(Executors.java:511)
java.util.concurrent.FutureTask.runAndReset(FutureTask.java:308)
java.util.concurrent.ScheduledThreadPoolExecutor$ScheduledFutureTask.access$301(ScheduledThreadPoolExecutor.java:180)
java.util.concurrent.ScheduledThreadPoolExecutor$ScheduledFutureTask.run(ScheduledThreadPoolExecutor.java:294)
java.util.concurrent.ThreadPoolExecutor.runWorker(ThreadPoolExecutor.java:1149)
java.util.concurrent.ThreadPoolExecutor$Worker.run(ThreadPoolExecutor.java:624)
java.lang.Thread.run(Thread.java:750)
::::::::::::::::::::::::::::::::::::::::::::::::::::::::::::::::::::::

14 Oct 2023 00:20:42,411 ERROR [pool-2-thread-9] debug - 
::::::::::::::::::::::::::::::::::::::::::::::::::::::::::::::::::::::
Exception: java.lang.NullPointerException
Message: *** Null ***
Description: An error occurred during the Execution
+--- --- ---+
Stack Trace:
+--- --- ---+
game.modules.gameRoom.config.HuVangConfig.getGameConfig(HuVangConfig.java:145)
game.modules.gameRoom.config.HuVangConfig.getConfigCurrentGame(HuVangConfig.java:163)
game.modules.gameRoom.entities.ThongTinHuVang.addMoneyInLoop(ThongTinHuVang.java:47)
game.modules.gameRoom.GameRoomModule.gameRoomLoop(GameRoomModule.java:113)
game.modules.gameRoom.GameRoomModule.access$100(GameRoomModule.java:102)
game.modules.gameRoom.GameRoomModule$GameLoopTask.run(GameRoomModule.java:724)
java.util.concurrent.Executors$RunnableAdapter.call(Executors.java:511)
java.util.concurrent.FutureTask.runAndReset(FutureTask.java:308)
java.util.concurrent.ScheduledThreadPoolExecutor$ScheduledFutureTask.access$301(ScheduledThreadPoolExecutor.java:180)
java.util.concurrent.ScheduledThreadPoolExecutor$ScheduledFutureTask.run(ScheduledThreadPoolExecutor.java:294)
java.util.concurrent.ThreadPoolExecutor.runWorker(ThreadPoolExecutor.java:1149)
java.util.concurrent.ThreadPoolExecutor$Worker.run(ThreadPoolExecutor.java:624)
java.lang.Thread.run(Thread.java:750)
::::::::::::::::::::::::::::::::::::::::::::::::::::::::::::::::::::::

14 Oct 2023 00:21:42,411 ERROR [pool-2-thread-6] debug - 
::::::::::::::::::::::::::::::::::::::::::::::::::::::::::::::::::::::
Exception: java.lang.NullPointerException
Message: *** Null ***
Description: An error occurred during the Execution
+--- --- ---+
Stack Trace:
+--- --- ---+
game.modules.gameRoom.config.HuVangConfig.getGameConfig(HuVangConfig.java:145)
game.modules.gameRoom.config.HuVangConfig.getConfigCurrentGame(HuVangConfig.java:163)
game.modules.gameRoom.entities.ThongTinHuVang.addMoneyInLoop(ThongTinHuVang.java:47)
game.modules.gameRoom.GameRoomModule.gameRoomLoop(GameRoomModule.java:113)
game.modules.gameRoom.GameRoomModule.access$100(GameRoomModule.java:102)
game.modules.gameRoom.GameRoomModule$GameLoopTask.run(GameRoomModule.java:724)
java.util.concurrent.Executors$RunnableAdapter.call(Executors.java:511)
java.util.concurrent.FutureTask.runAndReset(FutureTask.java:308)
java.util.concurrent.ScheduledThreadPoolExecutor$ScheduledFutureTask.access$301(ScheduledThreadPoolExecutor.java:180)
java.util.concurrent.ScheduledThreadPoolExecutor$ScheduledFutureTask.run(ScheduledThreadPoolExecutor.java:294)
java.util.concurrent.ThreadPoolExecutor.runWorker(ThreadPoolExecutor.java:1149)
java.util.concurrent.ThreadPoolExecutor$Worker.run(ThreadPoolExecutor.java:624)
java.lang.Thread.run(Thread.java:750)
::::::::::::::::::::::::::::::::::::::::::::::::::::::::::::::::::::::

14 Oct 2023 00:22:42,411 ERROR [pool-2-thread-2] debug - 
::::::::::::::::::::::::::::::::::::::::::::::::::::::::::::::::::::::
Exception: java.lang.NullPointerException
Message: *** Null ***
Description: An error occurred during the Execution
+--- --- ---+
Stack Trace:
+--- --- ---+
game.modules.gameRoom.config.HuVangConfig.getGameConfig(HuVangConfig.java:145)
game.modules.gameRoom.config.HuVangConfig.getConfigCurrentGame(HuVangConfig.java:163)
game.modules.gameRoom.entities.ThongTinHuVang.addMoneyInLoop(ThongTinHuVang.java:47)
game.modules.gameRoom.GameRoomModule.gameRoomLoop(GameRoomModule.java:113)
game.modules.gameRoom.GameRoomModule.access$100(GameRoomModule.java:102)
game.modules.gameRoom.GameRoomModule$GameLoopTask.run(GameRoomModule.java:724)
java.util.concurrent.Executors$RunnableAdapter.call(Executors.java:511)
java.util.concurrent.FutureTask.runAndReset(FutureTask.java:308)
java.util.concurrent.ScheduledThreadPoolExecutor$ScheduledFutureTask.access$301(ScheduledThreadPoolExecutor.java:180)
java.util.concurrent.ScheduledThreadPoolExecutor$ScheduledFutureTask.run(ScheduledThreadPoolExecutor.java:294)
java.util.concurrent.ThreadPoolExecutor.runWorker(ThreadPoolExecutor.java:1149)
java.util.concurrent.ThreadPoolExecutor$Worker.run(ThreadPoolExecutor.java:624)
java.lang.Thread.run(Thread.java:750)
::::::::::::::::::::::::::::::::::::::::::::::::::::::::::::::::::::::

14 Oct 2023 00:23:42,411 ERROR [pool-2-thread-10] debug - 
::::::::::::::::::::::::::::::::::::::::::::::::::::::::::::::::::::::
Exception: java.lang.NullPointerException
Message: *** Null ***
Description: An error occurred during the Execution
+--- --- ---+
Stack Trace:
+--- --- ---+
game.modules.gameRoom.config.HuVangConfig.getGameConfig(HuVangConfig.java:145)
game.modules.gameRoom.config.HuVangConfig.getConfigCurrentGame(HuVangConfig.java:163)
game.modules.gameRoom.entities.ThongTinHuVang.addMoneyInLoop(ThongTinHuVang.java:47)
game.modules.gameRoom.GameRoomModule.gameRoomLoop(GameRoomModule.java:113)
game.modules.gameRoom.GameRoomModule.access$100(GameRoomModule.java:102)
game.modules.gameRoom.GameRoomModule$GameLoopTask.run(GameRoomModule.java:724)
java.util.concurrent.Executors$RunnableAdapter.call(Executors.java:511)
java.util.concurrent.FutureTask.runAndReset(FutureTask.java:308)
java.util.concurrent.ScheduledThreadPoolExecutor$ScheduledFutureTask.access$301(ScheduledThreadPoolExecutor.java:180)
java.util.concurrent.ScheduledThreadPoolExecutor$ScheduledFutureTask.run(ScheduledThreadPoolExecutor.java:294)
java.util.concurrent.ThreadPoolExecutor.runWorker(ThreadPoolExecutor.java:1149)
java.util.concurrent.ThreadPoolExecutor$Worker.run(ThreadPoolExecutor.java:624)
java.lang.Thread.run(Thread.java:750)
::::::::::::::::::::::::::::::::::::::::::::::::::::::::::::::::::::::

14 Oct 2023 00:24:42,411 ERROR [pool-2-thread-10] debug - 
::::::::::::::::::::::::::::::::::::::::::::::::::::::::::::::::::::::
Exception: java.lang.NullPointerException
Message: *** Null ***
Description: An error occurred during the Execution
+--- --- ---+
Stack Trace:
+--- --- ---+
game.modules.gameRoom.config.HuVangConfig.getGameConfig(HuVangConfig.java:145)
game.modules.gameRoom.config.HuVangConfig.getConfigCurrentGame(HuVangConfig.java:163)
game.modules.gameRoom.entities.ThongTinHuVang.addMoneyInLoop(ThongTinHuVang.java:47)
game.modules.gameRoom.GameRoomModule.gameRoomLoop(GameRoomModule.java:113)
game.modules.gameRoom.GameRoomModule.access$100(GameRoomModule.java:102)
game.modules.gameRoom.GameRoomModule$GameLoopTask.run(GameRoomModule.java:724)
java.util.concurrent.Executors$RunnableAdapter.call(Executors.java:511)
java.util.concurrent.FutureTask.runAndReset(FutureTask.java:308)
java.util.concurrent.ScheduledThreadPoolExecutor$ScheduledFutureTask.access$301(ScheduledThreadPoolExecutor.java:180)
java.util.concurrent.ScheduledThreadPoolExecutor$ScheduledFutureTask.run(ScheduledThreadPoolExecutor.java:294)
java.util.concurrent.ThreadPoolExecutor.runWorker(ThreadPoolExecutor.java:1149)
java.util.concurrent.ThreadPoolExecutor$Worker.run(ThreadPoolExecutor.java:624)
java.lang.Thread.run(Thread.java:750)
::::::::::::::::::::::::::::::::::::::::::::::::::::::::::::::::::::::

14 Oct 2023 00:25:42,411 ERROR [pool-2-thread-8] debug - 
::::::::::::::::::::::::::::::::::::::::::::::::::::::::::::::::::::::
Exception: java.lang.NullPointerException
Message: *** Null ***
Description: An error occurred during the Execution
+--- --- ---+
Stack Trace:
+--- --- ---+
game.modules.gameRoom.config.HuVangConfig.getGameConfig(HuVangConfig.java:145)
game.modules.gameRoom.config.HuVangConfig.getConfigCurrentGame(HuVangConfig.java:163)
game.modules.gameRoom.entities.ThongTinHuVang.addMoneyInLoop(ThongTinHuVang.java:47)
game.modules.gameRoom.GameRoomModule.gameRoomLoop(GameRoomModule.java:113)
game.modules.gameRoom.GameRoomModule.access$100(GameRoomModule.java:102)
game.modules.gameRoom.GameRoomModule$GameLoopTask.run(GameRoomModule.java:724)
java.util.concurrent.Executors$RunnableAdapter.call(Executors.java:511)
java.util.concurrent.FutureTask.runAndReset(FutureTask.java:308)
java.util.concurrent.ScheduledThreadPoolExecutor$ScheduledFutureTask.access$301(ScheduledThreadPoolExecutor.java:180)
java.util.concurrent.ScheduledThreadPoolExecutor$ScheduledFutureTask.run(ScheduledThreadPoolExecutor.java:294)
java.util.concurrent.ThreadPoolExecutor.runWorker(ThreadPoolExecutor.java:1149)
java.util.concurrent.ThreadPoolExecutor$Worker.run(ThreadPoolExecutor.java:624)
java.lang.Thread.run(Thread.java:750)
::::::::::::::::::::::::::::::::::::::::::::::::::::::::::::::::::::::

14 Oct 2023 00:26:42,411 ERROR [pool-2-thread-8] debug - 
::::::::::::::::::::::::::::::::::::::::::::::::::::::::::::::::::::::
Exception: java.lang.NullPointerException
Message: *** Null ***
Description: An error occurred during the Execution
+--- --- ---+
Stack Trace:
+--- --- ---+
game.modules.gameRoom.config.HuVangConfig.getGameConfig(HuVangConfig.java:145)
game.modules.gameRoom.config.HuVangConfig.getConfigCurrentGame(HuVangConfig.java:163)
game.modules.gameRoom.entities.ThongTinHuVang.addMoneyInLoop(ThongTinHuVang.java:47)
game.modules.gameRoom.GameRoomModule.gameRoomLoop(GameRoomModule.java:113)
game.modules.gameRoom.GameRoomModule.access$100(GameRoomModule.java:102)
game.modules.gameRoom.GameRoomModule$GameLoopTask.run(GameRoomModule.java:724)
java.util.concurrent.Executors$RunnableAdapter.call(Executors.java:511)
java.util.concurrent.FutureTask.runAndReset(FutureTask.java:308)
java.util.concurrent.ScheduledThreadPoolExecutor$ScheduledFutureTask.access$301(ScheduledThreadPoolExecutor.java:180)
java.util.concurrent.ScheduledThreadPoolExecutor$ScheduledFutureTask.run(ScheduledThreadPoolExecutor.java:294)
java.util.concurrent.ThreadPoolExecutor.runWorker(ThreadPoolExecutor.java:1149)
java.util.concurrent.ThreadPoolExecutor$Worker.run(ThreadPoolExecutor.java:624)
java.lang.Thread.run(Thread.java:750)
::::::::::::::::::::::::::::::::::::::::::::::::::::::::::::::::::::::

14 Oct 2023 00:27:42,411 ERROR [pool-2-thread-1] debug - 
::::::::::::::::::::::::::::::::::::::::::::::::::::::::::::::::::::::
Exception: java.lang.NullPointerException
Message: *** Null ***
Description: An error occurred during the Execution
+--- --- ---+
Stack Trace:
+--- --- ---+
game.modules.gameRoom.config.HuVangConfig.getGameConfig(HuVangConfig.java:145)
game.modules.gameRoom.config.HuVangConfig.getConfigCurrentGame(HuVangConfig.java:163)
game.modules.gameRoom.entities.ThongTinHuVang.addMoneyInLoop(ThongTinHuVang.java:47)
game.modules.gameRoom.GameRoomModule.gameRoomLoop(GameRoomModule.java:113)
game.modules.gameRoom.GameRoomModule.access$100(GameRoomModule.java:102)
game.modules.gameRoom.GameRoomModule$GameLoopTask.run(GameRoomModule.java:724)
java.util.concurrent.Executors$RunnableAdapter.call(Executors.java:511)
java.util.concurrent.FutureTask.runAndReset(FutureTask.java:308)
java.util.concurrent.ScheduledThreadPoolExecutor$ScheduledFutureTask.access$301(ScheduledThreadPoolExecutor.java:180)
java.util.concurrent.ScheduledThreadPoolExecutor$ScheduledFutureTask.run(ScheduledThreadPoolExecutor.java:294)
java.util.concurrent.ThreadPoolExecutor.runWorker(ThreadPoolExecutor.java:1149)
java.util.concurrent.ThreadPoolExecutor$Worker.run(ThreadPoolExecutor.java:624)
java.lang.Thread.run(Thread.java:750)
::::::::::::::::::::::::::::::::::::::::::::::::::::::::::::::::::::::

