14 Oct 2023 00:00:20,606 DEBUG [pool-2-thread-3] server.util.TaskScheduler - generateDices: [S@7ccdde5b
14 Oct 2023 00:00:24,606 DEBUG [pool-2-thread-10] server.util.TaskScheduler - Task scheduled: game.modules.minigame.TaiXiuModule$CalculatingTaiXiuPrize@2cf7a4c8, 1 SECONDS
14 Oct 2023 00:00:24,606 DEBUG [pool-2-thread-10] server.util.TaskScheduler - Task scheduled: game.modules.minigame.TaiXiuModule$CalculatingTaiXiuPrize@63c113e9, 1 SECONDS
14 Oct 2023 00:00:24,637 DEBUG [pool-2-thread-9] server.util.TaskScheduler - Task scheduled: game.modules.minigame.TaiXiuMD5Module$CalculatingTaiXiuPrize@7d8f815b, 1 SECONDS
14 Oct 2023 00:00:25,637 DEBUG [pool-2-thread-5] server.util.TaskScheduler - calculatePrize MD5
14 Oct 2023 00:00:34,637 DEBUG [pool-2-thread-3] server.util.TaskScheduler - generateDices: [S@52ad69db
14 Oct 2023 00:01:25,606 DEBUG [pool-2-thread-4] server.util.TaskScheduler - generateDices: [S@1639b762
14 Oct 2023 00:01:29,606 DEBUG [pool-2-thread-10] server.util.TaskScheduler - Task scheduled: game.modules.minigame.TaiXiuModule$CalculatingTaiXiuPrize@2cf7a4c8, 1 SECONDS
14 Oct 2023 00:01:29,606 DEBUG [pool-2-thread-10] server.util.TaskScheduler - Task scheduled: game.modules.minigame.TaiXiuModule$CalculatingTaiXiuPrize@63c113e9, 1 SECONDS
14 Oct 2023 00:01:29,637 DEBUG [pool-2-thread-7] server.util.TaskScheduler - Task scheduled: game.modules.minigame.TaiXiuMD5Module$CalculatingTaiXiuPrize@7d8f815b, 1 SECONDS
14 Oct 2023 00:01:30,637 DEBUG [pool-2-thread-7] server.util.TaskScheduler - calculatePrize MD5
14 Oct 2023 00:01:39,637 DEBUG [pool-2-thread-10] server.util.TaskScheduler - generateDices: [S@7092a576
14 Oct 2023 00:01:39,953 DEBUG [pool-2-thread-9] server.util.TaskScheduler - Task scheduled: game.modules.minigame.CaoThapModule$BotDailyTask@584f54e6, 86400 SECONDS
14 Oct 2023 00:01:39,953 DEBUG [pool-2-thread-9] server.util.TaskScheduler - Task scheduled: game.modules.minigame.CaoThapModule$BotTask@2c7fd667, 59619 SECONDS
14 Oct 2023 00:01:39,953 DEBUG [pool-2-thread-9] server.util.TaskScheduler - Task scheduled: game.modules.minigame.CaoThapModule$BotTask@37d948fb, 27590 SECONDS
14 Oct 2023 00:01:39,953 DEBUG [pool-2-thread-9] server.util.TaskScheduler - Task scheduled: game.modules.minigame.CaoThapModule$BotTask@4c2fe10c, 37484 SECONDS
14 Oct 2023 00:01:39,953 DEBUG [pool-2-thread-9] server.util.TaskScheduler - Task scheduled: game.modules.minigame.CaoThapModule$BotTask@9b3df48, 79718 SECONDS
14 Oct 2023 00:01:39,953 DEBUG [pool-2-thread-9] server.util.TaskScheduler - Task scheduled: game.modules.minigame.CaoThapModule$BotTask@5badecf7, 61995 SECONDS
14 Oct 2023 00:02:30,606 DEBUG [pool-2-thread-8] server.util.TaskScheduler - generateDices: [S@314013a7
14 Oct 2023 00:02:34,606 DEBUG [pool-2-thread-8] server.util.TaskScheduler - Task scheduled: game.modules.minigame.TaiXiuModule$CalculatingTaiXiuPrize@2cf7a4c8, 1 SECONDS
14 Oct 2023 00:02:34,606 DEBUG [pool-2-thread-8] server.util.TaskScheduler - Task scheduled: game.modules.minigame.TaiXiuModule$CalculatingTaiXiuPrize@63c113e9, 1 SECONDS
14 Oct 2023 00:02:34,637 DEBUG [pool-2-thread-3] server.util.TaskScheduler - Task scheduled: game.modules.minigame.TaiXiuMD5Module$CalculatingTaiXiuPrize@7d8f815b, 1 SECONDS
14 Oct 2023 00:02:35,637 DEBUG [pool-2-thread-10] server.util.TaskScheduler - calculatePrize MD5
14 Oct 2023 00:02:44,637 DEBUG [pool-2-thread-5] server.util.TaskScheduler - generateDices: [S@2c99c219
14 Oct 2023 00:03:35,606 DEBUG [pool-2-thread-3] server.util.TaskScheduler - generateDices: [S@7d76b431
14 Oct 2023 00:03:39,606 DEBUG [pool-2-thread-9] server.util.TaskScheduler - Task scheduled: game.modules.minigame.TaiXiuModule$CalculatingTaiXiuPrize@2cf7a4c8, 1 SECONDS
14 Oct 2023 00:03:39,606 DEBUG [pool-2-thread-9] server.util.TaskScheduler - Task scheduled: game.modules.minigame.TaiXiuModule$CalculatingTaiXiuPrize@63c113e9, 1 SECONDS
14 Oct 2023 00:03:39,637 DEBUG [pool-2-thread-7] server.util.TaskScheduler - Task scheduled: game.modules.minigame.TaiXiuMD5Module$CalculatingTaiXiuPrize@7d8f815b, 1 SECONDS
14 Oct 2023 00:03:40,637 DEBUG [pool-2-thread-5] server.util.TaskScheduler - calculatePrize MD5
14 Oct 2023 00:03:49,637 DEBUG [pool-2-thread-6] server.util.TaskScheduler - generateDices: [S@21158153
14 Oct 2023 00:04:04,378 DEBUG [pool-2-thread-5] entities.managers.BZBannedUserManager - Ban User data autosave done in 2ms.
14 Oct 2023 00:04:40,606 DEBUG [pool-2-thread-2] server.util.TaskScheduler - generateDices: [S@5e2cdccb
14 Oct 2023 00:04:44,606 DEBUG [pool-2-thread-4] server.util.TaskScheduler - Task scheduled: game.modules.minigame.TaiXiuModule$CalculatingTaiXiuPrize@2cf7a4c8, 1 SECONDS
14 Oct 2023 00:04:44,606 DEBUG [pool-2-thread-4] server.util.TaskScheduler - Task scheduled: game.modules.minigame.TaiXiuModule$CalculatingTaiXiuPrize@63c113e9, 1 SECONDS
14 Oct 2023 00:04:44,637 DEBUG [pool-2-thread-2] server.util.TaskScheduler - Task scheduled: game.modules.minigame.TaiXiuMD5Module$CalculatingTaiXiuPrize@7d8f815b, 1 SECONDS
14 Oct 2023 00:04:45,637 DEBUG [pool-2-thread-2] server.util.TaskScheduler - calculatePrize MD5
14 Oct 2023 00:04:54,637 DEBUG [pool-2-thread-3] server.util.TaskScheduler - generateDices: [S@180afced
14 Oct 2023 00:05:45,606 DEBUG [pool-2-thread-8] server.util.TaskScheduler - generateDices: [S@54f4e8dd
14 Oct 2023 00:05:49,606 DEBUG [pool-2-thread-10] server.util.TaskScheduler - Task scheduled: game.modules.minigame.TaiXiuModule$CalculatingTaiXiuPrize@2cf7a4c8, 1 SECONDS
14 Oct 2023 00:05:49,606 DEBUG [pool-2-thread-10] server.util.TaskScheduler - Task scheduled: game.modules.minigame.TaiXiuModule$CalculatingTaiXiuPrize@63c113e9, 1 SECONDS
14 Oct 2023 00:05:49,637 DEBUG [pool-2-thread-2] server.util.TaskScheduler - Task scheduled: game.modules.minigame.TaiXiuMD5Module$CalculatingTaiXiuPrize@7d8f815b, 1 SECONDS
14 Oct 2023 00:05:50,637 DEBUG [pool-2-thread-3] server.util.TaskScheduler - calculatePrize MD5
14 Oct 2023 00:05:59,637 DEBUG [pool-2-thread-6] server.util.TaskScheduler - generateDices: [S@31f16e80
14 Oct 2023 00:06:50,606 DEBUG [pool-2-thread-3] server.util.TaskScheduler - generateDices: [S@4b6a3e4c
14 Oct 2023 00:06:54,606 DEBUG [pool-2-thread-7] server.util.TaskScheduler - Task scheduled: game.modules.minigame.TaiXiuModule$CalculatingTaiXiuPrize@2cf7a4c8, 1 SECONDS
14 Oct 2023 00:06:54,606 DEBUG [pool-2-thread-7] server.util.TaskScheduler - Task scheduled: game.modules.minigame.TaiXiuModule$CalculatingTaiXiuPrize@63c113e9, 1 SECONDS
14 Oct 2023 00:06:54,637 DEBUG [pool-2-thread-3] server.util.TaskScheduler - Task scheduled: game.modules.minigame.TaiXiuMD5Module$CalculatingTaiXiuPrize@7d8f815b, 1 SECONDS
14 Oct 2023 00:06:55,637 DEBUG [pool-2-thread-2] server.util.TaskScheduler - calculatePrize MD5
14 Oct 2023 00:07:04,637 DEBUG [pool-2-thread-8] server.util.TaskScheduler - generateDices: [S@574fb44d
14 Oct 2023 00:07:55,606 DEBUG [pool-2-thread-10] server.util.TaskScheduler - generateDices: [S@41db39c6
14 Oct 2023 00:07:59,606 DEBUG [pool-2-thread-8] server.util.TaskScheduler - Task scheduled: game.modules.minigame.TaiXiuModule$CalculatingTaiXiuPrize@2cf7a4c8, 1 SECONDS
14 Oct 2023 00:07:59,606 DEBUG [pool-2-thread-8] server.util.TaskScheduler - Task scheduled: game.modules.minigame.TaiXiuModule$CalculatingTaiXiuPrize@63c113e9, 1 SECONDS
14 Oct 2023 00:07:59,637 DEBUG [pool-2-thread-2] server.util.TaskScheduler - Task scheduled: game.modules.minigame.TaiXiuMD5Module$CalculatingTaiXiuPrize@7d8f815b, 1 SECONDS
14 Oct 2023 00:08:00,637 DEBUG [pool-2-thread-9] server.util.TaskScheduler - calculatePrize MD5
14 Oct 2023 00:08:09,637 DEBUG [pool-2-thread-10] server.util.TaskScheduler - generateDices: [S@547ddad3
14 Oct 2023 00:09:00,606 DEBUG [pool-2-thread-4] server.util.TaskScheduler - generateDices: [S@2b9d5a49
14 Oct 2023 00:09:04,606 DEBUG [pool-2-thread-3] server.util.TaskScheduler - Task scheduled: game.modules.minigame.TaiXiuModule$CalculatingTaiXiuPrize@2cf7a4c8, 1 SECONDS
14 Oct 2023 00:09:04,606 DEBUG [pool-2-thread-3] server.util.TaskScheduler - Task scheduled: game.modules.minigame.TaiXiuModule$CalculatingTaiXiuPrize@63c113e9, 1 SECONDS
14 Oct 2023 00:09:04,637 DEBUG [pool-2-thread-10] server.util.TaskScheduler - Task scheduled: game.modules.minigame.TaiXiuMD5Module$CalculatingTaiXiuPrize@7d8f815b, 1 SECONDS
14 Oct 2023 00:09:05,637 DEBUG [pool-2-thread-6] server.util.TaskScheduler - calculatePrize MD5
14 Oct 2023 00:09:14,637 DEBUG [pool-2-thread-9] server.util.TaskScheduler - generateDices: [S@4bdb02f8
14 Oct 2023 00:10:05,606 DEBUG [pool-2-thread-6] server.util.TaskScheduler - generateDices: [S@6bf67314
14 Oct 2023 00:10:09,606 DEBUG [pool-2-thread-2] server.util.TaskScheduler - Task scheduled: game.modules.minigame.TaiXiuModule$CalculatingTaiXiuPrize@2cf7a4c8, 1 SECONDS
14 Oct 2023 00:10:09,606 DEBUG [pool-2-thread-2] server.util.TaskScheduler - Task scheduled: game.modules.minigame.TaiXiuModule$CalculatingTaiXiuPrize@63c113e9, 1 SECONDS
14 Oct 2023 00:10:09,637 DEBUG [pool-2-thread-6] server.util.TaskScheduler - Task scheduled: game.modules.minigame.TaiXiuMD5Module$CalculatingTaiXiuPrize@7d8f815b, 1 SECONDS
14 Oct 2023 00:10:10,637 DEBUG [pool-2-thread-6] server.util.TaskScheduler - calculatePrize MD5
14 Oct 2023 00:10:19,637 DEBUG [pool-2-thread-6] server.util.TaskScheduler - generateDices: [S@28dde02
14 Oct 2023 00:11:10,606 DEBUG [pool-2-thread-10] server.util.TaskScheduler - generateDices: [S@1c8c8e9a
14 Oct 2023 00:11:14,606 DEBUG [pool-2-thread-7] server.util.TaskScheduler - Task scheduled: game.modules.minigame.TaiXiuModule$CalculatingTaiXiuPrize@2cf7a4c8, 1 SECONDS
14 Oct 2023 00:11:14,606 DEBUG [pool-2-thread-7] server.util.TaskScheduler - Task scheduled: game.modules.minigame.TaiXiuModule$CalculatingTaiXiuPrize@63c113e9, 1 SECONDS
14 Oct 2023 00:11:14,637 DEBUG [pool-2-thread-3] server.util.TaskScheduler - Task scheduled: game.modules.minigame.TaiXiuMD5Module$CalculatingTaiXiuPrize@7d8f815b, 1 SECONDS
14 Oct 2023 00:11:15,637 DEBUG [pool-2-thread-3] server.util.TaskScheduler - calculatePrize MD5
14 Oct 2023 00:11:24,637 DEBUG [pool-2-thread-9] server.util.TaskScheduler - generateDices: [S@14b724d9
14 Oct 2023 00:12:15,606 DEBUG [pool-2-thread-10] server.util.TaskScheduler - generateDices: [S@21ce9147
14 Oct 2023 00:12:19,606 DEBUG [pool-2-thread-4] server.util.TaskScheduler - Task scheduled: game.modules.minigame.TaiXiuModule$CalculatingTaiXiuPrize@2cf7a4c8, 1 SECONDS
14 Oct 2023 00:12:19,606 DEBUG [pool-2-thread-4] server.util.TaskScheduler - Task scheduled: game.modules.minigame.TaiXiuModule$CalculatingTaiXiuPrize@63c113e9, 1 SECONDS
14 Oct 2023 00:12:19,637 DEBUG [pool-2-thread-8] server.util.TaskScheduler - Task scheduled: game.modules.minigame.TaiXiuMD5Module$CalculatingTaiXiuPrize@7d8f815b, 1 SECONDS
14 Oct 2023 00:12:20,637 DEBUG [pool-2-thread-5] server.util.TaskScheduler - calculatePrize MD5
14 Oct 2023 00:12:29,637 DEBUG [pool-2-thread-8] server.util.TaskScheduler - generateDices: [S@3fb53ab7
14 Oct 2023 00:13:20,606 DEBUG [pool-2-thread-4] server.util.TaskScheduler - generateDices: [S@4ebcc14d
14 Oct 2023 00:13:24,606 DEBUG [pool-2-thread-8] server.util.TaskScheduler - Task scheduled: game.modules.minigame.TaiXiuModule$CalculatingTaiXiuPrize@2cf7a4c8, 1 SECONDS
14 Oct 2023 00:13:24,606 DEBUG [pool-2-thread-8] server.util.TaskScheduler - Task scheduled: game.modules.minigame.TaiXiuModule$CalculatingTaiXiuPrize@63c113e9, 1 SECONDS
14 Oct 2023 00:13:24,637 DEBUG [pool-2-thread-9] server.util.TaskScheduler - Task scheduled: game.modules.minigame.TaiXiuMD5Module$CalculatingTaiXiuPrize@7d8f815b, 1 SECONDS
14 Oct 2023 00:13:25,637 DEBUG [pool-2-thread-9] server.util.TaskScheduler - calculatePrize MD5
14 Oct 2023 00:13:34,637 DEBUG [pool-2-thread-7] server.util.TaskScheduler - generateDices: [S@256a234c
14 Oct 2023 00:14:25,606 DEBUG [pool-2-thread-7] server.util.TaskScheduler - generateDices: [S@2dbc5f77
14 Oct 2023 00:14:29,606 DEBUG [pool-2-thread-8] server.util.TaskScheduler - Task scheduled: game.modules.minigame.TaiXiuModule$CalculatingTaiXiuPrize@2cf7a4c8, 1 SECONDS
14 Oct 2023 00:14:29,606 DEBUG [pool-2-thread-8] server.util.TaskScheduler - Task scheduled: game.modules.minigame.TaiXiuModule$CalculatingTaiXiuPrize@63c113e9, 1 SECONDS
14 Oct 2023 00:14:29,637 DEBUG [pool-2-thread-10] server.util.TaskScheduler - Task scheduled: game.modules.minigame.TaiXiuMD5Module$CalculatingTaiXiuPrize@7d8f815b, 1 SECONDS
14 Oct 2023 00:14:30,637 DEBUG [pool-2-thread-2] server.util.TaskScheduler - calculatePrize MD5
14 Oct 2023 00:14:39,637 DEBUG [pool-2-thread-8] server.util.TaskScheduler - generateDices: [S@164a1bd9
14 Oct 2023 00:15:30,606 DEBUG [pool-2-thread-10] server.util.TaskScheduler - generateDices: [S@64049938
14 Oct 2023 00:15:34,606 DEBUG [pool-2-thread-9] server.util.TaskScheduler - Task scheduled: game.modules.minigame.TaiXiuModule$CalculatingTaiXiuPrize@2cf7a4c8, 1 SECONDS
14 Oct 2023 00:15:34,606 DEBUG [pool-2-thread-9] server.util.TaskScheduler - Task scheduled: game.modules.minigame.TaiXiuModule$CalculatingTaiXiuPrize@63c113e9, 1 SECONDS
14 Oct 2023 00:15:34,637 DEBUG [pool-2-thread-5] server.util.TaskScheduler - Task scheduled: game.modules.minigame.TaiXiuMD5Module$CalculatingTaiXiuPrize@7d8f815b, 1 SECONDS
14 Oct 2023 00:15:35,637 DEBUG [pool-2-thread-5] server.util.TaskScheduler - calculatePrize MD5
14 Oct 2023 00:15:44,637 DEBUG [pool-2-thread-4] server.util.TaskScheduler - generateDices: [S@37fe417d
14 Oct 2023 00:16:35,606 DEBUG [pool-2-thread-2] server.util.TaskScheduler - generateDices: [S@c27eb55
14 Oct 2023 00:16:39,606 DEBUG [pool-2-thread-3] server.util.TaskScheduler - Task scheduled: game.modules.minigame.TaiXiuModule$CalculatingTaiXiuPrize@2cf7a4c8, 1 SECONDS
14 Oct 2023 00:16:39,606 DEBUG [pool-2-thread-3] server.util.TaskScheduler - Task scheduled: game.modules.minigame.TaiXiuModule$CalculatingTaiXiuPrize@63c113e9, 1 SECONDS
14 Oct 2023 00:16:39,637 DEBUG [pool-2-thread-5] server.util.TaskScheduler - Task scheduled: game.modules.minigame.TaiXiuMD5Module$CalculatingTaiXiuPrize@7d8f815b, 1 SECONDS
14 Oct 2023 00:16:40,637 DEBUG [pool-2-thread-10] server.util.TaskScheduler - calculatePrize MD5
14 Oct 2023 00:16:49,637 DEBUG [pool-2-thread-5] server.util.TaskScheduler - generateDices: [S@50f90b9b
14 Oct 2023 00:17:40,606 DEBUG [pool-2-thread-7] server.util.TaskScheduler - generateDices: [S@456b618b
14 Oct 2023 00:17:44,606 DEBUG [pool-2-thread-3] server.util.TaskScheduler - Task scheduled: game.modules.minigame.TaiXiuModule$CalculatingTaiXiuPrize@2cf7a4c8, 1 SECONDS
14 Oct 2023 00:17:44,606 DEBUG [pool-2-thread-3] server.util.TaskScheduler - Task scheduled: game.modules.minigame.TaiXiuModule$CalculatingTaiXiuPrize@63c113e9, 1 SECONDS
14 Oct 2023 00:17:44,637 DEBUG [pool-2-thread-7] server.util.TaskScheduler - Task scheduled: game.modules.minigame.TaiXiuMD5Module$CalculatingTaiXiuPrize@7d8f815b, 1 SECONDS
14 Oct 2023 00:17:45,637 DEBUG [pool-2-thread-6] server.util.TaskScheduler - calculatePrize MD5
14 Oct 2023 00:17:54,637 DEBUG [pool-2-thread-9] server.util.TaskScheduler - generateDices: [S@53295dba
14 Oct 2023 00:18:45,606 DEBUG [pool-2-thread-9] server.util.TaskScheduler - generateDices: [S@13c465e4
14 Oct 2023 00:18:49,606 DEBUG [pool-2-thread-5] server.util.TaskScheduler - Task scheduled: game.modules.minigame.TaiXiuModule$CalculatingTaiXiuPrize@2cf7a4c8, 1 SECONDS
14 Oct 2023 00:18:49,606 DEBUG [pool-2-thread-5] server.util.TaskScheduler - Task scheduled: game.modules.minigame.TaiXiuModule$CalculatingTaiXiuPrize@63c113e9, 1 SECONDS
14 Oct 2023 00:18:49,637 DEBUG [pool-2-thread-8] server.util.TaskScheduler - Task scheduled: game.modules.minigame.TaiXiuMD5Module$CalculatingTaiXiuPrize@7d8f815b, 1 SECONDS
14 Oct 2023 00:18:50,637 DEBUG [pool-2-thread-8] server.util.TaskScheduler - calculatePrize MD5
14 Oct 2023 00:18:59,637 DEBUG [pool-2-thread-2] server.util.TaskScheduler - generateDices: [S@35b190ce
14 Oct 2023 00:19:50,606 DEBUG [pool-2-thread-10] server.util.TaskScheduler - generateDices: [S@3af04da
14 Oct 2023 00:19:54,606 DEBUG [pool-2-thread-9] server.util.TaskScheduler - Task scheduled: game.modules.minigame.TaiXiuModule$CalculatingTaiXiuPrize@2cf7a4c8, 1 SECONDS
14 Oct 2023 00:19:54,606 DEBUG [pool-2-thread-9] server.util.TaskScheduler - Task scheduled: game.modules.minigame.TaiXiuModule$CalculatingTaiXiuPrize@63c113e9, 1 SECONDS
14 Oct 2023 00:19:54,637 DEBUG [pool-2-thread-10] server.util.TaskScheduler - Task scheduled: game.modules.minigame.TaiXiuMD5Module$CalculatingTaiXiuPrize@7d8f815b, 1 SECONDS
14 Oct 2023 00:19:55,637 DEBUG [pool-2-thread-4] server.util.TaskScheduler - calculatePrize MD5
14 Oct 2023 00:20:04,637 DEBUG [pool-2-thread-3] server.util.TaskScheduler - generateDices: [S@1aa92f31
14 Oct 2023 00:20:55,606 DEBUG [pool-2-thread-3] server.util.TaskScheduler - generateDices: [S@166baecd
14 Oct 2023 00:20:59,606 DEBUG [pool-2-thread-8] server.util.TaskScheduler - Task scheduled: game.modules.minigame.TaiXiuModule$CalculatingTaiXiuPrize@2cf7a4c8, 1 SECONDS
14 Oct 2023 00:20:59,606 DEBUG [pool-2-thread-8] server.util.TaskScheduler - Task scheduled: game.modules.minigame.TaiXiuModule$CalculatingTaiXiuPrize@63c113e9, 1 SECONDS
14 Oct 2023 00:20:59,637 DEBUG [pool-2-thread-10] server.util.TaskScheduler - Task scheduled: game.modules.minigame.TaiXiuMD5Module$CalculatingTaiXiuPrize@7d8f815b, 1 SECONDS
14 Oct 2023 00:21:00,637 DEBUG [pool-2-thread-10] server.util.TaskScheduler - calculatePrize MD5
14 Oct 2023 00:21:09,637 DEBUG [pool-2-thread-4] server.util.TaskScheduler - generateDices: [S@404bcfcf
14 Oct 2023 00:22:00,606 DEBUG [pool-2-thread-8] server.util.TaskScheduler - generateDices: [S@7e50b3e3
14 Oct 2023 00:22:04,606 DEBUG [pool-2-thread-6] server.util.TaskScheduler - Task scheduled: game.modules.minigame.TaiXiuModule$CalculatingTaiXiuPrize@2cf7a4c8, 1 SECONDS
14 Oct 2023 00:22:04,606 DEBUG [pool-2-thread-6] server.util.TaskScheduler - Task scheduled: game.modules.minigame.TaiXiuModule$CalculatingTaiXiuPrize@63c113e9, 1 SECONDS
14 Oct 2023 00:22:04,637 DEBUG [pool-2-thread-3] server.util.TaskScheduler - Task scheduled: game.modules.minigame.TaiXiuMD5Module$CalculatingTaiXiuPrize@7d8f815b, 1 SECONDS
14 Oct 2023 00:22:05,637 DEBUG [pool-2-thread-10] server.util.TaskScheduler - calculatePrize MD5
14 Oct 2023 00:22:14,637 DEBUG [pool-2-thread-8] server.util.TaskScheduler - generateDices: [S@6e56f449
14 Oct 2023 00:23:05,606 DEBUG [pool-2-thread-9] server.util.TaskScheduler - generateDices: [S@24ed58fe
14 Oct 2023 00:23:09,606 DEBUG [pool-2-thread-3] server.util.TaskScheduler - Task scheduled: game.modules.minigame.TaiXiuModule$CalculatingTaiXiuPrize@2cf7a4c8, 1 SECONDS
14 Oct 2023 00:23:09,606 DEBUG [pool-2-thread-3] server.util.TaskScheduler - Task scheduled: game.modules.minigame.TaiXiuModule$CalculatingTaiXiuPrize@63c113e9, 1 SECONDS
14 Oct 2023 00:23:09,637 DEBUG [pool-2-thread-8] server.util.TaskScheduler - Task scheduled: game.modules.minigame.TaiXiuMD5Module$CalculatingTaiXiuPrize@7d8f815b, 1 SECONDS
14 Oct 2023 00:23:10,637 DEBUG [pool-2-thread-10] server.util.TaskScheduler - calculatePrize MD5
14 Oct 2023 00:23:19,637 DEBUG [pool-2-thread-7] server.util.TaskScheduler - generateDices: [S@5b6df5ff
14 Oct 2023 00:24:10,606 DEBUG [pool-2-thread-10] server.util.TaskScheduler - generateDices: [S@65d1ed14
14 Oct 2023 00:24:14,606 DEBUG [pool-2-thread-3] server.util.TaskScheduler - Task scheduled: game.modules.minigame.TaiXiuModule$CalculatingTaiXiuPrize@2cf7a4c8, 1 SECONDS
14 Oct 2023 00:24:14,606 DEBUG [pool-2-thread-3] server.util.TaskScheduler - Task scheduled: game.modules.minigame.TaiXiuModule$CalculatingTaiXiuPrize@63c113e9, 1 SECONDS
14 Oct 2023 00:24:14,637 DEBUG [pool-2-thread-3] server.util.TaskScheduler - Task scheduled: game.modules.minigame.TaiXiuMD5Module$CalculatingTaiXiuPrize@7d8f815b, 1 SECONDS
14 Oct 2023 00:24:15,637 DEBUG [pool-2-thread-2] server.util.TaskScheduler - calculatePrize MD5
14 Oct 2023 00:24:24,637 DEBUG [pool-2-thread-7] server.util.TaskScheduler - generateDices: [S@f9f0d49
14 Oct 2023 00:25:15,606 DEBUG [pool-2-thread-10] server.util.TaskScheduler - generateDices: [S@605f5075
14 Oct 2023 00:25:19,606 DEBUG [pool-2-thread-4] server.util.TaskScheduler - Task scheduled: game.modules.minigame.TaiXiuModule$CalculatingTaiXiuPrize@2cf7a4c8, 1 SECONDS
14 Oct 2023 00:25:19,606 DEBUG [pool-2-thread-4] server.util.TaskScheduler - Task scheduled: game.modules.minigame.TaiXiuModule$CalculatingTaiXiuPrize@63c113e9, 1 SECONDS
14 Oct 2023 00:25:19,637 DEBUG [pool-2-thread-10] server.util.TaskScheduler - Task scheduled: game.modules.minigame.TaiXiuMD5Module$CalculatingTaiXiuPrize@7d8f815b, 1 SECONDS
14 Oct 2023 00:25:20,637 DEBUG [pool-2-thread-8] server.util.TaskScheduler - calculatePrize MD5
14 Oct 2023 00:25:29,637 DEBUG [pool-2-thread-8] server.util.TaskScheduler - generateDices: [S@3b806f4c
14 Oct 2023 00:26:20,606 DEBUG [pool-2-thread-5] server.util.TaskScheduler - generateDices: [S@276e33c2
14 Oct 2023 00:26:24,606 DEBUG [pool-2-thread-9] server.util.TaskScheduler - Task scheduled: game.modules.minigame.TaiXiuModule$CalculatingTaiXiuPrize@2cf7a4c8, 1 SECONDS
14 Oct 2023 00:26:24,606 DEBUG [pool-2-thread-9] server.util.TaskScheduler - Task scheduled: game.modules.minigame.TaiXiuModule$CalculatingTaiXiuPrize@63c113e9, 1 SECONDS
14 Oct 2023 00:26:24,637 DEBUG [pool-2-thread-2] server.util.TaskScheduler - Task scheduled: game.modules.minigame.TaiXiuMD5Module$CalculatingTaiXiuPrize@7d8f815b, 1 SECONDS
14 Oct 2023 00:26:25,637 DEBUG [pool-2-thread-8] server.util.TaskScheduler - calculatePrize MD5
14 Oct 2023 00:26:34,637 DEBUG [pool-2-thread-4] server.util.TaskScheduler - generateDices: [S@388613e1
14 Oct 2023 00:27:25,606 DEBUG [pool-2-thread-7] server.util.TaskScheduler - generateDices: [S@43598b65
14 Oct 2023 00:27:29,606 DEBUG [pool-2-thread-9] server.util.TaskScheduler - Task scheduled: game.modules.minigame.TaiXiuModule$CalculatingTaiXiuPrize@2cf7a4c8, 1 SECONDS
14 Oct 2023 00:27:29,606 DEBUG [pool-2-thread-9] server.util.TaskScheduler - Task scheduled: game.modules.minigame.TaiXiuModule$CalculatingTaiXiuPrize@63c113e9, 1 SECONDS
14 Oct 2023 00:27:29,637 DEBUG [pool-2-thread-7] server.util.TaskScheduler - Task scheduled: game.modules.minigame.TaiXiuMD5Module$CalculatingTaiXiuPrize@7d8f815b, 1 SECONDS
14 Oct 2023 00:27:30,637 DEBUG [pool-2-thread-10] server.util.TaskScheduler - calculatePrize MD5
14 Oct 2023 00:27:39,637 DEBUG [pool-2-thread-10] server.util.TaskScheduler - generateDices: [S@9813511
14 Oct 2023 00:28:30,606 DEBUG [pool-2-thread-8] server.util.TaskScheduler - generateDices: [S@a9f25b4
