14 Oct 2023 00:00:00,590 DEBUG [pool-4-thread-7] debug -  NUMBER BOTS:495
14 Oct 2023 00:00:00,654 DEBUG [pool-4-thread-7] debug -  TX BOTS VIP MD5: 20
14 Oct 2023 00:00:00,693 DEBUG [pool-2-thread-2] debug -  TX phien= 266225, tinh toan xong ket qua
14 Oct 2023 00:00:00,694 DEBUG [pool-2-thread-2] debug -  TX phien= 266225, cap nhat xong ben tai
14 Oct 2023 00:00:00,702 DEBUG [pool-2-thread-2] debug -  TX phien= 266225, cap nhat xong ben xiu
14 Oct 2023 00:00:01,601 DEBUG [pool-2-thread-2] debug -  CALCUALTE PRIZE, time handle= 1956 (ms)
14 Oct 2023 00:00:03,645 DEBUG [pool-3-thread-9] debug -  Schedule bot running ...
14 Oct 2023 00:00:03,645 DEBUG [pool-3-thread-9] debug -  Bot n = 100
14 Oct 2023 00:00:03,645 DEBUG [pool-3-thread-9] debug -  NUM BET TAI= 168, NUM BET XIU= 120
14 Oct 2023 00:00:03,714 DEBUG [pool-2-thread-8] debug -  GENERATE RESULT DICES MD5: 1 - 4 - 3   1
14 Oct 2023 00:00:03,714 DEBUG [pool-2-thread-8] debug -  START NEW ROUND 26755
14 Oct 2023 00:00:04,454 DEBUG [pool-3-thread-9] debug -  NUMBER BOTS:288
14 Oct 2023 00:00:04,454 DEBUG [pool-3-thread-9] debug -  BOTS VIN: 288
14 Oct 2023 00:00:04,532 DEBUG [pool-3-thread-9] debug -  TX BOTS VIP: 20
14 Oct 2023 00:00:04,532 DEBUG [pool-3-thread-9] debug -  Schedule bot finished ...
14 Oct 2023 00:00:08,645 DEBUG [pool-2-thread-9] debug -  START NEW ROUND 266226
14 Oct 2023 00:00:08,647 DEBUG [pool-2-thread-9] debug -  START NEW ROUND 266226
14 Oct 2023 00:00:51,481 DEBUG [pool-2-thread-4] debug -  BAU CUA BET GEN RESULT tongthang: 0 tongthua: 0 KETQUA: 1 0 4
14 Oct 2023 00:00:51,481 DEBUG [pool-2-thread-4] debug -  BAU CUA 0 DICES: 1,0,4, xPot= 1, xValue= 1
14 Oct 2023 00:00:54,719 DEBUG [pool-2-thread-7] debug -  TAIXIUMD5DEBUG Result1 nguoichoidatXiu:0 nguoichoidatTai0 this.referenceTaiXiuId: 26755
14 Oct 2023 00:00:54,719 DEBUG [pool-2-thread-7] debug -  RESULT DICES MD5: 1 - 4 - 3   0
14 Oct 2023 00:00:55,520 DEBUG [pool-2-thread-6] debug -  TRANSACTION BAU CUA: 10
14 Oct 2023 00:00:59,715 DEBUG [pool-2-thread-10] debug -  resultTX com.vinplay.dal.entities.taixiu.ResultTaiXiu@676b38b2
14 Oct 2023 00:01:00,487 DEBUG [pool-2-thread-2] debug -  START NEW ROUND BAU CUA
14 Oct 2023 00:01:00,629 DEBUG [pool-2-thread-10] debug -  TX phien= 26755, tinh toan xong ket qua
14 Oct 2023 00:01:00,629 DEBUG [pool-2-thread-10] debug -  TX phien= 26755, cap nhat xong ben tai
14 Oct 2023 00:01:00,629 DEBUG [pool-2-thread-10] debug -  TX phien= 26755, cap nhat xong ben xiu
14 Oct 2023 00:01:00,674 DEBUG [pool-2-thread-2] debug -  BOT BAU CUA ROOM 0, size= 61
14 Oct 2023 00:01:01,623 DEBUG [pool-2-thread-10] debug -  CALCUALTE PRIZE MD5, time handle= 1909 (ms)
14 Oct 2023 00:01:03,714 DEBUG [pool-4-thread-9] debug -  Bot n = 100
14 Oct 2023 00:01:03,714 DEBUG [pool-4-thread-9] debug -  NUM BET TAI= 189, NUM BET XIU= 132
14 Oct 2023 00:01:04,650 DEBUG [pool-4-thread-9] debug -  NUMBER BOTS:321
14 Oct 2023 00:01:04,727 DEBUG [pool-4-thread-9] debug -  TX BOTS VIP MD5: 25
14 Oct 2023 00:01:06,645 DEBUG [pool-2-thread-5] debug -  calculateMoneyReturn  
14 Oct 2023 00:01:08,714 DEBUG [pool-2-thread-4] debug -  GENERATE RESULT DICES MD5: 5 - 4 - 1   0
14 Oct 2023 00:01:08,714 DEBUG [pool-2-thread-4] debug -  START NEW ROUND 26756
14 Oct 2023 00:01:09,647 DEBUG [pool-2-thread-4] debug -  TAIXIUDEBUG Result :3 4 2
14 Oct 2023 00:01:09,655 DEBUG [pool-2-thread-4] debug -  TAIXIUDEBUG Result End:3 4 2
14 Oct 2023 00:01:09,655 DEBUG [pool-2-thread-4] debug -  GENERATE RESULT DICES: 3 - 4 - 2   0
14 Oct 2023 00:01:14,645 DEBUG [pool-2-thread-2] debug -  resultTX com.vinplay.dal.entities.taixiu.ResultTaiXiu@77eed9a4
14 Oct 2023 00:01:15,161 DEBUG [pool-2-thread-2] debug -  TX phien= 266226, tinh toan xong ket qua
14 Oct 2023 00:01:15,161 DEBUG [pool-2-thread-2] debug -  TX phien= 266226, cap nhat xong ben tai
14 Oct 2023 00:01:15,161 DEBUG [pool-2-thread-2] debug -  TX phien= 266226, cap nhat xong ben xiu
14 Oct 2023 00:01:15,768 DEBUG [pool-2-thread-2] debug -  CALCUALTE PRIZE, time handle= 1123 (ms)
14 Oct 2023 00:01:18,645 DEBUG [pool-3-thread-3] debug -  Schedule bot running ...
14 Oct 2023 00:01:18,645 DEBUG [pool-3-thread-3] debug -  Bot n = 100
14 Oct 2023 00:01:18,645 DEBUG [pool-3-thread-3] debug -  NUM BET TAI= 118, NUM BET XIU= 127
14 Oct 2023 00:01:19,297 DEBUG [pool-3-thread-3] debug -  NUMBER BOTS:245
14 Oct 2023 00:01:19,297 DEBUG [pool-3-thread-3] debug -  BOTS VIN: 245
14 Oct 2023 00:01:19,382 DEBUG [pool-3-thread-3] debug -  TX BOTS VIP: 24
14 Oct 2023 00:01:19,382 DEBUG [pool-3-thread-3] debug -  Schedule bot finished ...
14 Oct 2023 00:01:23,645 DEBUG [pool-2-thread-7] debug -  START NEW ROUND 266227
14 Oct 2023 00:01:23,647 DEBUG [pool-2-thread-7] debug -  START NEW ROUND 266227
14 Oct 2023 00:01:59,716 DEBUG [pool-2-thread-6] debug -  TAIXIUMD5DEBUG Result1 nguoichoidatXiu:0 nguoichoidatTai0 this.referenceTaiXiuId: 26756
14 Oct 2023 00:01:59,716 DEBUG [pool-2-thread-6] debug -  RESULT DICES MD5: 5 - 4 - 1   0
14 Oct 2023 00:02:01,481 DEBUG [pool-2-thread-10] debug -  BAU CUA BET GEN RESULT tongthang: 0 tongthua: 0 KETQUA: 5 3 1
14 Oct 2023 00:02:01,481 DEBUG [pool-2-thread-10] debug -  BAU CUA 0 DICES: 5,3,1, xPot= 5, xValue= 2
14 Oct 2023 00:02:04,714 DEBUG [pool-2-thread-3] debug -  resultTX com.vinplay.dal.entities.taixiu.ResultTaiXiu@6dd60aad
14 Oct 2023 00:02:05,463 DEBUG [pool-2-thread-3] debug -  TX phien= 26756, tinh toan xong ket qua
14 Oct 2023 00:02:05,463 DEBUG [pool-2-thread-3] debug -  TX phien= 26756, cap nhat xong ben tai
14 Oct 2023 00:02:05,463 DEBUG [pool-2-thread-3] debug -  TX phien= 26756, cap nhat xong ben xiu
14 Oct 2023 00:02:05,854 DEBUG [pool-2-thread-2] debug -  TRANSACTION BAU CUA: 56
14 Oct 2023 00:02:06,278 DEBUG [pool-2-thread-3] debug -  CALCUALTE PRIZE MD5, time handle= 1564 (ms)
14 Oct 2023 00:02:08,714 DEBUG [pool-4-thread-2] debug -  Bot n = 100
14 Oct 2023 00:02:08,714 DEBUG [pool-4-thread-2] debug -  NUM BET TAI= 124, NUM BET XIU= 153
14 Oct 2023 00:02:09,592 DEBUG [pool-4-thread-2] debug -  NUMBER BOTS:277
14 Oct 2023 00:02:09,661 DEBUG [pool-4-thread-2] debug -  TX BOTS VIP MD5: 17
14 Oct 2023 00:02:10,485 DEBUG [pool-2-thread-7] debug -  START NEW ROUND BAU CUA
14 Oct 2023 00:02:10,574 DEBUG [pool-2-thread-7] debug -  BOT BAU CUA ROOM 0, size= 33
14 Oct 2023 00:02:13,714 DEBUG [pool-2-thread-10] debug -  gd= 00101010101
14 Oct 2023 00:02:13,714 DEBUG [pool-2-thread-10] debug -  GENERATE RESULT DICES MD5: 6 - 5 - 5   0
14 Oct 2023 00:02:13,714 DEBUG [pool-2-thread-10] debug -  START NEW ROUND 26757
14 Oct 2023 00:02:21,645 DEBUG [pool-2-thread-5] debug -  calculateMoneyReturn  
14 Oct 2023 00:02:24,647 DEBUG [pool-2-thread-6] debug -  TAIXIUDEBUG Result :3 4 2
14 Oct 2023 00:02:24,655 DEBUG [pool-2-thread-6] debug -  TAIXIUDEBUG Result End:3 4 2
14 Oct 2023 00:02:24,655 DEBUG [pool-2-thread-6] debug -  GENERATE RESULT DICES: 3 - 4 - 2   0
14 Oct 2023 00:02:29,645 DEBUG [pool-2-thread-6] debug -  resultTX com.vinplay.dal.entities.taixiu.ResultTaiXiu@16eedf41
14 Oct 2023 00:02:30,263 DEBUG [pool-2-thread-6] debug -  TX phien= 266227, tinh toan xong ket qua
14 Oct 2023 00:02:30,263 DEBUG [pool-2-thread-6] debug -  TX phien= 266227, cap nhat xong ben tai
14 Oct 2023 00:02:30,264 DEBUG [pool-2-thread-6] debug -  TX phien= 266227, cap nhat xong ben xiu
14 Oct 2023 00:02:30,998 DEBUG [pool-2-thread-6] debug -  CALCUALTE PRIZE, time handle= 1353 (ms)
14 Oct 2023 00:02:33,645 DEBUG [pool-3-thread-4] debug -  Schedule bot running ...
14 Oct 2023 00:02:33,645 DEBUG [pool-3-thread-4] debug -  Bot n = 100
14 Oct 2023 00:02:33,646 DEBUG [pool-3-thread-4] debug -  NUM BET TAI= 276, NUM BET XIU= 221
14 Oct 2023 00:02:34,911 DEBUG [pool-3-thread-4] debug -  NUMBER BOTS:497
14 Oct 2023 00:02:34,911 DEBUG [pool-3-thread-4] debug -  BOTS VIN: 497
14 Oct 2023 00:02:34,950 DEBUG [pool-3-thread-4] debug -  TX BOTS VIP: 15
14 Oct 2023 00:02:34,950 DEBUG [pool-3-thread-4] debug -  Schedule bot finished ...
14 Oct 2023 00:02:38,645 DEBUG [pool-2-thread-5] debug -  START NEW ROUND 266228
14 Oct 2023 00:02:38,646 DEBUG [pool-2-thread-5] debug -  START NEW ROUND 266228
14 Oct 2023 00:02:40,295 DEBUG [pool-2-thread-8] debug -  reload config
14 Oct 2023 00:03:04,719 DEBUG [pool-2-thread-5] debug -  TAIXIUMD5DEBUG Result1 nguoichoidatXiu:0 nguoichoidatTai0 this.referenceTaiXiuId: 26757
14 Oct 2023 00:03:04,719 DEBUG [pool-2-thread-5] debug -  RESULT DICES MD5: 6 - 5 - 5   1
14 Oct 2023 00:03:09,715 DEBUG [pool-2-thread-8] debug -  resultTX com.vinplay.dal.entities.taixiu.ResultTaiXiu@21e08fb5
14 Oct 2023 00:03:10,154 DEBUG [pool-2-thread-8] debug -  TX phien= 26757, tinh toan xong ket qua
14 Oct 2023 00:03:10,155 DEBUG [pool-2-thread-8] debug -  TX phien= 26757, cap nhat xong ben tai
14 Oct 2023 00:03:10,155 DEBUG [pool-2-thread-8] debug -  TX phien= 26757, cap nhat xong ben xiu
14 Oct 2023 00:03:10,786 DEBUG [pool-2-thread-8] debug -  CALCUALTE PRIZE MD5, time handle= 1072 (ms)
14 Oct 2023 00:03:11,481 DEBUG [pool-2-thread-6] debug -  BAU CUA BET GEN RESULT tongthang: 0 tongthua: 0 KETQUA: 3 3 4
14 Oct 2023 00:03:11,481 DEBUG [pool-2-thread-6] debug -  BAU CUA 0 DICES: 3,3,4, xPot= 1, xValue= 1
14 Oct 2023 00:03:13,714 DEBUG [pool-4-thread-3] debug -  Bot n = 100
14 Oct 2023 00:03:13,714 DEBUG [pool-4-thread-3] debug -  NUM BET TAI= 133, NUM BET XIU= 176
14 Oct 2023 00:03:14,499 DEBUG [pool-4-thread-3] debug -  NUMBER BOTS:309
14 Oct 2023 00:03:14,588 DEBUG [pool-4-thread-3] debug -  TX BOTS VIP MD5: 25
14 Oct 2023 00:03:15,601 DEBUG [pool-2-thread-3] debug -  TRANSACTION BAU CUA: 31
14 Oct 2023 00:03:18,714 DEBUG [pool-2-thread-7] debug -  GENERATE RESULT DICES MD5: 2 - 2 - 1   1
14 Oct 2023 00:03:18,714 DEBUG [pool-2-thread-7] debug -  START NEW ROUND 26758
14 Oct 2023 00:03:20,485 DEBUG [pool-2-thread-3] debug -  START NEW ROUND BAU CUA
14 Oct 2023 00:03:20,552 DEBUG [pool-2-thread-3] debug -  BOT BAU CUA ROOM 0, size= 34
14 Oct 2023 00:03:36,645 DEBUG [pool-2-thread-6] debug -  calculateMoneyReturn  
14 Oct 2023 00:03:39,647 DEBUG [pool-2-thread-9] debug -  TAIXIUDEBUG Result :2 3 1
14 Oct 2023 00:03:39,656 DEBUG [pool-2-thread-9] debug -  TAIXIUDEBUG Result End:2 3 1
14 Oct 2023 00:03:39,656 DEBUG [pool-2-thread-9] debug -  GENERATE RESULT DICES: 2 - 3 - 1   0
14 Oct 2023 00:03:44,645 DEBUG [pool-2-thread-9] debug -  resultTX com.vinplay.dal.entities.taixiu.ResultTaiXiu@809068e
14 Oct 2023 00:03:45,606 DEBUG [pool-2-thread-9] debug -  TX phien= 266228, tinh toan xong ket qua
14 Oct 2023 00:03:45,606 DEBUG [pool-2-thread-9] debug -  TX phien= 266228, cap nhat xong ben tai
14 Oct 2023 00:03:45,606 DEBUG [pool-2-thread-9] debug -  TX phien= 266228, cap nhat xong ben xiu
14 Oct 2023 00:03:46,648 DEBUG [pool-2-thread-9] debug -  CALCUALTE PRIZE, time handle= 2002 (ms)
14 Oct 2023 00:03:48,645 DEBUG [pool-3-thread-6] debug -  Schedule bot running ...
14 Oct 2023 00:03:48,645 DEBUG [pool-3-thread-6] debug -  Bot n = 100
14 Oct 2023 00:03:48,645 DEBUG [pool-3-thread-6] debug -  NUM BET TAI= 172, NUM BET XIU= 135
14 Oct 2023 00:03:49,544 DEBUG [pool-3-thread-6] debug -  NUMBER BOTS:307
14 Oct 2023 00:03:49,544 DEBUG [pool-3-thread-6] debug -  BOTS VIN: 307
14 Oct 2023 00:03:49,595 DEBUG [pool-3-thread-6] debug -  TX BOTS VIP: 17
14 Oct 2023 00:03:49,595 DEBUG [pool-3-thread-6] debug -  Schedule bot finished ...
14 Oct 2023 00:03:53,645 DEBUG [pool-2-thread-4] debug -  START NEW ROUND 266229
14 Oct 2023 00:03:53,646 DEBUG [pool-2-thread-4] debug -  START NEW ROUND 266229
14 Oct 2023 00:04:09,718 DEBUG [pool-2-thread-6] debug -  TAIXIUMD5DEBUG Result1 nguoichoidatXiu:0 nguoichoidatTai0 this.referenceTaiXiuId: 26758
14 Oct 2023 00:04:09,718 DEBUG [pool-2-thread-6] debug -  RESULT DICES MD5: 2 - 2 - 1   0
14 Oct 2023 00:04:14,714 DEBUG [pool-2-thread-9] debug -  resultTX com.vinplay.dal.entities.taixiu.ResultTaiXiu@2153938d
14 Oct 2023 00:04:15,201 DEBUG [pool-2-thread-9] debug -  TX phien= 26758, tinh toan xong ket qua
14 Oct 2023 00:04:15,201 DEBUG [pool-2-thread-9] debug -  TX phien= 26758, cap nhat xong ben tai
14 Oct 2023 00:04:15,202 DEBUG [pool-2-thread-9] debug -  TX phien= 26758, cap nhat xong ben xiu
14 Oct 2023 00:04:15,850 DEBUG [pool-2-thread-9] debug -  CALCUALTE PRIZE MD5, time handle= 1136 (ms)
14 Oct 2023 00:04:18,714 DEBUG [pool-4-thread-5] debug -  Bot n = 100
14 Oct 2023 00:04:18,714 DEBUG [pool-4-thread-5] debug -  NUM BET TAI= 146, NUM BET XIU= 130
14 Oct 2023 00:04:19,570 DEBUG [pool-4-thread-5] debug -  NUMBER BOTS:276
14 Oct 2023 00:04:19,656 DEBUG [pool-4-thread-5] debug -  TX BOTS VIP MD5: 29
14 Oct 2023 00:04:21,481 DEBUG [pool-2-thread-8] debug -  BAU CUA BET GEN RESULT tongthang: 0 tongthua: 0 KETQUA: 1 5 0
14 Oct 2023 00:04:21,481 DEBUG [pool-2-thread-8] debug -  BAU CUA 0 DICES: 1,5,0, xPot= 2, xValue= 1
14 Oct 2023 00:04:23,714 DEBUG [pool-2-thread-8] debug -  GENERATE RESULT DICES MD5: 6 - 1 - 5   0
14 Oct 2023 00:04:23,714 DEBUG [pool-2-thread-8] debug -  START NEW ROUND 26759
14 Oct 2023 00:04:25,585 DEBUG [pool-2-thread-6] debug -  TRANSACTION BAU CUA: 27
14 Oct 2023 00:04:30,485 DEBUG [pool-2-thread-8] debug -  START NEW ROUND BAU CUA
14 Oct 2023 00:04:30,715 DEBUG [pool-2-thread-8] debug -  BOT BAU CUA ROOM 0, size= 63
14 Oct 2023 00:04:51,645 DEBUG [pool-2-thread-7] debug -  calculateMoneyReturn  
14 Oct 2023 00:04:54,647 DEBUG [pool-2-thread-7] debug -  TAIXIUDEBUG Result :2 5 1
14 Oct 2023 00:04:54,654 DEBUG [pool-2-thread-7] debug -  TAIXIUDEBUG Result End:2 5 1
14 Oct 2023 00:04:54,654 DEBUG [pool-2-thread-7] debug -  GENERATE RESULT DICES: 2 - 5 - 1   0
14 Oct 2023 00:04:59,645 DEBUG [pool-2-thread-6] debug -  resultTX com.vinplay.dal.entities.taixiu.ResultTaiXiu@7ce65d78
14 Oct 2023 00:05:00,201 DEBUG [pool-2-thread-6] debug -  TX phien= 266229, tinh toan xong ket qua
14 Oct 2023 00:05:00,201 DEBUG [pool-2-thread-6] debug -  TX phien= 266229, cap nhat xong ben tai
14 Oct 2023 00:05:00,202 DEBUG [pool-2-thread-6] debug -  TX phien= 266229, cap nhat xong ben xiu
14 Oct 2023 00:05:00,878 DEBUG [pool-2-thread-6] debug -  CALCUALTE PRIZE, time handle= 1233 (ms)
14 Oct 2023 00:05:03,645 DEBUG [pool-3-thread-3] debug -  Schedule bot running ...
14 Oct 2023 00:05:03,645 DEBUG [pool-3-thread-3] debug -  Bot n = 100
14 Oct 2023 00:05:03,645 DEBUG [pool-3-thread-3] debug -  NUM BET TAI= 202, NUM BET XIU= 234
14 Oct 2023 00:05:05,077 DEBUG [pool-3-thread-3] debug -  NUMBER BOTS:436
14 Oct 2023 00:05:05,077 DEBUG [pool-3-thread-3] debug -  BOTS VIN: 436
14 Oct 2023 00:05:05,145 DEBUG [pool-3-thread-3] debug -  TX BOTS VIP: 16
14 Oct 2023 00:05:05,145 DEBUG [pool-3-thread-3] debug -  Schedule bot finished ...
14 Oct 2023 00:05:08,645 DEBUG [pool-2-thread-7] debug -  START NEW ROUND 266230
14 Oct 2023 00:05:08,646 DEBUG [pool-2-thread-7] debug -  START NEW ROUND 266230
14 Oct 2023 00:05:14,719 DEBUG [pool-2-thread-10] debug -  TAIXIUMD5DEBUG Result1 nguoichoidatXiu:0 nguoichoidatTai0 this.referenceTaiXiuId: 26759
14 Oct 2023 00:05:14,719 DEBUG [pool-2-thread-10] debug -  RESULT DICES MD5: 6 - 1 - 5   1
14 Oct 2023 00:05:19,714 DEBUG [pool-2-thread-10] debug -  resultTX com.vinplay.dal.entities.taixiu.ResultTaiXiu@288d36c1
14 Oct 2023 00:05:20,185 DEBUG [pool-2-thread-10] debug -  TX phien= 26759, tinh toan xong ket qua
14 Oct 2023 00:05:20,185 DEBUG [pool-2-thread-10] debug -  TX phien= 26759, cap nhat xong ben tai
14 Oct 2023 00:05:20,185 DEBUG [pool-2-thread-10] debug -  TX phien= 26759, cap nhat xong ben xiu
14 Oct 2023 00:05:20,766 DEBUG [pool-2-thread-10] debug -  CALCUALTE PRIZE MD5, time handle= 1052 (ms)
14 Oct 2023 00:05:23,714 DEBUG [pool-4-thread-7] debug -  Bot n = 100
14 Oct 2023 00:05:23,714 DEBUG [pool-4-thread-7] debug -  NUM BET TAI= 226, NUM BET XIU= 200
14 Oct 2023 00:05:24,765 DEBUG [pool-4-thread-7] debug -  NUMBER BOTS:426
14 Oct 2023 00:05:24,854 DEBUG [pool-4-thread-7] debug -  TX BOTS VIP MD5: 28
14 Oct 2023 00:05:28,714 DEBUG [pool-2-thread-4] debug -  GENERATE RESULT DICES MD5: 5 - 1 - 2   1
14 Oct 2023 00:05:28,714 DEBUG [pool-2-thread-4] debug -  START NEW ROUND 26760
14 Oct 2023 00:05:31,481 DEBUG [pool-2-thread-7] debug -  BAU CUA BET GEN RESULT tongthang: 0 tongthua: 0 KETQUA: 3 1 2
14 Oct 2023 00:05:31,481 DEBUG [pool-2-thread-7] debug -  BAU CUA 0 DICES: 3,1,2, xPot= 5, xValue= 1
14 Oct 2023 00:05:35,697 DEBUG [pool-2-thread-6] debug -  TRANSACTION BAU CUA: 55
14 Oct 2023 00:05:40,485 DEBUG [pool-2-thread-10] debug -  START NEW ROUND BAU CUA
14 Oct 2023 00:05:40,554 DEBUG [pool-2-thread-10] debug -  BOT BAU CUA ROOM 0, size= 20
14 Oct 2023 00:06:06,645 DEBUG [pool-2-thread-6] debug -  calculateMoneyReturn  
14 Oct 2023 00:06:09,647 DEBUG [pool-2-thread-2] debug -  TAIXIUDEBUG Result :4 4 6
14 Oct 2023 00:06:09,654 DEBUG [pool-2-thread-2] debug -  TAIXIUDEBUG Result End:4 4 6
14 Oct 2023 00:06:09,654 DEBUG [pool-2-thread-2] debug -  GENERATE RESULT DICES: 4 - 4 - 6   1
14 Oct 2023 00:06:14,645 DEBUG [pool-2-thread-2] debug -  resultTX com.vinplay.dal.entities.taixiu.ResultTaiXiu@34fe343d
14 Oct 2023 00:06:15,474 DEBUG [pool-2-thread-2] debug -  TX phien= 266230, tinh toan xong ket qua
14 Oct 2023 00:06:15,474 DEBUG [pool-2-thread-2] debug -  TX phien= 266230, cap nhat xong ben tai
14 Oct 2023 00:06:15,475 DEBUG [pool-2-thread-2] debug -  TX phien= 266230, cap nhat xong ben xiu
14 Oct 2023 00:06:16,417 DEBUG [pool-2-thread-2] debug -  CALCUALTE PRIZE, time handle= 1772 (ms)
14 Oct 2023 00:06:18,645 DEBUG [pool-3-thread-4] debug -  Schedule bot running ...
14 Oct 2023 00:06:18,645 DEBUG [pool-3-thread-4] debug -  Bot n = 100
14 Oct 2023 00:06:18,645 DEBUG [pool-3-thread-4] debug -  NUM BET TAI= 181, NUM BET XIU= 226
14 Oct 2023 00:06:19,717 DEBUG [pool-2-thread-6] debug -  TAIXIUMD5DEBUG Result1 nguoichoidatXiu:0 nguoichoidatTai0 this.referenceTaiXiuId: 26760
14 Oct 2023 00:06:19,717 DEBUG [pool-2-thread-6] debug -  RESULT DICES MD5: 5 - 1 - 2   0
14 Oct 2023 00:06:19,862 DEBUG [pool-3-thread-4] debug -  NUMBER BOTS:407
14 Oct 2023 00:06:19,862 DEBUG [pool-3-thread-4] debug -  BOTS VIN: 407
14 Oct 2023 00:06:19,944 DEBUG [pool-3-thread-4] debug -  TX BOTS VIP: 24
14 Oct 2023 00:06:19,944 DEBUG [pool-3-thread-4] debug -  Schedule bot finished ...
14 Oct 2023 00:06:23,645 DEBUG [pool-2-thread-8] debug -  START NEW ROUND 266231
14 Oct 2023 00:06:23,646 DEBUG [pool-2-thread-8] debug -  START NEW ROUND 266231
14 Oct 2023 00:06:24,714 DEBUG [pool-2-thread-2] debug -  resultTX com.vinplay.dal.entities.taixiu.ResultTaiXiu@720e280e
14 Oct 2023 00:06:25,426 DEBUG [pool-2-thread-2] debug -  TX phien= 26760, tinh toan xong ket qua
14 Oct 2023 00:06:25,426 DEBUG [pool-2-thread-2] debug -  TX phien= 26760, cap nhat xong ben tai
14 Oct 2023 00:06:25,426 DEBUG [pool-2-thread-2] debug -  TX phien= 26760, cap nhat xong ben xiu
14 Oct 2023 00:06:26,279 DEBUG [pool-2-thread-2] debug -  CALCUALTE PRIZE MD5, time handle= 1565 (ms)
14 Oct 2023 00:06:28,714 DEBUG [pool-4-thread-9] debug -  Bot n = 100
14 Oct 2023 00:06:28,714 DEBUG [pool-4-thread-9] debug -  NUM BET TAI= 167, NUM BET XIU= 115
14 Oct 2023 00:06:29,387 DEBUG [pool-4-thread-9] debug -  NUMBER BOTS:282
14 Oct 2023 00:06:29,480 DEBUG [pool-4-thread-9] debug -  TX BOTS VIP MD5: 29
14 Oct 2023 00:06:33,714 DEBUG [pool-2-thread-2] debug -  GENERATE RESULT DICES MD5: 5 - 5 - 2   0
14 Oct 2023 00:06:33,714 DEBUG [pool-2-thread-2] debug -  START NEW ROUND 26761
14 Oct 2023 00:06:41,481 DEBUG [pool-2-thread-8] debug -  BAU CUA BET GEN RESULT tongthang: 0 tongthua: 0 KETQUA: 0 5 0
14 Oct 2023 00:06:41,481 DEBUG [pool-2-thread-8] debug -  BAU CUA 0 DICES: 0,5,0, xPot= 2, xValue= 2
14 Oct 2023 00:06:45,545 DEBUG [pool-2-thread-8] debug -  TRANSACTION BAU CUA: 17
14 Oct 2023 00:06:50,485 DEBUG [pool-2-thread-8] debug -  START NEW ROUND BAU CUA
14 Oct 2023 00:06:50,598 DEBUG [pool-2-thread-8] debug -  BOT BAU CUA ROOM 0, size= 56
14 Oct 2023 00:07:21,645 DEBUG [pool-2-thread-2] debug -  calculateMoneyReturn  
14 Oct 2023 00:07:24,647 DEBUG [pool-2-thread-10] debug -  TAIXIUDEBUG Result :5 6 6
14 Oct 2023 00:07:24,654 DEBUG [pool-2-thread-10] debug -  TAIXIUDEBUG Result End:5 6 6
14 Oct 2023 00:07:24,654 DEBUG [pool-2-thread-10] debug -  GENERATE RESULT DICES: 5 - 6 - 6   1
14 Oct 2023 00:07:24,720 DEBUG [pool-2-thread-3] debug -  TAIXIUMD5DEBUG Result1 nguoichoidatXiu:0 nguoichoidatTai0 this.referenceTaiXiuId: 26761
14 Oct 2023 00:07:24,720 DEBUG [pool-2-thread-3] debug -  RESULT DICES MD5: 5 - 5 - 2   1
14 Oct 2023 00:07:29,645 DEBUG [pool-2-thread-7] debug -  resultTX com.vinplay.dal.entities.taixiu.ResultTaiXiu@1dfdcf29
14 Oct 2023 00:07:29,714 DEBUG [pool-2-thread-3] debug -  resultTX com.vinplay.dal.entities.taixiu.ResultTaiXiu@5b1a7ab3
14 Oct 2023 00:07:30,428 DEBUG [pool-2-thread-3] debug -  TX phien= 26761, tinh toan xong ket qua
14 Oct 2023 00:07:30,428 DEBUG [pool-2-thread-3] debug -  TX phien= 26761, cap nhat xong ben tai
14 Oct 2023 00:07:30,430 DEBUG [pool-2-thread-3] debug -  TX phien= 26761, cap nhat xong ben xiu
14 Oct 2023 00:07:30,818 DEBUG [pool-2-thread-7] debug -  TX phien= 266231, tinh toan xong ket qua
14 Oct 2023 00:07:30,818 DEBUG [pool-2-thread-7] debug -  TX phien= 266231, cap nhat xong ben tai
14 Oct 2023 00:07:30,820 DEBUG [pool-2-thread-7] debug -  TX phien= 266231, cap nhat xong ben xiu
14 Oct 2023 00:07:31,470 DEBUG [pool-2-thread-3] debug -  CALCUALTE PRIZE MD5, time handle= 1756 (ms)
14 Oct 2023 00:07:31,843 DEBUG [pool-2-thread-7] debug -  CALCUALTE PRIZE, time handle= 2198 (ms)
14 Oct 2023 00:07:33,645 DEBUG [pool-3-thread-6] debug -  Schedule bot running ...
14 Oct 2023 00:07:33,645 DEBUG [pool-3-thread-6] debug -  Bot n = 100
14 Oct 2023 00:07:33,645 DEBUG [pool-3-thread-6] debug -  NUM BET TAI= 195, NUM BET XIU= 138
14 Oct 2023 00:07:33,714 DEBUG [pool-4-thread-2] debug -  Bot n = 100
14 Oct 2023 00:07:33,714 DEBUG [pool-4-thread-2] debug -  NUM BET TAI= 219, NUM BET XIU= 161
14 Oct 2023 00:07:34,678 DEBUG [pool-3-thread-6] debug -  NUMBER BOTS:333
14 Oct 2023 00:07:34,678 DEBUG [pool-3-thread-6] debug -  BOTS VIN: 333
14 Oct 2023 00:07:34,747 DEBUG [pool-3-thread-6] debug -  TX BOTS VIP: 16
14 Oct 2023 00:07:34,747 DEBUG [pool-3-thread-6] debug -  Schedule bot finished ...
14 Oct 2023 00:07:34,825 DEBUG [pool-4-thread-2] debug -  NUMBER BOTS:380
14 Oct 2023 00:07:34,911 DEBUG [pool-4-thread-2] debug -  TX BOTS VIP MD5: 27
14 Oct 2023 00:07:38,645 DEBUG [pool-2-thread-6] debug -  START NEW ROUND 266232
14 Oct 2023 00:07:38,646 DEBUG [pool-2-thread-6] debug -  START NEW ROUND 266232
14 Oct 2023 00:07:38,714 DEBUG [pool-2-thread-2] debug -  GENERATE RESULT DICES MD5: 5 - 1 - 1   1
14 Oct 2023 00:07:38,714 DEBUG [pool-2-thread-2] debug -  START NEW ROUND 26762
14 Oct 2023 00:07:40,295 DEBUG [pool-2-thread-8] debug -  reload config
14 Oct 2023 00:07:51,481 DEBUG [pool-2-thread-8] debug -  BAU CUA BET GEN RESULT tongthang: 0 tongthua: 0 KETQUA: 5 2 4
14 Oct 2023 00:07:51,481 DEBUG [pool-2-thread-8] debug -  BAU CUA 0 DICES: 5,2,4, xPot= 5, xValue= 1
14 Oct 2023 00:07:55,656 DEBUG [pool-2-thread-2] debug -  TRANSACTION BAU CUA: 47
14 Oct 2023 00:08:00,485 DEBUG [pool-2-thread-4] debug -  START NEW ROUND BAU CUA
14 Oct 2023 00:08:00,756 DEBUG [pool-2-thread-4] debug -  BOT BAU CUA ROOM 0, size= 79
14 Oct 2023 00:08:29,722 DEBUG [pool-2-thread-5] debug -  TAIXIUMD5DEBUG Result1 nguoichoidatXiu:0 nguoichoidatTai0 this.referenceTaiXiuId: 26762
14 Oct 2023 00:08:29,722 DEBUG [pool-2-thread-5] debug -  RESULT DICES MD5: 5 - 1 - 1   0
14 Oct 2023 00:08:34,714 DEBUG [pool-2-thread-7] debug -  resultTX com.vinplay.dal.entities.taixiu.ResultTaiXiu@7f746f5e
14 Oct 2023 00:08:35,320 DEBUG [pool-2-thread-7] debug -  TX phien= 26762, tinh toan xong ket qua
14 Oct 2023 00:08:35,320 DEBUG [pool-2-thread-7] debug -  TX phien= 26762, cap nhat xong ben tai
14 Oct 2023 00:08:35,322 DEBUG [pool-2-thread-7] debug -  TX phien= 26762, cap nhat xong ben xiu
14 Oct 2023 00:08:36,201 DEBUG [pool-2-thread-7] debug -  CALCUALTE PRIZE MD5, time handle= 1487 (ms)
14 Oct 2023 00:08:36,645 DEBUG [pool-2-thread-9] debug -  calculateMoneyReturn  
14 Oct 2023 00:08:38,714 DEBUG [pool-4-thread-3] debug -  Bot n = 100
14 Oct 2023 00:08:38,714 DEBUG [pool-4-thread-3] debug -  NUM BET TAI= 164, NUM BET XIU= 116
14 Oct 2023 00:08:39,363 DEBUG [pool-4-thread-3] debug -  NUMBER BOTS:280
14 Oct 2023 00:08:39,444 DEBUG [pool-4-thread-3] debug -  TX BOTS VIP MD5: 27
14 Oct 2023 00:08:39,649 DEBUG [pool-2-thread-4] debug -  TAIXIUDEBUG Result :2 1 3
14 Oct 2023 00:08:39,656 DEBUG [pool-2-thread-4] debug -  TAIXIUDEBUG Result End:2 1 3
14 Oct 2023 00:08:39,656 DEBUG [pool-2-thread-4] debug -  GENERATE RESULT DICES: 2 - 1 - 3   0
14 Oct 2023 00:08:43,714 DEBUG [pool-2-thread-8] debug -  GENERATE RESULT DICES MD5: 6 - 3 - 4   0
14 Oct 2023 00:08:43,714 DEBUG [pool-2-thread-8] debug -  START NEW ROUND 26763
14 Oct 2023 00:08:44,645 DEBUG [pool-2-thread-8] debug -  resultTX com.vinplay.dal.entities.taixiu.ResultTaiXiu@391a5fbf
14 Oct 2023 00:08:45,267 DEBUG [pool-2-thread-8] debug -  TX phien= 266232, tinh toan xong ket qua
14 Oct 2023 00:08:45,267 DEBUG [pool-2-thread-8] debug -  TX phien= 266232, cap nhat xong ben tai
14 Oct 2023 00:08:45,267 DEBUG [pool-2-thread-8] debug -  TX phien= 266232, cap nhat xong ben xiu
14 Oct 2023 00:08:46,040 DEBUG [pool-2-thread-8] debug -  CALCUALTE PRIZE, time handle= 1395 (ms)
14 Oct 2023 00:08:48,645 DEBUG [pool-3-thread-5] debug -  Schedule bot running ...
14 Oct 2023 00:08:48,645 DEBUG [pool-3-thread-5] debug -  Bot n = 100
14 Oct 2023 00:08:48,645 DEBUG [pool-3-thread-5] debug -  NUM BET TAI= 104, NUM BET XIU= 104
14 Oct 2023 00:08:49,151 DEBUG [pool-3-thread-5] debug -  NUMBER BOTS:208
14 Oct 2023 00:08:49,151 DEBUG [pool-3-thread-5] debug -  BOTS VIN: 208
14 Oct 2023 00:08:49,227 DEBUG [pool-3-thread-5] debug -  TX BOTS VIP: 22
14 Oct 2023 00:08:49,227 DEBUG [pool-3-thread-5] debug -  Schedule bot finished ...
14 Oct 2023 00:08:53,645 DEBUG [pool-2-thread-3] debug -  START NEW ROUND 266233
14 Oct 2023 00:08:53,646 DEBUG [pool-2-thread-3] debug -  START NEW ROUND 266233
14 Oct 2023 00:09:01,481 DEBUG [pool-2-thread-8] debug -  BAU CUA BET GEN RESULT tongthang: 0 tongthua: 0 KETQUA: 1 2 0
14 Oct 2023 00:09:01,481 DEBUG [pool-2-thread-8] debug -  BAU CUA 0 DICES: 1,2,0, xPot= 5, xValue= 3
14 Oct 2023 00:09:05,802 DEBUG [pool-2-thread-4] debug -  TRANSACTION BAU CUA: 72
14 Oct 2023 00:09:10,485 DEBUG [pool-2-thread-2] debug -  START NEW ROUND BAU CUA
14 Oct 2023 00:09:10,601 DEBUG [pool-2-thread-2] debug -  BOT BAU CUA ROOM 0, size= 50
14 Oct 2023 00:09:34,718 DEBUG [pool-2-thread-10] debug -  TAIXIUMD5DEBUG Result1 nguoichoidatXiu:0 nguoichoidatTai0 this.referenceTaiXiuId: 26763
14 Oct 2023 00:09:34,718 DEBUG [pool-2-thread-10] debug -  RESULT DICES MD5: 6 - 3 - 4   1
14 Oct 2023 00:09:39,714 DEBUG [pool-2-thread-5] debug -  resultTX com.vinplay.dal.entities.taixiu.ResultTaiXiu@315f0d2b
14 Oct 2023 00:09:40,165 DEBUG [pool-2-thread-5] debug -  TX phien= 26763, tinh toan xong ket qua
14 Oct 2023 00:09:40,165 DEBUG [pool-2-thread-5] debug -  TX phien= 26763, cap nhat xong ben tai
14 Oct 2023 00:09:40,165 DEBUG [pool-2-thread-5] debug -  TX phien= 26763, cap nhat xong ben xiu
14 Oct 2023 00:09:40,789 DEBUG [pool-2-thread-5] debug -  CALCUALTE PRIZE MD5, time handle= 1075 (ms)
14 Oct 2023 00:09:43,714 DEBUG [pool-4-thread-5] debug -  Bot n = 100
14 Oct 2023 00:09:43,714 DEBUG [pool-4-thread-5] debug -  NUM BET TAI= 122, NUM BET XIU= 99
14 Oct 2023 00:09:44,221 DEBUG [pool-4-thread-5] debug -  NUMBER BOTS:221
14 Oct 2023 00:09:44,326 DEBUG [pool-4-thread-5] debug -  TX BOTS VIP MD5: 27
14 Oct 2023 00:09:48,714 DEBUG [pool-2-thread-3] debug -  GENERATE RESULT DICES MD5: 4 - 1 - 4   1
14 Oct 2023 00:09:48,714 DEBUG [pool-2-thread-3] debug -  START NEW ROUND 26764
14 Oct 2023 00:09:51,645 DEBUG [pool-2-thread-8] debug -  calculateMoneyReturn  
14 Oct 2023 00:09:54,647 DEBUG [pool-2-thread-7] debug -  TAIXIUDEBUG Result :2 4 2
14 Oct 2023 00:09:54,654 DEBUG [pool-2-thread-7] debug -  TAIXIUDEBUG Result End:2 4 2
14 Oct 2023 00:09:54,654 DEBUG [pool-2-thread-7] debug -  GENERATE RESULT DICES: 2 - 4 - 2   0
14 Oct 2023 00:09:59,645 DEBUG [pool-2-thread-6] debug -  resultTX com.vinplay.dal.entities.taixiu.ResultTaiXiu@509a9d41
14 Oct 2023 00:10:00,024 DEBUG [pool-2-thread-6] debug -  TX phien= 266233, tinh toan xong ket qua
14 Oct 2023 00:10:00,024 DEBUG [pool-2-thread-6] debug -  TX phien= 266233, cap nhat xong ben tai
14 Oct 2023 00:10:00,024 DEBUG [pool-2-thread-6] debug -  TX phien= 266233, cap nhat xong ben xiu
14 Oct 2023 00:10:00,481 DEBUG [pool-2-thread-6] debug -  CALCUALTE PRIZE, time handle= 836 (ms)
14 Oct 2023 00:10:03,645 DEBUG [pool-3-thread-4] debug -  Schedule bot running ...
14 Oct 2023 00:10:03,645 DEBUG [pool-3-thread-4] debug -  Bot n = 100
14 Oct 2023 00:10:03,645 DEBUG [pool-3-thread-4] debug -  NUM BET TAI= 178, NUM BET XIU= 161
14 Oct 2023 00:10:04,533 DEBUG [pool-3-thread-4] debug -  NUMBER BOTS:339
14 Oct 2023 00:10:04,533 DEBUG [pool-3-thread-4] debug -  BOTS VIN: 339
14 Oct 2023 00:10:04,619 DEBUG [pool-3-thread-4] debug -  TX BOTS VIP: 27
14 Oct 2023 00:10:04,619 DEBUG [pool-3-thread-4] debug -  Schedule bot finished ...
14 Oct 2023 00:10:08,645 DEBUG [pool-2-thread-4] debug -  START NEW ROUND 266234
14 Oct 2023 00:10:08,646 DEBUG [pool-2-thread-4] debug -  START NEW ROUND 266234
14 Oct 2023 00:10:11,481 DEBUG [pool-2-thread-3] debug -  BAU CUA BET GEN RESULT tongthang: 0 tongthua: 0 KETQUA: 4 2 1
14 Oct 2023 00:10:11,481 DEBUG [pool-2-thread-3] debug -  BAU CUA 0 DICES: 4,2,1, xPot= 1, xValue= 2
14 Oct 2023 00:10:15,659 DEBUG [pool-2-thread-6] debug -  TRANSACTION BAU CUA: 44
14 Oct 2023 00:10:20,485 DEBUG [pool-2-thread-9] debug -  START NEW ROUND BAU CUA
14 Oct 2023 00:10:20,704 DEBUG [pool-2-thread-9] debug -  BOT BAU CUA ROOM 0, size= 75
14 Oct 2023 00:10:39,718 DEBUG [pool-2-thread-4] debug -  TAIXIUMD5DEBUG Result1 nguoichoidatXiu:0 nguoichoidatTai0 this.referenceTaiXiuId: 26764
14 Oct 2023 00:10:39,718 DEBUG [pool-2-thread-4] debug -  RESULT DICES MD5: 4 - 1 - 4   0
14 Oct 2023 00:10:44,714 DEBUG [pool-2-thread-3] debug -  resultTX com.vinplay.dal.entities.taixiu.ResultTaiXiu@31ce883c
14 Oct 2023 00:10:45,069 DEBUG [pool-2-thread-3] debug -  TX phien= 26764, tinh toan xong ket qua
14 Oct 2023 00:10:45,069 DEBUG [pool-2-thread-3] debug -  TX phien= 26764, cap nhat xong ben tai
14 Oct 2023 00:10:45,069 DEBUG [pool-2-thread-3] debug -  TX phien= 26764, cap nhat xong ben xiu
14 Oct 2023 00:10:45,561 DEBUG [pool-2-thread-3] debug -  CALCUALTE PRIZE MD5, time handle= 847 (ms)
14 Oct 2023 00:10:48,714 DEBUG [pool-4-thread-7] debug -  Bot n = 100
14 Oct 2023 00:10:48,714 DEBUG [pool-4-thread-7] debug -  NUM BET TAI= 260, NUM BET XIU= 183
14 Oct 2023 00:10:49,872 DEBUG [pool-4-thread-7] debug -  NUMBER BOTS:443
14 Oct 2023 00:10:49,944 DEBUG [pool-4-thread-7] debug -  TX BOTS VIP MD5: 20
14 Oct 2023 00:10:53,714 DEBUG [pool-2-thread-3] debug -  GENERATE RESULT DICES MD5: 6 - 6 - 6   0
14 Oct 2023 00:10:53,714 DEBUG [pool-2-thread-3] debug -  START NEW ROUND 26765
14 Oct 2023 00:11:06,645 DEBUG [pool-2-thread-6] debug -  calculateMoneyReturn  
14 Oct 2023 00:11:09,647 DEBUG [pool-2-thread-5] debug -  TAIXIUDEBUG Result :4 6 3
14 Oct 2023 00:11:09,655 DEBUG [pool-2-thread-5] debug -  TAIXIUDEBUG Result End:4 6 3
14 Oct 2023 00:11:09,655 DEBUG [pool-2-thread-5] debug -  GENERATE RESULT DICES: 4 - 6 - 3   1
14 Oct 2023 00:11:14,645 DEBUG [pool-2-thread-8] debug -  resultTX com.vinplay.dal.entities.taixiu.ResultTaiXiu@4f970c19
14 Oct 2023 00:11:15,350 DEBUG [pool-2-thread-8] debug -  TX phien= 266234, tinh toan xong ket qua
14 Oct 2023 00:11:15,350 DEBUG [pool-2-thread-8] debug -  TX phien= 266234, cap nhat xong ben tai
14 Oct 2023 00:11:15,350 DEBUG [pool-2-thread-8] debug -  TX phien= 266234, cap nhat xong ben xiu
14 Oct 2023 00:11:16,207 DEBUG [pool-2-thread-8] debug -  CALCUALTE PRIZE, time handle= 1562 (ms)
14 Oct 2023 00:11:18,645 DEBUG [pool-3-thread-6] debug -  Schedule bot running ...
14 Oct 2023 00:11:18,645 DEBUG [pool-3-thread-6] debug -  Bot n = 100
14 Oct 2023 00:11:18,645 DEBUG [pool-3-thread-6] debug -  NUM BET TAI= 177, NUM BET XIU= 120
14 Oct 2023 00:11:19,436 DEBUG [pool-3-thread-6] debug -  NUMBER BOTS:297
14 Oct 2023 00:11:19,436 DEBUG [pool-3-thread-6] debug -  BOTS VIN: 297
14 Oct 2023 00:11:19,521 DEBUG [pool-3-thread-6] debug -  TX BOTS VIP: 18
14 Oct 2023 00:11:19,521 DEBUG [pool-3-thread-6] debug -  Schedule bot finished ...
14 Oct 2023 00:11:21,481 DEBUG [pool-2-thread-8] debug -  BAU CUA BET GEN RESULT tongthang: 0 tongthua: 0 KETQUA: 3 3 1
14 Oct 2023 00:11:21,481 DEBUG [pool-2-thread-8] debug -  BAU CUA 0 DICES: 3,3,1, xPot= 1, xValue= 3
14 Oct 2023 00:11:23,645 DEBUG [pool-2-thread-4] debug -  START NEW ROUND 266235
14 Oct 2023 00:11:23,646 DEBUG [pool-2-thread-4] debug -  START NEW ROUND 266235
14 Oct 2023 00:11:25,725 DEBUG [pool-2-thread-10] debug -  TRANSACTION BAU CUA: 66
14 Oct 2023 00:11:30,485 DEBUG [pool-2-thread-9] debug -  START NEW ROUND BAU CUA
14 Oct 2023 00:11:30,565 DEBUG [pool-2-thread-9] debug -  BOT BAU CUA ROOM 0, size= 48
14 Oct 2023 00:11:44,720 DEBUG [pool-2-thread-8] debug -  TAIXIUMD5DEBUG Result1 nguoichoidatXiu:0 nguoichoidatTai0 this.referenceTaiXiuId: 26765
14 Oct 2023 00:11:44,720 DEBUG [pool-2-thread-8] debug -  RESULT DICES MD5: 6 - 6 - 6   1
14 Oct 2023 00:11:49,714 DEBUG [pool-2-thread-6] debug -  resultTX com.vinplay.dal.entities.taixiu.ResultTaiXiu@37701626
14 Oct 2023 00:11:50,389 DEBUG [pool-2-thread-6] debug -  TX phien= 26765, tinh toan xong ket qua
14 Oct 2023 00:11:50,389 DEBUG [pool-2-thread-6] debug -  TX phien= 26765, cap nhat xong ben tai
14 Oct 2023 00:11:50,389 DEBUG [pool-2-thread-6] debug -  TX phien= 26765, cap nhat xong ben xiu
14 Oct 2023 00:11:51,244 DEBUG [pool-2-thread-6] debug -  CALCUALTE PRIZE MD5, time handle= 1530 (ms)
14 Oct 2023 00:11:53,714 DEBUG [pool-4-thread-9] debug -  Bot n = 100
14 Oct 2023 00:11:53,714 DEBUG [pool-4-thread-9] debug -  NUM BET TAI= 135, NUM BET XIU= 148
14 Oct 2023 00:11:54,532 DEBUG [pool-4-thread-9] debug -  NUMBER BOTS:283
14 Oct 2023 00:11:54,620 DEBUG [pool-4-thread-9] debug -  TX BOTS VIP MD5: 29
14 Oct 2023 00:11:58,714 DEBUG [pool-2-thread-2] debug -  GENERATE RESULT DICES MD5: 5 - 1 - 2   1
14 Oct 2023 00:11:58,714 DEBUG [pool-2-thread-2] debug -  START NEW ROUND 26766
14 Oct 2023 00:12:21,645 DEBUG [pool-2-thread-8] debug -  calculateMoneyReturn  
14 Oct 2023 00:12:24,647 DEBUG [pool-2-thread-9] debug -  TAIXIUDEBUG Result :5 4 6
14 Oct 2023 00:12:24,654 DEBUG [pool-2-thread-9] debug -  TAIXIUDEBUG Result End:5 4 6
14 Oct 2023 00:12:24,654 DEBUG [pool-2-thread-9] debug -  GENERATE RESULT DICES: 5 - 4 - 6   1
14 Oct 2023 00:12:29,645 DEBUG [pool-2-thread-3] debug -  resultTX com.vinplay.dal.entities.taixiu.ResultTaiXiu@2e5d6afa
14 Oct 2023 00:12:30,171 DEBUG [pool-2-thread-3] debug -  TX phien= 266235, tinh toan xong ket qua
14 Oct 2023 00:12:30,172 DEBUG [pool-2-thread-3] debug -  TX phien= 266235, cap nhat xong ben tai
14 Oct 2023 00:12:30,172 DEBUG [pool-2-thread-3] debug -  TX phien= 266235, cap nhat xong ben xiu
14 Oct 2023 00:12:30,796 DEBUG [pool-2-thread-3] debug -  CALCUALTE PRIZE, time handle= 1151 (ms)
14 Oct 2023 00:12:31,481 DEBUG [pool-2-thread-9] debug -  BAU CUA BET GEN RESULT tongthang: 0 tongthua: 0 KETQUA: 2 4 2
14 Oct 2023 00:12:31,481 DEBUG [pool-2-thread-9] debug -  BAU CUA 0 DICES: 2,4,2, xPot= 1, xValue= 1
14 Oct 2023 00:12:33,645 DEBUG [pool-3-thread-5] debug -  Schedule bot running ...
14 Oct 2023 00:12:33,645 DEBUG [pool-3-thread-5] debug -  Bot n = 100
14 Oct 2023 00:12:33,645 DEBUG [pool-3-thread-5] debug -  NUM BET TAI= 155, NUM BET XIU= 139
14 Oct 2023 00:12:34,390 DEBUG [pool-3-thread-5] debug -  NUMBER BOTS:294
14 Oct 2023 00:12:34,390 DEBUG [pool-3-thread-5] debug -  BOTS VIN: 294
14 Oct 2023 00:12:34,480 DEBUG [pool-3-thread-5] debug -  TX BOTS VIP: 27
14 Oct 2023 00:12:34,480 DEBUG [pool-3-thread-5] debug -  Schedule bot finished ...
14 Oct 2023 00:12:35,648 DEBUG [pool-2-thread-2] debug -  TRANSACTION BAU CUA: 43
14 Oct 2023 00:12:38,645 DEBUG [pool-2-thread-3] debug -  START NEW ROUND 266236
14 Oct 2023 00:12:38,647 DEBUG [pool-2-thread-3] debug -  START NEW ROUND 266236
14 Oct 2023 00:12:40,295 DEBUG [pool-2-thread-5] debug -  reload config
14 Oct 2023 00:12:40,485 DEBUG [pool-2-thread-8] debug -  START NEW ROUND BAU CUA
14 Oct 2023 00:12:40,569 DEBUG [pool-2-thread-8] debug -  BOT BAU CUA ROOM 0, size= 42
14 Oct 2023 00:12:49,715 DEBUG [pool-2-thread-2] debug -  TAIXIUMD5DEBUG Result1 nguoichoidatXiu:0 nguoichoidatTai0 this.referenceTaiXiuId: 26766
14 Oct 2023 00:12:49,715 DEBUG [pool-2-thread-2] debug -  RESULT DICES MD5: 5 - 1 - 2   0
14 Oct 2023 00:12:54,714 DEBUG [pool-2-thread-8] debug -  resultTX com.vinplay.dal.entities.taixiu.ResultTaiXiu@4e8e32b2
14 Oct 2023 00:12:55,132 DEBUG [pool-2-thread-8] debug -  TX phien= 26766, tinh toan xong ket qua
14 Oct 2023 00:12:55,132 DEBUG [pool-2-thread-8] debug -  TX phien= 26766, cap nhat xong ben tai
14 Oct 2023 00:12:55,132 DEBUG [pool-2-thread-8] debug -  TX phien= 26766, cap nhat xong ben xiu
14 Oct 2023 00:12:55,737 DEBUG [pool-2-thread-8] debug -  CALCUALTE PRIZE MD5, time handle= 1023 (ms)
14 Oct 2023 00:12:58,714 DEBUG [pool-4-thread-2] debug -  Bot n = 100
14 Oct 2023 00:12:58,714 DEBUG [pool-4-thread-2] debug -  NUM BET TAI= 175, NUM BET XIU= 134
14 Oct 2023 00:12:59,575 DEBUG [pool-4-thread-2] debug -  NUMBER BOTS:309
14 Oct 2023 00:12:59,619 DEBUG [pool-4-thread-2] debug -  TX BOTS VIP MD5: 22
14 Oct 2023 00:13:03,714 DEBUG [pool-2-thread-3] debug -  GENERATE RESULT DICES MD5: 3 - 2 - 1   0
14 Oct 2023 00:13:03,714 DEBUG [pool-2-thread-3] debug -  START NEW ROUND 26767
14 Oct 2023 00:13:36,645 DEBUG [pool-2-thread-3] debug -  calculateMoneyReturn  
14 Oct 2023 00:13:39,647 DEBUG [pool-2-thread-2] debug -  TAIXIUDEBUG Result :4 6 4
14 Oct 2023 00:13:39,655 DEBUG [pool-2-thread-2] debug -  TAIXIUDEBUG Result End:4 6 4
14 Oct 2023 00:13:39,655 DEBUG [pool-2-thread-2] debug -  GENERATE RESULT DICES: 4 - 6 - 4   1
14 Oct 2023 00:13:41,481 DEBUG [pool-2-thread-6] debug -  BAU CUA BET GEN RESULT tongthang: 0 tongthua: 0 KETQUA: 3 4 0
14 Oct 2023 00:13:41,481 DEBUG [pool-2-thread-6] debug -  BAU CUA 0 DICES: 3,4,0, xPot= 3, xValue= 1
14 Oct 2023 00:13:44,645 DEBUG [pool-2-thread-7] debug -  resultTX com.vinplay.dal.entities.taixiu.ResultTaiXiu@70d9a188
14 Oct 2023 00:13:45,164 DEBUG [pool-2-thread-7] debug -  TX phien= 266236, tinh toan xong ket qua
14 Oct 2023 00:13:45,164 DEBUG [pool-2-thread-7] debug -  TX phien= 266236, cap nhat xong ben tai
14 Oct 2023 00:13:45,164 DEBUG [pool-2-thread-7] debug -  TX phien= 266236, cap nhat xong ben xiu
14 Oct 2023 00:13:45,712 DEBUG [pool-2-thread-2] debug -  TRANSACTION BAU CUA: 38
14 Oct 2023 00:13:45,903 DEBUG [pool-2-thread-7] debug -  CALCUALTE PRIZE, time handle= 1258 (ms)
14 Oct 2023 00:13:48,645 DEBUG [pool-3-thread-10] debug -  Schedule bot running ...
14 Oct 2023 00:13:48,645 DEBUG [pool-3-thread-10] debug -  Bot n = 100
14 Oct 2023 00:13:48,645 DEBUG [pool-3-thread-10] debug -  NUM BET TAI= 113, NUM BET XIU= 119
14 Oct 2023 00:13:49,275 DEBUG [pool-3-thread-10] debug -  NUMBER BOTS:232
14 Oct 2023 00:13:49,275 DEBUG [pool-3-thread-10] debug -  BOTS VIN: 232
14 Oct 2023 00:13:49,356 DEBUG [pool-3-thread-10] debug -  TX BOTS VIP: 27
14 Oct 2023 00:13:49,356 DEBUG [pool-3-thread-10] debug -  Schedule bot finished ...
14 Oct 2023 00:13:50,485 DEBUG [pool-2-thread-8] debug -  START NEW ROUND BAU CUA
14 Oct 2023 00:13:50,659 DEBUG [pool-2-thread-8] debug -  BOT BAU CUA ROOM 0, size= 66
14 Oct 2023 00:13:53,645 DEBUG [pool-2-thread-8] debug -  START NEW ROUND 266237
14 Oct 2023 00:13:53,646 DEBUG [pool-2-thread-8] debug -  START NEW ROUND 266237
14 Oct 2023 00:13:54,717 DEBUG [pool-2-thread-5] debug -  TAIXIUMD5DEBUG Result1 nguoichoidatXiu:0 nguoichoidatTai0 this.referenceTaiXiuId: 26767
14 Oct 2023 00:13:54,717 DEBUG [pool-2-thread-5] debug -  RESULT DICES MD5: 3 - 2 - 1   0
14 Oct 2023 00:13:59,714 DEBUG [pool-2-thread-6] debug -  resultTX com.vinplay.dal.entities.taixiu.ResultTaiXiu@3e709cc7
14 Oct 2023 00:14:00,162 DEBUG [pool-2-thread-6] debug -  TX phien= 26767, tinh toan xong ket qua
14 Oct 2023 00:14:00,162 DEBUG [pool-2-thread-6] debug -  TX phien= 26767, cap nhat xong ben tai
14 Oct 2023 00:14:00,162 DEBUG [pool-2-thread-6] debug -  TX phien= 26767, cap nhat xong ben xiu
14 Oct 2023 00:14:00,783 DEBUG [pool-2-thread-6] debug -  CALCUALTE PRIZE MD5, time handle= 1069 (ms)
14 Oct 2023 00:14:03,714 DEBUG [pool-4-thread-3] debug -  Bot n = 100
14 Oct 2023 00:14:03,714 DEBUG [pool-4-thread-3] debug -  NUM BET TAI= 164, NUM BET XIU= 190
14 Oct 2023 00:14:04,640 DEBUG [pool-4-thread-3] debug -  NUMBER BOTS:354
14 Oct 2023 00:14:04,702 DEBUG [pool-4-thread-3] debug -  TX BOTS VIP MD5: 20
14 Oct 2023 00:14:08,714 DEBUG [pool-2-thread-6] debug -  gd= 10101011110010100111111110
14 Oct 2023 00:14:08,714 DEBUG [pool-2-thread-6] debug -  GENERATE RESULT DICES MD5: 3 - 3 - 3   0
14 Oct 2023 00:14:08,714 DEBUG [pool-2-thread-6] debug -  START NEW ROUND 26768
14 Oct 2023 00:14:51,481 DEBUG [pool-2-thread-4] debug -  BAU CUA BET GEN RESULT tongthang: 0 tongthua: 0 KETQUA: 5 1 3
14 Oct 2023 00:14:51,481 DEBUG [pool-2-thread-4] debug -  BAU CUA 0 DICES: 5,1,3, xPot= 2, xValue= 1
14 Oct 2023 00:14:51,645 DEBUG [pool-2-thread-5] debug -  calculateMoneyReturn  
14 Oct 2023 00:14:54,647 DEBUG [pool-2-thread-2] debug -  TAIXIUDEBUG Result :3 1 5
14 Oct 2023 00:14:54,654 DEBUG [pool-2-thread-2] debug -  TAIXIUDEBUG Result End:3 1 5
14 Oct 2023 00:14:54,654 DEBUG [pool-2-thread-2] debug -  GENERATE RESULT DICES: 3 - 1 - 5   0
14 Oct 2023 00:14:55,724 DEBUG [pool-2-thread-9] debug -  TRANSACTION BAU CUA: 58
14 Oct 2023 00:14:59,645 DEBUG [pool-2-thread-4] debug -  resultTX com.vinplay.dal.entities.taixiu.ResultTaiXiu@3e2844c3
14 Oct 2023 00:14:59,721 DEBUG [pool-2-thread-9] debug -  TAIXIUMD5DEBUG Result1 nguoichoidatXiu:0 nguoichoidatTai0 this.referenceTaiXiuId: 26768
14 Oct 2023 00:14:59,721 DEBUG [pool-2-thread-9] debug -  RESULT DICES MD5: 3 - 3 - 3   0
14 Oct 2023 00:15:00,038 DEBUG [pool-2-thread-4] debug -  TX phien= 266237, tinh toan xong ket qua
14 Oct 2023 00:15:00,038 DEBUG [pool-2-thread-4] debug -  TX phien= 266237, cap nhat xong ben tai
14 Oct 2023 00:15:00,038 DEBUG [pool-2-thread-4] debug -  TX phien= 266237, cap nhat xong ben xiu
14 Oct 2023 00:15:00,485 DEBUG [pool-2-thread-6] debug -  START NEW ROUND BAU CUA
14 Oct 2023 00:15:00,554 DEBUG [pool-2-thread-6] debug -  BOT BAU CUA ROOM 0, size= 24
14 Oct 2023 00:15:00,567 DEBUG [pool-2-thread-4] debug -  CALCUALTE PRIZE, time handle= 922 (ms)
14 Oct 2023 00:15:03,645 DEBUG [pool-3-thread-7] debug -  Schedule bot running ...
14 Oct 2023 00:15:03,645 DEBUG [pool-3-thread-7] debug -  Bot n = 100
14 Oct 2023 00:15:03,645 DEBUG [pool-3-thread-7] debug -  NUM BET TAI= 165, NUM BET XIU= 174
14 Oct 2023 00:15:04,462 DEBUG [pool-3-thread-7] debug -  NUMBER BOTS:339
14 Oct 2023 00:15:04,462 DEBUG [pool-3-thread-7] debug -  BOTS VIN: 339
14 Oct 2023 00:15:04,548 DEBUG [pool-3-thread-7] debug -  TX BOTS VIP: 25
14 Oct 2023 00:15:04,548 DEBUG [pool-3-thread-7] debug -  Schedule bot finished ...
14 Oct 2023 00:15:04,714 DEBUG [pool-2-thread-3] debug -  resultTX com.vinplay.dal.entities.taixiu.ResultTaiXiu@5ac721eb
14 Oct 2023 00:15:05,287 DEBUG [pool-2-thread-3] debug -  TX phien= 26768, tinh toan xong ket qua
14 Oct 2023 00:15:05,287 DEBUG [pool-2-thread-3] debug -  TX phien= 26768, cap nhat xong ben tai
14 Oct 2023 00:15:05,287 DEBUG [pool-2-thread-3] debug -  TX phien= 26768, cap nhat xong ben xiu
14 Oct 2023 00:15:06,071 DEBUG [pool-2-thread-3] debug -  CALCUALTE PRIZE MD5, time handle= 1357 (ms)
14 Oct 2023 00:15:08,645 DEBUG [pool-2-thread-9] debug -  START NEW ROUND 266238
14 Oct 2023 00:15:08,646 DEBUG [pool-2-thread-9] debug -  START NEW ROUND 266238
14 Oct 2023 00:15:08,714 DEBUG [pool-4-thread-5] debug -  Bot n = 100
14 Oct 2023 00:15:08,714 DEBUG [pool-4-thread-5] debug -  NUM BET TAI= 137, NUM BET XIU= 206
14 Oct 2023 00:15:09,693 DEBUG [pool-4-thread-5] debug -  NUMBER BOTS:343
14 Oct 2023 00:15:09,768 DEBUG [pool-4-thread-5] debug -  TX BOTS VIP MD5: 20
14 Oct 2023 00:15:13,714 DEBUG [pool-2-thread-7] debug -  GENERATE RESULT DICES MD5: 6 - 1 - 5   0
14 Oct 2023 00:15:13,714 DEBUG [pool-2-thread-7] debug -  START NEW ROUND 26769
14 Oct 2023 00:16:01,481 DEBUG [pool-2-thread-7] debug -  BAU CUA BET GEN RESULT tongthang: 0 tongthua: 0 KETQUA: 0 0 4
14 Oct 2023 00:16:01,481 DEBUG [pool-2-thread-7] debug -  BAU CUA 0 DICES: 0,0,4, xPot= 5, xValue= 1
14 Oct 2023 00:16:04,718 DEBUG [pool-2-thread-8] debug -  TAIXIUMD5DEBUG Result1 nguoichoidatXiu:0 nguoichoidatTai0 this.referenceTaiXiuId: 26769
14 Oct 2023 00:16:04,718 DEBUG [pool-2-thread-8] debug -  RESULT DICES MD5: 6 - 1 - 5   1
14 Oct 2023 00:16:05,549 DEBUG [pool-2-thread-9] debug -  TRANSACTION BAU CUA: 18
14 Oct 2023 00:16:06,645 DEBUG [pool-2-thread-4] debug -  calculateMoneyReturn  
14 Oct 2023 00:16:09,647 DEBUG [pool-2-thread-6] debug -  TAIXIUDEBUG Result :5 6 6
14 Oct 2023 00:16:09,654 DEBUG [pool-2-thread-6] debug -  TAIXIUDEBUG Result End:5 6 6
14 Oct 2023 00:16:09,654 DEBUG [pool-2-thread-6] debug -  GENERATE RESULT DICES: 5 - 6 - 6   1
14 Oct 2023 00:16:09,714 DEBUG [pool-2-thread-10] debug -  resultTX com.vinplay.dal.entities.taixiu.ResultTaiXiu@744faab
14 Oct 2023 00:16:10,298 DEBUG [pool-2-thread-10] debug -  TX phien= 26769, tinh toan xong ket qua
14 Oct 2023 00:16:10,298 DEBUG [pool-2-thread-10] debug -  TX phien= 26769, cap nhat xong ben tai
14 Oct 2023 00:16:10,299 DEBUG [pool-2-thread-10] debug -  TX phien= 26769, cap nhat xong ben xiu
14 Oct 2023 00:16:10,486 DEBUG [pool-2-thread-8] debug -  START NEW ROUND BAU CUA
14 Oct 2023 00:16:10,815 DEBUG [pool-2-thread-8] debug -  BOT BAU CUA ROOM 0, size= 61
14 Oct 2023 00:16:11,109 DEBUG [pool-2-thread-10] debug -  CALCUALTE PRIZE MD5, time handle= 1395 (ms)
14 Oct 2023 00:16:13,714 DEBUG [pool-4-thread-7] debug -  Bot n = 100
14 Oct 2023 00:16:13,714 DEBUG [pool-4-thread-7] debug -  NUM BET TAI= 277, NUM BET XIU= 193
14 Oct 2023 00:16:14,645 DEBUG [pool-2-thread-5] debug -  resultTX com.vinplay.dal.entities.taixiu.ResultTaiXiu@324efa15
14 Oct 2023 00:16:15,009 DEBUG [pool-4-thread-7] debug -  NUMBER BOTS:470
14 Oct 2023 00:16:15,128 DEBUG [pool-4-thread-7] debug -  TX BOTS VIP MD5: 22
14 Oct 2023 00:16:15,380 DEBUG [pool-2-thread-5] debug -  TX phien= 266238, tinh toan xong ket qua
14 Oct 2023 00:16:15,380 DEBUG [pool-2-thread-5] debug -  TX phien= 266238, cap nhat xong ben tai
14 Oct 2023 00:16:15,381 DEBUG [pool-2-thread-5] debug -  TX phien= 266238, cap nhat xong ben xiu
14 Oct 2023 00:16:16,192 DEBUG [pool-2-thread-5] debug -  CALCUALTE PRIZE, time handle= 1547 (ms)
14 Oct 2023 00:16:18,645 DEBUG [pool-3-thread-5] debug -  Schedule bot running ...
14 Oct 2023 00:16:18,645 DEBUG [pool-3-thread-5] debug -  Bot n = 100
14 Oct 2023 00:16:18,645 DEBUG [pool-3-thread-5] debug -  NUM BET TAI= 189, NUM BET XIU= 197
14 Oct 2023 00:16:18,717 DEBUG [pool-2-thread-10] debug -  GENERATE RESULT DICES MD5: 6 - 2 - 5   1
14 Oct 2023 00:16:18,717 DEBUG [pool-2-thread-10] debug -  START NEW ROUND 26770
14 Oct 2023 00:16:19,635 DEBUG [pool-3-thread-5] debug -  NUMBER BOTS:386
14 Oct 2023 00:16:19,635 DEBUG [pool-3-thread-5] debug -  BOTS VIN: 386
14 Oct 2023 00:16:19,686 DEBUG [pool-3-thread-5] debug -  TX BOTS VIP: 19
14 Oct 2023 00:16:19,686 DEBUG [pool-3-thread-5] debug -  Schedule bot finished ...
14 Oct 2023 00:16:23,645 DEBUG [pool-2-thread-2] debug -  START NEW ROUND 266239
14 Oct 2023 00:16:23,646 DEBUG [pool-2-thread-2] debug -  START NEW ROUND 266239
14 Oct 2023 00:17:09,721 DEBUG [pool-2-thread-8] debug -  TAIXIUMD5DEBUG Result1 nguoichoidatXiu:0 nguoichoidatTai0 this.referenceTaiXiuId: 26770
14 Oct 2023 00:17:09,721 DEBUG [pool-2-thread-8] debug -  RESULT DICES MD5: 6 - 2 - 5   1
14 Oct 2023 00:17:11,481 DEBUG [pool-2-thread-3] debug -  BAU CUA BET GEN RESULT tongthang: 0 tongthua: 0 KETQUA: 1 0 3
14 Oct 2023 00:17:11,481 DEBUG [pool-2-thread-3] debug -  BAU CUA 0 DICES: 1,0,3, xPot= 1, xValue= 1
14 Oct 2023 00:17:14,714 DEBUG [pool-2-thread-8] debug -  resultTX com.vinplay.dal.entities.taixiu.ResultTaiXiu@3e190b2d
14 Oct 2023 00:17:15,468 DEBUG [pool-2-thread-8] debug -  TX phien= 26770, tinh toan xong ket qua
14 Oct 2023 00:17:15,468 DEBUG [pool-2-thread-8] debug -  TX phien= 26770, cap nhat xong ben tai
14 Oct 2023 00:17:15,468 DEBUG [pool-2-thread-8] debug -  TX phien= 26770, cap nhat xong ben xiu
14 Oct 2023 00:17:15,863 DEBUG [pool-2-thread-5] debug -  TRANSACTION BAU CUA: 59
14 Oct 2023 00:17:16,517 DEBUG [pool-2-thread-8] debug -  CALCUALTE PRIZE MD5, time handle= 1803 (ms)
14 Oct 2023 00:17:18,714 DEBUG [pool-4-thread-9] debug -  Bot n = 100
14 Oct 2023 00:17:18,714 DEBUG [pool-4-thread-9] debug -  NUM BET TAI= 121, NUM BET XIU= 110
14 Oct 2023 00:17:19,305 DEBUG [pool-4-thread-9] debug -  NUMBER BOTS:231
14 Oct 2023 00:17:19,374 DEBUG [pool-4-thread-9] debug -  TX BOTS VIP MD5: 19
14 Oct 2023 00:17:20,485 DEBUG [pool-2-thread-3] debug -  START NEW ROUND BAU CUA
14 Oct 2023 00:17:20,660 DEBUG [pool-2-thread-3] debug -  BOT BAU CUA ROOM 0, size= 42
14 Oct 2023 00:17:21,645 DEBUG [pool-2-thread-10] debug -  calculateMoneyReturn  
14 Oct 2023 00:17:23,714 DEBUG [pool-2-thread-9] debug -  GENERATE RESULT DICES MD5: 4 - 6 - 5   1
14 Oct 2023 00:17:23,714 DEBUG [pool-2-thread-9] debug -  START NEW ROUND 26771
14 Oct 2023 00:17:24,647 DEBUG [pool-2-thread-9] debug -  TAIXIUDEBUG Result :3 1 5
14 Oct 2023 00:17:24,654 DEBUG [pool-2-thread-9] debug -  TAIXIUDEBUG Result End:3 1 5
14 Oct 2023 00:17:24,654 DEBUG [pool-2-thread-9] debug -  GENERATE RESULT DICES: 3 - 1 - 5   0
14 Oct 2023 00:17:29,645 DEBUG [pool-2-thread-2] debug -  resultTX com.vinplay.dal.entities.taixiu.ResultTaiXiu@3207947a
14 Oct 2023 00:17:30,503 DEBUG [pool-2-thread-2] debug -  TX phien= 266239, tinh toan xong ket qua
14 Oct 2023 00:17:30,504 DEBUG [pool-2-thread-2] debug -  TX phien= 266239, cap nhat xong ben tai
14 Oct 2023 00:17:30,504 DEBUG [pool-2-thread-2] debug -  TX phien= 266239, cap nhat xong ben xiu
14 Oct 2023 00:17:31,514 DEBUG [pool-2-thread-2] debug -  CALCUALTE PRIZE, time handle= 1869 (ms)
14 Oct 2023 00:17:33,645 DEBUG [pool-3-thread-3] debug -  Schedule bot running ...
14 Oct 2023 00:17:33,645 DEBUG [pool-3-thread-3] debug -  Bot n = 100
14 Oct 2023 00:17:33,645 DEBUG [pool-3-thread-3] debug -  NUM BET TAI= 191, NUM BET XIU= 161
14 Oct 2023 00:17:34,629 DEBUG [pool-3-thread-3] debug -  NUMBER BOTS:352
14 Oct 2023 00:17:34,629 DEBUG [pool-3-thread-3] debug -  BOTS VIN: 352
14 Oct 2023 00:17:34,723 DEBUG [pool-3-thread-3] debug -  TX BOTS VIP: 28
14 Oct 2023 00:17:34,724 DEBUG [pool-3-thread-3] debug -  Schedule bot finished ...
14 Oct 2023 00:17:38,645 DEBUG [pool-2-thread-4] debug -  START NEW ROUND 266240
14 Oct 2023 00:17:38,646 DEBUG [pool-2-thread-4] debug -  START NEW ROUND 266240
14 Oct 2023 00:17:40,295 DEBUG [pool-2-thread-7] debug -  reload config
14 Oct 2023 00:18:14,717 DEBUG [pool-2-thread-7] debug -  TAIXIUMD5DEBUG Result1 nguoichoidatXiu:0 nguoichoidatTai0 this.referenceTaiXiuId: 26771
14 Oct 2023 00:18:14,717 DEBUG [pool-2-thread-7] debug -  RESULT DICES MD5: 4 - 6 - 5   1
14 Oct 2023 00:18:19,714 DEBUG [pool-2-thread-7] debug -  resultTX com.vinplay.dal.entities.taixiu.ResultTaiXiu@7cf541d2
14 Oct 2023 00:18:20,087 DEBUG [pool-2-thread-7] debug -  TX phien= 26771, tinh toan xong ket qua
14 Oct 2023 00:18:20,088 DEBUG [pool-2-thread-7] debug -  TX phien= 26771, cap nhat xong ben tai
14 Oct 2023 00:18:20,088 DEBUG [pool-2-thread-7] debug -  TX phien= 26771, cap nhat xong ben xiu
14 Oct 2023 00:18:20,590 DEBUG [pool-2-thread-7] debug -  CALCUALTE PRIZE MD5, time handle= 876 (ms)
14 Oct 2023 00:18:21,481 DEBUG [pool-2-thread-7] debug -  BAU CUA BET GEN RESULT tongthang: 0 tongthua: 0 KETQUA: 5 5 5
14 Oct 2023 00:18:21,481 DEBUG [pool-2-thread-7] debug -  BAU CUA 0 DICES: 5,5,5, xPot= 2, xValue= 2
14 Oct 2023 00:18:23,714 DEBUG [pool-4-thread-2] debug -  Bot n = 100
14 Oct 2023 00:18:23,714 DEBUG [pool-4-thread-2] debug -  NUM BET TAI= 90, NUM BET XIU= 78
14 Oct 2023 00:18:24,156 DEBUG [pool-4-thread-2] debug -  NUMBER BOTS:168
14 Oct 2023 00:18:24,230 DEBUG [pool-4-thread-2] debug -  TX BOTS VIP MD5: 21
14 Oct 2023 00:18:25,621 DEBUG [pool-2-thread-3] debug -  TRANSACTION BAU CUA: 38
14 Oct 2023 00:18:28,714 DEBUG [pool-2-thread-3] debug -  GENERATE RESULT DICES MD5: 5 - 2 - 5   1
14 Oct 2023 00:18:28,715 DEBUG [pool-2-thread-3] debug -  START NEW ROUND 26772
14 Oct 2023 00:18:30,488 DEBUG [pool-2-thread-2] debug -  START NEW ROUND BAU CUA
14 Oct 2023 00:18:30,602 DEBUG [pool-2-thread-2] debug -  BOT BAU CUA ROOM 0, size= 50
14 Oct 2023 00:18:36,645 DEBUG [pool-2-thread-6] debug -  calculateMoneyReturn  
14 Oct 2023 00:18:39,647 DEBUG [pool-2-thread-2] debug -  TAIXIUDEBUG Result :2 2 4
14 Oct 2023 00:18:39,655 DEBUG [pool-2-thread-2] debug -  TAIXIUDEBUG Result End:2 2 4
14 Oct 2023 00:18:39,655 DEBUG [pool-2-thread-2] debug -  GENERATE RESULT DICES: 2 - 2 - 4   0
14 Oct 2023 00:18:44,645 DEBUG [pool-2-thread-6] debug -  resultTX com.vinplay.dal.entities.taixiu.ResultTaiXiu@1701ee87
14 Oct 2023 00:18:45,305 DEBUG [pool-2-thread-6] debug -  TX phien= 266240, tinh toan xong ket qua
14 Oct 2023 00:18:45,305 DEBUG [pool-2-thread-6] debug -  TX phien= 266240, cap nhat xong ben tai
14 Oct 2023 00:18:45,307 DEBUG [pool-2-thread-6] debug -  TX phien= 266240, cap nhat xong ben xiu
14 Oct 2023 00:18:46,079 DEBUG [pool-2-thread-6] debug -  CALCUALTE PRIZE, time handle= 1434 (ms)
14 Oct 2023 00:18:48,645 DEBUG [pool-3-thread-2] debug -  Schedule bot running ...
14 Oct 2023 00:18:48,645 DEBUG [pool-3-thread-2] debug -  Bot n = 100
14 Oct 2023 00:18:48,645 DEBUG [pool-3-thread-2] debug -  NUM BET TAI= 125, NUM BET XIU= 143
14 Oct 2023 00:18:49,432 DEBUG [pool-3-thread-2] debug -  NUMBER BOTS:268
14 Oct 2023 00:18:49,432 DEBUG [pool-3-thread-2] debug -  BOTS VIN: 268
14 Oct 2023 00:18:49,506 DEBUG [pool-3-thread-2] debug -  TX BOTS VIP: 24
14 Oct 2023 00:18:49,507 DEBUG [pool-3-thread-2] debug -  Schedule bot finished ...
14 Oct 2023 00:18:53,645 DEBUG [pool-2-thread-10] debug -  START NEW ROUND 266241
14 Oct 2023 00:18:53,646 DEBUG [pool-2-thread-10] debug -  START NEW ROUND 266241
14 Oct 2023 00:19:19,716 DEBUG [pool-2-thread-8] debug -  TAIXIUMD5DEBUG Result1 nguoichoidatXiu:0 nguoichoidatTai0 this.referenceTaiXiuId: 26772
14 Oct 2023 00:19:19,716 DEBUG [pool-2-thread-8] debug -  RESULT DICES MD5: 5 - 2 - 5   1
14 Oct 2023 00:19:24,714 DEBUG [pool-2-thread-4] debug -  resultTX com.vinplay.dal.entities.taixiu.ResultTaiXiu@465c52ad
14 Oct 2023 00:19:24,961 DEBUG [pool-2-thread-4] debug -  TX phien= 26772, tinh toan xong ket qua
14 Oct 2023 00:19:24,961 DEBUG [pool-2-thread-4] debug -  TX phien= 26772, cap nhat xong ben tai
14 Oct 2023 00:19:24,961 DEBUG [pool-2-thread-4] debug -  TX phien= 26772, cap nhat xong ben xiu
14 Oct 2023 00:19:25,317 DEBUG [pool-2-thread-4] debug -  CALCUALTE PRIZE MD5, time handle= 603 (ms)
14 Oct 2023 00:19:28,714 DEBUG [pool-4-thread-3] debug -  Bot n = 100
14 Oct 2023 00:19:28,714 DEBUG [pool-4-thread-3] debug -  NUM BET TAI= 120, NUM BET XIU= 173
14 Oct 2023 00:19:29,392 DEBUG [pool-4-thread-3] debug -  NUMBER BOTS:293
14 Oct 2023 00:19:29,491 DEBUG [pool-4-thread-3] debug -  TX BOTS VIP MD5: 21
14 Oct 2023 00:19:31,481 DEBUG [pool-2-thread-8] debug -  BAU CUA BET GEN RESULT tongthang: 0 tongthua: 0 KETQUA: 1 2 3
14 Oct 2023 00:19:31,481 DEBUG [pool-2-thread-8] debug -  BAU CUA 0 DICES: 1,2,3, xPot= 0, xValue= 1
14 Oct 2023 00:19:33,714 DEBUG [pool-2-thread-3] debug -  GENERATE RESULT DICES MD5: 5 - 4 - 6   1
14 Oct 2023 00:19:33,715 DEBUG [pool-2-thread-3] debug -  START NEW ROUND 26773
14 Oct 2023 00:19:35,643 DEBUG [pool-2-thread-2] debug -  TRANSACTION BAU CUA: 43
14 Oct 2023 00:19:40,488 DEBUG [pool-2-thread-5] debug -  START NEW ROUND BAU CUA
14 Oct 2023 00:19:40,604 DEBUG [pool-2-thread-5] debug -  BOT BAU CUA ROOM 0, size= 53
14 Oct 2023 00:19:51,645 DEBUG [pool-2-thread-8] debug -  calculateMoneyReturn  
14 Oct 2023 00:19:54,647 DEBUG [pool-2-thread-10] debug -  TAIXIUDEBUG Result :2 4 1
14 Oct 2023 00:19:54,656 DEBUG [pool-2-thread-10] debug -  TAIXIUDEBUG Result End:2 4 1
14 Oct 2023 00:19:54,656 DEBUG [pool-2-thread-10] debug -  GENERATE RESULT DICES: 2 - 4 - 1   0
14 Oct 2023 00:19:59,645 DEBUG [pool-2-thread-7] debug -  resultTX com.vinplay.dal.entities.taixiu.ResultTaiXiu@6a4ad41a
14 Oct 2023 00:20:00,129 DEBUG [pool-2-thread-7] debug -  TX phien= 266241, tinh toan xong ket qua
14 Oct 2023 00:20:00,129 DEBUG [pool-2-thread-7] debug -  TX phien= 266241, cap nhat xong ben tai
14 Oct 2023 00:20:00,129 DEBUG [pool-2-thread-7] debug -  TX phien= 266241, cap nhat xong ben xiu
14 Oct 2023 00:20:00,758 DEBUG [pool-2-thread-7] debug -  CALCUALTE PRIZE, time handle= 1113 (ms)
14 Oct 2023 00:20:03,645 DEBUG [pool-3-thread-5] debug -  Schedule bot running ...
14 Oct 2023 00:20:03,645 DEBUG [pool-3-thread-5] debug -  Bot n = 100
14 Oct 2023 00:20:03,645 DEBUG [pool-3-thread-5] debug -  NUM BET TAI= 151, NUM BET XIU= 147
14 Oct 2023 00:20:04,491 DEBUG [pool-3-thread-5] debug -  NUMBER BOTS:298
14 Oct 2023 00:20:04,491 DEBUG [pool-3-thread-5] debug -  BOTS VIN: 298
14 Oct 2023 00:20:04,583 DEBUG [pool-3-thread-5] debug -  TX BOTS VIP: 29
14 Oct 2023 00:20:04,583 DEBUG [pool-3-thread-5] debug -  Schedule bot finished ...
14 Oct 2023 00:20:08,645 DEBUG [pool-2-thread-4] debug -  START NEW ROUND 266242
14 Oct 2023 00:20:08,646 DEBUG [pool-2-thread-4] debug -  START NEW ROUND 266242
14 Oct 2023 00:20:24,717 DEBUG [pool-2-thread-9] debug -  TAIXIUMD5DEBUG Result1 nguoichoidatXiu:0 nguoichoidatTai0 this.referenceTaiXiuId: 26773
14 Oct 2023 00:20:24,717 DEBUG [pool-2-thread-9] debug -  RESULT DICES MD5: 5 - 4 - 6   1
14 Oct 2023 00:20:29,714 DEBUG [pool-2-thread-3] debug -  resultTX com.vinplay.dal.entities.taixiu.ResultTaiXiu@74fb3ea4
14 Oct 2023 00:20:30,217 DEBUG [pool-2-thread-3] debug -  TX phien= 26773, tinh toan xong ket qua
14 Oct 2023 00:20:30,218 DEBUG [pool-2-thread-3] debug -  TX phien= 26773, cap nhat xong ben tai
14 Oct 2023 00:20:30,218 DEBUG [pool-2-thread-3] debug -  TX phien= 26773, cap nhat xong ben xiu
14 Oct 2023 00:20:30,835 DEBUG [pool-2-thread-3] debug -  CALCUALTE PRIZE MD5, time handle= 1121 (ms)
14 Oct 2023 00:20:33,714 DEBUG [pool-4-thread-5] debug -  Bot n = 100
14 Oct 2023 00:20:33,714 DEBUG [pool-4-thread-5] debug -  NUM BET TAI= 217, NUM BET XIU= 211
14 Oct 2023 00:20:34,772 DEBUG [pool-4-thread-5] debug -  NUMBER BOTS:428
14 Oct 2023 00:20:34,853 DEBUG [pool-4-thread-5] debug -  TX BOTS VIP MD5: 28
14 Oct 2023 00:20:38,714 DEBUG [pool-2-thread-7] debug -  GENERATE RESULT DICES MD5: 4 - 6 - 1   1
14 Oct 2023 00:20:38,714 DEBUG [pool-2-thread-7] debug -  START NEW ROUND 26774
14 Oct 2023 00:20:41,481 DEBUG [pool-2-thread-10] debug -  BAU CUA BET GEN RESULT tongthang: 0 tongthua: 0 KETQUA: 3 1 5
14 Oct 2023 00:20:41,481 DEBUG [pool-2-thread-10] debug -  BAU CUA 0 DICES: 3,1,5, xPot= 0, xValue= 1
14 Oct 2023 00:20:45,648 DEBUG [pool-2-thread-9] debug -  TRANSACTION BAU CUA: 45
14 Oct 2023 00:20:50,484 DEBUG [pool-2-thread-2] debug -  START NEW ROUND BAU CUA
14 Oct 2023 00:20:50,533 DEBUG [pool-2-thread-2] debug -  BOT BAU CUA ROOM 0, size= 11
14 Oct 2023 00:21:06,645 DEBUG [pool-2-thread-2] debug -  calculateMoneyReturn  
14 Oct 2023 00:21:09,647 DEBUG [pool-2-thread-8] debug -  TAIXIUDEBUG Result :5 6 4
14 Oct 2023 00:21:09,654 DEBUG [pool-2-thread-8] debug -  TAIXIUDEBUG Result End:5 6 4
14 Oct 2023 00:21:09,654 DEBUG [pool-2-thread-8] debug -  GENERATE RESULT DICES: 5 - 6 - 4   1
14 Oct 2023 00:21:14,645 DEBUG [pool-2-thread-2] debug -  resultTX com.vinplay.dal.entities.taixiu.ResultTaiXiu@2b04adb2
14 Oct 2023 00:21:15,175 DEBUG [pool-2-thread-2] debug -  TX phien= 266242, tinh toan xong ket qua
14 Oct 2023 00:21:15,175 DEBUG [pool-2-thread-2] debug -  TX phien= 266242, cap nhat xong ben tai
14 Oct 2023 00:21:15,175 DEBUG [pool-2-thread-2] debug -  TX phien= 266242, cap nhat xong ben xiu
14 Oct 2023 00:21:15,777 DEBUG [pool-2-thread-2] debug -  CALCUALTE PRIZE, time handle= 1132 (ms)
14 Oct 2023 00:21:18,645 DEBUG [pool-3-thread-3] debug -  Schedule bot running ...
14 Oct 2023 00:21:18,645 DEBUG [pool-3-thread-3] debug -  Bot n = 100
14 Oct 2023 00:21:18,645 DEBUG [pool-3-thread-3] debug -  NUM BET TAI= 160, NUM BET XIU= 222
14 Oct 2023 00:21:19,726 DEBUG [pool-3-thread-3] debug -  NUMBER BOTS:382
14 Oct 2023 00:21:19,727 DEBUG [pool-3-thread-3] debug -  BOTS VIN: 382
14 Oct 2023 00:21:19,783 DEBUG [pool-3-thread-3] debug -  TX BOTS VIP: 21
14 Oct 2023 00:21:19,783 DEBUG [pool-3-thread-3] debug -  Schedule bot finished ...
14 Oct 2023 00:21:23,645 DEBUG [pool-2-thread-4] debug -  START NEW ROUND 266243
14 Oct 2023 00:21:23,646 DEBUG [pool-2-thread-4] debug -  START NEW ROUND 266243
14 Oct 2023 00:21:29,717 DEBUG [pool-2-thread-5] debug -  TAIXIUMD5DEBUG Result1 nguoichoidatXiu:0 nguoichoidatTai0 this.referenceTaiXiuId: 26774
14 Oct 2023 00:21:29,717 DEBUG [pool-2-thread-5] debug -  RESULT DICES MD5: 4 - 6 - 1   1
14 Oct 2023 00:21:34,714 DEBUG [pool-2-thread-3] debug -  resultTX com.vinplay.dal.entities.taixiu.ResultTaiXiu@4e341d90
14 Oct 2023 00:21:35,464 DEBUG [pool-2-thread-3] debug -  TX phien= 26774, tinh toan xong ket qua
14 Oct 2023 00:21:35,465 DEBUG [pool-2-thread-3] debug -  TX phien= 26774, cap nhat xong ben tai
14 Oct 2023 00:21:35,465 DEBUG [pool-2-thread-3] debug -  TX phien= 26774, cap nhat xong ben xiu
14 Oct 2023 00:21:36,424 DEBUG [pool-2-thread-3] debug -  CALCUALTE PRIZE MD5, time handle= 1710 (ms)
14 Oct 2023 00:21:38,714 DEBUG [pool-4-thread-7] debug -  Bot n = 100
14 Oct 2023 00:21:38,714 DEBUG [pool-4-thread-7] debug -  NUM BET TAI= 108, NUM BET XIU= 94
14 Oct 2023 00:21:39,209 DEBUG [pool-4-thread-7] debug -  NUMBER BOTS:202
14 Oct 2023 00:21:39,284 DEBUG [pool-4-thread-7] debug -  TX BOTS VIP MD5: 23
14 Oct 2023 00:21:43,714 DEBUG [pool-2-thread-8] debug -  GENERATE RESULT DICES MD5: 6 - 4 - 2   1
14 Oct 2023 00:21:43,714 DEBUG [pool-2-thread-8] debug -  START NEW ROUND 26775
14 Oct 2023 00:21:51,481 DEBUG [pool-2-thread-9] debug -  BAU CUA BET GEN RESULT tongthang: 0 tongthua: 0 KETQUA: 1 3 0
14 Oct 2023 00:21:51,481 DEBUG [pool-2-thread-9] debug -  BAU CUA 0 DICES: 1,3,0, xPot= 4, xValue= 1
14 Oct 2023 00:21:55,515 DEBUG [pool-2-thread-6] debug -  TRANSACTION BAU CUA: 9
14 Oct 2023 00:22:00,485 DEBUG [pool-2-thread-6] debug -  START NEW ROUND BAU CUA
14 Oct 2023 00:22:00,764 DEBUG [pool-2-thread-6] debug -  BOT BAU CUA ROOM 0, size= 75
14 Oct 2023 00:22:21,645 DEBUG [pool-2-thread-5] debug -  calculateMoneyReturn  
14 Oct 2023 00:22:24,648 DEBUG [pool-2-thread-5] debug -  TAIXIUDEBUG Result :3 2 4
14 Oct 2023 00:22:24,661 DEBUG [pool-2-thread-5] debug -  TAIXIUDEBUG Result End:3 2 4
14 Oct 2023 00:22:24,661 DEBUG [pool-2-thread-5] debug -  GENERATE RESULT DICES: 3 - 2 - 4   0
14 Oct 2023 00:22:29,645 DEBUG [pool-2-thread-5] debug -  resultTX com.vinplay.dal.entities.taixiu.ResultTaiXiu@47216b1d
14 Oct 2023 00:22:30,415 DEBUG [pool-2-thread-5] debug -  TX phien= 266243, tinh toan xong ket qua
14 Oct 2023 00:22:30,416 DEBUG [pool-2-thread-5] debug -  TX phien= 266243, cap nhat xong ben tai
14 Oct 2023 00:22:30,418 DEBUG [pool-2-thread-5] debug -  TX phien= 266243, cap nhat xong ben xiu
14 Oct 2023 00:22:31,421 DEBUG [pool-2-thread-5] debug -  CALCUALTE PRIZE, time handle= 1776 (ms)
14 Oct 2023 00:22:33,645 DEBUG [pool-3-thread-2] debug -  Schedule bot running ...
14 Oct 2023 00:22:33,645 DEBUG [pool-3-thread-2] debug -  Bot n = 100
14 Oct 2023 00:22:33,645 DEBUG [pool-3-thread-2] debug -  NUM BET TAI= 144, NUM BET XIU= 126
14 Oct 2023 00:22:34,327 DEBUG [pool-3-thread-2] debug -  NUMBER BOTS:270
14 Oct 2023 00:22:34,327 DEBUG [pool-3-thread-2] debug -  BOTS VIN: 270
14 Oct 2023 00:22:34,459 DEBUG [pool-3-thread-2] debug -  TX BOTS VIP: 27
14 Oct 2023 00:22:34,459 DEBUG [pool-3-thread-2] debug -  Schedule bot finished ...
14 Oct 2023 00:22:34,717 DEBUG [pool-2-thread-6] debug -  TAIXIUMD5DEBUG Result1 nguoichoidatXiu:0 nguoichoidatTai0 this.referenceTaiXiuId: 26775
14 Oct 2023 00:22:34,717 DEBUG [pool-2-thread-6] debug -  RESULT DICES MD5: 6 - 4 - 2   1
14 Oct 2023 00:22:38,645 DEBUG [pool-2-thread-10] debug -  START NEW ROUND 266244
14 Oct 2023 00:22:38,646 DEBUG [pool-2-thread-10] debug -  START NEW ROUND 266244
14 Oct 2023 00:22:39,715 DEBUG [pool-2-thread-9] debug -  resultTX com.vinplay.dal.entities.taixiu.ResultTaiXiu@1007a9ac
14 Oct 2023 00:22:40,091 DEBUG [pool-2-thread-9] debug -  TX phien= 26775, tinh toan xong ket qua
14 Oct 2023 00:22:40,092 DEBUG [pool-2-thread-9] debug -  TX phien= 26775, cap nhat xong ben tai
14 Oct 2023 00:22:40,093 DEBUG [pool-2-thread-9] debug -  TX phien= 26775, cap nhat xong ben xiu
14 Oct 2023 00:22:40,295 DEBUG [pool-2-thread-3] debug -  reload config
14 Oct 2023 00:22:40,602 DEBUG [pool-2-thread-9] debug -  CALCUALTE PRIZE MD5, time handle= 887 (ms)
14 Oct 2023 00:22:43,714 DEBUG [pool-4-thread-9] debug -  Bot n = 100
14 Oct 2023 00:22:43,714 DEBUG [pool-4-thread-9] debug -  NUM BET TAI= 265, NUM BET XIU= 217
14 Oct 2023 00:22:45,082 DEBUG [pool-4-thread-9] debug -  NUMBER BOTS:482
14 Oct 2023 00:22:45,167 DEBUG [pool-4-thread-9] debug -  TX BOTS VIP MD5: 20
14 Oct 2023 00:22:48,714 DEBUG [pool-2-thread-7] debug -  GENERATE RESULT DICES MD5: 3 - 6 - 2   1
14 Oct 2023 00:22:48,715 DEBUG [pool-2-thread-7] debug -  START NEW ROUND 26776
14 Oct 2023 00:23:01,481 DEBUG [pool-2-thread-10] debug -  BAU CUA BET GEN RESULT tongthang: 0 tongthua: 0 KETQUA: 3 0 1
14 Oct 2023 00:23:01,481 DEBUG [pool-2-thread-10] debug -  BAU CUA 0 DICES: 3,0,1, xPot= 1, xValue= 2
14 Oct 2023 00:23:05,796 DEBUG [pool-2-thread-8] debug -  TRANSACTION BAU CUA: 66
14 Oct 2023 00:23:10,485 DEBUG [pool-2-thread-7] debug -  START NEW ROUND BAU CUA
14 Oct 2023 00:23:10,535 DEBUG [pool-2-thread-7] debug -  BOT BAU CUA ROOM 0, size= 10
14 Oct 2023 00:23:36,645 DEBUG [pool-2-thread-6] debug -  calculateMoneyReturn  
14 Oct 2023 00:23:39,647 DEBUG [pool-2-thread-10] debug -  TAIXIUDEBUG Result :3 2 4
14 Oct 2023 00:23:39,655 DEBUG [pool-2-thread-10] debug -  TAIXIUDEBUG Result End:3 2 4
14 Oct 2023 00:23:39,655 DEBUG [pool-2-thread-10] debug -  GENERATE RESULT DICES: 3 - 2 - 4   0
14 Oct 2023 00:23:39,718 DEBUG [pool-2-thread-7] debug -  TAIXIUMD5DEBUG Result1 nguoichoidatXiu:0 nguoichoidatTai0 this.referenceTaiXiuId: 26776
14 Oct 2023 00:23:39,718 DEBUG [pool-2-thread-7] debug -  RESULT DICES MD5: 3 - 6 - 2   1
14 Oct 2023 00:23:44,645 DEBUG [pool-2-thread-7] debug -  resultTX com.vinplay.dal.entities.taixiu.ResultTaiXiu@2fa50131
14 Oct 2023 00:23:44,714 DEBUG [pool-2-thread-6] debug -  resultTX com.vinplay.dal.entities.taixiu.ResultTaiXiu@45013ab8
14 Oct 2023 00:23:45,439 DEBUG [pool-2-thread-7] debug -  TX phien= 266244, tinh toan xong ket qua
14 Oct 2023 00:23:45,439 DEBUG [pool-2-thread-7] debug -  TX phien= 266244, cap nhat xong ben tai
14 Oct 2023 00:23:45,439 DEBUG [pool-2-thread-7] debug -  TX phien= 266244, cap nhat xong ben xiu
14 Oct 2023 00:23:46,196 DEBUG [pool-2-thread-6] debug -  TX phien= 26776, tinh toan xong ket qua
14 Oct 2023 00:23:46,197 DEBUG [pool-2-thread-6] debug -  TX phien= 26776, cap nhat xong ben tai
14 Oct 2023 00:23:46,207 DEBUG [pool-2-thread-6] debug -  TX phien= 26776, cap nhat xong ben xiu
14 Oct 2023 00:23:46,507 DEBUG [pool-2-thread-7] debug -  CALCUALTE PRIZE, time handle= 1862 (ms)
14 Oct 2023 00:23:47,584 DEBUG [pool-2-thread-6] debug -  CALCUALTE PRIZE MD5, time handle= 2870 (ms)
14 Oct 2023 00:23:48,645 DEBUG [pool-3-thread-5] debug -  Schedule bot running ...
14 Oct 2023 00:23:48,646 DEBUG [pool-3-thread-5] debug -  Bot n = 100
14 Oct 2023 00:23:48,646 DEBUG [pool-3-thread-5] debug -  NUM BET TAI= 263, NUM BET XIU= 186
14 Oct 2023 00:23:48,714 DEBUG [pool-4-thread-2] debug -  Bot n = 100
14 Oct 2023 00:23:48,714 DEBUG [pool-4-thread-2] debug -  NUM BET TAI= 223, NUM BET XIU= 196
14 Oct 2023 00:23:51,488 DEBUG [pool-4-thread-2] debug -  NUMBER BOTS:419
14 Oct 2023 00:23:51,656 DEBUG [pool-4-thread-2] debug -  TX BOTS VIP MD5: 28
14 Oct 2023 00:23:51,772 DEBUG [pool-3-thread-5] debug -  NUMBER BOTS:449
14 Oct 2023 00:23:51,772 DEBUG [pool-3-thread-5] debug -  BOTS VIN: 449
14 Oct 2023 00:23:51,874 DEBUG [pool-3-thread-5] debug -  TX BOTS VIP: 24
14 Oct 2023 00:23:51,874 DEBUG [pool-3-thread-5] debug -  Schedule bot finished ...
14 Oct 2023 00:23:53,645 DEBUG [pool-2-thread-6] debug -  START NEW ROUND 266245
14 Oct 2023 00:23:53,646 DEBUG [pool-2-thread-6] debug -  START NEW ROUND 266245
14 Oct 2023 00:23:53,714 DEBUG [pool-2-thread-4] debug -  GENERATE RESULT DICES MD5: 3 - 4 - 2   1
14 Oct 2023 00:23:53,714 DEBUG [pool-2-thread-4] debug -  START NEW ROUND 26777
14 Oct 2023 00:24:11,481 DEBUG [pool-2-thread-4] debug -  BAU CUA BET GEN RESULT tongthang: 0 tongthua: 0 KETQUA: 3 4 3
14 Oct 2023 00:24:11,481 DEBUG [pool-2-thread-4] debug -  BAU CUA 0 DICES: 3,4,3, xPot= 4, xValue= 1
14 Oct 2023 00:24:15,508 DEBUG [pool-2-thread-3] debug -  TRANSACTION BAU CUA: 8
14 Oct 2023 00:24:20,500 DEBUG [pool-2-thread-9] debug -  START NEW ROUND BAU CUA
14 Oct 2023 00:24:20,678 DEBUG [pool-2-thread-9] debug -  BOT BAU CUA ROOM 0, size= 47
14 Oct 2023 00:24:44,717 DEBUG [pool-2-thread-10] debug -  TAIXIUMD5DEBUG Result1 nguoichoidatXiu:0 nguoichoidatTai0 this.referenceTaiXiuId: 26777
14 Oct 2023 00:24:44,717 DEBUG [pool-2-thread-10] debug -  RESULT DICES MD5: 3 - 4 - 2   0
14 Oct 2023 00:24:49,714 DEBUG [pool-2-thread-3] debug -  resultTX com.vinplay.dal.entities.taixiu.ResultTaiXiu@1280e8a0
14 Oct 2023 00:24:50,545 DEBUG [pool-2-thread-3] debug -  TX phien= 26777, tinh toan xong ket qua
14 Oct 2023 00:24:50,545 DEBUG [pool-2-thread-3] debug -  TX phien= 26777, cap nhat xong ben tai
14 Oct 2023 00:24:50,546 DEBUG [pool-2-thread-3] debug -  TX phien= 26777, cap nhat xong ben xiu
14 Oct 2023 00:24:51,515 DEBUG [pool-2-thread-3] debug -  CALCUALTE PRIZE MD5, time handle= 1801 (ms)
14 Oct 2023 00:24:51,645 DEBUG [pool-2-thread-7] debug -  calculateMoneyReturn  
14 Oct 2023 00:24:53,714 DEBUG [pool-4-thread-3] debug -  Bot n = 100
14 Oct 2023 00:24:53,714 DEBUG [pool-4-thread-3] debug -  NUM BET TAI= 128, NUM BET XIU= 194
14 Oct 2023 00:24:54,550 DEBUG [pool-4-thread-3] debug -  NUMBER BOTS:322
14 Oct 2023 00:24:54,610 DEBUG [pool-4-thread-3] debug -  TX BOTS VIP MD5: 18
14 Oct 2023 00:24:54,647 DEBUG [pool-2-thread-3] debug -  TAIXIUDEBUG Result :2 1 4
14 Oct 2023 00:24:54,655 DEBUG [pool-2-thread-3] debug -  TAIXIUDEBUG Result End:2 1 4
14 Oct 2023 00:24:54,655 DEBUG [pool-2-thread-3] debug -  GENERATE RESULT DICES: 2 - 1 - 4   0
14 Oct 2023 00:24:58,714 DEBUG [pool-2-thread-6] debug -  GENERATE RESULT DICES MD5: 4 - 4 - 1   0
14 Oct 2023 00:24:58,714 DEBUG [pool-2-thread-6] debug -  START NEW ROUND 26778
14 Oct 2023 00:24:59,645 DEBUG [pool-2-thread-9] debug -  resultTX com.vinplay.dal.entities.taixiu.ResultTaiXiu@62f22a5
14 Oct 2023 00:25:00,600 DEBUG [pool-2-thread-9] debug -  TX phien= 266245, tinh toan xong ket qua
14 Oct 2023 00:25:00,601 DEBUG [pool-2-thread-9] debug -  TX phien= 266245, cap nhat xong ben tai
14 Oct 2023 00:25:00,602 DEBUG [pool-2-thread-9] debug -  TX phien= 266245, cap nhat xong ben xiu
14 Oct 2023 00:25:01,830 DEBUG [pool-2-thread-9] debug -  CALCUALTE PRIZE, time handle= 2185 (ms)
14 Oct 2023 00:25:03,645 DEBUG [pool-3-thread-3] debug -  Schedule bot running ...
14 Oct 2023 00:25:03,645 DEBUG [pool-3-thread-3] debug -  Bot n = 100
14 Oct 2023 00:25:03,645 DEBUG [pool-3-thread-3] debug -  NUM BET TAI= 170, NUM BET XIU= 155
14 Oct 2023 00:25:04,677 DEBUG [pool-3-thread-3] debug -  NUMBER BOTS:325
14 Oct 2023 00:25:04,677 DEBUG [pool-3-thread-3] debug -  BOTS VIN: 325
14 Oct 2023 00:25:04,747 DEBUG [pool-3-thread-3] debug -  TX BOTS VIP: 20
14 Oct 2023 00:25:04,747 DEBUG [pool-3-thread-3] debug -  Schedule bot finished ...
14 Oct 2023 00:25:08,645 DEBUG [pool-2-thread-7] debug -  START NEW ROUND 266246
14 Oct 2023 00:25:08,646 DEBUG [pool-2-thread-7] debug -  START NEW ROUND 266246
14 Oct 2023 00:25:21,481 DEBUG [pool-2-thread-9] debug -  BAU CUA BET GEN RESULT tongthang: 0 tongthua: 0 KETQUA: 4 5 2
14 Oct 2023 00:25:21,481 DEBUG [pool-2-thread-9] debug -  BAU CUA 0 DICES: 4,5,2, xPot= 2, xValue= 2
14 Oct 2023 00:25:25,657 DEBUG [pool-2-thread-7] debug -  TRANSACTION BAU CUA: 42
14 Oct 2023 00:25:30,489 DEBUG [pool-2-thread-5] debug -  START NEW ROUND BAU CUA
14 Oct 2023 00:25:30,512 DEBUG [pool-2-thread-5] debug -  BOT BAU CUA ROOM 0, size= 12
14 Oct 2023 00:25:49,718 DEBUG [pool-2-thread-9] debug -  TAIXIUMD5DEBUG Result1 nguoichoidatXiu:0 nguoichoidatTai0 this.referenceTaiXiuId: 26778
14 Oct 2023 00:25:49,718 DEBUG [pool-2-thread-9] debug -  RESULT DICES MD5: 4 - 4 - 1   0
14 Oct 2023 00:25:54,714 DEBUG [pool-2-thread-8] debug -  resultTX com.vinplay.dal.entities.taixiu.ResultTaiXiu@d73cc1c
14 Oct 2023 00:25:55,277 DEBUG [pool-2-thread-8] debug -  TX phien= 26778, tinh toan xong ket qua
14 Oct 2023 00:25:55,277 DEBUG [pool-2-thread-8] debug -  TX phien= 26778, cap nhat xong ben tai
14 Oct 2023 00:25:55,279 DEBUG [pool-2-thread-8] debug -  TX phien= 26778, cap nhat xong ben xiu
14 Oct 2023 00:25:56,002 DEBUG [pool-2-thread-8] debug -  CALCUALTE PRIZE MD5, time handle= 1288 (ms)
14 Oct 2023 00:25:58,714 DEBUG [pool-4-thread-5] debug -  Bot n = 100
14 Oct 2023 00:25:58,714 DEBUG [pool-4-thread-5] debug -  NUM BET TAI= 116, NUM BET XIU= 83
14 Oct 2023 00:25:59,240 DEBUG [pool-4-thread-5] debug -  NUMBER BOTS:199
14 Oct 2023 00:25:59,324 DEBUG [pool-4-thread-5] debug -  TX BOTS VIP MD5: 25
14 Oct 2023 00:26:03,714 DEBUG [pool-2-thread-6] debug -  GENERATE RESULT DICES MD5: 2 - 6 - 6   0
14 Oct 2023 00:26:03,714 DEBUG [pool-2-thread-6] debug -  START NEW ROUND 26779
14 Oct 2023 00:26:06,645 DEBUG [pool-2-thread-9] debug -  calculateMoneyReturn  
14 Oct 2023 00:26:09,647 DEBUG [pool-2-thread-3] debug -  TAIXIUDEBUG Result :3 6 2
14 Oct 2023 00:26:09,655 DEBUG [pool-2-thread-3] debug -  TAIXIUDEBUG Result End:3 6 2
14 Oct 2023 00:26:09,655 DEBUG [pool-2-thread-3] debug -  GENERATE RESULT DICES: 3 - 6 - 2   1
14 Oct 2023 00:26:14,645 DEBUG [pool-2-thread-10] debug -  resultTX com.vinplay.dal.entities.taixiu.ResultTaiXiu@53e76698
14 Oct 2023 00:26:15,221 DEBUG [pool-2-thread-10] debug -  TX phien= 266246, tinh toan xong ket qua
14 Oct 2023 00:26:15,221 DEBUG [pool-2-thread-10] debug -  TX phien= 266246, cap nhat xong ben tai
14 Oct 2023 00:26:15,222 DEBUG [pool-2-thread-10] debug -  TX phien= 266246, cap nhat xong ben xiu
14 Oct 2023 00:26:15,971 DEBUG [pool-2-thread-10] debug -  CALCUALTE PRIZE, time handle= 1326 (ms)
14 Oct 2023 00:26:18,645 DEBUG [pool-3-thread-5] debug -  Schedule bot running ...
14 Oct 2023 00:26:18,645 DEBUG [pool-3-thread-5] debug -  Bot n = 100
14 Oct 2023 00:26:18,645 DEBUG [pool-3-thread-5] debug -  NUM BET TAI= 176, NUM BET XIU= 130
14 Oct 2023 00:26:19,455 DEBUG [pool-3-thread-5] debug -  NUMBER BOTS:306
14 Oct 2023 00:26:19,455 DEBUG [pool-3-thread-5] debug -  BOTS VIN: 306
14 Oct 2023 00:26:19,540 DEBUG [pool-3-thread-5] debug -  TX BOTS VIP: 28
14 Oct 2023 00:26:19,540 DEBUG [pool-3-thread-5] debug -  Schedule bot finished ...
14 Oct 2023 00:26:23,645 DEBUG [pool-2-thread-3] debug -  START NEW ROUND 266247
14 Oct 2023 00:26:23,646 DEBUG [pool-2-thread-3] debug -  START NEW ROUND 266247
14 Oct 2023 00:26:31,481 DEBUG [pool-2-thread-10] debug -  BAU CUA BET GEN RESULT tongthang: 0 tongthua: 0 KETQUA: 4 4 3
14 Oct 2023 00:26:31,481 DEBUG [pool-2-thread-10] debug -  BAU CUA 0 DICES: 4,4,3, xPot= 2, xValue= 1
14 Oct 2023 00:26:35,514 DEBUG [pool-2-thread-8] debug -  TRANSACTION BAU CUA: 9
14 Oct 2023 00:26:40,485 DEBUG [pool-2-thread-7] debug -  START NEW ROUND BAU CUA
14 Oct 2023 00:26:40,598 DEBUG [pool-2-thread-7] debug -  BOT BAU CUA ROOM 0, size= 29
14 Oct 2023 00:26:54,714 DEBUG [pool-2-thread-2] debug -  TAIXIUMD5DEBUG Result1 nguoichoidatXiu:0 nguoichoidatTai0 this.referenceTaiXiuId: 26779
14 Oct 2023 00:26:54,714 DEBUG [pool-2-thread-2] debug -  RESULT DICES MD5: 2 - 6 - 6   1
14 Oct 2023 00:26:59,714 DEBUG [pool-2-thread-10] debug -  resultTX com.vinplay.dal.entities.taixiu.ResultTaiXiu@660d3cb2
14 Oct 2023 00:27:00,086 DEBUG [pool-2-thread-10] debug -  TX phien= 26779, tinh toan xong ket qua
14 Oct 2023 00:27:00,086 DEBUG [pool-2-thread-10] debug -  TX phien= 26779, cap nhat xong ben tai
14 Oct 2023 00:27:00,086 DEBUG [pool-2-thread-10] debug -  TX phien= 26779, cap nhat xong ben xiu
14 Oct 2023 00:27:00,567 DEBUG [pool-2-thread-10] debug -  CALCUALTE PRIZE MD5, time handle= 853 (ms)
14 Oct 2023 00:27:03,714 DEBUG [pool-4-thread-7] debug -  Bot n = 100
14 Oct 2023 00:27:03,714 DEBUG [pool-4-thread-7] debug -  NUM BET TAI= 84, NUM BET XIU= 94
14 Oct 2023 00:27:04,169 DEBUG [pool-4-thread-7] debug -  NUMBER BOTS:178
14 Oct 2023 00:27:04,232 DEBUG [pool-4-thread-7] debug -  TX BOTS VIP MD5: 21
14 Oct 2023 00:27:08,715 DEBUG [pool-2-thread-7] debug -  GENERATE RESULT DICES MD5: 2 - 5 - 2   1
14 Oct 2023 00:27:08,715 DEBUG [pool-2-thread-7] debug -  START NEW ROUND 26780
14 Oct 2023 00:27:21,645 DEBUG [pool-2-thread-8] debug -  calculateMoneyReturn  
14 Oct 2023 00:27:24,647 DEBUG [pool-2-thread-4] debug -  TAIXIUDEBUG Result :4 6 3
14 Oct 2023 00:27:24,654 DEBUG [pool-2-thread-4] debug -  TAIXIUDEBUG Result End:4 6 3
14 Oct 2023 00:27:24,654 DEBUG [pool-2-thread-4] debug -  GENERATE RESULT DICES: 4 - 6 - 3   1
14 Oct 2023 00:27:29,645 DEBUG [pool-2-thread-9] debug -  resultTX com.vinplay.dal.entities.taixiu.ResultTaiXiu@18999c59
14 Oct 2023 00:27:30,226 DEBUG [pool-2-thread-9] debug -  TX phien= 266247, tinh toan xong ket qua
14 Oct 2023 00:27:30,226 DEBUG [pool-2-thread-9] debug -  TX phien= 266247, cap nhat xong ben tai
14 Oct 2023 00:27:30,227 DEBUG [pool-2-thread-9] debug -  TX phien= 266247, cap nhat xong ben xiu
14 Oct 2023 00:27:31,050 DEBUG [pool-2-thread-9] debug -  CALCUALTE PRIZE, time handle= 1405 (ms)
14 Oct 2023 00:27:33,645 DEBUG [pool-3-thread-7] debug -  Schedule bot running ...
14 Oct 2023 00:27:33,645 DEBUG [pool-3-thread-7] debug -  Bot n = 100
14 Oct 2023 00:27:33,645 DEBUG [pool-3-thread-7] debug -  NUM BET TAI= 82, NUM BET XIU= 118
14 Oct 2023 00:27:34,203 DEBUG [pool-3-thread-7] debug -  NUMBER BOTS:200
14 Oct 2023 00:27:34,203 DEBUG [pool-3-thread-7] debug -  BOTS VIN: 200
14 Oct 2023 00:27:34,261 DEBUG [pool-3-thread-7] debug -  TX BOTS VIP: 21
14 Oct 2023 00:27:34,261 DEBUG [pool-3-thread-7] debug -  Schedule bot finished ...
14 Oct 2023 00:27:38,645 DEBUG [pool-2-thread-2] debug -  START NEW ROUND 266248
14 Oct 2023 00:27:38,646 DEBUG [pool-2-thread-2] debug -  START NEW ROUND 266248
14 Oct 2023 00:27:40,295 DEBUG [pool-2-thread-5] debug -  reload config
14 Oct 2023 00:27:41,481 DEBUG [pool-2-thread-4] debug -  BAU CUA BET GEN RESULT tongthang: 0 tongthua: 0 KETQUA: 4 2 4
14 Oct 2023 00:27:41,481 DEBUG [pool-2-thread-4] debug -  BAU CUA 0 DICES: 4,2,4, xPot= 5, xValue= 2
14 Oct 2023 00:27:45,569 DEBUG [pool-2-thread-2] debug -  TRANSACTION BAU CUA: 21
14 Oct 2023 00:27:50,485 DEBUG [pool-2-thread-7] debug -  START NEW ROUND BAU CUA
14 Oct 2023 00:27:50,513 DEBUG [pool-2-thread-7] debug -  BOT BAU CUA ROOM 0, size= 12
14 Oct 2023 00:27:59,719 DEBUG [pool-2-thread-4] debug -  TAIXIUMD5DEBUG Result1 nguoichoidatXiu:0 nguoichoidatTai0 this.referenceTaiXiuId: 26780
14 Oct 2023 00:27:59,719 DEBUG [pool-2-thread-4] debug -  RESULT DICES MD5: 2 - 5 - 2   0
14 Oct 2023 00:28:04,714 DEBUG [pool-2-thread-9] debug -  resultTX com.vinplay.dal.entities.taixiu.ResultTaiXiu@2b7c2f33
14 Oct 2023 00:28:05,006 DEBUG [pool-2-thread-9] debug -  TX phien= 26780, tinh toan xong ket qua
14 Oct 2023 00:28:05,007 DEBUG [pool-2-thread-9] debug -  TX phien= 26780, cap nhat xong ben tai
14 Oct 2023 00:28:05,007 DEBUG [pool-2-thread-9] debug -  TX phien= 26780, cap nhat xong ben xiu
14 Oct 2023 00:28:05,409 DEBUG [pool-2-thread-9] debug -  CALCUALTE PRIZE MD5, time handle= 695 (ms)
14 Oct 2023 00:28:08,714 DEBUG [pool-4-thread-9] debug -  Bot n = 100
14 Oct 2023 00:28:08,714 DEBUG [pool-4-thread-9] debug -  NUM BET TAI= 110, NUM BET XIU= 107
14 Oct 2023 00:28:09,305 DEBUG [pool-4-thread-9] debug -  NUMBER BOTS:217
14 Oct 2023 00:28:09,366 DEBUG [pool-4-thread-9] debug -  TX BOTS VIP MD5: 16
14 Oct 2023 00:28:13,714 DEBUG [pool-2-thread-3] debug -  GENERATE RESULT DICES MD5: 5 - 6 - 4   0
14 Oct 2023 00:28:13,714 DEBUG [pool-2-thread-3] debug -  START NEW ROUND 26781
14 Oct 2023 00:28:36,645 DEBUG [pool-2-thread-10] debug -  calculateMoneyReturn  
